<?xml version="1.0" encoding="UTF-8" ?>
<testsuite errors="0" failures="0" hostname="Cyphina-PC" name="net.sf.freecol.AllTests" skipped="0" tests="430" time="15.62" timestamp="2018-04-20T20:12:20">
  <properties>
    <property name="file.encoding.pkg" value="sun.io" />
    <property name="env.PROMPT" value="$P$G" />
    <property name="env.VS120COMNTOOLS" value="C:\Program Files (x86)\Microsoft Visual Studio 12.0\Common7\Tools\" />
    <property name="java.home" value="C:\Program Files\Java\jre1.8.0_151" />
    <property name="java.awt.headless" value="true" />
    <property name="env.EMSCRIPTEN" value="D:\Program Files\EMSCRIPTEN\emscripten\1.35.0" />
    <property name="java.endorsed.dirs" value="C:\Program Files\Java\jre1.8.0_151\lib\endorsed" />
    <property name="env.USERNAME" value="Cyphina" />
    <property name="freecol.packaging.dir" value="D:\Documents\SchoolStuff\COSC442 - Software QA and Testing\FreeCol-finalproject/packaging" />
    <property name="sun.os.patch.level" value="" />
    <property name="test" value="AllTests" />
    <property name="java.vendor.url" value="http://java.oracle.com/" />
    <property name="env.COMPUTERNAME" value="CYPHINA-PC" />
    <property name="env.ProgramFiles(x86)" value="C:\Program Files (x86)" />
    <property name="env.windows_tracing_flags" value="3" />
    <property name="java.version" value="1.8.0_151" />
    <property name="eclipse.pdebuild.home" value="/C:/Users/Cyphina/.p2/pool/plugins/org.eclipse.pde.build_3.9.100.v20150521-1524/./" />
    <property name="env.VULKAN_SDK" value="D:\Program Files\Vulkan\1.0.17.0" />
    <property name="java.vendor.url.bug" value="http://bugreport.sun.com/bugreport/" />
    <property name="env.USERPROFILE" value="C:\Users\Cyphina" />
    <property name="ant.project.invoked-targets" value="testall" />
    <property name="env.SystemRoot" value="C:\WINDOWS" />
    <property name="user.name" value="Cyphina" />
    <property name="sun.io.unicode.encoding" value="UnicodeLittle" />
    <property name="sun.jnu.encoding" value="GBK" />
    <property name="java.runtime.name" value="Java(TM) SE Runtime Environment" />
    <property name="env.LOCALAPPDATA" value="C:\Users\Cyphina\AppData\Local" />
    <property name="isOsWindows" value="true" />
    <property name="env.VS140COMNTOOLS" value="C:\Program Files (x86)\Microsoft Visual Studio 14.0\Common7\Tools\" />
    <property name="java.specification.name" value="Java Platform API Specification" />
    <property name="user.timezone" value="" />
    <property name="user.script" value="" />
    <property name="path.separator" value=";" />
    <property name="env.PROCESSOR_IDENTIFIER" value="Intel64 Family 6 Model 60 Stepping 3, GenuineIntel" />
    <property name="file.encoding" value="GBK" />
    <property name="ant.project.default-target" value="package" />
    <property name="sun.java.command" value="org.apache.tools.ant.taskdefs.optional.junit.JUnitTestRunner net.sf.freecol.AllTests skipNonTests=false filtertrace=true haltOnError=false haltOnFailure=false formatter=org.apache.tools.ant.taskdefs.optional.junit.SummaryJUnitResultFormatter showoutput=false outputtoformatters=true logfailedtests=true threadid=0 logtestlistenerevents=false formatter=org.apache.tools.ant.taskdefs.optional.junit.XMLJUnitResultFormatter,D:\Documents\SchoolStuff\COSC442 - Software QA and Testing\FreeCol-finalproject\build\report\xml\TEST-net.sf.freecol.AllTests.xml crashfile=D:\Documents\SchoolStuff\COSC442 - Software QA and Testing\FreeCol-finalproject\junitvmwatcher4643530927921922847.properties propsfile=D:\Documents\SchoolStuff\COSC442 - Software QA and Testing\FreeCol-finalproject\junit7425403680555200701.properties" />
    <property name="env.NUMBER_OF_PROCESSORS" value="4" />
    <property name="env.APPDATA" value="C:\Users\Cyphina\AppData\Roaming" />
    <property name="ant.file" value="D:\Documents\SchoolStuff\COSC442 - Software QA and Testing\FreeCol-finalproject\build.xml" />
    <property name="ant.file.FreeCol" value="D:\Documents\SchoolStuff\COSC442 - Software QA and Testing\FreeCol-finalproject\build.xml" />
    <property name="env.FSHARPINSTALLDIR" value="C:\Program Files (x86)\Microsoft SDKs\F#\4.1\Framework\v4.0\" />
    <property name="java.io.tmpdir" value="C:\Users\Cyphina\AppData\Local\Temp\" />
    <property name="freecol.overview.file" value="D:\Documents\SchoolStuff\COSC442 - Software QA and Testing\FreeCol-finalproject/src/overview.html" />
    <property name="TODAY" value="April 20 2018" />
    <property name="user.language" value="en" />
    <property name="env.SystemDrive" value="C:" />
    <property name="line.separator" value="&#xd;&#xa;" />
    <property name="ant.file.type.FreeCol" value="file" />
    <property name="java.target.version" value="1.8" />
    <property name="java.vm.info" value="mixed mode" />
    <property name="sun.desktop" value="windows" />
    <property name="java.vm.specification.name" value="Java Virtual Machine Specification" />
    <property name="freecol.release.dir" value="D:\Documents\SchoolStuff\COSC442 - Software QA and Testing\FreeCol-finalproject/dist" />
    <property name="env.PATHEXT" value=".COM;.EXE;.BAT;.CMD;.VBS;.VBE;.JS;.JSE;.WSF;.WSH;.MSC" />
    <property name="env.USERDOMAIN_ROAMINGPROFILE" value="Cyphina-PC" />
    <property name="env.MSBUILD_PATH" value="C:\Program Files (x86)\MSBuild\14.0\Bin" />
    <property name="freecol.data.dir" value="D:\Documents\SchoolStuff\COSC442 - Software QA and Testing\FreeCol-finalproject/data" />
    <property name="env.LOGONSERVER" value="\\CYPHINA-PC" />
    <property name="eclipse.pdebuild.templates" value="/C:/Users/Cyphina/.p2/pool/plugins/org.eclipse.pde.build_3.9.100.v20150521-1524/templates/" />
    <property name="java.awt.printerjob" value="sun.awt.windows.WPrinterJob" />
    <property name="env.PUBLIC" value="C:\Users\Public" />
    <property name="freecol.jar.file" value="D:\Documents\SchoolStuff\COSC442 - Software QA and Testing\FreeCol-finalproject/FreeCol.jar" />
    <property name="ant.version" value="Apache Ant(TM) version 1.9.6 compiled on June 29 2015" />
    <property name="env.USERDOMAIN" value="Cyphina-PC" />
    <property name="env.VS150COMCOMNTOOLS" value="C:\Program Files (x86)\Microsoft Visual Studio\2017\Community\Common7\Tools\" />
    <property name="freecol.metaserver.jar.file" value="D:\Documents\SchoolStuff\COSC442 - Software QA and Testing\FreeCol-finalproject/FreeCol-metaserver.jar" />
    <property name="env.VBOX_MSI_INSTALL_PATH" value="D:\Program Files\VirtualBox\" />
    <property name="env.PROCESSOR_LEVEL" value="6" />
    <property name="env.windir" value="C:\WINDOWS" />
    <property name="env.CommonProgramFiles(x86)" value="C:\Program Files (x86)\Common Files" />
    <property name="miglayout-swing.jar" value="jars/miglayout-swing-4.2.jar" />
    <property name="os.name" value="Windows 10" />
    <property name="java.specification.vendor" value="Oracle Corporation" />
    <property name="env.TMP" value="C:\Users\Cyphina\AppData\Local\Temp" />
    <property name="java.vm.name" value="Java HotSpot(TM) 64-Bit Server VM" />
    <property name="env.ProgramData" value="C:\ProgramData" />
    <property name="freecol.doc.dir" value="D:\Documents\SchoolStuff\COSC442 - Software QA and Testing\FreeCol-finalproject/doc" />
    <property name="env.OS" value="Windows_NT" />
    <property name="java.library.path" value="C:\Program Files\Java\jre1.8.0_151\bin;C:\WINDOWS\Sun\Java\bin;C:\WINDOWS\system32;C:\WINDOWS;C:/Program Files/Java/jre1.8.0_151/bin/server;C:/Program Files/Java/jre1.8.0_151/bin;C:/Program Files/Java/jre1.8.0_151/lib/amd64;D:\Program Files\ImageMagick-7.0.6-Q16;D:\Program Files\Vulkan\1.0.17.0\Bin;C:\ProgramData\Oracle\Java\javapath;C:\Windows\system32;C:\Windows;C:\Windows\System32\Wbem;C:\Windows\System32\WindowsPowerShell\v1.0\;C:\Program Files\Microsoft SQL Server\110\Tools\Binn\;C:\Program Files\Microsoft SQL Server\120\Tools\Binn\;C:\Program Files\Git\cmd;C:\Users\Cyphina\.dnx\bin;C:\Program Files\Microsoft DNX\Dnvm\;D:\Program Files\TortoiseSVN\bin;C:\Program Files (x86)\NVIDIA Corporation\PhysX\Common;C:\Users\Cyphina\Videos\ffmpeg-20160407-git-0c94906-win64-static\bin;C:\WINDOWS\system32;C:\WINDOWS;C:\WINDOWS\System32\Wbem;C:\WINDOWS\System32\WindowsPowerShell\v1.0\;C:\Program Files\Microsoft SQL Server\130\Tools\Binn\;D:\Program Files\EMSCRIPTEN\emscripten\1.35.0;D:\Program Files\EMSCRIPTEN;D:\Program Files\EMSCRIPTEN\clang\e1.35.0_64bit;D:\Program Files\EMSCRIPTEN\node\0.12.2_64bit;D:\Program Files\EMSCRIPTEN\java\7.45_64bit\bin;D:\Program Files\EMSCRIPTEN\crunch\1.03;D:\Program Files\EMSCRIPTEN\mingw\4.6.2_32bit;C:\Program Files (x86)\GtkSharp\2.12\bin;C:\Program Files\dotnet\;D:\Program Files\NodeJS\;D:\Program Files\Python3\Scripts\;D:\Program Files\Python3\;C:\Users\Cyphina\.dnx\bin;D:\Program Files\MikTex\miktex\bin\;C:\Program Files (x86)\MiKTeX 2.9\miktex\bin\;C:\Users\Cyphina\AppData\Local\Microsoft\WindowsApps;C:\Users\Cyphina\AppData\Roaming\Python\Python36\Scripts;C:\Users\Cyphina\AppData\Roaming\npm;D:\Program Files\NodeJS\npm;C:\Program Files (x86)\Microsoft SDKs\F#\4.1\Framework\v4.0;D:\Program Files\Microsoft VS Code\bin;c:\php7;C:\Users\Cyphina\AppData\Local\Microsoft\WindowsApps;D:\Program Files\GnuWin32\bin;D:\radare2;C:\Mingw64\bin;D:\Program Files\CMake\bin;C:\Mingw64\x86_64-w64-mingw32\include;C:\Users\Cyphina\Desktop;;." />
    <property name="eclipse.pdebuild.scripts" value="/C:/Users/Cyphina/.p2/pool/plugins/org.eclipse.pde.build_3.9.100.v20150521-1524/scripts/" />
    <property name="ant.java.version" value="1.8" />
    <property name="basedir" value="D:\Documents\SchoolStuff\COSC442 - Software QA and Testing\FreeCol-finalproject" />
    <property name="java.class.version" value="52.0" />
    <property name="ant.home" value="C:\Users\Cyphina\.p2\pool\plugins\org.apache.ant_1.9.6.v201510161327" />
    <property name="env.Path" value="C:/Program Files/Java/jre1.8.0_151/bin/server;C:/Program Files/Java/jre1.8.0_151/bin;C:/Program Files/Java/jre1.8.0_151/lib/amd64;D:\Program Files\ImageMagick-7.0.6-Q16;D:\Program Files\Vulkan\1.0.17.0\Bin;C:\ProgramData\Oracle\Java\javapath;C:\Windows\system32;C:\Windows;C:\Windows\System32\Wbem;C:\Windows\System32\WindowsPowerShell\v1.0\;C:\Program Files\Microsoft SQL Server\110\Tools\Binn\;C:\Program Files\Microsoft SQL Server\120\Tools\Binn\;C:\Program Files\Git\cmd;C:\Users\Cyphina\.dnx\bin;C:\Program Files\Microsoft DNX\Dnvm\;D:\Program Files\TortoiseSVN\bin;C:\Program Files (x86)\NVIDIA Corporation\PhysX\Common;C:\Users\Cyphina\Videos\ffmpeg-20160407-git-0c94906-win64-static\bin;C:\WINDOWS\system32;C:\WINDOWS;C:\WINDOWS\System32\Wbem;C:\WINDOWS\System32\WindowsPowerShell\v1.0\;C:\Program Files\Microsoft SQL Server\130\Tools\Binn\;D:\Program Files\EMSCRIPTEN\emscripten\1.35.0;D:\Program Files\EMSCRIPTEN;D:\Program Files\EMSCRIPTEN\clang\e1.35.0_64bit;D:\Program Files\EMSCRIPTEN\node\0.12.2_64bit;D:\Program Files\EMSCRIPTEN\java\7.45_64bit\bin;D:\Program Files\EMSCRIPTEN\crunch\1.03;D:\Program Files\EMSCRIPTEN\mingw\4.6.2_32bit;C:\Program Files (x86)\GtkSharp\2.12\bin;C:\Program Files\dotnet\;D:\Program Files\NodeJS\;D:\Program Files\Python3\Scripts\;D:\Program Files\Python3\;C:\Users\Cyphina\.dnx\bin;D:\Program Files\MikTex\miktex\bin\;C:\Program Files (x86)\MiKTeX 2.9\miktex\bin\;C:\Users\Cyphina\AppData\Local\Microsoft\WindowsApps;C:\Users\Cyphina\AppData\Roaming\Python\Python36\Scripts;C:\Users\Cyphina\AppData\Roaming\npm;D:\Program Files\NodeJS\npm;C:\Program Files (x86)\Microsoft SDKs\F#\4.1\Framework\v4.0;D:\Program Files\Microsoft VS Code\bin;c:\php7;C:\Users\Cyphina\AppData\Local\Microsoft\WindowsApps;D:\Program Files\GnuWin32\bin;D:\radare2;C:\Mingw64\bin;D:\Program Files\CMake\bin;C:\Mingw64\x86_64-w64-mingw32\include;C:\Users\Cyphina\Desktop;" />
    <property name="freecol.build.dir" value="D:\Documents\SchoolStuff\COSC442 - Software QA and Testing\FreeCol-finalproject/build" />
    <property name="env.HOMEDRIVE" value="C:" />
    <property name="env.windows_tracing_logfile" value="C:\BVTBin\Tests\installpackage\csilogfile.log" />
    <property name="env.MYSQLCONNECTOR_ASSEMBLIESPATH" value="C:\Program Files (x86)\MySQL\Connector.NET 6.9\Assemblies\v4.5" />
    <property name="sun.boot.library.path" value="C:\Program Files\Java\jre1.8.0_151\bin" />
    <property name="env.PROCESSOR_REVISION" value="3c03" />
    <property name="sun.management.compiler" value="HotSpot 64-Bit Tiered Compilers" />
    <property name="java.awt.graphicsenv" value="sun.awt.Win32GraphicsEnvironment" />
    <property name="user.variant" value="" />
    <property name="env.GTK_BASEPATH" value="C:\Program Files (x86)\GtkSharp\2.12\" />
    <property name="ant.project.name" value="FreeCol" />
    <property name="java.vm.specification.version" value="1.8" />
    <property name="freecol.name" value="freecol" />
    <property name="awt.toolkit" value="sun.awt.windows.WToolkit" />
    <property name="env.VK_SDK_PATH" value="D:\Program Files\Vulkan\1.0.17.0" />
    <property name="sun.cpu.isalist" value="amd64" />
    <property name="java.ext.dirs" value="C:\Program Files\Java\jre1.8.0_151\lib\ext;C:\WINDOWS\Sun\Java\lib\ext" />
    <property name="os.version" value="10.0" />
    <property name="user.home" value="C:\Users\Cyphina" />
    <property name="java.vm.vendor" value="Oracle Corporation" />
    <property name="env.CommonProgramW6432" value="C:\Program Files\Common Files" />
    <property name="miglayout-core.jar" value="jars/miglayout-core-4.2.jar" />
    <property name="freecol.rules.dir" value="D:\Documents\SchoolStuff\COSC442 - Software QA and Testing\FreeCol-finalproject/data/rules" />
    <property name="env.JAVA_HOME" value="D:\Program Files\Java" />
    <property name="env.ProgramW6432" value="C:\Program Files" />
    <property name="user.dir" value="D:\Documents\SchoolStuff\COSC442 - Software QA and Testing\FreeCol-finalproject" />
    <property name="env.FP_NO_HOST_CHECK" value="NO" />
    <property name="sun.cpu.endian" value="little" />
    <property name="env.ALLUSERSPROFILE" value="C:\ProgramData" />
    <property name="env.DNX_HOME" value="%USERPROFILE%\.dnx" />
    <property name="cli.jar" value="jars/commons-cli-1.1.jar" />
    <property name="env.PROCESSOR_ARCHITECTURE" value="AMD64" />
    <property name="java.vm.version" value="25.151-b12" />
    <property name="java.class.path" value="D:\Documents\SchoolStuff\COSC442 - Software QA and Testing\FreeCol-finalproject\build;D:\Documents\SchoolStuff\COSC442 - Software QA and Testing\FreeCol-finalproject\test\lib\junit.jar;D:\Documents\SchoolStuff\COSC442 - Software QA and Testing\FreeCol-finalproject\jars\miglayout-swing-4.2.jar;D:\Documents\SchoolStuff\COSC442 - Software QA and Testing\FreeCol-finalproject\jars\miglayout-core-4.2.jar;D:\Documents\SchoolStuff\COSC442 - Software QA and Testing\FreeCol-finalproject\jars\commons-cli-1.1.jar;D:\Documents\SchoolStuff\COSC442 - Software QA and Testing\FreeCol-finalproject\jars\cortado-0.6.0.jar;D:\Documents\SchoolStuff\COSC442 - Software QA and Testing\FreeCol-finalproject\jars\jogg-0.0.17.jar;D:\Documents\SchoolStuff\COSC442 - Software QA and Testing\FreeCol-finalproject\jars\jorbis-0.0.17.jar;C:\Users\Cyphina\.p2\pool\plugins\org.apache.ant_1.9.6.v201510161327\lib\ant-launcher.jar;C:\Users\Cyphina\.p2\pool\plugins\org.apache.ant_1.9.6.v201510161327\lib\ant.jar;C:\Users\Cyphina\.p2\pool\plugins\org.apache.ant_1.9.6.v201510161327\lib\ant-junit.jar;C:\Users\Cyphina\.p2\pool\plugins\org.apache.ant_1.9.6.v201510161327\lib\ant-junit4.jar" />
    <property name="env.HOMEPATH" value="\Users\Cyphina" />
    <property name="DSTAMP" value="20180420" />
    <property name="ant.library.dir" value="C:\Users\Cyphina\.p2\pool\plugins\org.apache.ant_1.9.6.v201510161327\lib" />
    <property name="os.arch" value="amd64" />
    <property name="cortado.jar" value="jars/cortado-0.6.0.jar" />
    <property name="env.OneDrive" value="C:\Users\Cyphina\OneDrive" />
    <property name="env.SESSIONNAME" value="Console" />
    <property name="sun.java.launcher" value="SUN_STANDARD" />
    <property name="env.CommonProgramFiles" value="C:\Program Files\Common Files" />
    <property name="ant.core.lib" value="C:\Users\Cyphina\.p2\pool\plugins\org.apache.ant_1.9.6.v201510161327\lib\ant.jar" />
    <property name="env.ProgramFiles" value="C:\Program Files" />
    <property name="java.vm.specification.vendor" value="Oracle Corporation" />
    <property name="TSTAMP" value="1612" />
    <property name="file.separator" value="\" />
    <property name="java.runtime.version" value="1.8.0_151-b12" />
    <property name="sun.boot.class.path" value="C:\Program Files\Java\jre1.8.0_151\lib\resources.jar;C:\Program Files\Java\jre1.8.0_151\lib\rt.jar;C:\Program Files\Java\jre1.8.0_151\lib\sunrsasign.jar;C:\Program Files\Java\jre1.8.0_151\lib\jsse.jar;C:\Program Files\Java\jre1.8.0_151\lib\jce.jar;C:\Program Files\Java\jre1.8.0_151\lib\charsets.jar;C:\Program Files\Java\jre1.8.0_151\lib\jfr.jar;C:\Program Files\Java\jre1.8.0_151\classes" />
    <property name="env.ComSpec" value="C:\WINDOWS\system32\cmd.exe" />
    <property name="env.TEMP" value="C:\Users\Cyphina\AppData\Local\Temp" />
    <property name="env.VS110COMNTOOLS" value="C:\Program Files (x86)\Microsoft Visual Studio 11.0\Common7\Tools\" />
    <property name="env.ANT_HOME" value="C:\Users\Cyphina\.p2\pool\plugins\org.apache.ant_1.9.6.v201510161327" />
    <property name="user.country" value="US" />
    <property name="freecol.javadoc.dir" value="D:\Documents\SchoolStuff\COSC442 - Software QA and Testing\FreeCol-finalproject/doc/javadoc" />
    <property name="java.vendor" value="Oracle Corporation" />
    <property name="env.PSModulePath" value="C:\WINDOWS\system32\WindowsPowerShell\v1.0\Modules\" />
    <property name="freecol.src.dir" value="D:\Documents\SchoolStuff\COSC442 - Software QA and Testing\FreeCol-finalproject/src" />
    <property name="java.specification.version" value="1.8" />
    <property name="sun.arch.data.model" value="64" />
  </properties>
  <testcase classname="net.sf.freecol.common.i18n.CLDRTest" name="testRuleParsing" time="0.043" />
  <testcase classname="net.sf.freecol.common.i18n.CLDRTest" name="testPlurals" time="0.002" />
  <testcase classname="net.sf.freecol.common.i18n.MessagesTest" name="testReplaceArbitraryTag" time="0.019" />
  <testcase classname="net.sf.freecol.common.i18n.MessagesTest" name="testReplaceNumber" time="0.023" />
  <testcase classname="net.sf.freecol.common.i18n.MessagesTest" name="testReplaceChoicesGrammar" time="0.017" />
  <testcase classname="net.sf.freecol.common.i18n.MessagesTest" name="testMessageWithSpecialChars" time="0.019" />
  <testcase classname="net.sf.freecol.common.i18n.MessagesTest" name="testReplaceGarbage" time="0.025" />
  <testcase classname="net.sf.freecol.common.i18n.MessagesTest" name="testAbstractUnitDescription" time="0.017" />
  <testcase classname="net.sf.freecol.common.i18n.MessagesTest" name="testChangeLocaleSettings" time="0.059" />
  <testcase classname="net.sf.freecol.common.i18n.MessagesTest" name="testMessageString" time="0.01" />
  <testcase classname="net.sf.freecol.common.i18n.MessagesTest" name="testNestedChoices" time="0.013" />
  <testcase classname="net.sf.freecol.common.i18n.MessagesTest" name="testStringTemplates" time="0.167" />
  <testcase classname="net.sf.freecol.common.i18n.MessagesTest" name="testReplaceChoicesPlural" time="0.01" />
  <testcase classname="net.sf.freecol.common.i18n.MessagesTest" name="testUnitDescription" time="0.012" />
  <testcase classname="net.sf.freecol.common.i18n.MessagesTest" name="testREFMessages" time="0.01" />
  <testcase classname="net.sf.freecol.common.io.ModTest" name="testGetRuleSets" time="0.003" />
  <testcase classname="net.sf.freecol.common.io.ModTest" name="testGetAllMods" time="0.008" />
  <testcase classname="net.sf.freecol.common.option.OptionTest" name="testGameOptions" time="0.001" />
  <testcase classname="net.sf.freecol.common.option.OptionTest" name="testUnitListOption" time="0.0" />
  <testcase classname="net.sf.freecol.common.option.OptionTest" name="testInheritsEditable" time="0.0" />
  <testcase classname="net.sf.freecol.common.option.OptionTest" name="testCloneIntegerOption" time="0.0" />
  <testcase classname="net.sf.freecol.common.model.SpecificationTest" name="testExtendsDelete" time="0.047" />
  <testcase classname="net.sf.freecol.common.model.SpecificationTest" name="testLoadMods" time="0.021" />
  <testcase classname="net.sf.freecol.common.model.SpecificationTest" name="testExtends" time="0.033" />
  <testcase classname="net.sf.freecol.common.model.SpecificationTest" name="testModifiers" time="0.001" />
  <testcase classname="net.sf.freecol.common.model.SpecificationTest" name="testLoad" time="0.014" />
  <testcase classname="net.sf.freecol.common.model.SpecificationTest" name="testNationTypes" time="0.0" />
  <testcase classname="net.sf.freecol.common.model.SpecificationTest" name="testGetDefaultUnitType" time="0.001" />
  <testcase classname="net.sf.freecol.common.model.SpecificationTest" name="testGoodsTypes" time="0.0" />
  <testcase classname="net.sf.freecol.common.model.SpecificationTest" name="testFoundingFathers" time="0.0" />
  <testcase classname="net.sf.freecol.common.model.SpecificationTest" name="testRequiredAbilitiesForRoles" time="0.0" />
  <testcase classname="net.sf.freecol.common.model.SpecificationTest" name="testNations" time="0.0" />
  <testcase classname="net.sf.freecol.common.model.SpecificationTest" name="testUnitAbilities" time="0.0" />
  <testcase classname="net.sf.freecol.common.model.BaseCostDeciderTest" name="testNavalUnitMoveToTileWithSettlement" time="0.025" />
  <testcase classname="net.sf.freecol.common.model.BaseCostDeciderTest" name="testInvalidMoveThroughTileWithSettlement" time="0.003" />
  <testcase classname="net.sf.freecol.common.model.BaseCostDeciderTest" name="testGetRemainingMovesAndNewTurn" time="0.003" />
  <testcase classname="net.sf.freecol.common.model.BaseCostDeciderTest" name="testGetCostLandLand" time="0.003" />
  <testcase classname="net.sf.freecol.common.model.BaseCostDeciderTest" name="testInvalidMoveOfLandUnitToAnOceanTile" time="0.004" />
  <testcase classname="net.sf.freecol.common.model.BaseCostDeciderTest" name="testInvalidMoveOfNavalUnitToALandTile" time="0.004" />
  <testcase classname="net.sf.freecol.common.model.BuildingTest" name="testStockade" time="0.011" />
  <testcase classname="net.sf.freecol.common.model.BuildingTest" name="testCottonClothProduction" time="0.008" />
  <testcase classname="net.sf.freecol.common.model.BuildingTest" name="testPasture" time="0.01" />
  <testcase classname="net.sf.freecol.common.model.BuildingTest" name="testCanBuildNext" time="0.008" />
  <testcase classname="net.sf.freecol.common.model.BuildingTest" name="testFortRequiresMinimumPopulation" time="0.009" />
  <testcase classname="net.sf.freecol.common.model.BuildingTest" name="testUnitProduction" time="0.014" />
  <testcase classname="net.sf.freecol.common.model.BuildingTest" name="testPrintingPressBonus" time="0.008" />
  <testcase classname="net.sf.freecol.common.model.BuildingTest" name="testCanAddToBuilding" time="0.019" />
  <testcase classname="net.sf.freecol.common.model.BuildingTest" name="testToolsMusketProduction" time="0.013" />
  <testcase classname="net.sf.freecol.common.model.BuildingTest" name="testFortressRequiresMinimumPopulation" time="0.01" />
  <testcase classname="net.sf.freecol.common.model.BuildingTest" name="testSerialize" time="0.01" />
  <testcase classname="net.sf.freecol.common.model.BuildingTest" name="testTownhallProduction" time="0.008" />
  <testcase classname="net.sf.freecol.common.model.BuildingTest" name="testChurch" time="0.014" />
  <testcase classname="net.sf.freecol.common.model.BuildingTest" name="testInitialColony" time="0.004" />
  <testcase classname="net.sf.freecol.common.model.BuildingTest" name="testStockadeRequiresMinimumPopulation" time="0.004" />
  <testcase classname="net.sf.freecol.common.model.BuildingTest" name="testNewspaperBonus" time="0.006" />
  <testcase classname="net.sf.freecol.common.model.BuildingTest" name="testCanAddToSchool" time="0.007" />
  <testcase classname="net.sf.freecol.common.model.ColonyTest" name="testCopyColony" time="0.014" />
  <testcase classname="net.sf.freecol.common.model.ColonyTest" name="testFoundColony" time="0.012" />
  <testcase classname="net.sf.freecol.common.model.ColonyTest" name="testTeaParty" time="0.004" />
  <testcase classname="net.sf.freecol.common.model.ColonyTest" name="testAddUnitToColony" time="0.011" />
  <testcase classname="net.sf.freecol.common.model.ColonyTest" name="testCurrentlyBuilding" time="0.002" />
  <testcase classname="net.sf.freecol.common.model.ColonyTest" name="testBuildQueueDoesNotAcceptBuildingDoubles" time="0.003" />
  <testcase classname="net.sf.freecol.common.model.ColonyTest" name="testBuildQueueAcceptsUnitDoubles" time="0.005" />
  <testcase classname="net.sf.freecol.common.model.ColonyTest" name="testUpkeep" time="0.004" />
  <testcase classname="net.sf.freecol.common.model.ColonyTest" name="testUnderSiege" time="0.004" />
  <testcase classname="net.sf.freecol.common.model.ColonyTest" name="testOccupationWithFood" time="0.003" />
  <testcase classname="net.sf.freecol.common.model.ColonyProductionTest" name="testNoHorsesOverProduction" time="0.003" />
  <testcase classname="net.sf.freecol.common.model.ColonyProductionTest" name="testBellNetProduction" time="0.003" />
  <testcase classname="net.sf.freecol.common.model.ColonyProductionTest" name="testProductionMap" time="0.0" />
  <testcase classname="net.sf.freecol.common.model.ColonyProductionTest" name="testProductionSoldier" time="0.002" />
  <testcase classname="net.sf.freecol.common.model.ColonyProductionTest" name="testConsumers" time="0.003" />
  <testcase classname="net.sf.freecol.common.model.ColonyProductionTest" name="testProductionPioneer" time="0.002" />
  <testcase classname="net.sf.freecol.common.model.ColonyProductionTest" name="testProduction" time="0.002" />
  <testcase classname="net.sf.freecol.common.model.ColonyProductionTest" name="testGetPotentialProduction" time="0.003" />
  <testcase classname="net.sf.freecol.common.model.CombatTest" name="testCaptureConvert" time="0.245" />
  <testcase classname="net.sf.freecol.common.model.CombatTest" name="testGalleonAttackedByPrivateer" time="0.002" />
  <testcase classname="net.sf.freecol.common.model.CombatTest" name="testDefendColonyWithUnarmedColonist" time="0.002" />
  <testcase classname="net.sf.freecol.common.model.CombatTest" name="testRegulars" time="0.102" />
  <testcase classname="net.sf.freecol.common.model.CombatTest" name="testSpanishAgainstNatives" time="0.002" />
  <testcase classname="net.sf.freecol.common.model.CombatTest" name="testColonistAttackedByVeteran" time="0.001" />
  <testcase classname="net.sf.freecol.common.model.CombatTest" name="testAttackIgnoresMovementPoints" time="0.001" />
  <testcase classname="net.sf.freecol.common.model.CombatTest" name="testAttackShipWithLandUnit" time="0.001" />
  <testcase classname="net.sf.freecol.common.model.CombatTest" name="testDefendColonyWithRevere" time="0.003" />
  <testcase classname="net.sf.freecol.common.model.CombatTest" name="testDefendSettlement" time="0.002" />
  <testcase classname="net.sf.freecol.common.model.DisasterTest" name="testDisastersPresent" time="0.0" />
  <testcase classname="net.sf.freecol.common.model.EuropeTest" name="testMissionary" time="0.001" />
  <testcase classname="net.sf.freecol.common.model.FoundingFatherTest" name="testAddAllFathers" time="0.004" />
  <testcase classname="net.sf.freecol.common.model.FoundingFatherTest" name="testAvailableTo" time="0.001" />
  <testcase classname="net.sf.freecol.common.model.FoundingFatherTest" name="testFeatures" time="0.0" />
  <testcase classname="net.sf.freecol.common.model.FoundingFatherTest" name="testBellsRequired" time="0.001" />
  <testcase classname="net.sf.freecol.common.model.GameTest" name="testGame" time="0.001" />
  <testcase classname="net.sf.freecol.common.model.GameTest" name="testTurn" time="0.0" />
  <testcase classname="net.sf.freecol.common.model.GameTest" name="testAddPlayer" time="0.001" />
  <testcase classname="net.sf.freecol.common.model.GoodsTest" name="testGetTakeSpace" time="0.004" />
  <testcase classname="net.sf.freecol.common.model.GoodsTest" name="testGetInputType" time="0.0" />
  <testcase classname="net.sf.freecol.common.model.GoodsTest" name="testSetGetAmount" time="0.001" />
  <testcase classname="net.sf.freecol.common.model.GoodsTest" name="testGoodsGameLocationIntInt" time="0.001" />
  <testcase classname="net.sf.freecol.common.model.GoodsTest" name="testToString" time="0.007" />
  <testcase classname="net.sf.freecol.common.model.GoodsTest" name="testBuildingMaterials" time="0.0" />
  <testcase classname="net.sf.freecol.common.model.GoodsTest" name="testIsFarmedGoods" time="0.0" />
  <testcase classname="net.sf.freecol.common.model.GoodsTest" name="testGetName" time="0.001" />
  <testcase classname="net.sf.freecol.common.model.GoodsTest" name="testSerialize" time="0.024" />
  <testcase classname="net.sf.freecol.common.model.GoodsTest" name="testGetOutputType" time="0.0" />
  <testcase classname="net.sf.freecol.common.model.GoodsTest" name="testMilitaryGoods" time="0.0" />
  <testcase classname="net.sf.freecol.common.model.GoodsTest" name="testTradeGoods" time="0.0" />
  <testcase classname="net.sf.freecol.common.model.GoodsTest" name="testProductionChain" time="0.0" />
  <testcase classname="net.sf.freecol.common.model.GoodsTest" name="testAdjustAmount" time="0.001" />
  <testcase classname="net.sf.freecol.common.model.GoodsTest" name="testSetOwner" time="0.001" />
  <testcase classname="net.sf.freecol.common.model.GoodsContainerTest" name="testContainer" time="0.002" />
  <testcase classname="net.sf.freecol.common.model.IndianSettlementTest" name="testAutomaticEquipBraves" time="0.001" />
  <testcase classname="net.sf.freecol.common.model.IndianSettlementTest" name="testSettlementDoesNotOwnWaterTiles" time="0.002" />
  <testcase classname="net.sf.freecol.common.model.IndianSettlementTest" name="testTradeGoodsWithSetlement" time="0.002" />
  <testcase classname="net.sf.freecol.common.model.IndividualFatherTest" name="testPaine" time="0.004" />
  <testcase classname="net.sf.freecol.common.model.IndividualFatherTest" name="testBolivar" time="0.006" />
  <testcase classname="net.sf.freecol.common.model.IndividualFatherTest" name="testBrebeuf" time="0.001" />
  <testcase classname="net.sf.freecol.common.model.IndividualFatherTest" name="testStuyvesant" time="0.004" />
  <testcase classname="net.sf.freecol.common.model.IndividualFatherTest" name="testBrewster" time="0.001" />
  <testcase classname="net.sf.freecol.common.model.IndividualFatherTest" name="testCortes" time="0.003" />
  <testcase classname="net.sf.freecol.common.model.IndividualFatherTest" name="testDeWitt" time="0.001" />
  <testcase classname="net.sf.freecol.common.model.IndividualFatherTest" name="testJefferson" time="0.003" />
  <testcase classname="net.sf.freecol.common.model.IndividualFatherTest" name="testMinuit" time="0.003" />
  <testcase classname="net.sf.freecol.common.model.IndividualFatherTest" name="testRevere" time="0.002" />
  <testcase classname="net.sf.freecol.common.model.IndividualFatherTest" name="testDeLasCasas" time="0.003" />
  <testcase classname="net.sf.freecol.common.model.LimitTest" name="testSuccessionLimits" time="0.005" />
  <testcase classname="net.sf.freecol.common.model.LimitTest" name="testWagonTrainLimit" time="0.004" />
  <testcase classname="net.sf.freecol.common.model.LimitTest" name="testOperand" time="0.0" />
  <testcase classname="net.sf.freecol.common.model.LimitTest" name="testIndependenceLimits" time="0.003" />
  <testcase classname="net.sf.freecol.common.model.MapTest" name="testSearchForColony" time="0.015" />
  <testcase classname="net.sf.freecol.common.model.MapTest" name="testCopy" time="0.009" />
  <testcase classname="net.sf.freecol.common.model.MapTest" name="testNoPathAvailableDueToUnitInTheWay" time="0.001" />
  <testcase classname="net.sf.freecol.common.model.MapTest" name="testGetAllTiles" time="0.001" />
  <testcase classname="net.sf.freecol.common.model.MapTest" name="testGetSurroundingTiles" time="0.001" />
  <testcase classname="net.sf.freecol.common.model.MapTest" name="testMapGameInt" time="0.0" />
  <testcase classname="net.sf.freecol.common.model.MapTest" name="testLatitude" time="0.0" />
  <testcase classname="net.sf.freecol.common.model.MapTest" name="testRandomDirection" time="0.001" />
  <testcase classname="net.sf.freecol.common.model.MapTest" name="testShortestPathObstructed" time="0.001" />
  <testcase classname="net.sf.freecol.common.model.MapTest" name="testFindPath" time="0.048" />
  <testcase classname="net.sf.freecol.common.model.MapTest" name="testMoveThroughTileWithEnemyUnit" time="0.0" />
  <testcase classname="net.sf.freecol.common.model.MapTest" name="testNoPathAvailableDueToColonyInTheWay" time="0.003" />
  <testcase classname="net.sf.freecol.common.model.MapTest" name="testNoPathAvailableDueToCampInTheWay" time="0.002" />
  <testcase classname="net.sf.freecol.common.model.MapTest" name="testGetReverseDirection" time="0.0" />
  <testcase classname="net.sf.freecol.common.model.MarketTest" name="testSerialization" time="0.0" />
  <testcase classname="net.sf.freecol.common.model.MarketTest" name="testTransactionListeners" time="0.0" />
  <testcase classname="net.sf.freecol.common.model.MarketTest" name="testInitialMarket" time="0.001" />
  <testcase classname="net.sf.freecol.common.model.ModelMessageTest" name="testDefaultId" time="0.001" />
  <testcase classname="net.sf.freecol.common.model.ModelMessageTest" name="testHashCode" time="0.003" />
  <testcase classname="net.sf.freecol.common.model.ModelMessageTest" name="testModelMapSet2" time="0.002" />
  <testcase classname="net.sf.freecol.common.model.ModifierTest" name="testScope" time="0.0" />
  <testcase classname="net.sf.freecol.common.model.ModifierTest" name="testCombinedModifier" time="0.0" />
  <testcase classname="net.sf.freecol.common.model.ModifierTest" name="testPercentageModifier" time="0.0" />
  <testcase classname="net.sf.freecol.common.model.ModifierTest" name="testHashEquals" time="0.001" />
  <testcase classname="net.sf.freecol.common.model.ModifierTest" name="testAdditiveModifier" time="0.0" />
  <testcase classname="net.sf.freecol.common.model.ModifierTest" name="testTimeLimits" time="0.0" />
  <testcase classname="net.sf.freecol.common.model.ModifierTest" name="testCombinePercentageModifiers" time="0.001" />
  <testcase classname="net.sf.freecol.common.model.ModifierTest" name="testModifierUnknown" time="0.001" />
  <testcase classname="net.sf.freecol.common.model.ModifierTest" name="testCombineMultiplicativeModifiers" time="0.001" />
  <testcase classname="net.sf.freecol.common.model.ModifierTest" name="testMultiplicativeModifier" time="0.0" />
  <testcase classname="net.sf.freecol.common.model.ModifierTest" name="testIncrements" time="0.0" />
  <testcase classname="net.sf.freecol.common.model.ModifierTest" name="testCombineAdditiveModifiers" time="0.0" />
  <testcase classname="net.sf.freecol.common.model.MonarchTest" name="testTaxActionChoices" time="0.007" />
  <testcase classname="net.sf.freecol.common.model.MonarchTest" name="testSerialize" time="0.001" />
  <testcase classname="net.sf.freecol.common.model.MovementTest" name="testMoveAlongRoad" time="0.002" />
  <testcase classname="net.sf.freecol.common.model.MovementTest" name="testMoveAlongRiver" time="0.001" />
  <testcase classname="net.sf.freecol.common.model.MovementTest" name="testMoveFromPlainsToHills" time="0.001" />
  <testcase classname="net.sf.freecol.common.model.MovementTest" name="testMoveFromPlainsToPlains" time="0.001" />
  <testcase classname="net.sf.freecol.common.model.MovementTest" name="testScoutIndianSettlement" time="0.001" />
  <testcase classname="net.sf.freecol.common.model.MovementTest" name="testScoutColony" time="0.004" />
  <testcase classname="net.sf.freecol.common.model.NationTypeTest" name="testSettlementType" time="0.0" />
  <testcase classname="net.sf.freecol.common.model.NationTypeTest" name="testIsREF" time="0.001" />
  <testcase classname="net.sf.freecol.common.model.NationTypeTest" name="testisRef" time="0.0" />
  <testcase classname="net.sf.freecol.common.model.NationTypeTest" name="testAdvantagesThatOnlyApplyToPersons" time="0.003" />
  <testcase classname="net.sf.freecol.common.model.NationTypeTest" name="testHasType" time="0.0" />
  <testcase classname="net.sf.freecol.common.model.NationTypeTest" name="testStartingUnits" time="0.001" />
  <testcase classname="net.sf.freecol.common.model.PlayerTest" name="testAddAnotherPlayersUnit" time="0.0" />
  <testcase classname="net.sf.freecol.common.model.PlayerTest" name="testFreecolPlayers" time="0.002" />
  <testcase classname="net.sf.freecol.common.model.PlayerTest" name="testTension" time="0.001" />
  <testcase classname="net.sf.freecol.common.model.PlayerTest" name="testUnits" time="0.003" />
  <testcase classname="net.sf.freecol.common.model.PlayerTest" name="testClassicPlayers" time="0.001" />
  <testcase classname="net.sf.freecol.common.model.ProductionTypeTest" name="testOtherBuildings" time="0.0" />
  <testcase classname="net.sf.freecol.common.model.ProductionTypeTest" name="testRainForest" time="0.0" />
  <testcase classname="net.sf.freecol.common.model.ProductionTypeTest" name="testHorseProduction" time="0.0" />
  <testcase classname="net.sf.freecol.common.model.ProductionTypeTest" name="testSavannah" time="0.0" />
  <testcase classname="net.sf.freecol.common.model.ProductionTypeTest" name="testHills" time="0.0" />
  <testcase classname="net.sf.freecol.common.model.ProductionTypeTest" name="testMarsh" time="0.0" />
  <testcase classname="net.sf.freecol.common.model.ProductionTypeTest" name="testOcean" time="0.0" />
  <testcase classname="net.sf.freecol.common.model.ProductionTypeTest" name="testSwamp" time="0.0" />
  <testcase classname="net.sf.freecol.common.model.ProductionTypeTest" name="testCoatProduction" time="0.001" />
  <testcase classname="net.sf.freecol.common.model.ProductionTypeTest" name="testLake" time="0.0" />
  <testcase classname="net.sf.freecol.common.model.ProductionTypeTest" name="testHighSeas" time="0.0" />
  <testcase classname="net.sf.freecol.common.model.ProductionTypeTest" name="testPrairie" time="0.0" />
  <testcase classname="net.sf.freecol.common.model.ProductionTypeTest" name="testWetlandForest" time="0.0" />
  <testcase classname="net.sf.freecol.common.model.ProductionTypeTest" name="testGrassland" time="0.0" />
  <testcase classname="net.sf.freecol.common.model.ProductionTypeTest" name="testBroadleafForest" time="0.0" />
  <testcase classname="net.sf.freecol.common.model.ProductionTypeTest" name="testCrossProduction" time="0.0" />
  <testcase classname="net.sf.freecol.common.model.ProductionTypeTest" name="testGreatRiver" time="0.0" />
  <testcase classname="net.sf.freecol.common.model.ProductionTypeTest" name="testToolsProduction" time="0.001" />
  <testcase classname="net.sf.freecol.common.model.ProductionTypeTest" name="testMixedForest" time="0.0" />
  <testcase classname="net.sf.freecol.common.model.ProductionTypeTest" name="testBorealForest" time="0.0" />
  <testcase classname="net.sf.freecol.common.model.ProductionTypeTest" name="testBellProduction" time="0.0" />
  <testcase classname="net.sf.freecol.common.model.ProductionTypeTest" name="testClothProduction" time="0.0" />
  <testcase classname="net.sf.freecol.common.model.ProductionTypeTest" name="testMountains" time="0.0" />
  <testcase classname="net.sf.freecol.common.model.ProductionTypeTest" name="testArctic" time="0.001" />
  <testcase classname="net.sf.freecol.common.model.ProductionTypeTest" name="testConiferForest" time="0.0" />
  <testcase classname="net.sf.freecol.common.model.ProductionTypeTest" name="testDesert" time="0.0" />
  <testcase classname="net.sf.freecol.common.model.ProductionTypeTest" name="testHammerProduction" time="0.0" />
  <testcase classname="net.sf.freecol.common.model.ProductionTypeTest" name="testPlains" time="0.0" />
  <testcase classname="net.sf.freecol.common.model.ProductionTypeTest" name="testMusketProduction" time="0.0" />
  <testcase classname="net.sf.freecol.common.model.ProductionTypeTest" name="testCigarProduction" time="0.0" />
  <testcase classname="net.sf.freecol.common.model.ProductionTypeTest" name="testTundra" time="0.0" />
  <testcase classname="net.sf.freecol.common.model.ProductionTypeTest" name="testRumProduction" time="0.0" />
  <testcase classname="net.sf.freecol.common.model.ProductionTypeTest" name="testTropicalForest" time="0.0" />
  <testcase classname="net.sf.freecol.common.model.ProductionTypeTest" name="testScrubForest" time="0.0" />
  <testcase classname="net.sf.freecol.common.model.RandomRangeTest" name="testRandomRange" time="0.0" />
  <testcase classname="net.sf.freecol.common.model.RoleTest" name="testRoleComparator" time="0.0" />
  <testcase classname="net.sf.freecol.common.model.RoleTest" name="testMilitaryRoles" time="0.002" />
  <testcase classname="net.sf.freecol.common.model.RoleTest" name="testGoodsDifference" time="0.0" />
  <testcase classname="net.sf.freecol.common.model.RoleTest" name="testCompatibleRoles" time="0.0" />
  <testcase classname="net.sf.freecol.common.model.RoleTest" name="testGetRoleWithAbility" time="0.0" />
  <testcase classname="net.sf.freecol.common.model.SchoolTest" name="testEducationOption" time="0.004" />
  <testcase classname="net.sf.freecol.common.model.SchoolTest" name="testChangeTeachers" time="0.003" />
  <testcase classname="net.sf.freecol.common.model.SchoolTest" name="testUpgrades" time="0.0" />
  <testcase classname="net.sf.freecol.common.model.ScopeTest" name="testEmptyScope" time="0.0" />
  <testcase classname="net.sf.freecol.common.model.ScopeTest" name="testMethodScope" time="0.0" />
  <testcase classname="net.sf.freecol.common.model.ScopeTest" name="testCombinedScope" time="0.0" />
  <testcase classname="net.sf.freecol.common.model.ScopeTest" name="testTypeScope" time="0.0" />
  <testcase classname="net.sf.freecol.common.model.ScopeTest" name="testAbilityScope" time="0.0" />
  <testcase classname="net.sf.freecol.common.model.ScopeTest" name="testEquality" time="0.0" />
  <testcase classname="net.sf.freecol.common.model.ScopeTest" name="testMatchesNull" time="0.0" />
  <testcase classname="net.sf.freecol.common.model.ScopeTest" name="testGameObjects" time="0.001" />
  <testcase classname="net.sf.freecol.common.model.SerializationTest" name="testMapAmerica" time="0.489" />
  <testcase classname="net.sf.freecol.common.model.SerializationTest" name="testSpecification" time="0.097" />
  <testcase classname="net.sf.freecol.common.model.SerializationTest" name="testValidation" time="0.149" />
  <testcase classname="net.sf.freecol.common.model.SerializationTest" name="testStringTemplate" time="0.007" />
  <testcase classname="net.sf.freecol.common.model.SerializationTest" name="testMapAfrica" time="0.218" />
  <testcase classname="net.sf.freecol.common.model.SerializationTest" name="testMapCaribbean" time="0.17" />
  <testcase classname="net.sf.freecol.common.model.SerializationTest" name="testDifficulty" time="0.071" />
  <testcase classname="net.sf.freecol.common.model.SerializationTest" name="testGeneratedLists" time="0.04" />
  <testcase classname="net.sf.freecol.common.model.SerializationTest" name="testMapAustralia" time="0.064" />
  <testcase classname="net.sf.freecol.common.model.SettlementTest" name="testColonyClaimsWater" time="0.001" />
  <testcase classname="net.sf.freecol.common.model.SettlementTest" name="testLineOfSight" time="0.001" />
  <testcase classname="net.sf.freecol.common.model.SettlementTest" name="testSettlementRadius" time="0.003" />
  <testcase classname="net.sf.freecol.common.model.SettlementTest" name="testCanImproveUnitMilitaryRole" time="0.004" />
  <testcase classname="net.sf.freecol.common.model.SettlementTest" name="testSettlementDoesNotClaimWater" time="0.001" />
  <testcase classname="net.sf.freecol.common.model.SettlementTest" name="testColonyRadius" time="0.001" />
  <testcase classname="net.sf.freecol.common.model.SoLTest" name="testSoL" time="0.004" />
  <testcase classname="net.sf.freecol.common.model.TileImprovementTest" name="testRiverWithExtras" time="0.001" />
  <testcase classname="net.sf.freecol.common.model.TileImprovementTest" name="testRiverNoExtras" time="0.0" />
  <testcase classname="net.sf.freecol.common.model.TileImprovementTest" name="testAllFrills" time="0.0" />
  <testcase classname="net.sf.freecol.common.model.TileImprovementTest" name="testOldStyle" time="0.0" />
  <testcase classname="net.sf.freecol.common.model.TileImprovementTest" name="testEquality" time="0.0" />
  <testcase classname="net.sf.freecol.common.model.TileItemContainerTest" name="testCopyFromWithEveryThing" time="0.004" />
  <testcase classname="net.sf.freecol.common.model.TileTest" name="testTileTypeChangeProduction" time="0.0" />
  <testcase classname="net.sf.freecol.common.model.TileTest" name="testDefenceModifiers" time="0.001" />
  <testcase classname="net.sf.freecol.common.model.TileTest" name="testPrimarySecondaryGoods" time="0.003" />
  <testcase classname="net.sf.freecol.common.model.TileTest" name="testPotential" time="0.001" />
  <testcase classname="net.sf.freecol.common.model.TileTest" name="testCopy" time="0.003" />
  <testcase classname="net.sf.freecol.common.model.TileTest" name="testImprovements" time="0.001" />
  <testcase classname="net.sf.freecol.common.model.TileTest" name="testMinerals" time="0.001" />
  <testcase classname="net.sf.freecol.common.model.TileTest" name="testMaximumPotential" time="0.002" />
  <testcase classname="net.sf.freecol.common.model.TileTest" name="testIsTileTypeAllowed" time="0.001" />
  <testcase classname="net.sf.freecol.common.model.TileTest" name="testGetWorkAmount" time="0.001" />
  <testcase classname="net.sf.freecol.common.model.TileTest" name="testGetBestDisembarkTile" time="0.003" />
  <testcase classname="net.sf.freecol.common.model.TileTest" name="testColonyImprovements" time="0.002" />
  <testcase classname="net.sf.freecol.common.model.TileTest" name="testConiferForest" time="0.005" />
  <testcase classname="net.sf.freecol.common.model.TileTest" name="testProductionModifiers" time="0.006" />
  <testcase classname="net.sf.freecol.common.model.TileTest" name="testZIndex" time="0.0" />
  <testcase classname="net.sf.freecol.common.model.TradeRouteTest" name="testTradeRoute" time="0.01" />
  <testcase classname="net.sf.freecol.common.model.UnitTest" name="testIsColonist" time="0.001" />
  <testcase classname="net.sf.freecol.common.model.UnitTest" name="testElement" time="0.004" />
  <testcase classname="net.sf.freecol.common.model.UnitTest" name="testUnitLosesExperienceWithRoleChange" time="0.001" />
  <testcase classname="net.sf.freecol.common.model.UnitTest" name="testUnitAvailability" time="0.001" />
  <testcase classname="net.sf.freecol.common.model.UnitTest" name="testOwnerChange" time="0.001" />
  <testcase classname="net.sf.freecol.common.model.UnitTest" name="testIndianDies" time="0.001" />
  <testcase classname="net.sf.freecol.common.model.UnitTest" name="testGetMovesAsString" time="0.002" />
  <testcase classname="net.sf.freecol.common.model.UnitTest" name="testCopy" time="0.002" />
  <testcase classname="net.sf.freecol.common.model.UnitTest" name="testDefaultRole" time="0.0" />
  <testcase classname="net.sf.freecol.common.model.UnitTest" name="testMissionary" time="0.005" />
  <testcase classname="net.sf.freecol.common.model.UnitTest" name="testUnitCanBuildColony" time="0.001" />
  <testcase classname="net.sf.freecol.common.model.UnitTest" name="testCarrierOwnerChange" time="0.001" />
  <testcase classname="net.sf.freecol.common.model.UnitTest" name="testTreasureTransportFee" time="0.001" />
  <testcase classname="net.sf.freecol.common.model.UnitTest" name="testFailedAddGoods" time="0.002" />
  <testcase classname="net.sf.freecol.common.model.UnitTest" name="testGetLineOfSight" time="0.001" />
  <testcase classname="net.sf.freecol.common.model.UnitTest" name="testCanAdd" time="0.0" />
  <testcase classname="net.sf.freecol.common.model.UnitTest" name="testUnitLocationAfterBuildingColony" time="0.001" />
  <testcase classname="net.sf.freecol.common.model.UnitTypeChangeTest" name="testEmptyScope" time="0.001" />
  <testcase classname="net.sf.freecol.common.model.UnitTypeChangeTest" name="testCreation" time="0.0" />
  <testcase classname="net.sf.freecol.common.model.UnitTypeChangeTest" name="testAbilityScope" time="0.0" />
  <testcase classname="net.sf.freecol.common.model.UnitTypeChangeTest" name="testEquality" time="0.001" />
  <testcase classname="net.sf.freecol.common.utils.UtilsTest" name="testComparator" time="0.0" />
  <testcase classname="net.sf.freecol.common.utils.UtilsTest" name="testGetPermutations" time="0.001" />
  <testcase classname="net.sf.freecol.common.sound.SoundTest" name="testSound" time="0.597" />
  <testcase classname="net.sf.freecol.common.sound.SoundTest" name="testClassic" time="3.248" />
  <testcase classname="net.sf.freecol.server.SaveLoadTest" name="testDelayedLoading" time="0.621" />
  <testcase classname="net.sf.freecol.server.SaveLoadTest" name="testImmediateLoading" time="0.357" />
  <testcase classname="net.sf.freecol.server.SaveLoadTest" name="testImport" time="0.433" />
  <testcase classname="net.sf.freecol.server.ai.AIColonyTest" name="testBuildersAllocation" time="0.131" />
  <testcase classname="net.sf.freecol.server.ai.AIColonyTest" name="testBestDefender" time="0.043" />
  <testcase classname="net.sf.freecol.server.ai.AIColonyTest" name="testBuildersAllocNoRawMatTiles" time="0.109" />
  <testcase classname="net.sf.freecol.server.ai.AIColonyTest" name="testExpertAllocColonyHasEnoughRawMat" time="0.057" />
  <testcase classname="net.sf.freecol.server.ai.ContactTest" name="testNativeMeetsEuropean" time="0.051" />
  <testcase classname="net.sf.freecol.server.ai.ContactTest" name="testNativeMeetsColony" time="0.054" />
  <testcase classname="net.sf.freecol.server.ai.ContactTest" name="testShipMeetsShip" time="0.051" />
  <testcase classname="net.sf.freecol.server.ai.ContactTest" name="testNativeMeetsNative" time="0.047" />
  <testcase classname="net.sf.freecol.server.ai.ContactTest" name="testNativeMeetsIndianSettlement" time="0.047" />
  <testcase classname="net.sf.freecol.server.ai.ContactTest" name="testEuropeanMeetsIndianSettlement" time="0.05" />
  <testcase classname="net.sf.freecol.server.ai.ContactTest" name="testEuropeanMeetsNative" time="0.043" />
  <testcase classname="net.sf.freecol.server.ai.ColonyPlanTest" name="testGetBestWorker" time="0.063" />
  <testcase classname="net.sf.freecol.server.ai.ColonyPlanTest" name="testBestImprovements" time="0.002" />
  <testcase classname="net.sf.freecol.server.ai.ColonyPlanTest" name="testNoBuildRawMatTiles" time="0.056" />
  <testcase classname="net.sf.freecol.server.ai.ColonyPlanTest" name="testReqLumberAndHammersForBuild" time="0.043" />
  <testcase classname="net.sf.freecol.server.ai.ColonyPlanTest" name="testReqOreAndToolsWithEnoughHammersForBuild" time="0.052" />
  <testcase classname="net.sf.freecol.server.ai.MissionAssignmentTest" name="testIsTargetValidForSeekAndDestroy" time="0.046" />
  <testcase classname="net.sf.freecol.server.ai.MissionAssignmentTest" name="testImpossibleConditionsForTargetSelection" time="0.037" />
  <testcase classname="net.sf.freecol.server.ai.MissionAssignmentTest" name="testSecureIndianSettlementMissionIgnoreNavalThreat" time="0.055" />
  <testcase classname="net.sf.freecol.server.ai.MissionAssignmentTest" name="testSecureIndianSettlementMission" time="0.042" />
  <testcase classname="net.sf.freecol.server.ai.MissionAssignmentTest" name="testAssignDefendSettlementMission" time="0.047" />
  <testcase classname="net.sf.freecol.server.ai.REFTest" name="testCreateREFPlayer" time="0.043" />
  <testcase classname="net.sf.freecol.server.ai.StandardAIPlayerTest" name="testEquipBravesNotEnoughReqGoods" time="0.036" />
  <testcase classname="net.sf.freecol.server.ai.StandardAIPlayerTest" name="testEquipBraves" time="0.04" />
  <testcase classname="net.sf.freecol.server.ai.TensionTest" name="testTension" time="0.039" />
  <testcase classname="net.sf.freecol.server.ai.mission.PioneeringMissionTest" name="testImprovementNoLongerValid" time="0.043" />
  <testcase classname="net.sf.freecol.server.ai.mission.PrivateerMissionTest" name="testIsMissionValid" time="0.039" />
  <testcase classname="net.sf.freecol.server.ai.mission.ScoutingMissionTest" name="testHorsesLost" time="0.037" />
  <testcase classname="net.sf.freecol.server.ai.mission.TransportMissionTest" name="testGetNextStopAlreadyAtDestination" time="0.042" />
  <testcase classname="net.sf.freecol.server.ai.mission.TransportMissionTest" name="testGetDefaultDestination" time="0.046" />
  <testcase classname="net.sf.freecol.server.ai.mission.TransportMissionTest" name="testWagonTrain" time="0.047" />
  <testcase classname="net.sf.freecol.server.ai.mission.TransportMissionTest" name="testGetNextStopIsColony" time="0.045" />
  <testcase classname="net.sf.freecol.server.ai.mission.TransportMissionTest" name="testGetNextStopIsEurope" time="0.051" />
  <testcase classname="net.sf.freecol.server.ai.mission.TransportMissionTest" name="testTransportMissionInvalidAfterCombatLost" time="0.057" />
  <testcase classname="net.sf.freecol.server.ai.mission.UnitSeekAndDestroyMissionTest" name="testCapturedUnitsLoseMission" time="0.044" />
  <testcase classname="net.sf.freecol.server.ai.mission.UnitSeekAndDestroyMissionTest" name="testDoNotPursueUnitsInColonies" time="0.032" />
  <testcase classname="net.sf.freecol.server.control.InGameControllerTest" name="testWarDeclarationAffectsSettlementAlarm" time="0.04" />
  <testcase classname="net.sf.freecol.server.control.InGameControllerTest" name="testArtilleryDemotedBySoldier" time="0.046" />
  <testcase classname="net.sf.freecol.server.control.InGameControllerTest" name="testPeaceTreatyFromWarStance" time="0.036" />
  <testcase classname="net.sf.freecol.server.control.InGameControllerTest" name="testScoutDiesNotLosesEquipment" time="0.044" />
  <testcase classname="net.sf.freecol.server.control.InGameControllerTest" name="testDragoonDemotedByBrave" time="0.059" />
  <testcase classname="net.sf.freecol.server.control.InGameControllerTest" name="testCeaseFireTreaty" time="0.035" />
  <testcase classname="net.sf.freecol.server.control.InGameControllerTest" name="testDeclarationOfWarFromPeace" time="0.034" />
  <testcase classname="net.sf.freecol.server.control.InGameControllerTest" name="testAttackColonyWithVeteran" time="0.06" />
  <testcase classname="net.sf.freecol.server.control.InGameControllerTest" name="testDragoonDemotedBySoldier" time="0.049" />
  <testcase classname="net.sf.freecol.server.control.InGameControllerTest" name="testAddFatherUnits" time="0.034" />
  <testcase classname="net.sf.freecol.server.control.InGameControllerTest" name="testDumpGoods" time="0.036" />
  <testcase classname="net.sf.freecol.server.control.InGameControllerTest" name="testAtackedNavalUnitIsDamaged" time="0.042" />
  <testcase classname="net.sf.freecol.server.control.InGameControllerTest" name="testLaSalle" time="0.04" />
  <testcase classname="net.sf.freecol.server.control.InGameControllerTest" name="testPocahontas" time="0.041" />
  <testcase classname="net.sf.freecol.server.control.InGameControllerTest" name="testPioneerDiesNotLosesEquipment" time="0.034" />
  <testcase classname="net.sf.freecol.server.control.InGameControllerTest" name="testPromotion" time="0.054" />
  <testcase classname="net.sf.freecol.server.control.InGameControllerTest" name="testClearSpecialty" time="0.033" />
  <testcase classname="net.sf.freecol.server.control.InGameControllerTest" name="testPeaceTreatyFromCeaseFireStance" time="0.038" />
  <testcase classname="net.sf.freecol.server.control.InGameControllerTest" name="testUnitLosesExperienceWithWorkChange" time="0.036" />
  <testcase classname="net.sf.freecol.server.control.InGameControllerTest" name="testEquipIndianNotEnoughReqGoods" time="0.035" />
  <testcase classname="net.sf.freecol.server.control.InGameControllerTest" name="testCashInTreasure" time="0.04" />
  <testcase classname="net.sf.freecol.server.control.InGameControllerTest" name="testAddFatherUpgrades" time="0.037" />
  <testcase classname="net.sf.freecol.server.control.InGameControllerTest" name="testUnitTypeChangeOnEnterColony" time="0.034" />
  <testcase classname="net.sf.freecol.server.control.InGameControllerTest" name="testSoldierDemotedBySoldier" time="0.042" />
  <testcase classname="net.sf.freecol.server.control.InGameControllerTest" name="testUnarmedAttack" time="0.043" />
  <testcase classname="net.sf.freecol.server.control.InGameControllerTest" name="testCarpenterHouseNationalAdvantage" time="0.035" />
  <testcase classname="net.sf.freecol.server.control.InGameControllerTest" name="testCreateMission" time="0.041" />
  <testcase classname="net.sf.freecol.server.control.InGameControllerTest" name="testDoAssignedWorkAmateurAndHardyPioneer" time="1.457" />
  <testcase classname="net.sf.freecol.server.control.InGameControllerTest" name="testEmbark" time="0.028" />
  <testcase classname="net.sf.freecol.server.control.InGameControllerTest" name="testVeteranSoldierDemotedBySoldier" time="0.034" />
  <testcase classname="net.sf.freecol.server.control.InGameControllerTest" name="testLoseColonyDefenceWithRevere" time="0.031" />
  <testcase classname="net.sf.freecol.server.control.InGameControllerTest" name="testBuildingBonus" time="0.031" />
  <testcase classname="net.sf.freecol.server.control.InGameControllerTest" name="testColonistDemotedBySoldier" time="0.033" />
  <testcase classname="net.sf.freecol.server.control.InGameControllerTest" name="testScoutDefeatedBySoldier" time="0.036" />
  <testcase classname="net.sf.freecol.server.control.InGameControllerTest" name="testAddFatherBuildingEvent" time="0.029" />
  <testcase classname="net.sf.freecol.server.control.InGameControllerTest" name="testAttackColonyWithBrave" time="0.079" />
  <testcase classname="net.sf.freecol.server.control.InGameControllerTest" name="testEquipIndian" time="0.026" />
  <testcase classname="net.sf.freecol.server.model.ServerBuildingTest" name="testMoveTeacherOutside" time="0.035" />
  <testcase classname="net.sf.freecol.server.model.ServerBuildingTest" name="testTeacherStoresProgress" time="0.029" />
  <testcase classname="net.sf.freecol.server.model.ServerBuildingTest" name="testCaseTwoTeachersWithDifferentExp" time="0.047" />
  <testcase classname="net.sf.freecol.server.model.ServerBuildingTest" name="testMoveTeacherInside" time="0.033" />
  <testcase classname="net.sf.freecol.server.model.ServerBuildingTest" name="testConcurrentUpgrade" time="0.034" />
  <testcase classname="net.sf.freecol.server.model.ServerBuildingTest" name="testTeachingOrder" time="0.032" />
  <testcase classname="net.sf.freecol.server.model.ServerBuildingTest" name="testTeachPettyCriminalsByMaster" time="0.031" />
  <testcase classname="net.sf.freecol.server.model.ServerBuildingTest" name="testTeachingDoublePromotion" time="0.032" />
  <testcase classname="net.sf.freecol.server.model.ServerBuildingTest" name="testUniversity" time="0.03" />
  <testcase classname="net.sf.freecol.server.model.ServerBuildingTest" name="testTwoTeachersSimple" time="0.034" />
  <testcase classname="net.sf.freecol.server.model.ServerBuildingTest" name="testTrackerBug1616384" time="0.032" />
  <testcase classname="net.sf.freecol.server.model.ServerBuildingTest" name="testSingleGuyTwoTeachers2" time="0.033" />
  <testcase classname="net.sf.freecol.server.model.ServerBuildingTest" name="testCollege" time="0.035" />
  <testcase classname="net.sf.freecol.server.model.ServerBuildingTest" name="testSingleGuyTwoTeachers" time="0.039" />
  <testcase classname="net.sf.freecol.server.model.ServerBuildingTest" name="testSonsOfLiberty" time="0.037" />
  <testcase classname="net.sf.freecol.server.model.ServerBuildingTest" name="testTwoTeachersOfSameKind" time="0.026" />
  <testcase classname="net.sf.freecol.server.model.ServerBuildingTest" name="testTeachPettyCriminals" time="0.031" />
  <testcase classname="net.sf.freecol.server.model.ServerBuildingTest" name="testProductionBonus" time="0.026" />
  <testcase classname="net.sf.freecol.server.model.ServerBuildingTest" name="testPartTraining" time="0.029" />
  <testcase classname="net.sf.freecol.server.model.ServerBuildingTest" name="testExpertTeaching" time="0.032" />
  <testcase classname="net.sf.freecol.server.model.ServerBuildingTest" name="testColonialRegular" time="0.028" />
  <testcase classname="net.sf.freecol.server.model.ServerBuildingTest" name="testTeachIndenturedServants" time="0.03" />
  <testcase classname="net.sf.freecol.server.model.ServerColonyTest" name="testEqualFoodProductionConsumptionCase" time="0.026" />
  <testcase classname="net.sf.freecol.server.model.ServerColonyTest" name="testDeathByStarvation" time="0.029" />
  <testcase classname="net.sf.freecol.server.model.ServerColonyTest" name="testBuildingCompletion" time="0.029" />
  <testcase classname="net.sf.freecol.server.model.ServerColonyTest" name="testInvalidCompletion" time="0.029" />
  <testcase classname="net.sf.freecol.server.model.ServerColonyTest" name="testAvoidStarvation" time="0.027" />
  <testcase classname="net.sf.freecol.server.model.ServerColonyTest" name="testNoBuildingMaterialsProductionWhenBuildingNothing" time="0.002" />
  <testcase classname="net.sf.freecol.server.model.ServerColonyTest" name="testFoodConsumption" time="0.031" />
  <testcase classname="net.sf.freecol.server.model.ServerColonyTest" name="testLibertyAndImmigration" time="0.029" />
  <testcase classname="net.sf.freecol.server.model.ServerIndianSettlementTest" name="testHorseBreedingNoFoodAvail" time="0.035" />
  <testcase classname="net.sf.freecol.server.model.ServerIndianSettlementTest" name="testPricing" time="0.029" />
  <testcase classname="net.sf.freecol.server.model.ServerIndianSettlementTest" name="testHorseBreeding" time="0.027" />
  <testcase classname="net.sf.freecol.server.model.ServerIndianSettlementTest" name="testFoodConsumption" time="0.029" />
  <testcase classname="net.sf.freecol.server.model.ServerPlayerTest" name="testCheckNoGameOverEnoughMoney" time="0.026" />
  <testcase classname="net.sf.freecol.server.model.ServerPlayerTest" name="testCheckGameOver1600Threshold" time="0.031" />
  <testcase classname="net.sf.freecol.server.model.ServerPlayerTest" name="testCheckNoGameOverHasColonistInNewWorld" time="0.027" />
  <testcase classname="net.sf.freecol.server.model.ServerPlayerTest" name="testHasExploredTile" time="0.032" />
  <testcase classname="net.sf.freecol.server.model.ServerPlayerTest" name="testBuyingMakesPricesRaise" time="0.027" />
  <testcase classname="net.sf.freecol.server.model.ServerPlayerTest" name="testCheckGameOverUnitsGoingToEurope" time="0.026" />
  <testcase classname="net.sf.freecol.server.model.ServerPlayerTest" name="testDutchMarket" time="0.05" />
  <testcase classname="net.sf.freecol.server.model.ServerPlayerTest" name="testCheckGameOverNoUnits" time="0.026" />
  <testcase classname="net.sf.freecol.server.model.ServerPlayerTest" name="testCheckGameOverUnitsGoingToNewWorld" time="0.025" />
  <testcase classname="net.sf.freecol.server.model.ServerPlayerTest" name="testSellingMakesPricesFall" time="0.026" />
  <testcase classname="net.sf.freecol.server.model.ServerPlayerTest" name="testMarketRecovery" time="0.058" />
  <testcase classname="net.sf.freecol.server.model.ServerPlayerTest" name="testLoadInColony" time="0.026" />
  <testcase classname="net.sf.freecol.server.model.ServerPlayerTest" name="testLoadInEurope" time="0.027" />
  <testcase classname="net.sf.freecol.server.model.ServerUnitTest" name="testDoAssignedWorkHardyPioneerPlowPlain" time="0.026" />
  <testcase classname="net.sf.freecol.server.model.ServerUnitTest" name="testColonyProfitFromEnhancement" time="0.03" />
  <testcase classname="net.sf.freecol.server.model.ServerUnitTest" name="testExposeResource" time="0.024" />
  <testcase classname="net.sf.freecol.server.model.ServerUnitTest" name="testDoAssignedWorkHardyPioneerBuildRoad" time="0.027" />
  <testcase classname="net.sf.freecol.server.model.ServerUnitTest" name="testUnitPromotionWorkingInWorkTile" time="0.024" />
  <testcase classname="net.sf.freecol.server.model.ServerUnitTest" name="testUnitGetsExperienceThroughWork" time="0.031" />
  <testcase classname="net.sf.freecol.server.model.ServerUnitTest" name="testUnitLumberDelivery" time="0.03" />
  <testcase classname="net.sf.freecol.server.model.ServerUnitTest" name="testToggleHorses" time="0.026" />
  <testcase classname="net.sf.freecol.server.generator.MapGeneratorTest" name="testSinglePlayerOnSmallMap" time="0.184" />
  <testcase classname="net.sf.freecol.server.generator.MapGeneratorTest" name="testImportMap" time="0.341" />
  <testcase classname="net.sf.freecol.server.generator.MapGeneratorTest" name="testRegions" time="0.13" />
  <testcase classname="net.sf.freecol.server.generator.MapGeneratorTest" name="testWithNoIndians" time="0.09" />
  <testcase classname="net.sf.freecol.server.generator.MapGeneratorTest" name="testIndianCapital" time="0.101" />
  <testcase classname="net.sf.freecol.server.generator.MapGeneratorTest" name="testMapGenerator" time="0.115" />
  <testcase classname="net.sf.freecol.client.gui.FontTest" name="testLogicalSerif" time="0.004" />
  <system-out><![CDATA[]]></system-out>
  <system-err><![CDATA[Apr 20, 2018 4:12:20 PM net.sf.freecol.common.model.Specification fixRoles
INFO: Loading role backward compatibility fragment: roles-compat.xml with roles: model.role.defaultmodel.role.scoutmodel.role.soldiermodel.role.dragoonmodel.role.pioneermodel.role.missionarymodel.role.infantrymodel.role.cavalrymodel.role.mountedBravemodel.role.armedBravemodel.role.nativeDragoon
Apr 20, 2018 4:12:20 PM net.sf.freecol.common.model.Specification checkDifficultyOptionGroup
INFO: Check group model.difficulty.immigration
Apr 20, 2018 4:12:20 PM net.sf.freecol.common.model.Specification checkDifficultyOptionGroup
INFO: Check group model.difficulty.natives
Apr 20, 2018 4:12:20 PM net.sf.freecol.common.model.Specification checkDifficultyOptionGroup
INFO: Check group model.difficulty.monarch
Apr 20, 2018 4:12:20 PM net.sf.freecol.common.model.Specification checkDifficultyOptionGroup
INFO: Check group model.difficulty.government
Apr 20, 2018 4:12:20 PM net.sf.freecol.common.model.Specification checkDifficultyOptionGroup
INFO: Check group model.difficulty.other
Apr 20, 2018 4:12:20 PM net.sf.freecol.common.model.Specification checkDifficultyOptionGroup
INFO: Check group model.difficulty.cheat
Apr 20, 2018 4:12:20 PM net.sf.freecol.common.model.Specification checkDifficultyUnitListOption
INFO: Added difficulty unit list option: model.option.immigrants
Apr 20, 2018 4:12:20 PM net.sf.freecol.common.model.Specification clean
INFO: Specification clean following load from InputStream complete, starting year=1492, season year=1600, ages=[1,109,309], seasons=2, 259 FreeColGameObjectTypes, 79 Abilities, 41 BuildingTypes, 14 Disasters, 9 EuropeanNationTypes, 2 Events, 25 FoundingFathers, 21 GoodsTypes, 8 IndianNationTypes, 60 Modifiers, 25 Nations, 65 Options, 16 Option Groups, 12 ResourceTypes, 11 Roles, 23 TileTypes, 6 TileImprovementTypes, 42 UnitTypes read.
Apr 20, 2018 4:12:20 PM net.sf.freecol.common.model.Specification checkDifficultyOptionGroup
INFO: Check group model.difficulty.immigration
Apr 20, 2018 4:12:20 PM net.sf.freecol.common.model.Specification checkDifficultyOptionGroup
INFO: Check group model.difficulty.natives
Apr 20, 2018 4:12:20 PM net.sf.freecol.common.model.Specification checkDifficultyOptionGroup
INFO: Check group model.difficulty.monarch
Apr 20, 2018 4:12:20 PM net.sf.freecol.common.model.Specification checkDifficultyOptionGroup
INFO: Check group model.difficulty.government
Apr 20, 2018 4:12:20 PM net.sf.freecol.common.model.Specification checkDifficultyOptionGroup
INFO: Check group model.difficulty.other
Apr 20, 2018 4:12:20 PM net.sf.freecol.common.model.Specification checkDifficultyOptionGroup
INFO: Check group model.difficulty.cheat
Apr 20, 2018 4:12:20 PM net.sf.freecol.common.model.Specification applyDifficultyLevel
INFO: Applying difficulty level model.difficulty.medium
Apr 20, 2018 4:12:20 PM net.sf.freecol.common.model.Specification fixRoles
INFO: Loading role backward compatibility fragment: roles-compat.xml with roles: model.role.defaultmodel.role.scoutmodel.role.soldiermodel.role.dragoonmodel.role.pioneermodel.role.missionarymodel.role.infantrymodel.role.cavalrymodel.role.mountedBravemodel.role.armedBravemodel.role.nativeDragoon
Apr 20, 2018 4:12:20 PM net.sf.freecol.common.model.Specification checkDifficultyOptionGroup
INFO: Check group model.difficulty.immigration
Apr 20, 2018 4:12:20 PM net.sf.freecol.common.model.Specification checkDifficultyOptionGroup
INFO: Check group model.difficulty.natives
Apr 20, 2018 4:12:20 PM net.sf.freecol.common.model.Specification checkDifficultyOptionGroup
INFO: Check group model.difficulty.monarch
Apr 20, 2018 4:12:20 PM net.sf.freecol.common.model.Specification checkDifficultyOptionGroup
INFO: Check group model.difficulty.government
Apr 20, 2018 4:12:20 PM net.sf.freecol.common.model.Specification checkDifficultyOptionGroup
INFO: Check group model.difficulty.other
Apr 20, 2018 4:12:20 PM net.sf.freecol.common.model.Specification checkDifficultyOptionGroup
INFO: Check group model.difficulty.cheat
Apr 20, 2018 4:12:20 PM net.sf.freecol.common.model.Specification checkDifficultyUnitListOption
INFO: Added difficulty unit list option: model.option.immigrants
Apr 20, 2018 4:12:20 PM net.sf.freecol.common.model.Specification clean
INFO: Specification clean following load from InputStream complete, starting year=1492, season year=1600, ages=[1,109,309], seasons=2, 247 FreeColGameObjectTypes, 78 Abilities, 41 BuildingTypes, 14 Disasters, 5 EuropeanNationTypes, 2 Events, 25 FoundingFathers, 21 GoodsTypes, 8 IndianNationTypes, 60 Modifiers, 17 Nations, 65 Options, 16 Option Groups, 12 ResourceTypes, 11 Roles, 23 TileTypes, 6 TileImprovementTypes, 42 UnitTypes read.
Apr 20, 2018 4:12:20 PM net.sf.freecol.common.model.Specification checkDifficultyOptionGroup
INFO: Check group model.difficulty.immigration
Apr 20, 2018 4:12:20 PM net.sf.freecol.common.model.Specification checkDifficultyOptionGroup
INFO: Check group model.difficulty.natives
Apr 20, 2018 4:12:20 PM net.sf.freecol.common.model.Specification checkDifficultyOptionGroup
INFO: Check group model.difficulty.monarch
Apr 20, 2018 4:12:20 PM net.sf.freecol.common.model.Specification checkDifficultyOptionGroup
INFO: Check group model.difficulty.government
Apr 20, 2018 4:12:20 PM net.sf.freecol.common.model.Specification checkDifficultyOptionGroup
INFO: Check group model.difficulty.other
Apr 20, 2018 4:12:20 PM net.sf.freecol.common.model.Specification checkDifficultyOptionGroup
INFO: Check group model.difficulty.cheat
Apr 20, 2018 4:12:20 PM net.sf.freecol.common.model.Specification applyDifficultyLevel
INFO: Applying difficulty level model.difficulty.medium
Apr 20, 2018 4:12:20 PM net.sf.freecol.common.i18n.Messages replaceChoices
WARNING: Unknown key or untagged choice: 'west=westward|east=eastward|default=into the wind', selector was 'whatever', trying 'default' instead
Apr 20, 2018 4:12:20 PM net.sf.freecol.common.i18n.Messages replaceChoices
WARNING: No tag found: {{}}abc   {{xyz}}def{{123|567}}
Apr 20, 2018 4:12:20 PM net.sf.freecol.common.i18n.Messages replaceChoices
WARNING: No tag found: {{}}abc   {{xyz}}def{{123|567}}
Apr 20, 2018 4:12:20 PM net.sf.freecol.common.i18n.Messages replaceChoices
WARNING: No tag found: {{}}abc   {{xyz}}def{{123|567}}
Apr 20, 2018 4:12:21 PM net.sf.freecol.common.model.Specification applyDifficultyLevel
INFO: Applying difficulty level model.difficulty.medium
Apr 20, 2018 4:12:21 PM net.sf.freecol.common.model.Specification applyDifficultyLevel
INFO: Applying difficulty level model.difficulty.medium
Apr 20, 2018 4:12:21 PM net.sf.freecol.common.util.LogBuilder log
INFO: In data\mods found mod: bryce classic_ui convertUpgrade daySeasons example fourSeasons hutzli markovoss misiulo monthSeasons plantForest weekSeasons
Apr 20, 2018 4:12:21 PM net.sf.freecol.common.model.Specification fixRoles
INFO: Loading role backward compatibility fragment: roles-compat.xml with roles: model.role.defaultmodel.role.scoutmodel.role.soldiermodel.role.dragoonmodel.role.pioneermodel.role.missionarymodel.role.infantrymodel.role.cavalrymodel.role.mountedBravemodel.role.armedBravemodel.role.nativeDragoon
Apr 20, 2018 4:12:21 PM net.sf.freecol.common.model.Specification checkDifficultyOptionGroup
INFO: Check group model.difficulty.immigration
Apr 20, 2018 4:12:21 PM net.sf.freecol.common.model.Specification checkDifficultyOptionGroup
INFO: Check group model.difficulty.natives
Apr 20, 2018 4:12:21 PM net.sf.freecol.common.model.Specification checkDifficultyOptionGroup
INFO: Check group model.difficulty.monarch
Apr 20, 2018 4:12:21 PM net.sf.freecol.common.model.Specification checkDifficultyOptionGroup
INFO: Check group model.difficulty.government
Apr 20, 2018 4:12:21 PM net.sf.freecol.common.model.Specification checkDifficultyOptionGroup
INFO: Check group model.difficulty.other
Apr 20, 2018 4:12:21 PM net.sf.freecol.common.model.Specification checkDifficultyOptionGroup
INFO: Check group model.difficulty.cheat
Apr 20, 2018 4:12:21 PM net.sf.freecol.common.model.Specification checkDifficultyUnitListOption
INFO: Added difficulty unit list option: model.option.immigrants
Apr 20, 2018 4:12:21 PM net.sf.freecol.common.model.Specification clean
INFO: Specification clean following load from InputStream complete, starting year=1492, season year=1600, ages=[1,109,309], seasons=2, 258 FreeColGameObjectTypes, 79 Abilities, 41 BuildingTypes, 14 Disasters, 9 EuropeanNationTypes, 2 Events, 25 FoundingFathers, 21 GoodsTypes, 8 IndianNationTypes, 60 Modifiers, 25 Nations, 65 Options, 16 Option Groups, 12 ResourceTypes, 11 Roles, 23 TileTypes, 6 TileImprovementTypes, 41 UnitTypes read.
Apr 20, 2018 4:12:21 PM net.sf.freecol.common.model.Specification fixRoles
INFO: Loading role backward compatibility fragment: roles-compat.xml with roles: model.role.defaultmodel.role.scoutmodel.role.soldiermodel.role.dragoonmodel.role.pioneermodel.role.missionarymodel.role.infantrymodel.role.cavalrymodel.role.mountedBravemodel.role.armedBravemodel.role.nativeDragoon
Apr 20, 2018 4:12:21 PM net.sf.freecol.common.model.Specification checkDifficultyOptionGroup
INFO: Check group model.difficulty.immigration
Apr 20, 2018 4:12:21 PM net.sf.freecol.common.model.Specification checkDifficultyOptionGroup
INFO: Check group model.difficulty.natives
Apr 20, 2018 4:12:21 PM net.sf.freecol.common.model.Specification checkDifficultyOptionGroup
INFO: Check group model.difficulty.monarch
Apr 20, 2018 4:12:21 PM net.sf.freecol.common.model.Specification checkDifficultyOptionGroup
INFO: Check group model.difficulty.government
Apr 20, 2018 4:12:21 PM net.sf.freecol.common.model.Specification checkDifficultyOptionGroup
INFO: Check group model.difficulty.other
Apr 20, 2018 4:12:21 PM net.sf.freecol.common.model.Specification checkDifficultyOptionGroup
INFO: Check group model.difficulty.cheat
Apr 20, 2018 4:12:21 PM net.sf.freecol.common.model.Specification checkDifficultyUnitListOption
INFO: Added difficulty unit list option: model.option.immigrants
Apr 20, 2018 4:12:21 PM net.sf.freecol.common.model.Specification clean
INFO: Specification clean following load from InputStream complete, starting year=1492, season year=1600, ages=[1,109,309], seasons=2, 259 FreeColGameObjectTypes, 79 Abilities, 41 BuildingTypes, 14 Disasters, 9 EuropeanNationTypes, 2 Events, 25 FoundingFathers, 21 GoodsTypes, 8 IndianNationTypes, 60 Modifiers, 25 Nations, 65 Options, 16 Option Groups, 12 ResourceTypes, 11 Roles, 23 TileTypes, 6 TileImprovementTypes, 42 UnitTypes read.
Apr 20, 2018 4:12:21 PM net.sf.freecol.common.model.Specification fixRoles
INFO: Loading role backward compatibility fragment: roles-compat.xml with roles: model.role.defaultmodel.role.scoutmodel.role.soldiermodel.role.dragoonmodel.role.pioneermodel.role.missionarymodel.role.infantrymodel.role.cavalrymodel.role.mountedBravemodel.role.armedBravemodel.role.nativeDragoon
Apr 20, 2018 4:12:21 PM net.sf.freecol.common.model.Specification checkDifficultyOptionGroup
INFO: Check group model.difficulty.immigration
Apr 20, 2018 4:12:21 PM net.sf.freecol.common.model.Specification checkDifficultyOptionGroup
INFO: Check group model.difficulty.natives
Apr 20, 2018 4:12:21 PM net.sf.freecol.common.model.Specification checkDifficultyOptionGroup
INFO: Check group model.difficulty.monarch
Apr 20, 2018 4:12:21 PM net.sf.freecol.common.model.Specification checkDifficultyOptionGroup
INFO: Check group model.difficulty.government
Apr 20, 2018 4:12:21 PM net.sf.freecol.common.model.Specification checkDifficultyOptionGroup
INFO: Check group model.difficulty.other
Apr 20, 2018 4:12:21 PM net.sf.freecol.common.model.Specification checkDifficultyOptionGroup
INFO: Check group model.difficulty.cheat
Apr 20, 2018 4:12:21 PM net.sf.freecol.common.model.Specification checkDifficultyUnitListOption
INFO: Added difficulty unit list option: model.option.immigrants
Apr 20, 2018 4:12:21 PM net.sf.freecol.common.model.Specification clean
INFO: Specification clean following load from InputStream complete, starting year=1492, season year=1600, ages=[1,109,309], seasons=2, 259 FreeColGameObjectTypes, 79 Abilities, 41 BuildingTypes, 14 Disasters, 9 EuropeanNationTypes, 2 Events, 25 FoundingFathers, 21 GoodsTypes, 8 IndianNationTypes, 60 Modifiers, 25 Nations, 65 Options, 16 Option Groups, 12 ResourceTypes, 11 Roles, 23 TileTypes, 6 TileImprovementTypes, 42 UnitTypes read.
Apr 20, 2018 4:12:21 PM net.sf.freecol.common.model.Specification loadMods
INFO: Loaded mod example
Apr 20, 2018 4:12:21 PM net.sf.freecol.common.model.Specification clean
INFO: Specification clean following mod loading complete, starting year=1492, season year=1600, ages=[1,109,309], seasons=2, 260 FreeColGameObjectTypes, 79 Abilities, 41 BuildingTypes, 14 Disasters, 9 EuropeanNationTypes, 2 Events, 25 FoundingFathers, 21 GoodsTypes, 8 IndianNationTypes, 60 Modifiers, 25 Nations, 65 Options, 16 Option Groups, 12 ResourceTypes, 11 Roles, 23 TileTypes, 6 TileImprovementTypes, 43 UnitTypes read.
Apr 20, 2018 4:12:21 PM net.sf.freecol.common.model.Specification fixRoles
INFO: Loading role backward compatibility fragment: roles-compat.xml with roles: model.role.defaultmodel.role.scoutmodel.role.soldiermodel.role.dragoonmodel.role.pioneermodel.role.missionarymodel.role.infantrymodel.role.cavalrymodel.role.mountedBravemodel.role.armedBravemodel.role.nativeDragoon
Apr 20, 2018 4:12:21 PM net.sf.freecol.common.model.Specification checkDifficultyOptionGroup
INFO: Check group model.difficulty.immigration
Apr 20, 2018 4:12:21 PM net.sf.freecol.common.model.Specification checkDifficultyOptionGroup
INFO: Check group model.difficulty.natives
Apr 20, 2018 4:12:21 PM net.sf.freecol.common.model.Specification checkDifficultyOptionGroup
INFO: Check group model.difficulty.monarch
Apr 20, 2018 4:12:21 PM net.sf.freecol.common.model.Specification checkDifficultyOptionGroup
INFO: Check group model.difficulty.government
Apr 20, 2018 4:12:21 PM net.sf.freecol.common.model.Specification checkDifficultyOptionGroup
INFO: Check group model.difficulty.other
Apr 20, 2018 4:12:21 PM net.sf.freecol.common.model.Specification checkDifficultyOptionGroup
INFO: Check group model.difficulty.cheat
Apr 20, 2018 4:12:21 PM net.sf.freecol.common.model.Specification checkDifficultyUnitListOption
INFO: Added difficulty unit list option: model.option.immigrants
Apr 20, 2018 4:12:21 PM net.sf.freecol.common.model.Specification clean
INFO: Specification clean following load from InputStream complete, starting year=1492, season year=1600, ages=[1,109,309], seasons=2, 260 FreeColGameObjectTypes, 79 Abilities, 41 BuildingTypes, 14 Disasters, 9 EuropeanNationTypes, 2 Events, 25 FoundingFathers, 21 GoodsTypes, 8 IndianNationTypes, 60 Modifiers, 25 Nations, 65 Options, 16 Option Groups, 12 ResourceTypes, 11 Roles, 23 TileTypes, 6 TileImprovementTypes, 43 UnitTypes read.
Apr 20, 2018 4:12:21 PM net.sf.freecol.common.model.Specification fixRoles
INFO: Loading role backward compatibility fragment: roles-compat.xml with roles: model.role.defaultmodel.role.scoutmodel.role.soldiermodel.role.dragoonmodel.role.pioneermodel.role.missionarymodel.role.infantrymodel.role.cavalrymodel.role.mountedBravemodel.role.armedBravemodel.role.nativeDragoon
Apr 20, 2018 4:12:21 PM net.sf.freecol.common.model.Specification checkDifficultyOptionGroup
INFO: Check group model.difficulty.immigration
Apr 20, 2018 4:12:21 PM net.sf.freecol.common.model.Specification checkDifficultyOptionGroup
INFO: Check group model.difficulty.natives
Apr 20, 2018 4:12:21 PM net.sf.freecol.common.model.Specification checkDifficultyOptionGroup
INFO: Check group model.difficulty.monarch
Apr 20, 2018 4:12:21 PM net.sf.freecol.common.model.Specification checkDifficultyOptionGroup
INFO: Check group model.difficulty.government
Apr 20, 2018 4:12:21 PM net.sf.freecol.common.model.Specification checkDifficultyOptionGroup
INFO: Check group model.difficulty.other
Apr 20, 2018 4:12:21 PM net.sf.freecol.common.model.Specification checkDifficultyOptionGroup
INFO: Check group model.difficulty.cheat
Apr 20, 2018 4:12:21 PM net.sf.freecol.common.model.Specification checkDifficultyUnitListOption
INFO: Added difficulty unit list option: model.option.immigrants
Apr 20, 2018 4:12:21 PM net.sf.freecol.common.model.Specification clean
INFO: Specification clean following load from InputStream complete, starting year=1492, season year=1600, ages=[1,109,309], seasons=2, 259 FreeColGameObjectTypes, 79 Abilities, 41 BuildingTypes, 14 Disasters, 9 EuropeanNationTypes, 2 Events, 25 FoundingFathers, 21 GoodsTypes, 8 IndianNationTypes, 60 Modifiers, 25 Nations, 65 Options, 16 Option Groups, 12 ResourceTypes, 11 Roles, 23 TileTypes, 6 TileImprovementTypes, 42 UnitTypes read.
Apr 20, 2018 4:12:21 PM net.sf.freecol.common.model.Specification fixRoles
INFO: Loading role backward compatibility fragment: roles-compat.xml with roles: model.role.defaultmodel.role.scoutmodel.role.soldiermodel.role.dragoonmodel.role.pioneermodel.role.missionarymodel.role.infantrymodel.role.cavalrymodel.role.mountedBravemodel.role.armedBravemodel.role.nativeDragoon
Apr 20, 2018 4:12:21 PM net.sf.freecol.common.model.Specification checkDifficultyOptionGroup
INFO: Check group model.difficulty.immigration
Apr 20, 2018 4:12:21 PM net.sf.freecol.common.model.Specification checkDifficultyOptionGroup
INFO: Check group model.difficulty.natives
Apr 20, 2018 4:12:21 PM net.sf.freecol.common.model.Specification checkDifficultyOptionGroup
INFO: Check group model.difficulty.monarch
Apr 20, 2018 4:12:21 PM net.sf.freecol.common.model.Specification checkDifficultyOptionGroup
INFO: Check group model.difficulty.government
Apr 20, 2018 4:12:21 PM net.sf.freecol.common.model.Specification checkDifficultyOptionGroup
INFO: Check group model.difficulty.other
Apr 20, 2018 4:12:21 PM net.sf.freecol.common.model.Specification checkDifficultyOptionGroup
INFO: Check group model.difficulty.cheat
Apr 20, 2018 4:12:21 PM net.sf.freecol.common.model.Specification checkDifficultyUnitListOption
INFO: Added difficulty unit list option: model.option.immigrants
Apr 20, 2018 4:12:21 PM net.sf.freecol.common.model.Specification clean
INFO: Specification clean following load from InputStream complete, starting year=1492, season year=1600, ages=[1,109,309], seasons=2, 259 FreeColGameObjectTypes, 79 Abilities, 41 BuildingTypes, 14 Disasters, 9 EuropeanNationTypes, 2 Events, 25 FoundingFathers, 21 GoodsTypes, 8 IndianNationTypes, 60 Modifiers, 25 Nations, 65 Options, 16 Option Groups, 12 ResourceTypes, 11 Roles, 23 TileTypes, 6 TileImprovementTypes, 42 UnitTypes read.
Apr 20, 2018 4:12:21 PM net.sf.freecol.common.model.Specification applyDifficultyLevel
INFO: Applying difficulty level model.difficulty.medium
Apr 20, 2018 4:12:21 PM net.sf.freecol.common.model.Specification applyDifficultyLevel
INFO: Applying difficulty level model.difficulty.medium
Apr 20, 2018 4:12:21 PM net.sf.freecol.common.model.Specification applyDifficultyLevel
INFO: Applying difficulty level model.difficulty.medium
Apr 20, 2018 4:12:21 PM net.sf.freecol.common.model.Specification applyDifficultyLevel
INFO: Applying difficulty level model.difficulty.medium
Apr 20, 2018 4:12:21 PM net.sf.freecol.common.model.Specification applyDifficultyLevel
INFO: Applying difficulty level model.difficulty.medium
Apr 20, 2018 4:12:21 PM net.sf.freecol.common.model.Specification applyDifficultyLevel
INFO: Applying difficulty level model.difficulty.medium
Apr 20, 2018 4:12:21 PM net.sf.freecol.common.model.Specification applyDifficultyLevel
INFO: Applying difficulty level model.difficulty.medium
Apr 20, 2018 4:12:21 PM net.sf.freecol.common.model.Specification applyDifficultyLevel
INFO: Applying difficulty level model.difficulty.medium
Apr 20, 2018 4:12:21 PM net.sf.freecol.common.model.Specification applyDifficultyLevel
INFO: Applying difficulty level model.difficulty.medium
Apr 20, 2018 4:12:21 PM net.sf.freecol.common.model.Specification applyDifficultyLevel
INFO: Applying difficulty level model.difficulty.medium
Apr 20, 2018 4:12:21 PM net.sf.freecol.common.model.Specification applyDifficultyLevel
INFO: Applying difficulty level model.difficulty.medium
Apr 20, 2018 4:12:21 PM net.sf.freecol.common.model.Unit setLocation
WARNING: Can not add [unit:798 dutch indianConvert 0/1] to building:794
Apr 20, 2018 4:12:21 PM net.sf.freecol.common.model.Unit setLocation
WARNING: Can not add [unit:798 dutch indianConvert 0/1] to building:795
Apr 20, 2018 4:12:21 PM net.sf.freecol.common.model.Unit setLocation
WARNING: Can not add [unit:798 dutch indianConvert 0/1] to building:793
Apr 20, 2018 4:12:21 PM net.sf.freecol.common.model.Specification applyDifficultyLevel
INFO: Applying difficulty level model.difficulty.medium
Apr 20, 2018 4:12:21 PM net.sf.freecol.common.model.Specification applyDifficultyLevel
INFO: Applying difficulty level model.difficulty.medium
Apr 20, 2018 4:12:21 PM net.sf.freecol.common.model.Specification applyDifficultyLevel
INFO: Applying difficulty level model.difficulty.medium
Apr 20, 2018 4:12:21 PM net.sf.freecol.common.model.Specification applyDifficultyLevel
INFO: Applying difficulty level model.difficulty.medium
Apr 20, 2018 4:12:21 PM net.sf.freecol.common.model.Specification applyDifficultyLevel
INFO: Applying difficulty level model.difficulty.medium
Apr 20, 2018 4:12:21 PM net.sf.freecol.common.model.Specification applyDifficultyLevel
INFO: Applying difficulty level model.difficulty.medium
Apr 20, 2018 4:12:21 PM net.sf.freecol.common.model.Specification applyDifficultyLevel
INFO: Applying difficulty level model.difficulty.medium
Apr 20, 2018 4:12:21 PM net.sf.freecol.common.model.Specification applyDifficultyLevel
INFO: Applying difficulty level model.difficulty.medium
Apr 20, 2018 4:12:21 PM net.sf.freecol.common.model.Specification applyDifficultyLevel
INFO: Applying difficulty level model.difficulty.medium
Apr 20, 2018 4:12:21 PM net.sf.freecol.common.model.Specification applyDifficultyLevel
INFO: Applying difficulty level model.difficulty.medium
Apr 20, 2018 4:12:21 PM net.sf.freecol.common.model.Specification applyDifficultyLevel
INFO: Applying difficulty level model.difficulty.medium
Apr 20, 2018 4:12:21 PM net.sf.freecol.common.model.Specification applyDifficultyLevel
INFO: Applying difficulty level model.difficulty.medium
Apr 20, 2018 4:12:21 PM net.sf.freecol.common.model.Specification applyDifficultyLevel
INFO: Applying difficulty level model.difficulty.medium
Apr 20, 2018 4:12:21 PM net.sf.freecol.common.model.Specification applyDifficultyLevel
INFO: Applying difficulty level model.difficulty.medium
Apr 20, 2018 4:12:21 PM net.sf.freecol.common.model.Specification applyDifficultyLevel
INFO: Applying difficulty level model.difficulty.medium
Apr 20, 2018 4:12:21 PM net.sf.freecol.common.model.Specification applyDifficultyLevel
INFO: Applying difficulty level model.difficulty.medium
Apr 20, 2018 4:12:21 PM net.sf.freecol.common.model.Specification applyDifficultyLevel
INFO: Applying difficulty level model.difficulty.medium
Apr 20, 2018 4:12:21 PM net.sf.freecol.common.model.Specification applyDifficultyLevel
INFO: Applying difficulty level model.difficulty.medium
Apr 20, 2018 4:12:21 PM net.sf.freecol.common.model.Specification applyDifficultyLevel
INFO: Applying difficulty level model.difficulty.medium
Apr 20, 2018 4:12:21 PM net.sf.freecol.common.model.Specification applyDifficultyLevel
INFO: Applying difficulty level model.difficulty.medium
Apr 20, 2018 4:12:21 PM net.sf.freecol.common.model.Specification applyDifficultyLevel
INFO: Applying difficulty level model.difficulty.medium
Apr 20, 2018 4:12:21 PM net.sf.freecol.common.model.Specification applyDifficultyLevel
INFO: Applying difficulty level model.difficulty.medium
Apr 20, 2018 4:12:21 PM net.sf.freecol.common.model.Specification applyDifficultyLevel
INFO: Applying difficulty level model.difficulty.medium
Apr 20, 2018 4:12:21 PM net.sf.freecol.common.model.Specification applyDifficultyLevel
INFO: Applying difficulty level model.difficulty.medium
Apr 20, 2018 4:12:21 PM net.sf.freecol.common.model.Specification applyDifficultyLevel
INFO: Applying difficulty level model.difficulty.medium
Apr 20, 2018 4:12:21 PM net.sf.freecol.common.model.Specification applyDifficultyLevel
INFO: Applying difficulty level model.difficulty.medium
Apr 20, 2018 4:12:21 PM net.sf.freecol.common.model.Specification applyDifficultyLevel
INFO: Applying difficulty level model.difficulty.medium
Apr 20, 2018 4:12:21 PM net.sf.freecol.common.model.Specification applyDifficultyLevel
INFO: Applying difficulty level model.difficulty.medium
Apr 20, 2018 4:12:21 PM net.sf.freecol.common.model.Specification applyDifficultyLevel
INFO: Applying difficulty level model.difficulty.medium
Apr 20, 2018 4:12:21 PM net.sf.freecol.common.FreeColSeed getFreeColSeed
INFO: Using seed: 7264797930987903830
Apr 20, 2018 4:12:21 PM net.sf.freecol.server.networking.Server sendToAll
INFO: Reap dead connection: [DummyConnection Server connection - model.nation.tupi]
Apr 20, 2018 4:12:21 PM net.sf.freecol.server.networking.Server sendToAll
INFO: Reap dead connection: [DummyConnection Server connection - model.nation.english]
Apr 20, 2018 4:12:21 PM net.sf.freecol.server.networking.Server sendToAll
INFO: Reap dead connection: [DummyConnection Server connection - model.nation.spanish]
Apr 20, 2018 4:12:21 PM net.sf.freecol.server.networking.Server sendToAll
INFO: Reap dead connection: [DummyConnection Server connection - model.nation.cherokee]
Apr 20, 2018 4:12:21 PM net.sf.freecol.server.networking.Server sendToAll
INFO: Reap dead connection: [DummyConnection Server connection - model.nation.sioux]
Apr 20, 2018 4:12:21 PM net.sf.freecol.server.networking.Server sendToAll
INFO: Reap dead connection: [DummyConnection Server connection - model.nation.dutch]
Apr 20, 2018 4:12:21 PM net.sf.freecol.server.networking.Server sendToAll
INFO: Reap dead connection: [DummyConnection Server connection - model.nation.inca]
Apr 20, 2018 4:12:21 PM net.sf.freecol.server.networking.Server sendToAll
INFO: Reap dead connection: [DummyConnection Server connection - model.nation.iroquois]
Apr 20, 2018 4:12:21 PM net.sf.freecol.server.networking.Server sendToAll
INFO: Reap dead connection: [DummyConnection Server connection - model.nation.french]
Apr 20, 2018 4:12:21 PM net.sf.freecol.server.networking.Server sendToAll
INFO: Reap dead connection: [DummyConnection Server connection - model.nation.aztec]
Apr 20, 2018 4:12:21 PM net.sf.freecol.server.networking.Server sendToAll
INFO: Reap dead connection: [DummyConnection Server connection - model.nation.arawak]
Apr 20, 2018 4:12:21 PM net.sf.freecol.server.networking.Server sendToAll
INFO: Reap dead connection: [DummyConnection Server connection - model.nation.apache]
Apr 20, 2018 4:12:21 PM net.sf.freecol.common.util.LogBuilder log
INFO: Combat attacker=unit:268-veteranSoldier-soldier [Modifier model.modifier.offence (model.source.baseOffence) ADDITIVE 0.0 index=10] [Modifier model.modifier.offence (model.role.soldier) ADDITIVE 2.0 index=30] [Modifier model.modifier.offence (model.unit.veteranSoldier) PERCENTAGE 50.0 index=40] [Modifier model.modifier.attackBonus (model.source.attackBonus) PERCENTAGE 50.0 index=50] = 4.5 defender=unit:250-brave [Modifier model.modifier.defence (model.source.baseDefence) ADDITIVE 1.0 index=10] [Modifier model.modifier.defence (model.settlement.inca.capital) PERCENTAGE 200.0 index=50] = 3.0 odds=0.6 random(1.0)=0.0 great=true Attack WIN SLAUGHTER_UNIT CAPTURE_CONVERT
Apr 20, 2018 4:12:21 PM net.sf.freecol.common.util.LogBuilder log
INFO: Destroying: goodsContainer:251 unit:250
Apr 20, 2018 4:12:21 PM net.sf.freecol.common.model.Specification applyDifficultyLevel
INFO: Applying difficulty level model.difficulty.medium
Apr 20, 2018 4:12:21 PM net.sf.freecol.common.model.Specification applyDifficultyLevel
INFO: Applying difficulty level model.difficulty.medium
Apr 20, 2018 4:12:21 PM net.sf.freecol.common.model.Specification applyDifficultyLevel
INFO: Applying difficulty level model.difficulty.medium
Apr 20, 2018 4:12:21 PM net.sf.freecol.common.FreeColSeed getFreeColSeed
INFO: Using seed: -3525023629268756227
Apr 20, 2018 4:12:22 PM net.sf.freecol.server.networking.Server sendToAll
INFO: Reap dead connection: [DummyConnection Server connection - model.nation.dutch]
Apr 20, 2018 4:12:22 PM net.sf.freecol.server.networking.Server sendToAll
INFO: Reap dead connection: [DummyConnection Server connection - model.nation.inca]
Apr 20, 2018 4:12:22 PM net.sf.freecol.server.networking.Server sendToAll
INFO: Reap dead connection: [DummyConnection Server connection - model.nation.tupi]
Apr 20, 2018 4:12:22 PM net.sf.freecol.server.networking.Server sendToAll
INFO: Reap dead connection: [DummyConnection Server connection - model.nation.apache]
Apr 20, 2018 4:12:22 PM net.sf.freecol.server.networking.Server sendToAll
INFO: Reap dead connection: [DummyConnection Server connection - model.nation.spanish]
Apr 20, 2018 4:12:22 PM net.sf.freecol.server.networking.Server sendToAll
INFO: Reap dead connection: [DummyConnection Server connection - model.nation.arawak]
Apr 20, 2018 4:12:22 PM net.sf.freecol.server.networking.Server sendToAll
INFO: Reap dead connection: [DummyConnection Server connection - model.nation.english]
Apr 20, 2018 4:12:22 PM net.sf.freecol.server.networking.Server sendToAll
INFO: Reap dead connection: [DummyConnection Server connection - model.nation.french]
Apr 20, 2018 4:12:22 PM net.sf.freecol.server.networking.Server sendToAll
INFO: Reap dead connection: [DummyConnection Server connection - model.nation.aztec]
Apr 20, 2018 4:12:22 PM net.sf.freecol.server.networking.Server sendToAll
INFO: Reap dead connection: [DummyConnection Server connection - model.nation.cherokee]
Apr 20, 2018 4:12:22 PM net.sf.freecol.server.networking.Server sendToAll
INFO: Reap dead connection: [DummyConnection Server connection - model.nation.iroquois]
Apr 20, 2018 4:12:22 PM net.sf.freecol.server.networking.Server sendToAll
INFO: Reap dead connection: [DummyConnection Server connection - model.nation.sioux]
Apr 20, 2018 4:12:22 PM net.sf.freecol.common.util.LogBuilder log
INFO: Combat attacker=unit:347-kingsRegular-cavalry [Modifier model.modifier.offence (model.source.baseOffence) ADDITIVE 0.0 index=10] [Modifier model.modifier.offence (model.unit.kingsRegular) ADDITIVE 4.0 index=20] [Modifier model.modifier.offence (model.role.cavalry) ADDITIVE 3.0 index=30] [Modifier model.modifier.attackBonus (model.source.attackBonus) PERCENTAGE 50.0 index=50] = 10.5 defender=unit:348-colonialRegular-dragoon [Modifier model.modifier.defence (model.source.baseDefence) ADDITIVE 1.0 index=10] [Modifier model.modifier.defence (model.unit.colonialRegular) ADDITIVE 3.0 index=20] [Modifier model.modifier.defence (model.role.dragoon) ADDITIVE 2.0 index=30] = 6.0 odds=0.6363636363636364 random(1.0)=0.8500000238418579 great=false Attack LOSE LOSE_EQUIP
Apr 20, 2018 4:12:22 PM net.sf.freecol.server.model.ServerPlayer csChangeStance
INFO: Stance modification Louis XV PEACE -> WAR wrt Louis XIV
Apr 20, 2018 4:12:22 PM net.sf.freecol.server.model.ServerPlayer csChangeStance
INFO: Stance modification Louis XIV PEACE -> WAR wrt Louis XV (symmetric)
Apr 20, 2018 4:12:22 PM net.sf.freecol.common.util.LogBuilder log
INFO: Combat attacker=unit:348-colonialRegular-dragoon [Modifier model.modifier.offence (model.source.baseOffence) ADDITIVE 0.0 index=10] [Modifier model.modifier.offence (model.unit.colonialRegular) ADDITIVE 3.0 index=20] [Modifier model.modifier.offence (model.role.dragoon) ADDITIVE 3.0 index=30] [Modifier model.modifier.attackBonus (model.source.attackBonus) PERCENTAGE 50.0 index=50] = 9.0 defender=unit:347-kingsRegular-infantry [Modifier model.modifier.defence (model.source.baseDefence) ADDITIVE 1.0 index=10] [Modifier model.modifier.defence (model.unit.kingsRegular) ADDITIVE 4.0 index=20] [Modifier model.modifier.defence (model.role.infantry) ADDITIVE 1.0 index=30] = 6.0 odds=0.6 random(1.0)=0.20000000298023224 great=false Attack WIN SLAUGHTER_UNIT
Apr 20, 2018 4:12:22 PM net.sf.freecol.common.util.LogBuilder log
INFO: Combat attacker=unit:349-kingsRegular-cavalry [Modifier model.modifier.offence (model.source.baseOffence) ADDITIVE 0.0 index=10] [Modifier model.modifier.offence (model.unit.kingsRegular) ADDITIVE 4.0 index=20] [Modifier model.modifier.offence (model.role.cavalry) ADDITIVE 3.0 index=30] [Modifier model.modifier.attackBonus (model.source.attackBonus) PERCENTAGE 50.0 index=50] = 10.5 defender=unit:348-colonialRegular-dragoon [Modifier model.modifier.defence (model.source.baseDefence) ADDITIVE 1.0 index=10] [Modifier model.modifier.defence (model.unit.colonialRegular) ADDITIVE 3.0 index=20] [Modifier model.modifier.defence (model.role.dragoon) ADDITIVE 2.0 index=30] = 6.0 odds=0.6363636363636364 random(1.0)=0.20000000298023224 great=false Attack WIN LOSE_EQUIP
Apr 20, 2018 4:12:22 PM net.sf.freecol.common.util.LogBuilder log
INFO: Combat attacker=unit:349-kingsRegular-cavalry [Modifier model.modifier.offence (model.source.baseOffence) ADDITIVE 0.0 index=10] [Modifier model.modifier.offence (model.unit.kingsRegular) ADDITIVE 4.0 index=20] [Modifier model.modifier.offence (model.role.cavalry) ADDITIVE 3.0 index=30] [Modifier model.modifier.attackBonus (model.source.attackBonus) PERCENTAGE 50.0 index=50] = 10.5 defender=unit:348-colonialRegular-soldier [Modifier model.modifier.defence (model.source.baseDefence) ADDITIVE 1.0 index=10] [Modifier model.modifier.defence (model.unit.colonialRegular) ADDITIVE 3.0 index=20] [Modifier model.modifier.defence (model.role.soldier) ADDITIVE 1.0 index=30] = 5.0 odds=0.6774193548387096 random(1.0)=0.20000000298023224 great=false Attack WIN LOSE_EQUIP DEMOTE_UNIT
Apr 20, 2018 4:12:22 PM net.sf.freecol.common.util.LogBuilder log
INFO: Combat attacker=unit:349-kingsRegular-cavalry [Modifier model.modifier.offence (model.source.baseOffence) ADDITIVE 0.0 index=10] [Modifier model.modifier.offence (model.unit.kingsRegular) ADDITIVE 4.0 index=20] [Modifier model.modifier.offence (model.role.cavalry) ADDITIVE 3.0 index=30] [Modifier model.modifier.attackBonus (model.source.attackBonus) PERCENTAGE 50.0 index=50] = 10.5 defender=unit:348-veteranSoldier [Modifier model.modifier.defence (model.source.baseDefence) ADDITIVE 1.0 index=10] [Modifier model.modifier.defence (model.unit.veteranSoldier) PERCENTAGE 50.0 index=40] = 1.5 odds=0.875 random(1.0)=0.20000000298023224 great=false Attack WIN CAPTURE_UNIT
Apr 20, 2018 4:12:22 PM net.sf.freecol.common.model.Specification applyDifficultyLevel
INFO: Applying difficulty level model.difficulty.medium
Apr 20, 2018 4:12:22 PM net.sf.freecol.common.model.Specification applyDifficultyLevel
INFO: Applying difficulty level model.difficulty.medium
Apr 20, 2018 4:12:22 PM net.sf.freecol.common.model.Specification applyDifficultyLevel
INFO: Applying difficulty level model.difficulty.medium
Apr 20, 2018 4:12:22 PM net.sf.freecol.common.model.Specification applyDifficultyLevel
INFO: Applying difficulty level model.difficulty.medium
Apr 20, 2018 4:12:22 PM net.sf.freecol.common.model.Specification applyDifficultyLevel
INFO: Applying difficulty level model.difficulty.medium
Apr 20, 2018 4:12:22 PM net.sf.freecol.common.model.Specification applyDifficultyLevel
INFO: Applying difficulty level model.difficulty.medium
Apr 20, 2018 4:12:22 PM net.sf.freecol.common.model.Specification applyDifficultyLevel
INFO: Applying difficulty level model.difficulty.medium
Apr 20, 2018 4:12:22 PM net.sf.freecol.common.model.Specification applyDifficultyLevel
INFO: Applying difficulty level model.difficulty.medium
Apr 20, 2018 4:12:22 PM net.sf.freecol.common.model.Specification applyDifficultyLevel
INFO: Applying difficulty level model.difficulty.medium
Apr 20, 2018 4:12:22 PM net.sf.freecol.common.model.Specification applyDifficultyLevel
INFO: Applying difficulty level model.difficulty.medium
Apr 20, 2018 4:12:22 PM net.sf.freecol.common.model.Specification applyDifficultyLevel
INFO: Applying difficulty level model.difficulty.medium
Apr 20, 2018 4:12:22 PM net.sf.freecol.common.model.Specification applyDifficultyLevel
INFO: Applying difficulty level model.difficulty.medium
Apr 20, 2018 4:12:22 PM net.sf.freecol.common.model.Specification applyDifficultyLevel
INFO: Applying difficulty level model.difficulty.medium
Apr 20, 2018 4:12:22 PM net.sf.freecol.common.model.Specification applyDifficultyLevel
INFO: Applying difficulty level model.difficulty.medium
Apr 20, 2018 4:12:22 PM net.sf.freecol.common.model.Specification applyDifficultyLevel
INFO: Applying difficulty level model.difficulty.medium
Apr 20, 2018 4:12:22 PM net.sf.freecol.common.model.Specification applyDifficultyLevel
INFO: Applying difficulty level model.difficulty.medium
Apr 20, 2018 4:12:22 PM net.sf.freecol.common.model.Specification applyDifficultyLevel
INFO: Applying difficulty level model.difficulty.medium
Apr 20, 2018 4:12:22 PM net.sf.freecol.common.model.Specification applyDifficultyLevel
INFO: Applying difficulty level model.difficulty.medium
Apr 20, 2018 4:12:22 PM net.sf.freecol.common.model.Specification applyDifficultyLevel
INFO: Applying difficulty level model.difficulty.medium
Apr 20, 2018 4:12:22 PM net.sf.freecol.common.model.Specification applyDifficultyLevel
INFO: Applying difficulty level model.difficulty.medium
Apr 20, 2018 4:12:22 PM net.sf.freecol.common.model.Specification applyDifficultyLevel
INFO: Applying difficulty level model.difficulty.medium
Apr 20, 2018 4:12:22 PM net.sf.freecol.common.model.Specification applyDifficultyLevel
INFO: Applying difficulty level model.difficulty.medium
Apr 20, 2018 4:12:22 PM net.sf.freecol.common.model.Specification applyDifficultyLevel
INFO: Applying difficulty level model.difficulty.medium
Apr 20, 2018 4:12:22 PM net.sf.freecol.common.model.Specification applyDifficultyLevel
INFO: Applying difficulty level model.difficulty.medium
Apr 20, 2018 4:12:22 PM net.sf.freecol.common.model.Specification applyDifficultyLevel
INFO: Applying difficulty level model.difficulty.medium
Apr 20, 2018 4:12:22 PM net.sf.freecol.common.model.Specification applyDifficultyLevel
INFO: Applying difficulty level model.difficulty.medium
Apr 20, 2018 4:12:22 PM net.sf.freecol.common.model.Specification applyDifficultyLevel
INFO: Applying difficulty level model.difficulty.medium
Apr 20, 2018 4:12:22 PM net.sf.freecol.common.model.Specification applyDifficultyLevel
INFO: Applying difficulty level model.difficulty.medium
Apr 20, 2018 4:12:22 PM net.sf.freecol.common.model.Specification applyDifficultyLevel
INFO: Applying difficulty level model.difficulty.medium
Apr 20, 2018 4:12:22 PM net.sf.freecol.common.model.Specification applyDifficultyLevel
INFO: Applying difficulty level model.difficulty.medium
Apr 20, 2018 4:12:22 PM net.sf.freecol.common.model.Specification applyDifficultyLevel
INFO: Applying difficulty level model.difficulty.medium
Apr 20, 2018 4:12:22 PM net.sf.freecol.common.model.Specification applyDifficultyLevel
INFO: Applying difficulty level model.difficulty.medium
Apr 20, 2018 4:12:22 PM net.sf.freecol.common.model.Specification applyDifficultyLevel
INFO: Applying difficulty level model.difficulty.medium
Apr 20, 2018 4:12:22 PM net.sf.freecol.common.model.Specification applyDifficultyLevel
INFO: Applying difficulty level model.difficulty.medium
Apr 20, 2018 4:12:22 PM net.sf.freecol.common.model.Specification applyDifficultyLevel
INFO: Applying difficulty level model.difficulty.medium
Apr 20, 2018 4:12:22 PM net.sf.freecol.common.model.Specification applyDifficultyLevel
INFO: Applying difficulty level model.difficulty.medium
Apr 20, 2018 4:12:22 PM net.sf.freecol.common.model.Specification applyDifficultyLevel
INFO: Applying difficulty level model.difficulty.medium
Apr 20, 2018 4:12:22 PM net.sf.freecol.common.model.Specification applyDifficultyLevel
INFO: Applying difficulty level model.difficulty.medium
Apr 20, 2018 4:12:22 PM net.sf.freecol.common.model.Specification applyDifficultyLevel
INFO: Applying difficulty level model.difficulty.medium
Apr 20, 2018 4:12:22 PM net.sf.freecol.common.model.Specification applyDifficultyLevel
INFO: Applying difficulty level model.difficulty.medium
Apr 20, 2018 4:12:22 PM net.sf.freecol.common.model.Specification applyDifficultyLevel
INFO: Applying difficulty level model.difficulty.medium
Apr 20, 2018 4:12:22 PM net.sf.freecol.common.model.Specification applyDifficultyLevel
INFO: Applying difficulty level model.difficulty.medium
Apr 20, 2018 4:12:22 PM net.sf.freecol.common.model.Specification applyDifficultyLevel
INFO: Applying difficulty level model.difficulty.medium
Apr 20, 2018 4:12:22 PM net.sf.freecol.common.model.Specification applyDifficultyLevel
INFO: Applying difficulty level model.difficulty.medium
Apr 20, 2018 4:12:22 PM net.sf.freecol.common.model.Specification applyDifficultyLevel
INFO: Applying difficulty level model.difficulty.medium
Apr 20, 2018 4:12:22 PM net.sf.freecol.common.model.Specification applyDifficultyLevel
INFO: Applying difficulty level model.difficulty.medium
Apr 20, 2018 4:12:22 PM net.sf.freecol.common.model.Specification applyDifficultyLevel
INFO: Applying difficulty level model.difficulty.medium
Apr 20, 2018 4:12:22 PM net.sf.freecol.common.model.Specification applyDifficultyLevel
INFO: Applying difficulty level model.difficulty.medium
Apr 20, 2018 4:12:22 PM net.sf.freecol.common.model.Specification applyDifficultyLevel
INFO: Applying difficulty level model.difficulty.medium
Apr 20, 2018 4:12:22 PM net.sf.freecol.common.model.Specification applyDifficultyLevel
INFO: Applying difficulty level model.difficulty.medium
Apr 20, 2018 4:12:22 PM net.sf.freecol.common.model.Specification applyDifficultyLevel
INFO: Applying difficulty level model.difficulty.medium
Apr 20, 2018 4:12:22 PM net.sf.freecol.common.model.Specification applyDifficultyLevel
INFO: Applying difficulty level model.difficulty.medium
Apr 20, 2018 4:12:22 PM net.sf.freecol.common.model.Specification applyDifficultyLevel
INFO: Applying difficulty level model.difficulty.medium
Apr 20, 2018 4:12:22 PM net.sf.freecol.common.model.Specification applyDifficultyLevel
INFO: Applying difficulty level model.difficulty.medium
Apr 20, 2018 4:12:22 PM net.sf.freecol.common.model.Specification applyDifficultyLevel
INFO: Applying difficulty level model.difficulty.medium
Apr 20, 2018 4:12:22 PM net.sf.freecol.common.model.Specification applyDifficultyLevel
INFO: Applying difficulty level model.difficulty.medium
Apr 20, 2018 4:12:22 PM net.sf.freecol.common.model.Specification applyDifficultyLevel
INFO: Applying difficulty level model.difficulty.medium
Apr 20, 2018 4:12:22 PM net.sf.freecol.common.model.Specification applyDifficultyLevel
INFO: Applying difficulty level model.difficulty.medium
Apr 20, 2018 4:12:22 PM net.sf.freecol.common.model.Specification applyDifficultyLevel
INFO: Applying difficulty level model.difficulty.medium
Apr 20, 2018 4:12:22 PM net.sf.freecol.common.model.Specification applyDifficultyLevel
INFO: Applying difficulty level model.difficulty.medium
Apr 20, 2018 4:12:22 PM net.sf.freecol.common.model.Specification applyDifficultyLevel
INFO: Applying difficulty level model.difficulty.medium
Apr 20, 2018 4:12:22 PM net.sf.freecol.common.model.Specification applyDifficultyLevel
INFO: Applying difficulty level model.difficulty.medium
Apr 20, 2018 4:12:22 PM net.sf.freecol.common.model.Specification applyDifficultyLevel
INFO: Applying difficulty level model.difficulty.medium
Apr 20, 2018 4:12:22 PM net.sf.freecol.common.model.Specification applyDifficultyLevel
INFO: Applying difficulty level model.difficulty.medium
Apr 20, 2018 4:12:22 PM net.sf.freecol.common.model.Specification applyDifficultyLevel
INFO: Applying difficulty level model.difficulty.veryEasy
Apr 20, 2018 4:12:22 PM net.sf.freecol.common.model.Specification applyDifficultyLevel
INFO: Applying difficulty level model.difficulty.easy
Apr 20, 2018 4:12:22 PM net.sf.freecol.common.model.Specification applyDifficultyLevel
INFO: Applying difficulty level model.difficulty.medium
Apr 20, 2018 4:12:22 PM net.sf.freecol.common.model.Specification applyDifficultyLevel
INFO: Applying difficulty level model.difficulty.hard
Apr 20, 2018 4:12:22 PM net.sf.freecol.common.model.Specification applyDifficultyLevel
INFO: Applying difficulty level model.difficulty.veryHard
Apr 20, 2018 4:12:22 PM net.sf.freecol.common.model.Specification applyDifficultyLevel
INFO: Applying difficulty level model.difficulty.custom
Apr 20, 2018 4:12:22 PM net.sf.freecol.common.model.Specification applyDifficultyLevel
INFO: Applying difficulty level model.difficulty.medium
Apr 20, 2018 4:12:22 PM net.sf.freecol.common.model.Specification applyDifficultyLevel
INFO: Applying difficulty level model.difficulty.medium
Apr 20, 2018 4:12:22 PM net.sf.freecol.common.model.Specification applyDifficultyLevel
INFO: Applying difficulty level model.difficulty.medium
Apr 20, 2018 4:12:22 PM net.sf.freecol.common.model.Specification applyDifficultyLevel
INFO: Applying difficulty level model.difficulty.medium
Apr 20, 2018 4:12:22 PM net.sf.freecol.common.util.LogBuilder log
INFO: Destroying: unit:775
Apr 20, 2018 4:12:22 PM net.sf.freecol.common.model.Specification applyDifficultyLevel
INFO: Applying difficulty level model.difficulty.medium
Apr 20, 2018 4:12:22 PM net.sf.freecol.common.model.Specification applyDifficultyLevel
INFO: Applying difficulty level model.difficulty.medium
Apr 20, 2018 4:12:22 PM net.sf.freecol.common.model.Specification applyDifficultyLevel
INFO: Applying difficulty level model.difficulty.medium
Apr 20, 2018 4:12:22 PM net.sf.freecol.common.model.Specification applyDifficultyLevel
INFO: Applying difficulty level model.difficulty.medium
Apr 20, 2018 4:12:22 PM net.sf.freecol.common.model.Specification applyDifficultyLevel
INFO: Applying difficulty level model.difficulty.medium
Apr 20, 2018 4:12:22 PM net.sf.freecol.common.model.Specification applyDifficultyLevel
INFO: Applying difficulty level model.difficulty.medium
Apr 20, 2018 4:12:22 PM net.sf.freecol.common.FreeColSeed getFreeColSeed
INFO: Using seed: -5707605192795786797
Apr 20, 2018 4:12:23 PM net.sf.freecol.server.networking.Server sendToAll
INFO: Reap dead connection: [DummyConnection Server connection - model.nation.tupi]
Apr 20, 2018 4:12:23 PM net.sf.freecol.server.networking.Server sendToAll
INFO: Reap dead connection: [DummyConnection Server connection - model.nation.iroquois]
Apr 20, 2018 4:12:23 PM net.sf.freecol.server.networking.Server sendToAll
INFO: Reap dead connection: [DummyConnection Server connection - model.nation.arawak]
Apr 20, 2018 4:12:23 PM net.sf.freecol.server.networking.Server sendToAll
INFO: Reap dead connection: [DummyConnection Server connection - model.nation.dutch]
Apr 20, 2018 4:12:23 PM net.sf.freecol.server.networking.Server sendToAll
INFO: Reap dead connection: [DummyConnection Server connection - model.nation.cherokee]
Apr 20, 2018 4:12:23 PM net.sf.freecol.server.networking.Server sendToAll
INFO: Reap dead connection: [DummyConnection Server connection - model.nation.english]
Apr 20, 2018 4:12:23 PM net.sf.freecol.server.networking.Server sendToAll
INFO: Reap dead connection: [DummyConnection Server connection - model.nation.sioux]
Apr 20, 2018 4:12:23 PM net.sf.freecol.server.networking.Server sendToAll
INFO: Reap dead connection: [DummyConnection Server connection - model.nation.inca]
Apr 20, 2018 4:12:23 PM net.sf.freecol.server.networking.Server sendToAll
INFO: Reap dead connection: [DummyConnection Server connection - model.nation.aztec]
Apr 20, 2018 4:12:23 PM net.sf.freecol.server.networking.Server sendToAll
INFO: Reap dead connection: [DummyConnection Server connection - model.nation.spanish]
Apr 20, 2018 4:12:23 PM net.sf.freecol.server.networking.Server sendToAll
INFO: Reap dead connection: [DummyConnection Server connection - model.nation.french]
Apr 20, 2018 4:12:23 PM net.sf.freecol.server.networking.Server sendToAll
INFO: Reap dead connection: [DummyConnection Server connection - model.nation.apache]
Apr 20, 2018 4:12:23 PM net.sf.freecol.common.model.Specification applyDifficultyLevel
INFO: Applying difficulty level model.difficulty.medium
Apr 20, 2018 4:12:23 PM net.sf.freecol.common.model.Specification fixRoles
INFO: Loading role backward compatibility fragment: roles-compat.xml with roles: model.role.defaultmodel.role.scoutmodel.role.soldiermodel.role.dragoonmodel.role.pioneermodel.role.missionarymodel.role.infantrymodel.role.cavalrymodel.role.mountedBravemodel.role.armedBravemodel.role.nativeDragoon
Apr 20, 2018 4:12:23 PM net.sf.freecol.common.model.Specification checkDifficultyOptionGroup
INFO: Check group model.difficulty.immigration
Apr 20, 2018 4:12:23 PM net.sf.freecol.common.model.Specification checkDifficultyOptionGroup
INFO: Check group model.difficulty.natives
Apr 20, 2018 4:12:23 PM net.sf.freecol.common.model.Specification checkDifficultyOptionGroup
INFO: Check group model.difficulty.monarch
Apr 20, 2018 4:12:23 PM net.sf.freecol.common.model.Specification checkDifficultyOptionGroup
INFO: Check group model.difficulty.government
Apr 20, 2018 4:12:23 PM net.sf.freecol.common.model.Specification checkDifficultyOptionGroup
INFO: Check group model.difficulty.other
Apr 20, 2018 4:12:23 PM net.sf.freecol.common.model.Specification checkDifficultyOptionGroup
INFO: Check group model.difficulty.cheat
Apr 20, 2018 4:12:23 PM net.sf.freecol.common.model.Specification checkDifficultyUnitListOption
INFO: Added difficulty unit list option: model.option.immigrants
Apr 20, 2018 4:12:23 PM net.sf.freecol.common.model.Specification clean
INFO: Specification clean following load from InputStream complete, starting year=1492, season year=1600, ages=[1,109,309], seasons=2, 247 FreeColGameObjectTypes, 78 Abilities, 41 BuildingTypes, 14 Disasters, 5 EuropeanNationTypes, 2 Events, 25 FoundingFathers, 21 GoodsTypes, 8 IndianNationTypes, 60 Modifiers, 17 Nations, 65 Options, 16 Option Groups, 12 ResourceTypes, 11 Roles, 23 TileTypes, 6 TileImprovementTypes, 42 UnitTypes read.
Apr 20, 2018 4:12:23 PM net.sf.freecol.common.model.Specification applyDifficultyLevel
INFO: Applying difficulty level model.difficulty.veryEasy
Apr 20, 2018 4:12:23 PM net.sf.freecol.common.model.Specification checkDifficultyOptionGroup
INFO: Check group model.difficulty.immigration
Apr 20, 2018 4:12:23 PM net.sf.freecol.common.model.Specification checkDifficultyOptionGroup
INFO: Check group model.difficulty.natives
Apr 20, 2018 4:12:23 PM net.sf.freecol.common.model.Specification checkDifficultyOptionGroup
INFO: Check group model.difficulty.monarch
Apr 20, 2018 4:12:23 PM net.sf.freecol.common.model.Specification checkDifficultyOptionGroup
INFO: Check group model.difficulty.government
Apr 20, 2018 4:12:23 PM net.sf.freecol.common.model.Specification checkDifficultyOptionGroup
INFO: Check group model.difficulty.other
Apr 20, 2018 4:12:23 PM net.sf.freecol.common.model.Specification checkDifficultyOptionGroup
INFO: Check group model.difficulty.cheat
Apr 20, 2018 4:12:23 PM net.sf.freecol.common.model.Specification applyDifficultyLevel
INFO: Applying difficulty level model.difficulty.veryEasy
Apr 20, 2018 4:12:23 PM net.sf.freecol.common.model.Specification clean
INFO: Specification clean following load from InputStream complete, starting year=1492, season year=1600, ages=[1,109,309], seasons=2, 241 FreeColGameObjectTypes, 78 Abilities, 41 BuildingTypes, 14 Disasters, 5 EuropeanNationTypes, 2 Events, 25 FoundingFathers, 21 GoodsTypes, 8 IndianNationTypes, 60 Modifiers, 17 Nations, 112 Options, 22 Option Groups, 12 ResourceTypes, 11 Roles, 23 TileTypes, 6 TileImprovementTypes, 42 UnitTypes read.
Apr 20, 2018 4:12:23 PM net.sf.freecol.common.model.Specification fixRoles
INFO: Loading role backward compatibility fragment: roles-compat.xml with roles: model.role.defaultmodel.role.scoutmodel.role.soldiermodel.role.dragoonmodel.role.pioneermodel.role.missionarymodel.role.infantrymodel.role.cavalrymodel.role.mountedBravemodel.role.armedBravemodel.role.nativeDragoon
Apr 20, 2018 4:12:23 PM net.sf.freecol.common.model.Specification checkDifficultyOptionGroup
INFO: Check group model.difficulty.immigration
Apr 20, 2018 4:12:23 PM net.sf.freecol.common.model.Specification checkDifficultyOptionGroup
INFO: Check group model.difficulty.natives
Apr 20, 2018 4:12:23 PM net.sf.freecol.common.model.Specification checkDifficultyOptionGroup
INFO: Check group model.difficulty.monarch
Apr 20, 2018 4:12:23 PM net.sf.freecol.common.model.Specification checkDifficultyOptionGroup
INFO: Check group model.difficulty.government
Apr 20, 2018 4:12:23 PM net.sf.freecol.common.model.Specification checkDifficultyOptionGroup
INFO: Check group model.difficulty.other
Apr 20, 2018 4:12:23 PM net.sf.freecol.common.model.Specification checkDifficultyOptionGroup
INFO: Check group model.difficulty.cheat
Apr 20, 2018 4:12:23 PM net.sf.freecol.common.model.Specification checkDifficultyUnitListOption
INFO: Added difficulty unit list option: model.option.immigrants
Apr 20, 2018 4:12:23 PM net.sf.freecol.common.model.Specification clean
INFO: Specification clean following load from InputStream complete, starting year=1492, season year=1600, ages=[1,109,309], seasons=2, 247 FreeColGameObjectTypes, 78 Abilities, 41 BuildingTypes, 14 Disasters, 5 EuropeanNationTypes, 2 Events, 25 FoundingFathers, 21 GoodsTypes, 8 IndianNationTypes, 60 Modifiers, 17 Nations, 65 Options, 16 Option Groups, 12 ResourceTypes, 11 Roles, 23 TileTypes, 6 TileImprovementTypes, 42 UnitTypes read.
Apr 20, 2018 4:12:23 PM net.sf.freecol.common.model.Specification applyDifficultyLevel
INFO: Applying difficulty level model.difficulty.veryEasy
Apr 20, 2018 4:12:23 PM net.sf.freecol.common.model.Specification checkDifficultyOptionGroup
INFO: Check group model.difficulty.immigration
Apr 20, 2018 4:12:23 PM net.sf.freecol.common.model.Specification checkDifficultyOptionGroup
INFO: Check group model.difficulty.natives
Apr 20, 2018 4:12:23 PM net.sf.freecol.common.model.Specification checkDifficultyOptionGroup
INFO: Check group model.difficulty.monarch
Apr 20, 2018 4:12:23 PM net.sf.freecol.common.model.Specification checkDifficultyOptionGroup
INFO: Check group model.difficulty.government
Apr 20, 2018 4:12:23 PM net.sf.freecol.common.model.Specification checkDifficultyOptionGroup
INFO: Check group model.difficulty.other
Apr 20, 2018 4:12:23 PM net.sf.freecol.common.model.Specification checkDifficultyOptionGroup
INFO: Check group model.difficulty.cheat
Apr 20, 2018 4:12:23 PM net.sf.freecol.common.model.Specification applyDifficultyLevel
INFO: Applying difficulty level model.difficulty.veryEasy
Apr 20, 2018 4:12:23 PM net.sf.freecol.common.model.Specification clean
INFO: Specification clean following load from InputStream complete, starting year=1492, season year=1600, ages=[1,109,309], seasons=2, 241 FreeColGameObjectTypes, 78 Abilities, 41 BuildingTypes, 14 Disasters, 5 EuropeanNationTypes, 2 Events, 25 FoundingFathers, 21 GoodsTypes, 8 IndianNationTypes, 60 Modifiers, 17 Nations, 112 Options, 22 Option Groups, 12 ResourceTypes, 11 Roles, 23 TileTypes, 6 TileImprovementTypes, 42 UnitTypes read.
Apr 20, 2018 4:12:23 PM net.sf.freecol.common.model.Specification applyDifficultyLevel
INFO: Applying difficulty level model.difficulty.medium
Apr 20, 2018 4:12:23 PM net.sf.freecol.common.model.Specification applyDifficultyLevel
INFO: Applying difficulty level model.difficulty.medium
Apr 20, 2018 4:12:23 PM net.sf.freecol.common.model.Specification applyDifficultyLevel
INFO: Applying difficulty level model.difficulty.medium
Apr 20, 2018 4:12:23 PM net.sf.freecol.common.util.LogBuilder log
INFO: Destroying: goodsContainer:776 goodsContainer:778 unit:777 indianSettlement:775
Apr 20, 2018 4:12:23 PM net.sf.freecol.common.util.LogBuilder log
INFO: Destroying: goodsContainer:782 goodsContainer:784 unit:783 indianSettlement:781
Apr 20, 2018 4:12:23 PM net.sf.freecol.common.util.LogBuilder log
INFO: Destroying: goodsContainer:786 goodsContainer:788 unit:787 indianSettlement:785
Apr 20, 2018 4:12:23 PM net.sf.freecol.common.util.LogBuilder log
INFO: Destroying: goodsContainer:790 goodsContainer:792 unit:791 indianSettlement:789
Apr 20, 2018 4:12:23 PM net.sf.freecol.common.model.Specification applyDifficultyLevel
INFO: Applying difficulty level model.difficulty.medium
Apr 20, 2018 4:12:23 PM net.sf.freecol.common.model.Specification applyDifficultyLevel
INFO: Applying difficulty level model.difficulty.medium
Apr 20, 2018 4:12:23 PM net.sf.freecol.common.model.Specification applyDifficultyLevel
INFO: Applying difficulty level model.difficulty.medium
Apr 20, 2018 4:12:23 PM net.sf.freecol.common.model.Specification applyDifficultyLevel
INFO: Applying difficulty level model.difficulty.medium
Apr 20, 2018 4:12:23 PM net.sf.freecol.common.model.Specification applyDifficultyLevel
INFO: Applying difficulty level model.difficulty.medium
Apr 20, 2018 4:12:23 PM net.sf.freecol.common.model.Specification applyDifficultyLevel
INFO: Applying difficulty level model.difficulty.medium
Apr 20, 2018 4:12:23 PM net.sf.freecol.common.util.LogBuilder log
INFO: Destroying: tileImprovement:799
Apr 20, 2018 4:12:23 PM net.sf.freecol.common.model.Specification applyDifficultyLevel
INFO: Applying difficulty level model.difficulty.medium
Apr 20, 2018 4:12:23 PM net.sf.freecol.common.model.Specification applyDifficultyLevel
INFO: Applying difficulty level model.difficulty.medium
Apr 20, 2018 4:12:23 PM net.sf.freecol.common.model.Specification applyDifficultyLevel
INFO: Applying difficulty level model.difficulty.medium
Apr 20, 2018 4:12:23 PM net.sf.freecol.common.util.LogBuilder log
INFO: Destroying: tileImprovement:780
Apr 20, 2018 4:12:23 PM net.sf.freecol.common.model.Specification applyDifficultyLevel
INFO: Applying difficulty level model.difficulty.medium
Apr 20, 2018 4:12:23 PM net.sf.freecol.common.model.Specification applyDifficultyLevel
INFO: Applying difficulty level model.difficulty.medium
Apr 20, 2018 4:12:23 PM net.sf.freecol.common.model.Specification applyDifficultyLevel
INFO: Applying difficulty level model.difficulty.medium
Apr 20, 2018 4:12:23 PM net.sf.freecol.common.model.Specification applyDifficultyLevel
INFO: Applying difficulty level model.difficulty.medium
Apr 20, 2018 4:12:23 PM net.sf.freecol.common.model.Specification applyDifficultyLevel
INFO: Applying difficulty level model.difficulty.medium
Apr 20, 2018 4:12:23 PM net.sf.freecol.common.model.Specification applyDifficultyLevel
INFO: Applying difficulty level model.difficulty.medium
Apr 20, 2018 4:12:23 PM net.sf.freecol.common.model.Specification applyDifficultyLevel
INFO: Applying difficulty level model.difficulty.medium
Apr 20, 2018 4:12:23 PM net.sf.freecol.common.util.LogBuilder log
INFO: Destroying: tileImprovement:804
Apr 20, 2018 4:12:23 PM net.sf.freecol.common.model.Specification applyDifficultyLevel
INFO: Applying difficulty level model.difficulty.medium
Apr 20, 2018 4:12:23 PM net.sf.freecol.common.model.Specification applyDifficultyLevel
INFO: Applying difficulty level model.difficulty.medium
Apr 20, 2018 4:12:23 PM net.sf.freecol.common.model.Unit setLocation
WARNING: Can not add [unit:775 dutch merchantman 5/5] to tile:573
Apr 20, 2018 4:12:23 PM net.sf.freecol.common.model.Specification applyDifficultyLevel
INFO: Applying difficulty level model.difficulty.medium
Apr 20, 2018 4:12:23 PM net.sf.freecol.common.model.Unit setLocation
WARNING: Can not add [unit:775 dutch merchantman 5/5] to tile:573
Apr 20, 2018 4:12:23 PM net.sf.freecol.common.model.Specification applyDifficultyLevel
INFO: Applying difficulty level model.difficulty.medium
Apr 20, 2018 4:12:23 PM net.sf.freecol.common.model.Specification applyDifficultyLevel
INFO: Applying difficulty level model.difficulty.medium
Apr 20, 2018 4:12:23 PM net.sf.freecol.common.model.Specification applyDifficultyLevel
INFO: Applying difficulty level model.difficulty.medium
Apr 20, 2018 4:12:23 PM net.sf.freecol.common.model.Specification applyDifficultyLevel
INFO: Applying difficulty level model.difficulty.medium
Apr 20, 2018 4:12:23 PM net.sf.freecol.common.util.LogBuilder log
INFO: Destroying: goodsContainer:782 unit:781
Apr 20, 2018 4:12:23 PM net.sf.freecol.common.model.Specification applyDifficultyLevel
INFO: Applying difficulty level model.difficulty.medium
Apr 20, 2018 4:12:23 PM net.sf.freecol.common.model.Specification applyDifficultyLevel
INFO: Applying difficulty level model.difficulty.medium
Apr 20, 2018 4:12:23 PM net.sf.freecol.common.model.Unit setLocation
WARNING: Can not add [unit:775 dutch merchantman 5/5] to tile:573
Apr 20, 2018 4:12:23 PM net.sf.freecol.common.model.Specification applyDifficultyLevel
INFO: Applying difficulty level model.difficulty.medium
Apr 20, 2018 4:12:23 PM net.sf.freecol.common.model.Specification applyDifficultyLevel
INFO: Applying difficulty level model.difficulty.medium
Apr 20, 2018 4:12:23 PM net.sf.freecol.common.model.Unit setLocation
WARNING: Can not add [unit:777 dutch galleon 6/6] to tile:629
Apr 20, 2018 4:12:23 PM net.sf.freecol.common.model.Specification applyDifficultyLevel
INFO: Applying difficulty level model.difficulty.medium
Apr 20, 2018 4:12:23 PM net.sf.freecol.common.model.Specification applyDifficultyLevel
INFO: Applying difficulty level model.difficulty.medium
Apr 20, 2018 4:12:23 PM net.sf.freecol.common.model.Specification applyDifficultyLevel
INFO: Applying difficulty level model.difficulty.veryEasy
Apr 20, 2018 4:12:23 PM net.sf.freecol.common.model.Specification applyDifficultyLevel
INFO: Applying difficulty level model.difficulty.easy
Apr 20, 2018 4:12:23 PM net.sf.freecol.common.model.Specification applyDifficultyLevel
INFO: Applying difficulty level model.difficulty.medium
Apr 20, 2018 4:12:23 PM net.sf.freecol.common.model.Specification applyDifficultyLevel
INFO: Applying difficulty level model.difficulty.hard
Apr 20, 2018 4:12:23 PM net.sf.freecol.common.model.Specification applyDifficultyLevel
INFO: Applying difficulty level model.difficulty.veryHard
Apr 20, 2018 4:12:23 PM net.sf.freecol.common.model.Specification applyDifficultyLevel
INFO: Applying difficulty level model.difficulty.veryEasy
Apr 20, 2018 4:12:23 PM net.sf.freecol.common.model.Specification applyDifficultyLevel
INFO: Applying difficulty level model.difficulty.easy
Apr 20, 2018 4:12:23 PM net.sf.freecol.common.model.Specification applyDifficultyLevel
INFO: Applying difficulty level model.difficulty.medium
Apr 20, 2018 4:12:23 PM net.sf.freecol.common.model.Specification applyDifficultyLevel
INFO: Applying difficulty level model.difficulty.hard
Apr 20, 2018 4:12:23 PM net.sf.freecol.common.model.Specification applyDifficultyLevel
INFO: Applying difficulty level model.difficulty.veryHard
Apr 20, 2018 4:12:23 PM net.sf.freecol.common.model.Specification applyDifficultyLevel
INFO: Applying difficulty level model.difficulty.medium
Apr 20, 2018 4:12:23 PM net.sf.freecol.common.model.Specification applyDifficultyLevel
INFO: Applying difficulty level model.difficulty.medium
Apr 20, 2018 4:12:23 PM net.sf.freecol.common.model.Unit setLocation
WARNING: Can not add [unit:775 dutch frigate 6/6] to tile:574
Apr 20, 2018 4:12:23 PM net.sf.freecol.common.model.Specification applyDifficultyLevel
INFO: Applying difficulty level model.difficulty.medium
Apr 20, 2018 4:12:23 PM net.sf.freecol.common.model.Specification applyDifficultyLevel
INFO: Applying difficulty level model.difficulty.medium
Apr 20, 2018 4:12:23 PM net.sf.freecol.common.model.Specification applyDifficultyLevel
INFO: Applying difficulty level model.difficulty.medium
Apr 20, 2018 4:12:23 PM net.sf.freecol.common.model.Specification applyDifficultyLevel
INFO: Applying difficulty level model.difficulty.medium
Apr 20, 2018 4:12:23 PM net.sf.freecol.common.model.Specification applyDifficultyLevel
INFO: Applying difficulty level model.difficulty.medium
Apr 20, 2018 4:12:24 PM net.sf.freecol.common.resources.FontResource <init>
INFO: Loaded font: Serif.plain from: urn:font:Serif-PLAIN-12
Apr 20, 2018 4:12:24 PM net.sf.freecol.common.resources.FontResource <init>
INFO: Loaded font: Dialog.plain from: urn:font:Dialog-PLAIN-12
Apr 20, 2018 4:12:24 PM net.sf.freecol.common.resources.FontResource <init>
INFO: Loaded font: ShadowedBlack from: file:/D:/Documents/SchoolStuff/COSC442%20-%20Software%20QA%20and%20Testing/FreeCol-finalproject/data/base/resources/fonts/ShadowedBlack.ttf
Apr 20, 2018 4:12:24 PM net.sf.freecol.common.util.LogBuilder log
INFO: Resource mapping, data\base/resources.properties loaded, data\base/resources_en.properties not found
Apr 20, 2018 4:12:24 PM net.sf.freecol.common.resources.ResourceManager setBaseMapping
INFO: setBaseMapping net.sf.freecol.common.resources.ResourceMapping@31190526
Apr 20, 2018 4:12:24 PM net.sf.freecol.common.util.LogBuilder log
INFO: Resource mapping, data\base/resources.properties loaded, data\base/resources_en.properties not found
Apr 20, 2018 4:12:24 PM net.sf.freecol.common.resources.ResourceManager setBaseMapping
INFO: setBaseMapping net.sf.freecol.common.resources.ResourceMapping@477b4cdf
Apr 20, 2018 4:12:24 PM net.sf.freecol.common.util.LogBuilder log
INFO: Resource mapping, data\rules\freecol/resources.properties loaded, data\rules\freecol/resources_en.properties not found
Apr 20, 2018 4:12:24 PM net.sf.freecol.common.util.LogBuilder log
INFO: Resource mapping, data\rules\classic/resources.properties loaded, data\rules\classic/resources_en.properties not found
Apr 20, 2018 4:12:24 PM net.sf.freecol.common.resources.ResourceManager setTcMapping
INFO: setTcMapping net.sf.freecol.common.resources.ResourceMapping@f5958c9
Apr 20, 2018 4:12:27 PM net.sf.freecol.common.FreeColSeed getFreeColSeed
INFO: Using seed: 1592828891816174068
Apr 20, 2018 4:12:27 PM net.sf.freecol.common.model.LandMap <init>
INFO: Using land generator model.option.landGeneratorType.classic
Apr 20, 2018 4:12:27 PM net.sf.freecol.common.util.LogBuilder log
INFO: Destroying: tileImprovement:4332
Apr 20, 2018 4:12:27 PM net.sf.freecol.common.util.LogBuilder log
INFO: Destroying: tileImprovement:4334
Apr 20, 2018 4:12:27 PM net.sf.freecol.common.util.LogBuilder log
INFO: Destroying: tileImprovement:4336
Apr 20, 2018 4:12:27 PM net.sf.freecol.common.util.LogBuilder log
INFO: Destroying: tileImprovement:4338
Apr 20, 2018 4:12:27 PM net.sf.freecol.common.util.LogBuilder log
INFO: Destroying: tileImprovement:4340
Apr 20, 2018 4:12:27 PM net.sf.freecol.common.util.LogBuilder log
INFO: Destroying: tileImprovement:4342
Apr 20, 2018 4:12:27 PM net.sf.freecol.common.util.LogBuilder log
INFO: Destroying: tileImprovement:4344
Apr 20, 2018 4:12:27 PM net.sf.freecol.common.util.LogBuilder log
INFO: Destroying: tileImprovement:4346
Apr 20, 2018 4:12:27 PM net.sf.freecol.common.util.LogBuilder log
INFO: Destroying: tileImprovement:4310
Apr 20, 2018 4:12:27 PM net.sf.freecol.common.util.LogBuilder log
INFO: Destroying: tileImprovement:4475
Apr 20, 2018 4:12:27 PM net.sf.freecol.common.util.LogBuilder log
INFO: Destroying: tileImprovement:4476
Apr 20, 2018 4:12:27 PM net.sf.freecol.common.util.LogBuilder log
INFO: Destroying: tileImprovement:4477
Apr 20, 2018 4:12:27 PM net.sf.freecol.common.util.LogBuilder log
INFO: Destroying: tileImprovement:4478
Apr 20, 2018 4:12:27 PM net.sf.freecol.common.util.LogBuilder log
INFO: Destroying: tileImprovement:4528
Apr 20, 2018 4:12:27 PM net.sf.freecol.common.util.LogBuilder log
INFO: Destroying: tileImprovement:4530
Apr 20, 2018 4:12:27 PM net.sf.freecol.common.util.LogBuilder log
INFO: Destroying: tileImprovement:4532
Apr 20, 2018 4:12:27 PM net.sf.freecol.common.util.LogBuilder log
INFO: Destroying: tileImprovement:4534
Apr 20, 2018 4:12:27 PM net.sf.freecol.common.util.LogBuilder log
INFO: Destroying: tileImprovement:4536
Apr 20, 2018 4:12:27 PM net.sf.freecol.common.util.LogBuilder log
INFO: Destroying: tileImprovement:4538
Apr 20, 2018 4:12:27 PM net.sf.freecol.common.util.LogBuilder log
INFO: Destroying: tileImprovement:4561
Apr 20, 2018 4:12:27 PM net.sf.freecol.common.util.LogBuilder log
INFO: Destroying: tileImprovement:4563
Apr 20, 2018 4:12:27 PM net.sf.freecol.common.util.LogBuilder log
INFO: Destroying: tileImprovement:4565
Apr 20, 2018 4:12:27 PM net.sf.freecol.common.util.LogBuilder log
INFO: Destroying: tileImprovement:4567
Apr 20, 2018 4:12:27 PM net.sf.freecol.common.util.LogBuilder log
INFO: Destroying: tileImprovement:4569
Apr 20, 2018 4:12:27 PM net.sf.freecol.common.util.LogBuilder log
INFO: Destroying: tileImprovement:4571
Apr 20, 2018 4:12:27 PM net.sf.freecol.common.util.LogBuilder log
INFO: Destroying: tileImprovement:4573
Apr 20, 2018 4:12:27 PM net.sf.freecol.common.util.LogBuilder log
INFO: Destroying: tileImprovement:4575
Apr 20, 2018 4:12:27 PM net.sf.freecol.common.util.LogBuilder log
INFO: Destroying: tileImprovement:4577
Apr 20, 2018 4:12:27 PM net.sf.freecol.common.util.LogBuilder log
INFO: Destroying: tileImprovement:4579
Apr 20, 2018 4:12:27 PM net.sf.freecol.common.util.LogBuilder log
INFO: Destroying: tileImprovement:4581
Apr 20, 2018 4:12:27 PM net.sf.freecol.common.util.LogBuilder log
INFO: Destroying: tileImprovement:4583
Apr 20, 2018 4:12:27 PM net.sf.freecol.common.util.LogBuilder log
INFO: Destroying: tileImprovement:4585
Apr 20, 2018 4:12:27 PM net.sf.freecol.common.util.LogBuilder log
INFO: Destroying: tileImprovement:4587
Apr 20, 2018 4:12:27 PM net.sf.freecol.common.util.LogBuilder log
INFO: Destroying: tileImprovement:4589
Apr 20, 2018 4:12:27 PM net.sf.freecol.common.util.LogBuilder log
INFO: Destroying: tileImprovement:4591
Apr 20, 2018 4:12:27 PM net.sf.freecol.common.util.LogBuilder log
INFO: Destroying: tileImprovement:4473
Apr 20, 2018 4:12:27 PM net.sf.freecol.common.util.LogBuilder log
INFO: Destroying: tileImprovement:4474
Apr 20, 2018 4:12:27 PM net.sf.freecol.common.util.LogBuilder log
INFO: Destroying: tileImprovement:4658
Apr 20, 2018 4:12:27 PM net.sf.freecol.common.util.LogBuilder log
INFO: Destroying: tileImprovement:4659
Apr 20, 2018 4:12:27 PM net.sf.freecol.common.util.LogBuilder log
INFO: Destroying: tileImprovement:4660
Apr 20, 2018 4:12:27 PM net.sf.freecol.common.util.LogBuilder log
INFO: Destroying: tileImprovement:4661
Apr 20, 2018 4:12:27 PM net.sf.freecol.common.util.LogBuilder log
INFO: Destroying: tileImprovement:4662
Apr 20, 2018 4:12:27 PM net.sf.freecol.common.util.LogBuilder log
INFO: Destroying: tileImprovement:4663
Apr 20, 2018 4:12:27 PM net.sf.freecol.common.util.LogBuilder log
INFO: Destroying: tileImprovement:4664
Apr 20, 2018 4:12:27 PM net.sf.freecol.common.util.LogBuilder log
INFO: Destroying: tileImprovement:4453
Apr 20, 2018 4:12:27 PM net.sf.freecol.common.util.LogBuilder log
INFO: Destroying: tileImprovement:4455
Apr 20, 2018 4:12:27 PM net.sf.freecol.common.util.LogBuilder log
INFO: Destroying: tileImprovement:4457
Apr 20, 2018 4:12:27 PM net.sf.freecol.common.util.LogBuilder log
INFO: Destroying: tileImprovement:4316
Apr 20, 2018 4:12:27 PM net.sf.freecol.common.util.LogBuilder log
INFO: Destroying: tileImprovement:4318
Apr 20, 2018 4:12:27 PM net.sf.freecol.common.util.LogBuilder log
INFO: Destroying: tileImprovement:4320
Apr 20, 2018 4:12:27 PM net.sf.freecol.common.util.LogBuilder log
INFO: Destroying: tileImprovement:4322
Apr 20, 2018 4:12:27 PM net.sf.freecol.common.util.LogBuilder log
INFO: Destroying: tileImprovement:4324
Apr 20, 2018 4:12:27 PM net.sf.freecol.common.util.LogBuilder log
INFO: Destroying: tileImprovement:4326
Apr 20, 2018 4:12:27 PM net.sf.freecol.common.util.LogBuilder log
INFO: Destroying: tileImprovement:4328
Apr 20, 2018 4:12:27 PM net.sf.freecol.common.util.LogBuilder log
INFO: Destroying: tileImprovement:4330
Apr 20, 2018 4:12:27 PM net.sf.freecol.common.util.LogBuilder log
INFO: Destroying: tileImprovement:4470
Apr 20, 2018 4:12:27 PM net.sf.freecol.common.util.LogBuilder log
INFO: Destroying: tileImprovement:4471
Apr 20, 2018 4:12:27 PM net.sf.freecol.common.util.LogBuilder log
INFO: Destroying: tileImprovement:4472
Apr 20, 2018 4:12:27 PM net.sf.freecol.common.util.LogBuilder log
INFO: Destroying: tileImprovement:4272
Apr 20, 2018 4:12:27 PM net.sf.freecol.common.util.LogBuilder log
INFO: Destroying: tileImprovement:4274
Apr 20, 2018 4:12:27 PM net.sf.freecol.common.util.LogBuilder log
INFO: Destroying: tileImprovement:4276
Apr 20, 2018 4:12:27 PM net.sf.freecol.common.util.LogBuilder log
INFO: Destroying: tileImprovement:4278
Apr 20, 2018 4:12:27 PM net.sf.freecol.common.util.LogBuilder log
INFO: Destroying: tileImprovement:4280
Apr 20, 2018 4:12:27 PM net.sf.freecol.common.util.LogBuilder log
INFO: Destroying: tileImprovement:4282
Apr 20, 2018 4:12:27 PM net.sf.freecol.common.util.LogBuilder log
INFO: Destroying: tileImprovement:4284
Apr 20, 2018 4:12:27 PM net.sf.freecol.common.util.LogBuilder log
INFO: Destroying: tileImprovement:4286
Apr 20, 2018 4:12:27 PM net.sf.freecol.common.util.LogBuilder log
INFO: Destroying: tileImprovement:4288
Apr 20, 2018 4:12:27 PM net.sf.freecol.common.util.LogBuilder log
INFO: Destroying: tileImprovement:4290
Apr 20, 2018 4:12:27 PM net.sf.freecol.common.util.LogBuilder log
INFO: Destroying: tileImprovement:4292
Apr 20, 2018 4:12:27 PM net.sf.freecol.common.util.LogBuilder log
INFO: Destroying: tileImprovement:4294
Apr 20, 2018 4:12:27 PM net.sf.freecol.common.util.LogBuilder log
INFO: Destroying: tileImprovement:4296
Apr 20, 2018 4:12:27 PM net.sf.freecol.common.util.LogBuilder log
INFO: Destroying: tileImprovement:4298
Apr 20, 2018 4:12:27 PM net.sf.freecol.common.util.LogBuilder log
INFO: Destroying: tileImprovement:4300
Apr 20, 2018 4:12:27 PM net.sf.freecol.common.util.LogBuilder log
INFO: Destroying: tileImprovement:4302
Apr 20, 2018 4:12:27 PM net.sf.freecol.common.util.LogBuilder log
INFO: Destroying: tileImprovement:4270
Apr 20, 2018 4:12:27 PM net.sf.freecol.common.util.LogBuilder log
INFO: Destroying: tileImprovement:4439
Apr 20, 2018 4:12:27 PM net.sf.freecol.common.util.LogBuilder log
INFO: Destroying: tileImprovement:4441
Apr 20, 2018 4:12:27 PM net.sf.freecol.common.util.LogBuilder log
INFO: Destroying: tileImprovement:4443
Apr 20, 2018 4:12:27 PM net.sf.freecol.common.util.LogBuilder log
INFO: Destroying: tileImprovement:4445
Apr 20, 2018 4:12:27 PM net.sf.freecol.common.util.LogBuilder log
INFO: Destroying: tileImprovement:4447
Apr 20, 2018 4:12:27 PM net.sf.freecol.common.util.LogBuilder log
INFO: Destroying: tileImprovement:4449
Apr 20, 2018 4:12:27 PM net.sf.freecol.common.util.LogBuilder log
INFO: Destroying: tileImprovement:4451
Apr 20, 2018 4:12:27 PM net.sf.freecol.common.util.LogBuilder log
INFO: Destroying: tileImprovement:4795
Apr 20, 2018 4:12:27 PM net.sf.freecol.common.util.LogBuilder log
INFO: Destroying: tileImprovement:4796
Apr 20, 2018 4:12:27 PM net.sf.freecol.common.util.LogBuilder log
INFO: Destroying: tileImprovement:4797
Apr 20, 2018 4:12:27 PM net.sf.freecol.common.util.LogBuilder log
INFO: Destroying: tileImprovement:4717
Apr 20, 2018 4:12:27 PM net.sf.freecol.common.util.LogBuilder log
INFO: Destroying: tileImprovement:4719
Apr 20, 2018 4:12:27 PM net.sf.freecol.common.util.LogBuilder log
INFO: Destroying: tileImprovement:4721
Apr 20, 2018 4:12:27 PM net.sf.freecol.common.util.LogBuilder log
INFO: Destroying: tileImprovement:4723
Apr 20, 2018 4:12:27 PM net.sf.freecol.common.util.LogBuilder log
INFO: Destroying: tileImprovement:4725
Apr 20, 2018 4:12:27 PM net.sf.freecol.common.util.LogBuilder log
INFO: Destroying: tileImprovement:4545
Apr 20, 2018 4:12:27 PM net.sf.freecol.common.util.LogBuilder log
INFO: Destroying: tileImprovement:4547
Apr 20, 2018 4:12:27 PM net.sf.freecol.common.util.LogBuilder log
INFO: Destroying: tileImprovement:4549
Apr 20, 2018 4:12:27 PM net.sf.freecol.common.util.LogBuilder log
INFO: Destroying: tileImprovement:4551
Apr 20, 2018 4:12:27 PM net.sf.freecol.common.util.LogBuilder log
INFO: Destroying: tileImprovement:4553
Apr 20, 2018 4:12:27 PM net.sf.freecol.common.util.LogBuilder log
INFO: Destroying: tileImprovement:4555
Apr 20, 2018 4:12:27 PM net.sf.freecol.common.util.LogBuilder log
INFO: Destroying: tileImprovement:4557
Apr 20, 2018 4:12:27 PM net.sf.freecol.common.util.LogBuilder log
INFO: Destroying: tileImprovement:4559
Apr 20, 2018 4:12:27 PM net.sf.freecol.common.util.LogBuilder log
INFO: Destroying: tileImprovement:4649
Apr 20, 2018 4:12:27 PM net.sf.freecol.common.util.LogBuilder log
INFO: Destroying: tileImprovement:4650
Apr 20, 2018 4:12:27 PM net.sf.freecol.common.util.LogBuilder log
INFO: Destroying: tileImprovement:4651
Apr 20, 2018 4:12:27 PM net.sf.freecol.common.util.LogBuilder log
INFO: Destroying: tileImprovement:4652
Apr 20, 2018 4:12:27 PM net.sf.freecol.common.util.LogBuilder log
INFO: Destroying: tileImprovement:4653
Apr 20, 2018 4:12:27 PM net.sf.freecol.common.util.LogBuilder log
INFO: Destroying: tileImprovement:4654
Apr 20, 2018 4:12:27 PM net.sf.freecol.common.util.LogBuilder log
INFO: Destroying: tileImprovement:4655
Apr 20, 2018 4:12:27 PM net.sf.freecol.common.util.LogBuilder log
INFO: Destroying: tileImprovement:4656
Apr 20, 2018 4:12:27 PM net.sf.freecol.common.util.LogBuilder log
INFO: Destroying: tileImprovement:4657
Apr 20, 2018 4:12:27 PM net.sf.freecol.common.util.LogBuilder log
INFO: Destroying: tileImprovement:4860
Apr 20, 2018 4:12:27 PM net.sf.freecol.common.util.LogBuilder log
INFO: Destroying: tileImprovement:4861
Apr 20, 2018 4:12:27 PM net.sf.freecol.common.util.LogBuilder log
INFO: Destroying: tileImprovement:4862
Apr 20, 2018 4:12:27 PM net.sf.freecol.common.util.LogBuilder log
INFO: Destroying: tileImprovement:4863
Apr 20, 2018 4:12:27 PM net.sf.freecol.common.util.LogBuilder log
INFO: Destroying: tileImprovement:4864
Apr 20, 2018 4:12:27 PM net.sf.freecol.common.util.LogBuilder log
INFO: Destroying: tileImprovement:4866
Apr 20, 2018 4:12:27 PM net.sf.freecol.common.util.LogBuilder log
INFO: Destroying: tileImprovement:4847
Apr 20, 2018 4:12:27 PM net.sf.freecol.common.util.LogBuilder log
INFO: Destroying: tileImprovement:4848
Apr 20, 2018 4:12:27 PM net.sf.freecol.common.util.LogBuilder log
INFO: Destroying: tileImprovement:4849
Apr 20, 2018 4:12:27 PM net.sf.freecol.common.util.LogBuilder log
INFO: Destroying: tileImprovement:4850
Apr 20, 2018 4:12:27 PM net.sf.freecol.common.util.LogBuilder log
INFO: Destroying: tileImprovement:4851
Apr 20, 2018 4:12:27 PM net.sf.freecol.common.util.LogBuilder log
INFO: Destroying: tileImprovement:4852
Apr 20, 2018 4:12:27 PM net.sf.freecol.common.util.LogBuilder log
INFO: Destroying: tileImprovement:4853
Apr 20, 2018 4:12:27 PM net.sf.freecol.common.util.LogBuilder log
INFO: Destroying: tileImprovement:4854
Apr 20, 2018 4:12:27 PM net.sf.freecol.common.util.LogBuilder log
INFO: Destroying: tileImprovement:4855
Apr 20, 2018 4:12:27 PM net.sf.freecol.common.util.LogBuilder log
INFO: Destroying: tileImprovement:4856
Apr 20, 2018 4:12:27 PM net.sf.freecol.common.util.LogBuilder log
INFO: Destroying: tileImprovement:4857
Apr 20, 2018 4:12:27 PM net.sf.freecol.common.util.LogBuilder log
INFO: Destroying: tileImprovement:4858
Apr 20, 2018 4:12:27 PM net.sf.freecol.common.util.LogBuilder log
INFO: Destroying: tileImprovement:4859
Apr 20, 2018 4:12:27 PM net.sf.freecol.common.util.LogBuilder log
INFO: Destroying: tileImprovement:4950
Apr 20, 2018 4:12:27 PM net.sf.freecol.common.util.LogBuilder log
INFO: Destroying: tileImprovement:4952
Apr 20, 2018 4:12:27 PM net.sf.freecol.common.util.LogBuilder log
INFO: Destroying: tileImprovement:4954
Apr 20, 2018 4:12:28 PM net.sf.freecol.common.util.LogBuilder log
INFO: Destroying: tileImprovement:4956
Apr 20, 2018 4:12:28 PM net.sf.freecol.common.util.LogBuilder log
INFO: Destroying: tileImprovement:4945
Apr 20, 2018 4:12:28 PM net.sf.freecol.common.util.LogBuilder log
INFO: Destroying: tileImprovement:4946
Apr 20, 2018 4:12:28 PM net.sf.freecol.common.util.LogBuilder log
INFO: Destroying: tileImprovement:4947
Apr 20, 2018 4:12:28 PM net.sf.freecol.common.util.LogBuilder log
INFO: Destroying: tileImprovement:4948
Apr 20, 2018 4:12:28 PM net.sf.freecol.common.util.LogBuilder log
INFO: Destroying: tileImprovement:4949
Apr 20, 2018 4:12:28 PM net.sf.freecol.common.util.LogBuilder log
INFO: Destroying: tileImprovement:4393
Apr 20, 2018 4:12:28 PM net.sf.freecol.common.util.LogBuilder log
INFO: Destroying: tileImprovement:4675
Apr 20, 2018 4:12:28 PM net.sf.freecol.common.util.LogBuilder log
INFO: Destroying: tileImprovement:4677
Apr 20, 2018 4:12:28 PM net.sf.freecol.common.util.LogBuilder log
INFO: Destroying: tileImprovement:4679
Apr 20, 2018 4:12:28 PM net.sf.freecol.common.util.LogBuilder log
INFO: Destroying: tileImprovement:4681
Apr 20, 2018 4:12:28 PM net.sf.freecol.common.util.LogBuilder log
INFO: Destroying: tileImprovement:4683
Apr 20, 2018 4:12:28 PM net.sf.freecol.common.util.LogBuilder log
INFO: Destroying: tileImprovement:4685
Apr 20, 2018 4:12:28 PM net.sf.freecol.common.util.LogBuilder log
INFO: Destroying: tileImprovement:4627
Apr 20, 2018 4:12:28 PM net.sf.freecol.common.util.LogBuilder log
INFO: Destroying: tileImprovement:4629
Apr 20, 2018 4:12:28 PM net.sf.freecol.common.util.LogBuilder log
INFO: Destroying: tileImprovement:4631
Apr 20, 2018 4:12:28 PM net.sf.freecol.common.util.LogBuilder log
INFO: Destroying: tileImprovement:4633
Apr 20, 2018 4:12:28 PM net.sf.freecol.common.util.LogBuilder log
INFO: Destroying: tileImprovement:4613
Apr 20, 2018 4:12:28 PM net.sf.freecol.common.util.LogBuilder log
INFO: Destroying: tileImprovement:4614
Apr 20, 2018 4:12:28 PM net.sf.freecol.common.util.LogBuilder log
INFO: Destroying: tileImprovement:4615
Apr 20, 2018 4:12:28 PM net.sf.freecol.common.util.LogBuilder log
INFO: Destroying: tileImprovement:4616
Apr 20, 2018 4:12:28 PM net.sf.freecol.common.util.LogBuilder log
INFO: Destroying: tileImprovement:4617
Apr 20, 2018 4:12:28 PM net.sf.freecol.common.util.LogBuilder log
INFO: Destroying: tileImprovement:4618
Apr 20, 2018 4:12:28 PM net.sf.freecol.common.util.LogBuilder log
INFO: Destroying: tileImprovement:4399
Apr 20, 2018 4:12:28 PM net.sf.freecol.common.util.LogBuilder log
INFO: Destroying: tileImprovement:4401
Apr 20, 2018 4:12:28 PM net.sf.freecol.common.util.LogBuilder log
INFO: Destroying: tileImprovement:4403
Apr 20, 2018 4:12:28 PM net.sf.freecol.common.util.LogBuilder log
INFO: Destroying: tileImprovement:4405
Apr 20, 2018 4:12:28 PM net.sf.freecol.common.util.LogBuilder log
INFO: Destroying: tileImprovement:4407
Apr 20, 2018 4:12:28 PM net.sf.freecol.common.util.LogBuilder log
INFO: Destroying: tileImprovement:4409
Apr 20, 2018 4:12:28 PM net.sf.freecol.common.util.LogBuilder log
INFO: Destroying: tileImprovement:4411
Apr 20, 2018 4:12:28 PM net.sf.freecol.common.util.LogBuilder log
INFO: Destroying: tileImprovement:4413
Apr 20, 2018 4:12:28 PM net.sf.freecol.common.util.LogBuilder log
INFO: Destroying: tileImprovement:4415
Apr 20, 2018 4:12:28 PM net.sf.freecol.common.util.LogBuilder log
INFO: Destroying: tileImprovement:4417
Apr 20, 2018 4:12:28 PM net.sf.freecol.common.util.LogBuilder log
INFO: Destroying: tileImprovement:4419
Apr 20, 2018 4:12:28 PM net.sf.freecol.common.util.LogBuilder log
INFO: Destroying: tileImprovement:4421
Apr 20, 2018 4:12:28 PM net.sf.freecol.common.util.LogBuilder log
INFO: Destroying: tileImprovement:4423
Apr 20, 2018 4:12:28 PM net.sf.freecol.common.util.LogBuilder log
INFO: Destroying: tileImprovement:4425
Apr 20, 2018 4:12:28 PM net.sf.freecol.common.util.LogBuilder log
INFO: Destroying: tileImprovement:4427
Apr 20, 2018 4:12:28 PM net.sf.freecol.common.util.LogBuilder log
INFO: Destroying: tileImprovement:4429
Apr 20, 2018 4:12:28 PM net.sf.freecol.common.util.LogBuilder log
INFO: Destroying: tileImprovement:4431
Apr 20, 2018 4:12:28 PM net.sf.freecol.common.util.LogBuilder log
INFO: Destroying: tileImprovement:4433
Apr 20, 2018 4:12:28 PM net.sf.freecol.common.util.LogBuilder log
INFO: Destroying: tileImprovement:4435
Apr 20, 2018 4:12:28 PM net.sf.freecol.common.util.LogBuilder log
INFO: Destroying: tileImprovement:4437
Apr 20, 2018 4:12:28 PM net.sf.freecol.common.util.LogBuilder log
INFO: Destroying: tileImprovement:4913
Apr 20, 2018 4:12:28 PM net.sf.freecol.common.util.LogBuilder log
INFO: Destroying: tileImprovement:4914
Apr 20, 2018 4:12:28 PM net.sf.freecol.common.util.LogBuilder log
INFO: Destroying: tileImprovement:4915
Apr 20, 2018 4:12:28 PM net.sf.freecol.common.util.LogBuilder log
INFO: Destroying: tileImprovement:4916
Apr 20, 2018 4:12:28 PM net.sf.freecol.common.util.LogBuilder log
INFO: Destroying: tileImprovement:4917
Apr 20, 2018 4:12:28 PM net.sf.freecol.common.util.LogBuilder log
INFO: Destroying: tileImprovement:4918
Apr 20, 2018 4:12:28 PM net.sf.freecol.common.util.LogBuilder log
INFO: Destroying: tileImprovement:4919
Apr 20, 2018 4:12:28 PM net.sf.freecol.common.util.LogBuilder log
INFO: Destroying: tileImprovement:4761
Apr 20, 2018 4:12:28 PM net.sf.freecol.common.util.LogBuilder log
INFO: Destroying: tileImprovement:4763
Apr 20, 2018 4:12:28 PM net.sf.freecol.common.util.LogBuilder log
INFO: Destroying: tileImprovement:4312
Apr 20, 2018 4:12:28 PM net.sf.freecol.common.util.LogBuilder log
INFO: Destroying: tileImprovement:4314
Apr 20, 2018 4:12:28 PM net.sf.freecol.common.util.LogBuilder log
INFO: Destroying: tileImprovement:4831
Apr 20, 2018 4:12:28 PM net.sf.freecol.common.util.LogBuilder log
INFO: Destroying: tileImprovement:4832
Apr 20, 2018 4:12:28 PM net.sf.freecol.common.util.LogBuilder log
INFO: Destroying: tileImprovement:4833
Apr 20, 2018 4:12:28 PM net.sf.freecol.common.util.LogBuilder log
INFO: Destroying: tileImprovement:4834
Apr 20, 2018 4:12:28 PM net.sf.freecol.common.util.LogBuilder log
INFO: Destroying: tileImprovement:4835
Apr 20, 2018 4:12:28 PM net.sf.freecol.common.util.LogBuilder log
INFO: Destroying: tileImprovement:4836
Apr 20, 2018 4:12:28 PM net.sf.freecol.common.util.LogBuilder log
INFO: Destroying: tileImprovement:4837
Apr 20, 2018 4:12:28 PM net.sf.freecol.common.util.LogBuilder log
INFO: Destroying: tileImprovement:4838
Apr 20, 2018 4:12:28 PM net.sf.freecol.common.util.LogBuilder log
INFO: Destroying: tileImprovement:4753
Apr 20, 2018 4:12:28 PM net.sf.freecol.common.util.LogBuilder log
INFO: Destroying: tileImprovement:4755
Apr 20, 2018 4:12:28 PM net.sf.freecol.common.util.LogBuilder log
INFO: Destroying: tileImprovement:4757
Apr 20, 2018 4:12:28 PM net.sf.freecol.common.util.LogBuilder log
INFO: Destroying: tileImprovement:4759
Apr 20, 2018 4:12:28 PM net.sf.freecol.common.util.LogBuilder log
INFO: Destroying: tileImprovement:5147
Apr 20, 2018 4:12:28 PM net.sf.freecol.common.util.LogBuilder log
INFO: Destroying: tileImprovement:5148
Apr 20, 2018 4:12:28 PM net.sf.freecol.common.util.LogBuilder log
INFO: Destroying: tileImprovement:5079
Apr 20, 2018 4:12:28 PM net.sf.freecol.common.util.LogBuilder log
INFO: Destroying: tileImprovement:5081
Apr 20, 2018 4:12:28 PM net.sf.freecol.common.util.LogBuilder log
INFO: Destroying: tileImprovement:5083
Apr 20, 2018 4:12:28 PM net.sf.freecol.common.util.LogBuilder log
INFO: Destroying: tileImprovement:5066
Apr 20, 2018 4:12:28 PM net.sf.freecol.server.networking.Server sendToAll
INFO: Reap dead connection: [DummyConnection Server connection - model.nation.inca]
Apr 20, 2018 4:12:28 PM net.sf.freecol.server.networking.Server sendToAll
INFO: Reap dead connection: [DummyConnection Server connection - model.nation.tupi]
Apr 20, 2018 4:12:28 PM net.sf.freecol.server.networking.Server sendToAll
INFO: Reap dead connection: [DummyConnection Server connection - model.nation.french]
Apr 20, 2018 4:12:28 PM net.sf.freecol.server.networking.Server sendToAll
INFO: Reap dead connection: [DummyConnection Server connection - model.nation.aztec]
Apr 20, 2018 4:12:28 PM net.sf.freecol.server.networking.Server sendToAll
INFO: Reap dead connection: [DummyConnection Server connection - model.nation.apache]
Apr 20, 2018 4:12:28 PM net.sf.freecol.server.networking.Server sendToAll
INFO: Reap dead connection: [DummyConnection Server connection - model.nation.spanish]
Apr 20, 2018 4:12:28 PM net.sf.freecol.server.networking.Server sendToAll
INFO: Reap dead connection: [DummyConnection Server connection - model.nation.sioux]
Apr 20, 2018 4:12:28 PM net.sf.freecol.server.networking.Server sendToAll
INFO: Reap dead connection: [DummyConnection Server connection - model.nation.iroquois]
Apr 20, 2018 4:12:28 PM net.sf.freecol.server.networking.Server sendToAll
INFO: Reap dead connection: [DummyConnection Server connection - model.nation.dutch]
Apr 20, 2018 4:12:28 PM net.sf.freecol.server.networking.Server sendToAll
INFO: Reap dead connection: [DummyConnection Server connection - model.nation.english]
Apr 20, 2018 4:12:28 PM net.sf.freecol.server.networking.Server sendToAll
INFO: Reap dead connection: [DummyConnection Server connection - model.nation.arawak]
Apr 20, 2018 4:12:28 PM net.sf.freecol.server.networking.Server sendToAll
INFO: Reap dead connection: [DummyConnection Server connection - model.nation.cherokee]
Apr 20, 2018 4:12:28 PM net.sf.freecol.common.FreeColSeed getFreeColSeed
INFO: Using seed: -716049481297628153
Apr 20, 2018 4:12:28 PM net.sf.freecol.server.FreeColServer readGame
INFO: Found savegame version 13
Apr 20, 2018 4:12:28 PM net.sf.freecol.common.model.Game readChild
INFO: Loading specification.
Apr 20, 2018 4:12:28 PM net.sf.freecol.common.model.Specification checkDifficultyOptionGroup
INFO: Check group model.difficulty.immigration
Apr 20, 2018 4:12:28 PM net.sf.freecol.common.model.Specification checkDifficultyOptionGroup
INFO: Check group model.difficulty.natives
Apr 20, 2018 4:12:28 PM net.sf.freecol.common.model.Specification checkDifficultyOptionGroup
INFO: Check group model.difficulty.monarch
Apr 20, 2018 4:12:28 PM net.sf.freecol.common.model.Specification checkDifficultyOptionGroup
INFO: Check group model.difficulty.government
Apr 20, 2018 4:12:28 PM net.sf.freecol.common.model.Specification checkDifficultyOptionGroup
INFO: Check group model.difficulty.other
Apr 20, 2018 4:12:28 PM net.sf.freecol.common.model.Specification checkDifficultyOptionGroup
INFO: Check group model.difficulty.cheat
Apr 20, 2018 4:12:28 PM net.sf.freecol.common.model.Specification applyDifficultyLevel
INFO: Applying difficulty level model.difficulty.medium
Apr 20, 2018 4:12:28 PM net.sf.freecol.common.model.Specification clean
INFO: Specification clean following load from stream complete, starting year=1492, season year=1600, ages=[1,109,309], seasons=2, 253 FreeColGameObjectTypes, 79 Abilities, 41 BuildingTypes, 14 Disasters, 9 EuropeanNationTypes, 2 Events, 25 FoundingFathers, 21 GoodsTypes, 8 IndianNationTypes, 59 Modifiers, 25 Nations, 161 Options, 23 Option Groups, 12 ResourceTypes, 11 Roles, 23 TileTypes, 6 TileImprovementTypes, 42 UnitTypes read.
Apr 20, 2018 4:12:28 PM net.sf.freecol.server.FreeColServer loadGame
INFO: Game integrity test succeeded.
Apr 20, 2018 4:12:28 PM net.sf.freecol.server.FreeColServer loadGame
INFO: AI integrity test succeeded
Apr 20, 2018 4:12:28 PM net.sf.freecol.common.FreeColSeed getFreeColSeed
INFO: Using seed: -3667213333075108609
Apr 20, 2018 4:12:28 PM net.sf.freecol.common.model.LandMap <init>
INFO: Using land generator model.option.landGeneratorType.classic
Apr 20, 2018 4:12:28 PM net.sf.freecol.common.util.LogBuilder log
INFO: Destroying: tileImprovement:4292
Apr 20, 2018 4:12:28 PM net.sf.freecol.common.util.LogBuilder log
INFO: Destroying: tileImprovement:4294
Apr 20, 2018 4:12:28 PM net.sf.freecol.common.util.LogBuilder log
INFO: Destroying: tileImprovement:4296
Apr 20, 2018 4:12:28 PM net.sf.freecol.common.util.LogBuilder log
INFO: Destroying: tileImprovement:4298
Apr 20, 2018 4:12:28 PM net.sf.freecol.common.util.LogBuilder log
INFO: Destroying: tileImprovement:4300
Apr 20, 2018 4:12:28 PM net.sf.freecol.common.util.LogBuilder log
INFO: Destroying: tileImprovement:4302
Apr 20, 2018 4:12:28 PM net.sf.freecol.common.util.LogBuilder log
INFO: Destroying: tileImprovement:4304
Apr 20, 2018 4:12:28 PM net.sf.freecol.common.util.LogBuilder log
INFO: Destroying: tileImprovement:4386
Apr 20, 2018 4:12:28 PM net.sf.freecol.common.util.LogBuilder log
INFO: Destroying: tileImprovement:4388
Apr 20, 2018 4:12:28 PM net.sf.freecol.common.util.LogBuilder log
INFO: Destroying: tileImprovement:4390
Apr 20, 2018 4:12:28 PM net.sf.freecol.common.util.LogBuilder log
INFO: Destroying: tileImprovement:4392
Apr 20, 2018 4:12:28 PM net.sf.freecol.common.util.LogBuilder log
INFO: Destroying: tileImprovement:4394
Apr 20, 2018 4:12:28 PM net.sf.freecol.common.util.LogBuilder log
INFO: Destroying: tileImprovement:4396
Apr 20, 2018 4:12:28 PM net.sf.freecol.common.util.LogBuilder log
INFO: Destroying: tileImprovement:4398
Apr 20, 2018 4:12:28 PM net.sf.freecol.common.util.LogBuilder log
INFO: Destroying: tileImprovement:4400
Apr 20, 2018 4:12:28 PM net.sf.freecol.common.util.LogBuilder log
INFO: Destroying: tileImprovement:4402
Apr 20, 2018 4:12:28 PM net.sf.freecol.common.util.LogBuilder log
INFO: Destroying: tileImprovement:4404
Apr 20, 2018 4:12:28 PM net.sf.freecol.common.util.LogBuilder log
INFO: Destroying: tileImprovement:4406
Apr 20, 2018 4:12:28 PM net.sf.freecol.common.util.LogBuilder log
INFO: Destroying: tileImprovement:4324
Apr 20, 2018 4:12:28 PM net.sf.freecol.common.util.LogBuilder log
INFO: Destroying: tileImprovement:4326
Apr 20, 2018 4:12:28 PM net.sf.freecol.common.util.LogBuilder log
INFO: Destroying: tileImprovement:4328
Apr 20, 2018 4:12:28 PM net.sf.freecol.common.util.LogBuilder log
INFO: Destroying: tileImprovement:4330
Apr 20, 2018 4:12:28 PM net.sf.freecol.common.util.LogBuilder log
INFO: Destroying: tileImprovement:4332
Apr 20, 2018 4:12:28 PM net.sf.freecol.common.util.LogBuilder log
INFO: Destroying: tileImprovement:4410
Apr 20, 2018 4:12:28 PM net.sf.freecol.common.util.LogBuilder log
INFO: Destroying: tileImprovement:4412
Apr 20, 2018 4:12:28 PM net.sf.freecol.common.util.LogBuilder log
INFO: Destroying: tileImprovement:4414
Apr 20, 2018 4:12:28 PM net.sf.freecol.common.util.LogBuilder log
INFO: Destroying: tileImprovement:4416
Apr 20, 2018 4:12:28 PM net.sf.freecol.common.util.LogBuilder log
INFO: Destroying: tileImprovement:4418
Apr 20, 2018 4:12:28 PM net.sf.freecol.common.util.LogBuilder log
INFO: Destroying: tileImprovement:4420
Apr 20, 2018 4:12:28 PM net.sf.freecol.common.util.LogBuilder log
INFO: Destroying: tileImprovement:4290
Apr 20, 2018 4:12:28 PM net.sf.freecol.common.util.LogBuilder log
INFO: Destroying: tileImprovement:4345
Apr 20, 2018 4:12:28 PM net.sf.freecol.common.util.LogBuilder log
INFO: Destroying: tileImprovement:4346
Apr 20, 2018 4:12:28 PM net.sf.freecol.common.util.LogBuilder log
INFO: Destroying: tileImprovement:4347
Apr 20, 2018 4:12:28 PM net.sf.freecol.common.util.LogBuilder log
INFO: Destroying: tileImprovement:4348
Apr 20, 2018 4:12:28 PM net.sf.freecol.common.util.LogBuilder log
INFO: Destroying: tileImprovement:4349
Apr 20, 2018 4:12:28 PM net.sf.freecol.common.util.LogBuilder log
INFO: Destroying: tileImprovement:4350
Apr 20, 2018 4:12:28 PM net.sf.freecol.common.util.LogBuilder log
INFO: Destroying: tileImprovement:4351
Apr 20, 2018 4:12:28 PM net.sf.freecol.common.util.LogBuilder log
INFO: Destroying: tileImprovement:4380
Apr 20, 2018 4:12:28 PM net.sf.freecol.common.util.LogBuilder log
INFO: Destroying: tileImprovement:4500
Apr 20, 2018 4:12:28 PM net.sf.freecol.common.util.LogBuilder log
INFO: Destroying: tileImprovement:4564
Apr 20, 2018 4:12:28 PM net.sf.freecol.common.util.LogBuilder log
INFO: Destroying: tileImprovement:4566
Apr 20, 2018 4:12:28 PM net.sf.freecol.common.util.LogBuilder log
INFO: Destroying: tileImprovement:4568
Apr 20, 2018 4:12:28 PM net.sf.freecol.common.util.LogBuilder log
INFO: Destroying: tileImprovement:4570
Apr 20, 2018 4:12:28 PM net.sf.freecol.common.util.LogBuilder log
INFO: Destroying: tileImprovement:4572
Apr 20, 2018 4:12:28 PM net.sf.freecol.common.util.LogBuilder log
INFO: Destroying: tileImprovement:4547
Apr 20, 2018 4:12:28 PM net.sf.freecol.common.util.LogBuilder log
INFO: Destroying: tileImprovement:4549
Apr 20, 2018 4:12:28 PM net.sf.freecol.common.util.LogBuilder log
INFO: Destroying: tileImprovement:4551
Apr 20, 2018 4:12:28 PM net.sf.freecol.common.util.LogBuilder log
INFO: Destroying: tileImprovement:4553
Apr 20, 2018 4:12:28 PM net.sf.freecol.common.util.LogBuilder log
INFO: Destroying: tileImprovement:4555
Apr 20, 2018 4:12:28 PM net.sf.freecol.common.util.LogBuilder log
INFO: Destroying: tileImprovement:4543
Apr 20, 2018 4:12:28 PM net.sf.freecol.common.util.LogBuilder log
INFO: Destroying: tileImprovement:4367
Apr 20, 2018 4:12:28 PM net.sf.freecol.common.util.LogBuilder log
INFO: Destroying: tileImprovement:4369
Apr 20, 2018 4:12:28 PM net.sf.freecol.common.util.LogBuilder log
INFO: Destroying: tileImprovement:4644
Apr 20, 2018 4:12:28 PM net.sf.freecol.common.util.LogBuilder log
INFO: Destroying: tileImprovement:4645
Apr 20, 2018 4:12:28 PM net.sf.freecol.common.util.LogBuilder log
INFO: Destroying: tileImprovement:4457
Apr 20, 2018 4:12:28 PM net.sf.freecol.common.util.LogBuilder log
INFO: Destroying: tileImprovement:4459
Apr 20, 2018 4:12:28 PM net.sf.freecol.common.util.LogBuilder log
INFO: Destroying: tileImprovement:4461
Apr 20, 2018 4:12:28 PM net.sf.freecol.common.util.LogBuilder log
INFO: Destroying: tileImprovement:4463
Apr 20, 2018 4:12:28 PM net.sf.freecol.common.util.LogBuilder log
INFO: Destroying: tileImprovement:4465
Apr 20, 2018 4:12:28 PM net.sf.freecol.common.util.LogBuilder log
INFO: Destroying: tileImprovement:4467
Apr 20, 2018 4:12:28 PM net.sf.freecol.common.util.LogBuilder log
INFO: Destroying: tileImprovement:4441
Apr 20, 2018 4:12:28 PM net.sf.freecol.common.util.LogBuilder log
INFO: Destroying: tileImprovement:4657
Apr 20, 2018 4:12:28 PM net.sf.freecol.common.util.LogBuilder log
INFO: Destroying: tileImprovement:4659
Apr 20, 2018 4:12:28 PM net.sf.freecol.common.util.LogBuilder log
INFO: Destroying: tileImprovement:4661
Apr 20, 2018 4:12:28 PM net.sf.freecol.common.util.LogBuilder log
INFO: Destroying: tileImprovement:4501
Apr 20, 2018 4:12:28 PM net.sf.freecol.common.util.LogBuilder log
INFO: Destroying: tileImprovement:4503
Apr 20, 2018 4:12:28 PM net.sf.freecol.common.util.LogBuilder log
INFO: Destroying: tileImprovement:4495
Apr 20, 2018 4:12:28 PM net.sf.freecol.common.util.LogBuilder log
INFO: Destroying: tileImprovement:4496
Apr 20, 2018 4:12:28 PM net.sf.freecol.common.util.LogBuilder log
INFO: Destroying: tileImprovement:4497
Apr 20, 2018 4:12:28 PM net.sf.freecol.common.util.LogBuilder log
INFO: Destroying: tileImprovement:4498
Apr 20, 2018 4:12:28 PM net.sf.freecol.common.util.LogBuilder log
INFO: Destroying: tileImprovement:4499
Apr 20, 2018 4:12:28 PM net.sf.freecol.common.util.LogBuilder log
INFO: Destroying: tileImprovement:4352
Apr 20, 2018 4:12:28 PM net.sf.freecol.common.util.LogBuilder log
INFO: Destroying: tileImprovement:4354
Apr 20, 2018 4:12:28 PM net.sf.freecol.common.util.LogBuilder log
INFO: Destroying: tileImprovement:4356
Apr 20, 2018 4:12:28 PM net.sf.freecol.common.util.LogBuilder log
INFO: Destroying: tileImprovement:4684
Apr 20, 2018 4:12:28 PM net.sf.freecol.common.util.LogBuilder log
INFO: Destroying: tileImprovement:4686
Apr 20, 2018 4:12:28 PM net.sf.freecol.common.util.LogBuilder log
INFO: Destroying: tileImprovement:4688
Apr 20, 2018 4:12:28 PM net.sf.freecol.common.util.LogBuilder log
INFO: Destroying: tileImprovement:4690
Apr 20, 2018 4:12:28 PM net.sf.freecol.common.util.LogBuilder log
INFO: Destroying: tileImprovement:4692
Apr 20, 2018 4:12:28 PM net.sf.freecol.common.util.LogBuilder log
INFO: Destroying: tileImprovement:4694
Apr 20, 2018 4:12:28 PM net.sf.freecol.common.util.LogBuilder log
INFO: Destroying: tileImprovement:4577
Apr 20, 2018 4:12:28 PM net.sf.freecol.common.util.LogBuilder log
INFO: Destroying: tileImprovement:4579
Apr 20, 2018 4:12:28 PM net.sf.freecol.common.util.LogBuilder log
INFO: Destroying: tileImprovement:4581
Apr 20, 2018 4:12:28 PM net.sf.freecol.common.util.LogBuilder log
INFO: Destroying: tileImprovement:4583
Apr 20, 2018 4:12:28 PM net.sf.freecol.common.util.LogBuilder log
INFO: Destroying: tileImprovement:4585
Apr 20, 2018 4:12:28 PM net.sf.freecol.common.util.LogBuilder log
INFO: Destroying: tileImprovement:4587
Apr 20, 2018 4:12:28 PM net.sf.freecol.common.util.LogBuilder log
INFO: Destroying: tileImprovement:4733
Apr 20, 2018 4:12:28 PM net.sf.freecol.common.util.LogBuilder log
INFO: Destroying: tileImprovement:4734
Apr 20, 2018 4:12:28 PM net.sf.freecol.common.util.LogBuilder log
INFO: Destroying: tileImprovement:4735
Apr 20, 2018 4:12:28 PM net.sf.freecol.common.util.LogBuilder log
INFO: Destroying: tileImprovement:4376
Apr 20, 2018 4:12:28 PM net.sf.freecol.common.util.LogBuilder log
INFO: Destroying: tileImprovement:4378
Apr 20, 2018 4:12:28 PM net.sf.freecol.common.util.LogBuilder log
INFO: Destroying: tileImprovement:4524
Apr 20, 2018 4:12:28 PM net.sf.freecol.server.networking.Server sendToAll
INFO: Reap dead connection: [DummyConnection Server connection - model.nation.arawak]
Apr 20, 2018 4:12:28 PM net.sf.freecol.server.networking.Server sendToAll
INFO: Reap dead connection: [DummyConnection Server connection - model.nation.french]
Apr 20, 2018 4:12:28 PM net.sf.freecol.server.networking.Server sendToAll
INFO: Reap dead connection: [DummyConnection Server connection - model.nation.apache]
Apr 20, 2018 4:12:28 PM net.sf.freecol.server.networking.Server sendToAll
INFO: Reap dead connection: [DummyConnection Server connection - model.nation.tupi]
Apr 20, 2018 4:12:28 PM net.sf.freecol.server.networking.Server sendToAll
INFO: Reap dead connection: [DummyConnection Server connection - model.nation.sioux]
Apr 20, 2018 4:12:28 PM net.sf.freecol.server.networking.Server sendToAll
INFO: Reap dead connection: [DummyConnection Server connection - model.nation.dutch]
Apr 20, 2018 4:12:28 PM net.sf.freecol.server.networking.Server sendToAll
INFO: Reap dead connection: [DummyConnection Server connection - model.nation.aztec]
Apr 20, 2018 4:12:28 PM net.sf.freecol.server.networking.Server sendToAll
INFO: Reap dead connection: [DummyConnection Server connection - model.nation.cherokee]
Apr 20, 2018 4:12:28 PM net.sf.freecol.server.networking.Server sendToAll
INFO: Reap dead connection: [DummyConnection Server connection - model.nation.iroquois]
Apr 20, 2018 4:12:28 PM net.sf.freecol.server.networking.Server sendToAll
INFO: Reap dead connection: [DummyConnection Server connection - model.nation.english]
Apr 20, 2018 4:12:28 PM net.sf.freecol.server.networking.Server sendToAll
INFO: Reap dead connection: [DummyConnection Server connection - model.nation.inca]
Apr 20, 2018 4:12:28 PM net.sf.freecol.server.networking.Server sendToAll
INFO: Reap dead connection: [DummyConnection Server connection - model.nation.spanish]
Apr 20, 2018 4:12:28 PM net.sf.freecol.server.FreeColServer readGame
INFO: Found savegame version 13
Apr 20, 2018 4:12:28 PM net.sf.freecol.common.model.Game readChild
INFO: Loading specification.
Apr 20, 2018 4:12:28 PM net.sf.freecol.common.model.Specification checkDifficultyOptionGroup
INFO: Check group model.difficulty.immigration
Apr 20, 2018 4:12:28 PM net.sf.freecol.common.model.Specification checkDifficultyOptionGroup
INFO: Check group model.difficulty.natives
Apr 20, 2018 4:12:28 PM net.sf.freecol.common.model.Specification checkDifficultyOptionGroup
INFO: Check group model.difficulty.monarch
Apr 20, 2018 4:12:28 PM net.sf.freecol.common.model.Specification checkDifficultyOptionGroup
INFO: Check group model.difficulty.government
Apr 20, 2018 4:12:28 PM net.sf.freecol.common.model.Specification checkDifficultyOptionGroup
INFO: Check group model.difficulty.other
Apr 20, 2018 4:12:28 PM net.sf.freecol.common.model.Specification checkDifficultyOptionGroup
INFO: Check group model.difficulty.cheat
Apr 20, 2018 4:12:28 PM net.sf.freecol.common.model.Specification applyDifficultyLevel
INFO: Applying difficulty level model.difficulty.medium
Apr 20, 2018 4:12:28 PM net.sf.freecol.common.model.Specification clean
INFO: Specification clean following load from stream complete, starting year=1492, season year=1600, ages=[1,109,309], seasons=2, 253 FreeColGameObjectTypes, 79 Abilities, 41 BuildingTypes, 14 Disasters, 9 EuropeanNationTypes, 2 Events, 25 FoundingFathers, 21 GoodsTypes, 8 IndianNationTypes, 59 Modifiers, 25 Nations, 161 Options, 23 Option Groups, 12 ResourceTypes, 11 Roles, 23 TileTypes, 6 TileImprovementTypes, 42 UnitTypes read.
Apr 20, 2018 4:12:28 PM net.sf.freecol.server.FreeColServer loadGame
INFO: Game integrity test succeeded.
Apr 20, 2018 4:12:28 PM net.sf.freecol.server.FreeColServer loadGame
INFO: AI integrity test succeeded
Apr 20, 2018 4:12:28 PM net.sf.freecol.common.FreeColSeed getFreeColSeed
INFO: Using seed: -6879131964061578160
Apr 20, 2018 4:12:28 PM net.sf.freecol.common.model.LandMap <init>
INFO: Using land generator model.option.landGeneratorType.classic
Apr 20, 2018 4:12:28 PM net.sf.freecol.common.util.LogBuilder log
INFO: Destroying: tileImprovement:4379
Apr 20, 2018 4:12:28 PM net.sf.freecol.common.util.LogBuilder log
INFO: Destroying: tileImprovement:4381
Apr 20, 2018 4:12:28 PM net.sf.freecol.common.util.LogBuilder log
INFO: Destroying: tileImprovement:4383
Apr 20, 2018 4:12:28 PM net.sf.freecol.common.util.LogBuilder log
INFO: Destroying: tileImprovement:4337
Apr 20, 2018 4:12:28 PM net.sf.freecol.common.util.LogBuilder log
INFO: Destroying: tileImprovement:4339
Apr 20, 2018 4:12:28 PM net.sf.freecol.common.util.LogBuilder log
INFO: Destroying: tileImprovement:4341
Apr 20, 2018 4:12:28 PM net.sf.freecol.common.util.LogBuilder log
INFO: Destroying: tileImprovement:4343
Apr 20, 2018 4:12:28 PM net.sf.freecol.common.util.LogBuilder log
INFO: Destroying: tileImprovement:4345
Apr 20, 2018 4:12:28 PM net.sf.freecol.common.util.LogBuilder log
INFO: Destroying: tileImprovement:4347
Apr 20, 2018 4:12:28 PM net.sf.freecol.common.util.LogBuilder log
INFO: Destroying: tileImprovement:4349
Apr 20, 2018 4:12:28 PM net.sf.freecol.common.util.LogBuilder log
INFO: Destroying: tileImprovement:4351
Apr 20, 2018 4:12:28 PM net.sf.freecol.common.util.LogBuilder log
INFO: Destroying: tileImprovement:4353
Apr 20, 2018 4:12:28 PM net.sf.freecol.common.util.LogBuilder log
INFO: Destroying: tileImprovement:4366
Apr 20, 2018 4:12:28 PM net.sf.freecol.common.util.LogBuilder log
INFO: Destroying: tileImprovement:4368
Apr 20, 2018 4:12:28 PM net.sf.freecol.common.util.LogBuilder log
INFO: Destroying: tileImprovement:4293
Apr 20, 2018 4:12:28 PM net.sf.freecol.common.util.LogBuilder log
INFO: Destroying: tileImprovement:4295
Apr 20, 2018 4:12:28 PM net.sf.freecol.common.util.LogBuilder log
INFO: Destroying: tileImprovement:4297
Apr 20, 2018 4:12:28 PM net.sf.freecol.common.util.LogBuilder log
INFO: Destroying: tileImprovement:4299
Apr 20, 2018 4:12:28 PM net.sf.freecol.common.util.LogBuilder log
INFO: Destroying: tileImprovement:4301
Apr 20, 2018 4:12:28 PM net.sf.freecol.common.util.LogBuilder log
INFO: Destroying: tileImprovement:4289
Apr 20, 2018 4:12:28 PM net.sf.freecol.common.util.LogBuilder log
INFO: Destroying: tileImprovement:4545
Apr 20, 2018 4:12:28 PM net.sf.freecol.common.util.LogBuilder log
INFO: Destroying: tileImprovement:4546
Apr 20, 2018 4:12:28 PM net.sf.freecol.common.util.LogBuilder log
INFO: Destroying: tileImprovement:4547
Apr 20, 2018 4:12:28 PM net.sf.freecol.common.util.LogBuilder log
INFO: Destroying: tileImprovement:4548
Apr 20, 2018 4:12:28 PM net.sf.freecol.common.util.LogBuilder log
INFO: Destroying: tileImprovement:4549
Apr 20, 2018 4:12:28 PM net.sf.freecol.common.util.LogBuilder log
INFO: Destroying: tileImprovement:4375
Apr 20, 2018 4:12:28 PM net.sf.freecol.common.util.LogBuilder log
INFO: Destroying: tileImprovement:4377
Apr 20, 2018 4:12:28 PM net.sf.freecol.common.util.LogBuilder log
INFO: Destroying: tileImprovement:4402
Apr 20, 2018 4:12:28 PM net.sf.freecol.common.util.LogBuilder log
INFO: Destroying: tileImprovement:4403
Apr 20, 2018 4:12:28 PM net.sf.freecol.common.util.LogBuilder log
INFO: Destroying: tileImprovement:4404
Apr 20, 2018 4:12:28 PM net.sf.freecol.common.util.LogBuilder log
INFO: Destroying: tileImprovement:4291
Apr 20, 2018 4:12:28 PM net.sf.freecol.common.util.LogBuilder log
INFO: Destroying: tileImprovement:4544
Apr 20, 2018 4:12:28 PM net.sf.freecol.common.util.LogBuilder log
INFO: Destroying: tileImprovement:4533
Apr 20, 2018 4:12:28 PM net.sf.freecol.common.util.LogBuilder log
INFO: Destroying: tileImprovement:4535
Apr 20, 2018 4:12:28 PM net.sf.freecol.common.util.LogBuilder log
INFO: Destroying: tileImprovement:4537
Apr 20, 2018 4:12:28 PM net.sf.freecol.common.util.LogBuilder log
INFO: Destroying: tileImprovement:4539
Apr 20, 2018 4:12:28 PM net.sf.freecol.common.util.LogBuilder log
INFO: Destroying: tileImprovement:4523
Apr 20, 2018 4:12:28 PM net.sf.freecol.common.util.LogBuilder log
INFO: Destroying: tileImprovement:4524
Apr 20, 2018 4:12:28 PM net.sf.freecol.common.util.LogBuilder log
INFO: Destroying: tileImprovement:4586
Apr 20, 2018 4:12:28 PM net.sf.freecol.common.util.LogBuilder log
INFO: Destroying: tileImprovement:4588
Apr 20, 2018 4:12:28 PM net.sf.freecol.common.util.LogBuilder log
INFO: Destroying: tileImprovement:4590
Apr 20, 2018 4:12:28 PM net.sf.freecol.common.util.LogBuilder log
INFO: Destroying: tileImprovement:4592
Apr 20, 2018 4:12:28 PM net.sf.freecol.common.util.LogBuilder log
INFO: Destroying: tileImprovement:4594
Apr 20, 2018 4:12:28 PM net.sf.freecol.common.util.LogBuilder log
INFO: Destroying: tileImprovement:4596
Apr 20, 2018 4:12:28 PM net.sf.freecol.common.util.LogBuilder log
INFO: Destroying: tileImprovement:4598
Apr 20, 2018 4:12:28 PM net.sf.freecol.common.util.LogBuilder log
INFO: Destroying: tileImprovement:4600
Apr 20, 2018 4:12:28 PM net.sf.freecol.common.util.LogBuilder log
INFO: Destroying: tileImprovement:4602
Apr 20, 2018 4:12:28 PM net.sf.freecol.common.util.LogBuilder log
INFO: Destroying: tileImprovement:4604
Apr 20, 2018 4:12:28 PM net.sf.freecol.common.util.LogBuilder log
INFO: Destroying: tileImprovement:4606
Apr 20, 2018 4:12:28 PM net.sf.freecol.common.util.LogBuilder log
INFO: Destroying: tileImprovement:4608
Apr 20, 2018 4:12:28 PM net.sf.freecol.common.util.LogBuilder log
INFO: Destroying: tileImprovement:4610
Apr 20, 2018 4:12:28 PM net.sf.freecol.common.util.LogBuilder log
INFO: Destroying: tileImprovement:4612
Apr 20, 2018 4:12:28 PM net.sf.freecol.common.util.LogBuilder log
INFO: Destroying: tileImprovement:4614
Apr 20, 2018 4:12:28 PM net.sf.freecol.common.util.LogBuilder log
INFO: Destroying: tileImprovement:4616
Apr 20, 2018 4:12:28 PM net.sf.freecol.common.util.LogBuilder log
INFO: Destroying: tileImprovement:4582
Apr 20, 2018 4:12:28 PM net.sf.freecol.common.util.LogBuilder log
INFO: Destroying: tileImprovement:4583
Apr 20, 2018 4:12:28 PM net.sf.freecol.common.util.LogBuilder log
INFO: Destroying: tileImprovement:4305
Apr 20, 2018 4:12:28 PM net.sf.freecol.common.util.LogBuilder log
INFO: Destroying: tileImprovement:4307
Apr 20, 2018 4:12:28 PM net.sf.freecol.common.util.LogBuilder log
INFO: Destroying: tileImprovement:4309
Apr 20, 2018 4:12:28 PM net.sf.freecol.common.util.LogBuilder log
INFO: Destroying: tileImprovement:4311
Apr 20, 2018 4:12:28 PM net.sf.freecol.common.util.LogBuilder log
INFO: Destroying: tileImprovement:4313
Apr 20, 2018 4:12:28 PM net.sf.freecol.common.util.LogBuilder log
INFO: Destroying: tileImprovement:4373
Apr 20, 2018 4:12:28 PM net.sf.freecol.common.util.LogBuilder log
INFO: Destroying: tileImprovement:4624
Apr 20, 2018 4:12:28 PM net.sf.freecol.common.util.LogBuilder log
INFO: Destroying: tileImprovement:4626
Apr 20, 2018 4:12:28 PM net.sf.freecol.common.util.LogBuilder log
INFO: Destroying: tileImprovement:4623
Apr 20, 2018 4:12:28 PM net.sf.freecol.common.util.LogBuilder log
INFO: Destroying: tileImprovement:4386
Apr 20, 2018 4:12:28 PM net.sf.freecol.common.util.LogBuilder log
INFO: Destroying: tileImprovement:4388
Apr 20, 2018 4:12:28 PM net.sf.freecol.common.util.LogBuilder log
INFO: Destroying: tileImprovement:4390
Apr 20, 2018 4:12:28 PM net.sf.freecol.common.util.LogBuilder log
INFO: Destroying: tileImprovement:4392
Apr 20, 2018 4:12:28 PM net.sf.freecol.common.util.LogBuilder log
INFO: Destroying: tileImprovement:4394
Apr 20, 2018 4:12:28 PM net.sf.freecol.common.util.LogBuilder log
INFO: Destroying: tileImprovement:4396
Apr 20, 2018 4:12:28 PM net.sf.freecol.common.util.LogBuilder log
INFO: Destroying: tileImprovement:4503
Apr 20, 2018 4:12:28 PM net.sf.freecol.common.util.LogBuilder log
INFO: Destroying: tileImprovement:4505
Apr 20, 2018 4:12:28 PM net.sf.freecol.common.util.LogBuilder log
INFO: Destroying: tileImprovement:4507
Apr 20, 2018 4:12:28 PM net.sf.freecol.common.util.LogBuilder log
INFO: Destroying: tileImprovement:4509
Apr 20, 2018 4:12:28 PM net.sf.freecol.common.util.LogBuilder log
INFO: Destroying: tileImprovement:4511
Apr 20, 2018 4:12:28 PM net.sf.freecol.common.util.LogBuilder log
INFO: Destroying: tileImprovement:4513
Apr 20, 2018 4:12:28 PM net.sf.freecol.common.util.LogBuilder log
INFO: Destroying: tileImprovement:4515
Apr 20, 2018 4:12:28 PM net.sf.freecol.common.util.LogBuilder log
INFO: Destroying: tileImprovement:4490
Apr 20, 2018 4:12:28 PM net.sf.freecol.common.util.LogBuilder log
INFO: Destroying: tileImprovement:4491
Apr 20, 2018 4:12:28 PM net.sf.freecol.common.util.LogBuilder log
INFO: Destroying: tileImprovement:4492
Apr 20, 2018 4:12:28 PM net.sf.freecol.common.util.LogBuilder log
INFO: Destroying: tileImprovement:4493
Apr 20, 2018 4:12:28 PM net.sf.freecol.common.util.LogBuilder log
INFO: Destroying: tileImprovement:4494
Apr 20, 2018 4:12:28 PM net.sf.freecol.common.util.LogBuilder log
INFO: Destroying: tileImprovement:4495
Apr 20, 2018 4:12:28 PM net.sf.freecol.common.util.LogBuilder log
INFO: Destroying: tileImprovement:4496
Apr 20, 2018 4:12:28 PM net.sf.freecol.common.util.LogBuilder log
INFO: Destroying: tileImprovement:4497
Apr 20, 2018 4:12:28 PM net.sf.freecol.common.util.LogBuilder log
INFO: Destroying: tileImprovement:4498
Apr 20, 2018 4:12:28 PM net.sf.freecol.common.util.LogBuilder log
INFO: Destroying: tileImprovement:4696
Apr 20, 2018 4:12:28 PM net.sf.freecol.common.util.LogBuilder log
INFO: Destroying: tileImprovement:4698
Apr 20, 2018 4:12:28 PM net.sf.freecol.common.util.LogBuilder log
INFO: Destroying: tileImprovement:4677
Apr 20, 2018 4:12:28 PM net.sf.freecol.common.util.LogBuilder log
INFO: Destroying: tileImprovement:4678
Apr 20, 2018 4:12:28 PM net.sf.freecol.common.util.LogBuilder log
INFO: Destroying: tileImprovement:4679
Apr 20, 2018 4:12:28 PM net.sf.freecol.common.util.LogBuilder log
INFO: Destroying: tileImprovement:4680
Apr 20, 2018 4:12:28 PM net.sf.freecol.common.util.LogBuilder log
INFO: Destroying: tileImprovement:4681
Apr 20, 2018 4:12:28 PM net.sf.freecol.common.util.LogBuilder log
INFO: Destroying: tileImprovement:4682
Apr 20, 2018 4:12:28 PM net.sf.freecol.common.util.LogBuilder log
INFO: Destroying: tileImprovement:4683
Apr 20, 2018 4:12:28 PM net.sf.freecol.common.util.LogBuilder log
INFO: Destroying: tileImprovement:4684
Apr 20, 2018 4:12:28 PM net.sf.freecol.common.util.LogBuilder log
INFO: Destroying: tileImprovement:4685
Apr 20, 2018 4:12:28 PM net.sf.freecol.common.util.LogBuilder log
INFO: Destroying: tileImprovement:4686
Apr 20, 2018 4:12:28 PM net.sf.freecol.common.util.LogBuilder log
INFO: Destroying: tileImprovement:4687
Apr 20, 2018 4:12:28 PM net.sf.freecol.common.util.LogBuilder log
INFO: Destroying: tileImprovement:4688
Apr 20, 2018 4:12:28 PM net.sf.freecol.common.util.LogBuilder log
INFO: Destroying: tileImprovement:4689
Apr 20, 2018 4:12:28 PM net.sf.freecol.common.util.LogBuilder log
INFO: Destroying: tileImprovement:4690
Apr 20, 2018 4:12:28 PM net.sf.freecol.common.util.LogBuilder log
INFO: Destroying: tileImprovement:4691
Apr 20, 2018 4:12:28 PM net.sf.freecol.common.util.LogBuilder log
INFO: Destroying: tileImprovement:4692
Apr 20, 2018 4:12:28 PM net.sf.freecol.common.util.LogBuilder log
INFO: Destroying: tileImprovement:4694
Apr 20, 2018 4:12:28 PM net.sf.freecol.common.util.LogBuilder log
INFO: Destroying: tileImprovement:4816
Apr 20, 2018 4:12:28 PM net.sf.freecol.common.util.LogBuilder log
INFO: Destroying: tileImprovement:4817
Apr 20, 2018 4:12:28 PM net.sf.freecol.common.util.LogBuilder log
INFO: Destroying: tileImprovement:4574
Apr 20, 2018 4:12:28 PM net.sf.freecol.common.util.LogBuilder log
INFO: Destroying: tileImprovement:4576
Apr 20, 2018 4:12:28 PM net.sf.freecol.common.util.LogBuilder log
INFO: Destroying: tileImprovement:4578
Apr 20, 2018 4:12:28 PM net.sf.freecol.common.util.LogBuilder log
INFO: Destroying: tileImprovement:4755
Apr 20, 2018 4:12:28 PM net.sf.freecol.common.util.LogBuilder log
INFO: Destroying: tileImprovement:4757
Apr 20, 2018 4:12:28 PM net.sf.freecol.common.util.LogBuilder log
INFO: Destroying: tileImprovement:4759
Apr 20, 2018 4:12:28 PM net.sf.freecol.common.util.LogBuilder log
INFO: Destroying: tileImprovement:4749
Apr 20, 2018 4:12:28 PM net.sf.freecol.common.util.LogBuilder log
INFO: Destroying: tileImprovement:4750
Apr 20, 2018 4:12:28 PM net.sf.freecol.common.util.LogBuilder log
INFO: Destroying: tileImprovement:4428
Apr 20, 2018 4:12:28 PM net.sf.freecol.common.util.LogBuilder log
INFO: Destroying: tileImprovement:4430
Apr 20, 2018 4:12:28 PM net.sf.freecol.common.util.LogBuilder log
INFO: Destroying: tileImprovement:4432
Apr 20, 2018 4:12:28 PM net.sf.freecol.common.util.LogBuilder log
INFO: Destroying: tileImprovement:4434
Apr 20, 2018 4:12:28 PM net.sf.freecol.common.util.LogBuilder log
INFO: Destroying: tileImprovement:4436
Apr 20, 2018 4:12:28 PM net.sf.freecol.common.util.LogBuilder log
INFO: Destroying: tileImprovement:4438
Apr 20, 2018 4:12:28 PM net.sf.freecol.common.util.LogBuilder log
INFO: Destroying: tileImprovement:4440
Apr 20, 2018 4:12:28 PM net.sf.freecol.common.util.LogBuilder log
INFO: Destroying: tileImprovement:4442
Apr 20, 2018 4:12:28 PM net.sf.freecol.common.util.LogBuilder log
INFO: Destroying: tileImprovement:4444
Apr 20, 2018 4:12:28 PM net.sf.freecol.common.util.LogBuilder log
INFO: Destroying: tileImprovement:4446
Apr 20, 2018 4:12:28 PM net.sf.freecol.common.util.LogBuilder log
INFO: Destroying: tileImprovement:4448
Apr 20, 2018 4:12:28 PM net.sf.freecol.common.util.LogBuilder log
INFO: Destroying: tileImprovement:4450
Apr 20, 2018 4:12:28 PM net.sf.freecol.common.util.LogBuilder log
INFO: Destroying: tileImprovement:4452
Apr 20, 2018 4:12:28 PM net.sf.freecol.common.util.LogBuilder log
INFO: Destroying: tileImprovement:4454
Apr 20, 2018 4:12:28 PM net.sf.freecol.common.util.LogBuilder log
INFO: Destroying: tileImprovement:4456
Apr 20, 2018 4:12:28 PM net.sf.freecol.common.util.LogBuilder log
INFO: Destroying: tileImprovement:4900
Apr 20, 2018 4:12:28 PM net.sf.freecol.common.util.LogBuilder log
INFO: Destroying: tileImprovement:4902
Apr 20, 2018 4:12:28 PM net.sf.freecol.common.util.LogBuilder log
INFO: Destroying: tileImprovement:4904
Apr 20, 2018 4:12:28 PM net.sf.freecol.common.util.LogBuilder log
INFO: Destroying: tileImprovement:4881
Apr 20, 2018 4:12:28 PM net.sf.freecol.common.util.LogBuilder log
INFO: Destroying: tileImprovement:4882
Apr 20, 2018 4:12:28 PM net.sf.freecol.common.util.LogBuilder log
INFO: Destroying: tileImprovement:4883
Apr 20, 2018 4:12:28 PM net.sf.freecol.common.util.LogBuilder log
INFO: Destroying: tileImprovement:4884
Apr 20, 2018 4:12:28 PM net.sf.freecol.common.util.LogBuilder log
INFO: Destroying: tileImprovement:4885
Apr 20, 2018 4:12:28 PM net.sf.freecol.common.util.LogBuilder log
INFO: Destroying: tileImprovement:4886
Apr 20, 2018 4:12:28 PM net.sf.freecol.common.util.LogBuilder log
INFO: Destroying: tileImprovement:4887
Apr 20, 2018 4:12:28 PM net.sf.freecol.common.util.LogBuilder log
INFO: Destroying: tileImprovement:4888
Apr 20, 2018 4:12:28 PM net.sf.freecol.common.util.LogBuilder log
INFO: Destroying: tileImprovement:4889
Apr 20, 2018 4:12:28 PM net.sf.freecol.common.util.LogBuilder log
INFO: Destroying: tileImprovement:4890
Apr 20, 2018 4:12:28 PM net.sf.freecol.common.util.LogBuilder log
INFO: Destroying: tileImprovement:4891
Apr 20, 2018 4:12:28 PM net.sf.freecol.common.util.LogBuilder log
INFO: Destroying: tileImprovement:4892
Apr 20, 2018 4:12:28 PM net.sf.freecol.common.util.LogBuilder log
INFO: Destroying: tileImprovement:4893
Apr 20, 2018 4:12:28 PM net.sf.freecol.common.util.LogBuilder log
INFO: Destroying: tileImprovement:4894
Apr 20, 2018 4:12:28 PM net.sf.freecol.common.util.LogBuilder log
INFO: Destroying: tileImprovement:4895
Apr 20, 2018 4:12:28 PM net.sf.freecol.common.util.LogBuilder log
INFO: Destroying: tileImprovement:4799
Apr 20, 2018 4:12:28 PM net.sf.freecol.common.util.LogBuilder log
INFO: Destroying: tileImprovement:4800
Apr 20, 2018 4:12:28 PM net.sf.freecol.common.util.LogBuilder log
INFO: Destroying: tileImprovement:4723
Apr 20, 2018 4:12:28 PM net.sf.freecol.common.util.LogBuilder log
INFO: Destroying: tileImprovement:4704
Apr 20, 2018 4:12:28 PM net.sf.freecol.common.util.LogBuilder log
INFO: Destroying: tileImprovement:4705
Apr 20, 2018 4:12:28 PM net.sf.freecol.common.util.LogBuilder log
INFO: Destroying: tileImprovement:4706
Apr 20, 2018 4:12:28 PM net.sf.freecol.common.util.LogBuilder log
INFO: Destroying: tileImprovement:4707
Apr 20, 2018 4:12:28 PM net.sf.freecol.common.util.LogBuilder log
INFO: Destroying: tileImprovement:4708
Apr 20, 2018 4:12:28 PM net.sf.freecol.common.util.LogBuilder log
INFO: Destroying: tileImprovement:4529
Apr 20, 2018 4:12:28 PM net.sf.freecol.common.util.LogBuilder log
INFO: Destroying: tileImprovement:4531
Apr 20, 2018 4:12:28 PM net.sf.freecol.common.util.LogBuilder log
INFO: Destroying: tileImprovement:4659
Apr 20, 2018 4:12:28 PM net.sf.freecol.common.util.LogBuilder log
INFO: Destroying: tileImprovement:4660
Apr 20, 2018 4:12:28 PM net.sf.freecol.common.util.LogBuilder log
INFO: Destroying: tileImprovement:4661
Apr 20, 2018 4:12:28 PM net.sf.freecol.common.util.LogBuilder log
INFO: Destroying: tileImprovement:4662
Apr 20, 2018 4:12:28 PM net.sf.freecol.common.util.LogBuilder log
INFO: Destroying: tileImprovement:4764
Apr 20, 2018 4:12:28 PM net.sf.freecol.common.util.LogBuilder log
INFO: Destroying: tileImprovement:4765
Apr 20, 2018 4:12:28 PM net.sf.freecol.common.util.LogBuilder log
INFO: Destroying: tileImprovement:4766
Apr 20, 2018 4:12:28 PM net.sf.freecol.common.util.LogBuilder log
INFO: Destroying: tileImprovement:4767
Apr 20, 2018 4:12:28 PM net.sf.freecol.common.util.LogBuilder log
INFO: Destroying: tileImprovement:5008
Apr 20, 2018 4:12:28 PM net.sf.freecol.common.util.LogBuilder log
INFO: Destroying: tileImprovement:5010
Apr 20, 2018 4:12:28 PM net.sf.freecol.common.util.LogBuilder log
INFO: Destroying: tileImprovement:5001
Apr 20, 2018 4:12:28 PM net.sf.freecol.common.util.LogBuilder log
INFO: Destroying: tileImprovement:5002
Apr 20, 2018 4:12:28 PM net.sf.freecol.common.util.LogBuilder log
INFO: Destroying: tileImprovement:4733
Apr 20, 2018 4:12:28 PM net.sf.freecol.common.util.LogBuilder log
INFO: Destroying: tileImprovement:4735
Apr 20, 2018 4:12:28 PM net.sf.freecol.common.util.LogBuilder log
INFO: Destroying: tileImprovement:4737
Apr 20, 2018 4:12:28 PM net.sf.freecol.common.util.LogBuilder log
INFO: Destroying: tileImprovement:4739
Apr 20, 2018 4:12:28 PM net.sf.freecol.common.util.LogBuilder log
INFO: Destroying: tileImprovement:4741
Apr 20, 2018 4:12:28 PM net.sf.freecol.common.util.LogBuilder log
INFO: Destroying: tileImprovement:4743
Apr 20, 2018 4:12:28 PM net.sf.freecol.common.util.LogBuilder log
INFO: Destroying: tileImprovement:4745
Apr 20, 2018 4:12:28 PM net.sf.freecol.common.util.LogBuilder log
INFO: Destroying: tileImprovement:4732
Apr 20, 2018 4:12:28 PM net.sf.freecol.common.util.LogBuilder log
INFO: Destroying: tileImprovement:4974
Apr 20, 2018 4:12:28 PM net.sf.freecol.common.util.LogBuilder log
INFO: Destroying: tileImprovement:4976
Apr 20, 2018 4:12:28 PM net.sf.freecol.common.util.LogBuilder log
INFO: Destroying: tileImprovement:4978
Apr 20, 2018 4:12:28 PM net.sf.freecol.common.util.LogBuilder log
INFO: Destroying: tileImprovement:4414
Apr 20, 2018 4:12:28 PM net.sf.freecol.common.util.LogBuilder log
INFO: Destroying: tileImprovement:4416
Apr 20, 2018 4:12:28 PM net.sf.freecol.common.util.LogBuilder log
INFO: Destroying: tileImprovement:4418
Apr 20, 2018 4:12:28 PM net.sf.freecol.common.util.LogBuilder log
INFO: Destroying: tileImprovement:4420
Apr 20, 2018 4:12:28 PM net.sf.freecol.common.util.LogBuilder log
INFO: Destroying: tileImprovement:4422
Apr 20, 2018 4:12:28 PM net.sf.freecol.common.util.LogBuilder log
INFO: Destroying: tileImprovement:4424
Apr 20, 2018 4:12:28 PM net.sf.freecol.common.util.LogBuilder log
INFO: Destroying: tileImprovement:4426
Apr 20, 2018 4:12:28 PM net.sf.freecol.server.networking.Server sendToAll
INFO: Reap dead connection: [DummyConnection Server connection - model.nation.apache]
Apr 20, 2018 4:12:28 PM net.sf.freecol.server.networking.Server sendToAll
INFO: Reap dead connection: [DummyConnection Server connection - model.nation.arawak]
Apr 20, 2018 4:12:28 PM net.sf.freecol.server.networking.Server sendToAll
INFO: Reap dead connection: [DummyConnection Server connection - model.nation.spanish]
Apr 20, 2018 4:12:28 PM net.sf.freecol.server.networking.Server sendToAll
INFO: Reap dead connection: [DummyConnection Server connection - model.nation.tupi]
Apr 20, 2018 4:12:28 PM net.sf.freecol.server.networking.Server sendToAll
INFO: Reap dead connection: [DummyConnection Server connection - model.nation.dutch]
Apr 20, 2018 4:12:28 PM net.sf.freecol.server.networking.Server sendToAll
INFO: Reap dead connection: [DummyConnection Server connection - model.nation.cherokee]
Apr 20, 2018 4:12:28 PM net.sf.freecol.server.networking.Server sendToAll
INFO: Reap dead connection: [DummyConnection Server connection - model.nation.aztec]
Apr 20, 2018 4:12:28 PM net.sf.freecol.server.networking.Server sendToAll
INFO: Reap dead connection: [DummyConnection Server connection - model.nation.sioux]
Apr 20, 2018 4:12:28 PM net.sf.freecol.server.networking.Server sendToAll
INFO: Reap dead connection: [DummyConnection Server connection - model.nation.iroquois]
Apr 20, 2018 4:12:28 PM net.sf.freecol.server.networking.Server sendToAll
INFO: Reap dead connection: [DummyConnection Server connection - model.nation.french]
Apr 20, 2018 4:12:28 PM net.sf.freecol.server.networking.Server sendToAll
INFO: Reap dead connection: [DummyConnection Server connection - model.nation.english]
Apr 20, 2018 4:12:28 PM net.sf.freecol.server.networking.Server sendToAll
INFO: Reap dead connection: [DummyConnection Server connection - model.nation.inca]
Apr 20, 2018 4:12:28 PM net.sf.freecol.common.FreeColSeed getFreeColSeed
INFO: Using seed: 5498211893523497064
Apr 20, 2018 4:12:29 PM net.sf.freecol.server.FreeColServer readGame
INFO: Found savegame version 13
Apr 20, 2018 4:12:29 PM net.sf.freecol.common.model.Game readChild
INFO: Reloading specification.
Apr 20, 2018 4:12:29 PM net.sf.freecol.common.model.Specification checkDifficultyOptionGroup
INFO: Check group model.difficulty.immigration
Apr 20, 2018 4:12:29 PM net.sf.freecol.common.model.Specification checkDifficultyOptionGroup
INFO: Check group model.difficulty.natives
Apr 20, 2018 4:12:29 PM net.sf.freecol.common.model.Specification checkDifficultyOptionGroup
INFO: Check group model.difficulty.monarch
Apr 20, 2018 4:12:29 PM net.sf.freecol.common.model.Specification checkDifficultyOptionGroup
INFO: Check group model.difficulty.government
Apr 20, 2018 4:12:29 PM net.sf.freecol.common.model.Specification checkDifficultyOptionGroup
INFO: Check group model.difficulty.other
Apr 20, 2018 4:12:29 PM net.sf.freecol.common.model.Specification checkDifficultyOptionGroup
INFO: Check group model.difficulty.cheat
Apr 20, 2018 4:12:29 PM net.sf.freecol.common.model.Specification applyDifficultyLevel
INFO: Applying difficulty level model.difficulty.medium
Apr 20, 2018 4:12:29 PM net.sf.freecol.common.model.Specification clean
INFO: Specification clean following load from stream complete, starting year=1492, season year=1600, ages=[1,109,309], seasons=2, 253 FreeColGameObjectTypes, 79 Abilities, 41 BuildingTypes, 14 Disasters, 9 EuropeanNationTypes, 2 Events, 25 FoundingFathers, 21 GoodsTypes, 8 IndianNationTypes, 59 Modifiers, 25 Nations, 161 Options, 23 Option Groups, 12 ResourceTypes, 11 Roles, 23 TileTypes, 6 TileImprovementTypes, 42 UnitTypes read.
Apr 20, 2018 4:12:29 PM net.sf.freecol.server.FreeColServer readGame
INFO: Imported file test\data\test.fsg
Apr 20, 2018 4:12:29 PM net.sf.freecol.server.networking.Server sendToAll
INFO: Reap dead connection: [DummyConnection Server connection - model.nation.inca]
Apr 20, 2018 4:12:29 PM net.sf.freecol.server.networking.Server sendToAll
INFO: Reap dead connection: [DummyConnection Server connection - model.nation.tupi]
Apr 20, 2018 4:12:29 PM net.sf.freecol.server.networking.Server sendToAll
INFO: Reap dead connection: [DummyConnection Server connection - model.nation.sioux]
Apr 20, 2018 4:12:29 PM net.sf.freecol.server.networking.Server sendToAll
INFO: Reap dead connection: [DummyConnection Server connection - model.nation.spanish]
Apr 20, 2018 4:12:29 PM net.sf.freecol.server.networking.Server sendToAll
INFO: Reap dead connection: [DummyConnection Server connection - model.nation.dutch]
Apr 20, 2018 4:12:29 PM net.sf.freecol.server.networking.Server sendToAll
INFO: Reap dead connection: [DummyConnection Server connection - model.nation.iroquois]
Apr 20, 2018 4:12:29 PM net.sf.freecol.server.networking.Server sendToAll
INFO: Reap dead connection: [DummyConnection Server connection - model.nation.english]
Apr 20, 2018 4:12:29 PM net.sf.freecol.server.networking.Server sendToAll
INFO: Reap dead connection: [DummyConnection Server connection - model.nation.apache]
Apr 20, 2018 4:12:29 PM net.sf.freecol.server.networking.Server sendToAll
INFO: Reap dead connection: [DummyConnection Server connection - model.nation.cherokee]
Apr 20, 2018 4:12:29 PM net.sf.freecol.server.networking.Server sendToAll
INFO: Reap dead connection: [DummyConnection Server connection - model.nation.french]
Apr 20, 2018 4:12:29 PM net.sf.freecol.server.networking.Server sendToAll
INFO: Reap dead connection: [DummyConnection Server connection - model.nation.arawak]
Apr 20, 2018 4:12:29 PM net.sf.freecol.server.networking.Server sendToAll
INFO: Reap dead connection: [DummyConnection Server connection - model.nation.aztec]
Apr 20, 2018 4:12:29 PM net.sf.freecol.common.model.Specification applyDifficultyLevel
INFO: Applying difficulty level model.difficulty.medium
Apr 20, 2018 4:12:29 PM net.sf.freecol.common.FreeColSeed getFreeColSeed
INFO: Using seed: 3074058478388910755
Apr 20, 2018 4:12:29 PM net.sf.freecol.server.networking.Server sendToAll
INFO: Reap dead connection: [DummyConnection Server connection - model.nation.french]
Apr 20, 2018 4:12:29 PM net.sf.freecol.server.networking.Server sendToAll
INFO: Reap dead connection: [DummyConnection Server connection - model.nation.iroquois]
Apr 20, 2018 4:12:29 PM net.sf.freecol.server.networking.Server sendToAll
INFO: Reap dead connection: [DummyConnection Server connection - model.nation.sioux]
Apr 20, 2018 4:12:29 PM net.sf.freecol.server.networking.Server sendToAll
INFO: Reap dead connection: [DummyConnection Server connection - model.nation.aztec]
Apr 20, 2018 4:12:29 PM net.sf.freecol.server.networking.Server sendToAll
INFO: Reap dead connection: [DummyConnection Server connection - model.nation.tupi]
Apr 20, 2018 4:12:29 PM net.sf.freecol.server.networking.Server sendToAll
INFO: Reap dead connection: [DummyConnection Server connection - model.nation.inca]
Apr 20, 2018 4:12:29 PM net.sf.freecol.server.networking.Server sendToAll
INFO: Reap dead connection: [DummyConnection Server connection - model.nation.dutch]
Apr 20, 2018 4:12:29 PM net.sf.freecol.server.networking.Server sendToAll
INFO: Reap dead connection: [DummyConnection Server connection - model.nation.english]
Apr 20, 2018 4:12:29 PM net.sf.freecol.server.networking.Server sendToAll
INFO: Reap dead connection: [DummyConnection Server connection - model.nation.apache]
Apr 20, 2018 4:12:29 PM net.sf.freecol.server.networking.Server sendToAll
INFO: Reap dead connection: [DummyConnection Server connection - model.nation.cherokee]
Apr 20, 2018 4:12:29 PM net.sf.freecol.server.networking.Server sendToAll
INFO: Reap dead connection: [DummyConnection Server connection - model.nation.arawak]
Apr 20, 2018 4:12:29 PM net.sf.freecol.server.networking.Server sendToAll
INFO: Reap dead connection: [DummyConnection Server connection - model.nation.spanish]
Apr 20, 2018 4:12:29 PM net.sf.freecol.common.model.Specification applyDifficultyLevel
INFO: Applying difficulty level model.difficulty.medium
Apr 20, 2018 4:12:29 PM net.sf.freecol.common.FreeColSeed getFreeColSeed
INFO: Using seed: 898878795014540405
Apr 20, 2018 4:12:29 PM net.sf.freecol.server.networking.Server sendToAll
INFO: Reap dead connection: [DummyConnection Server connection - model.nation.dutch]
Apr 20, 2018 4:12:29 PM net.sf.freecol.server.networking.Server sendToAll
INFO: Reap dead connection: [DummyConnection Server connection - model.nation.french]
Apr 20, 2018 4:12:29 PM net.sf.freecol.server.networking.Server sendToAll
INFO: Reap dead connection: [DummyConnection Server connection - model.nation.arawak]
Apr 20, 2018 4:12:29 PM net.sf.freecol.server.networking.Server sendToAll
INFO: Reap dead connection: [DummyConnection Server connection - model.nation.cherokee]
Apr 20, 2018 4:12:29 PM net.sf.freecol.server.networking.Server sendToAll
INFO: Reap dead connection: [DummyConnection Server connection - model.nation.apache]
Apr 20, 2018 4:12:29 PM net.sf.freecol.server.networking.Server sendToAll
INFO: Reap dead connection: [DummyConnection Server connection - model.nation.spanish]
Apr 20, 2018 4:12:29 PM net.sf.freecol.server.networking.Server sendToAll
INFO: Reap dead connection: [DummyConnection Server connection - model.nation.sioux]
Apr 20, 2018 4:12:29 PM net.sf.freecol.server.networking.Server sendToAll
INFO: Reap dead connection: [DummyConnection Server connection - model.nation.tupi]
Apr 20, 2018 4:12:29 PM net.sf.freecol.server.networking.Server sendToAll
INFO: Reap dead connection: [DummyConnection Server connection - model.nation.english]
Apr 20, 2018 4:12:29 PM net.sf.freecol.server.networking.Server sendToAll
INFO: Reap dead connection: [DummyConnection Server connection - model.nation.aztec]
Apr 20, 2018 4:12:29 PM net.sf.freecol.server.networking.Server sendToAll
INFO: Reap dead connection: [DummyConnection Server connection - model.nation.iroquois]
Apr 20, 2018 4:12:29 PM net.sf.freecol.server.networking.Server sendToAll
INFO: Reap dead connection: [DummyConnection Server connection - model.nation.inca]
Apr 20, 2018 4:12:29 PM net.sf.freecol.common.model.Specification applyDifficultyLevel
INFO: Applying difficulty level model.difficulty.medium
Apr 20, 2018 4:12:29 PM net.sf.freecol.common.FreeColSeed getFreeColSeed
INFO: Using seed: -5973637107199563010
Apr 20, 2018 4:12:29 PM net.sf.freecol.server.networking.Server sendToAll
INFO: Reap dead connection: [DummyConnection Server connection - model.nation.spanish]
Apr 20, 2018 4:12:29 PM net.sf.freecol.server.networking.Server sendToAll
INFO: Reap dead connection: [DummyConnection Server connection - model.nation.english]
Apr 20, 2018 4:12:29 PM net.sf.freecol.server.networking.Server sendToAll
INFO: Reap dead connection: [DummyConnection Server connection - model.nation.inca]
Apr 20, 2018 4:12:29 PM net.sf.freecol.server.networking.Server sendToAll
INFO: Reap dead connection: [DummyConnection Server connection - model.nation.aztec]
Apr 20, 2018 4:12:29 PM net.sf.freecol.server.networking.Server sendToAll
INFO: Reap dead connection: [DummyConnection Server connection - model.nation.french]
Apr 20, 2018 4:12:29 PM net.sf.freecol.server.networking.Server sendToAll
INFO: Reap dead connection: [DummyConnection Server connection - model.nation.arawak]
Apr 20, 2018 4:12:29 PM net.sf.freecol.server.networking.Server sendToAll
INFO: Reap dead connection: [DummyConnection Server connection - model.nation.apache]
Apr 20, 2018 4:12:29 PM net.sf.freecol.server.networking.Server sendToAll
INFO: Reap dead connection: [DummyConnection Server connection - model.nation.dutch]
Apr 20, 2018 4:12:29 PM net.sf.freecol.server.networking.Server sendToAll
INFO: Reap dead connection: [DummyConnection Server connection - model.nation.iroquois]
Apr 20, 2018 4:12:29 PM net.sf.freecol.server.networking.Server sendToAll
INFO: Reap dead connection: [DummyConnection Server connection - model.nation.sioux]
Apr 20, 2018 4:12:29 PM net.sf.freecol.server.networking.Server sendToAll
INFO: Reap dead connection: [DummyConnection Server connection - model.nation.cherokee]
Apr 20, 2018 4:12:29 PM net.sf.freecol.server.networking.Server sendToAll
INFO: Reap dead connection: [DummyConnection Server connection - model.nation.tupi]
Apr 20, 2018 4:12:29 PM net.sf.freecol.common.model.Specification applyDifficultyLevel
INFO: Applying difficulty level model.difficulty.medium
Apr 20, 2018 4:12:29 PM net.sf.freecol.common.FreeColSeed getFreeColSeed
INFO: Using seed: -7620974585024978668
Apr 20, 2018 4:12:29 PM net.sf.freecol.server.networking.Server sendToAll
INFO: Reap dead connection: [DummyConnection Server connection - model.nation.inca]
Apr 20, 2018 4:12:29 PM net.sf.freecol.server.networking.Server sendToAll
INFO: Reap dead connection: [DummyConnection Server connection - model.nation.english]
Apr 20, 2018 4:12:29 PM net.sf.freecol.server.networking.Server sendToAll
INFO: Reap dead connection: [DummyConnection Server connection - model.nation.iroquois]
Apr 20, 2018 4:12:29 PM net.sf.freecol.server.networking.Server sendToAll
INFO: Reap dead connection: [DummyConnection Server connection - model.nation.tupi]
Apr 20, 2018 4:12:29 PM net.sf.freecol.server.networking.Server sendToAll
INFO: Reap dead connection: [DummyConnection Server connection - model.nation.aztec]
Apr 20, 2018 4:12:29 PM net.sf.freecol.server.networking.Server sendToAll
INFO: Reap dead connection: [DummyConnection Server connection - model.nation.spanish]
Apr 20, 2018 4:12:29 PM net.sf.freecol.server.networking.Server sendToAll
INFO: Reap dead connection: [DummyConnection Server connection - model.nation.cherokee]
Apr 20, 2018 4:12:29 PM net.sf.freecol.server.networking.Server sendToAll
INFO: Reap dead connection: [DummyConnection Server connection - model.nation.arawak]
Apr 20, 2018 4:12:29 PM net.sf.freecol.server.networking.Server sendToAll
INFO: Reap dead connection: [DummyConnection Server connection - model.nation.sioux]
Apr 20, 2018 4:12:29 PM net.sf.freecol.server.networking.Server sendToAll
INFO: Reap dead connection: [DummyConnection Server connection - model.nation.apache]
Apr 20, 2018 4:12:29 PM net.sf.freecol.server.networking.Server sendToAll
INFO: Reap dead connection: [DummyConnection Server connection - model.nation.dutch]
Apr 20, 2018 4:12:29 PM net.sf.freecol.server.networking.Server sendToAll
INFO: Reap dead connection: [DummyConnection Server connection - model.nation.french]
Apr 20, 2018 4:12:29 PM net.sf.freecol.common.model.Specification applyDifficultyLevel
INFO: Applying difficulty level model.difficulty.medium
Apr 20, 2018 4:12:29 PM net.sf.freecol.common.FreeColSeed getFreeColSeed
INFO: Using seed: 4064484842634031197
Apr 20, 2018 4:12:29 PM net.sf.freecol.server.networking.Server sendToAll
INFO: Reap dead connection: [DummyConnection Server connection - model.nation.french]
Apr 20, 2018 4:12:29 PM net.sf.freecol.server.networking.Server sendToAll
INFO: Reap dead connection: [DummyConnection Server connection - model.nation.arawak]
Apr 20, 2018 4:12:29 PM net.sf.freecol.server.networking.Server sendToAll
INFO: Reap dead connection: [DummyConnection Server connection - model.nation.iroquois]
Apr 20, 2018 4:12:29 PM net.sf.freecol.server.networking.Server sendToAll
INFO: Reap dead connection: [DummyConnection Server connection - model.nation.sioux]
Apr 20, 2018 4:12:29 PM net.sf.freecol.server.networking.Server sendToAll
INFO: Reap dead connection: [DummyConnection Server connection - model.nation.apache]
Apr 20, 2018 4:12:29 PM net.sf.freecol.server.networking.Server sendToAll
INFO: Reap dead connection: [DummyConnection Server connection - model.nation.inca]
Apr 20, 2018 4:12:29 PM net.sf.freecol.server.networking.Server sendToAll
INFO: Reap dead connection: [DummyConnection Server connection - model.nation.dutch]
Apr 20, 2018 4:12:29 PM net.sf.freecol.server.networking.Server sendToAll
INFO: Reap dead connection: [DummyConnection Server connection - model.nation.cherokee]
Apr 20, 2018 4:12:29 PM net.sf.freecol.server.networking.Server sendToAll
INFO: Reap dead connection: [DummyConnection Server connection - model.nation.aztec]
Apr 20, 2018 4:12:29 PM net.sf.freecol.server.networking.Server sendToAll
INFO: Reap dead connection: [DummyConnection Server connection - model.nation.english]
Apr 20, 2018 4:12:29 PM net.sf.freecol.server.networking.Server sendToAll
INFO: Reap dead connection: [DummyConnection Server connection - model.nation.spanish]
Apr 20, 2018 4:12:29 PM net.sf.freecol.server.networking.Server sendToAll
INFO: Reap dead connection: [DummyConnection Server connection - model.nation.tupi]
Apr 20, 2018 4:12:29 PM net.sf.freecol.server.model.ServerPlayer csChangeStance
INFO: Stance modification Louis XIV UNCONTACTED -> PEACE wrt Geronimo
Apr 20, 2018 4:12:29 PM net.sf.freecol.server.model.ServerPlayer csChangeStance
INFO: Stance modification Geronimo UNCONTACTED -> PEACE wrt Louis XIV (symmetric)
Apr 20, 2018 4:12:29 PM net.sf.freecol.common.model.Specification applyDifficultyLevel
INFO: Applying difficulty level model.difficulty.medium
Apr 20, 2018 4:12:29 PM net.sf.freecol.common.FreeColSeed getFreeColSeed
INFO: Using seed: -3679232537593687832
Apr 20, 2018 4:12:29 PM net.sf.freecol.server.networking.Server sendToAll
INFO: Reap dead connection: [DummyConnection Server connection - model.nation.apache]
Apr 20, 2018 4:12:29 PM net.sf.freecol.server.networking.Server sendToAll
INFO: Reap dead connection: [DummyConnection Server connection - model.nation.inca]
Apr 20, 2018 4:12:29 PM net.sf.freecol.server.networking.Server sendToAll
INFO: Reap dead connection: [DummyConnection Server connection - model.nation.spanish]
Apr 20, 2018 4:12:29 PM net.sf.freecol.server.networking.Server sendToAll
INFO: Reap dead connection: [DummyConnection Server connection - model.nation.dutch]
Apr 20, 2018 4:12:29 PM net.sf.freecol.server.networking.Server sendToAll
INFO: Reap dead connection: [DummyConnection Server connection - model.nation.sioux]
Apr 20, 2018 4:12:29 PM net.sf.freecol.server.networking.Server sendToAll
INFO: Reap dead connection: [DummyConnection Server connection - model.nation.aztec]
Apr 20, 2018 4:12:29 PM net.sf.freecol.server.networking.Server sendToAll
INFO: Reap dead connection: [DummyConnection Server connection - model.nation.iroquois]
Apr 20, 2018 4:12:29 PM net.sf.freecol.server.networking.Server sendToAll
INFO: Reap dead connection: [DummyConnection Server connection - model.nation.tupi]
Apr 20, 2018 4:12:29 PM net.sf.freecol.server.networking.Server sendToAll
INFO: Reap dead connection: [DummyConnection Server connection - model.nation.english]
Apr 20, 2018 4:12:29 PM net.sf.freecol.server.networking.Server sendToAll
INFO: Reap dead connection: [DummyConnection Server connection - model.nation.cherokee]
Apr 20, 2018 4:12:29 PM net.sf.freecol.server.networking.Server sendToAll
INFO: Reap dead connection: [DummyConnection Server connection - model.nation.arawak]
Apr 20, 2018 4:12:29 PM net.sf.freecol.server.networking.Server sendToAll
INFO: Reap dead connection: [DummyConnection Server connection - model.nation.french]
Apr 20, 2018 4:12:29 PM net.sf.freecol.server.model.ServerPlayer csChangeStance
INFO: Stance modification William I UNCONTACTED -> PEACE wrt Geronimo
Apr 20, 2018 4:12:29 PM net.sf.freecol.server.model.ServerPlayer csChangeStance
INFO: Stance modification Geronimo UNCONTACTED -> PEACE wrt William I (symmetric)
Apr 20, 2018 4:12:29 PM net.sf.freecol.common.model.Specification applyDifficultyLevel
INFO: Applying difficulty level model.difficulty.medium
Apr 20, 2018 4:12:29 PM net.sf.freecol.common.FreeColSeed getFreeColSeed
INFO: Using seed: 8881998952107759755
Apr 20, 2018 4:12:29 PM net.sf.freecol.server.networking.Server sendToAll
INFO: Reap dead connection: [DummyConnection Server connection - model.nation.aztec]
Apr 20, 2018 4:12:29 PM net.sf.freecol.server.networking.Server sendToAll
INFO: Reap dead connection: [DummyConnection Server connection - model.nation.sioux]
Apr 20, 2018 4:12:29 PM net.sf.freecol.server.networking.Server sendToAll
INFO: Reap dead connection: [DummyConnection Server connection - model.nation.inca]
Apr 20, 2018 4:12:29 PM net.sf.freecol.server.networking.Server sendToAll
INFO: Reap dead connection: [DummyConnection Server connection - model.nation.english]
Apr 20, 2018 4:12:29 PM net.sf.freecol.server.networking.Server sendToAll
INFO: Reap dead connection: [DummyConnection Server connection - model.nation.apache]
Apr 20, 2018 4:12:29 PM net.sf.freecol.server.networking.Server sendToAll
INFO: Reap dead connection: [DummyConnection Server connection - model.nation.french]
Apr 20, 2018 4:12:29 PM net.sf.freecol.server.networking.Server sendToAll
INFO: Reap dead connection: [DummyConnection Server connection - model.nation.tupi]
Apr 20, 2018 4:12:29 PM net.sf.freecol.server.networking.Server sendToAll
INFO: Reap dead connection: [DummyConnection Server connection - model.nation.dutch]
Apr 20, 2018 4:12:29 PM net.sf.freecol.server.networking.Server sendToAll
INFO: Reap dead connection: [DummyConnection Server connection - model.nation.spanish]
Apr 20, 2018 4:12:29 PM net.sf.freecol.server.networking.Server sendToAll
INFO: Reap dead connection: [DummyConnection Server connection - model.nation.iroquois]
Apr 20, 2018 4:12:29 PM net.sf.freecol.server.networking.Server sendToAll
INFO: Reap dead connection: [DummyConnection Server connection - model.nation.arawak]
Apr 20, 2018 4:12:29 PM net.sf.freecol.server.networking.Server sendToAll
INFO: Reap dead connection: [DummyConnection Server connection - model.nation.cherokee]
Apr 20, 2018 4:12:29 PM net.sf.freecol.common.model.Specification applyDifficultyLevel
INFO: Applying difficulty level model.difficulty.medium
Apr 20, 2018 4:12:29 PM net.sf.freecol.common.FreeColSeed getFreeColSeed
INFO: Using seed: -3901687480007796191
Apr 20, 2018 4:12:29 PM net.sf.freecol.server.networking.Server sendToAll
INFO: Reap dead connection: [DummyConnection Server connection - model.nation.inca]
Apr 20, 2018 4:12:29 PM net.sf.freecol.server.networking.Server sendToAll
INFO: Reap dead connection: [DummyConnection Server connection - model.nation.aztec]
Apr 20, 2018 4:12:29 PM net.sf.freecol.server.networking.Server sendToAll
INFO: Reap dead connection: [DummyConnection Server connection - model.nation.iroquois]
Apr 20, 2018 4:12:29 PM net.sf.freecol.server.networking.Server sendToAll
INFO: Reap dead connection: [DummyConnection Server connection - model.nation.arawak]
Apr 20, 2018 4:12:29 PM net.sf.freecol.server.networking.Server sendToAll
INFO: Reap dead connection: [DummyConnection Server connection - model.nation.tupi]
Apr 20, 2018 4:12:29 PM net.sf.freecol.server.networking.Server sendToAll
INFO: Reap dead connection: [DummyConnection Server connection - model.nation.french]
Apr 20, 2018 4:12:29 PM net.sf.freecol.server.networking.Server sendToAll
INFO: Reap dead connection: [DummyConnection Server connection - model.nation.english]
Apr 20, 2018 4:12:29 PM net.sf.freecol.server.networking.Server sendToAll
INFO: Reap dead connection: [DummyConnection Server connection - model.nation.dutch]
Apr 20, 2018 4:12:29 PM net.sf.freecol.server.networking.Server sendToAll
INFO: Reap dead connection: [DummyConnection Server connection - model.nation.spanish]
Apr 20, 2018 4:12:29 PM net.sf.freecol.server.networking.Server sendToAll
INFO: Reap dead connection: [DummyConnection Server connection - model.nation.cherokee]
Apr 20, 2018 4:12:29 PM net.sf.freecol.server.networking.Server sendToAll
INFO: Reap dead connection: [DummyConnection Server connection - model.nation.apache]
Apr 20, 2018 4:12:29 PM net.sf.freecol.server.networking.Server sendToAll
INFO: Reap dead connection: [DummyConnection Server connection - model.nation.sioux]
Apr 20, 2018 4:12:29 PM net.sf.freecol.common.model.Specification applyDifficultyLevel
INFO: Applying difficulty level model.difficulty.medium
Apr 20, 2018 4:12:29 PM net.sf.freecol.common.FreeColSeed getFreeColSeed
INFO: Using seed: 5565610354207538355
Apr 20, 2018 4:12:29 PM net.sf.freecol.server.networking.Server sendToAll
INFO: Reap dead connection: [DummyConnection Server connection - model.nation.sioux]
Apr 20, 2018 4:12:29 PM net.sf.freecol.server.networking.Server sendToAll
INFO: Reap dead connection: [DummyConnection Server connection - model.nation.inca]
Apr 20, 2018 4:12:29 PM net.sf.freecol.server.networking.Server sendToAll
INFO: Reap dead connection: [DummyConnection Server connection - model.nation.aztec]
Apr 20, 2018 4:12:29 PM net.sf.freecol.server.networking.Server sendToAll
INFO: Reap dead connection: [DummyConnection Server connection - model.nation.apache]
Apr 20, 2018 4:12:29 PM net.sf.freecol.server.networking.Server sendToAll
INFO: Reap dead connection: [DummyConnection Server connection - model.nation.iroquois]
Apr 20, 2018 4:12:29 PM net.sf.freecol.server.networking.Server sendToAll
INFO: Reap dead connection: [DummyConnection Server connection - model.nation.english]
Apr 20, 2018 4:12:29 PM net.sf.freecol.server.networking.Server sendToAll
INFO: Reap dead connection: [DummyConnection Server connection - model.nation.tupi]
Apr 20, 2018 4:12:29 PM net.sf.freecol.server.networking.Server sendToAll
INFO: Reap dead connection: [DummyConnection Server connection - model.nation.french]
Apr 20, 2018 4:12:29 PM net.sf.freecol.server.networking.Server sendToAll
INFO: Reap dead connection: [DummyConnection Server connection - model.nation.cherokee]
Apr 20, 2018 4:12:29 PM net.sf.freecol.server.networking.Server sendToAll
INFO: Reap dead connection: [DummyConnection Server connection - model.nation.spanish]
Apr 20, 2018 4:12:29 PM net.sf.freecol.server.networking.Server sendToAll
INFO: Reap dead connection: [DummyConnection Server connection - model.nation.dutch]
Apr 20, 2018 4:12:29 PM net.sf.freecol.server.networking.Server sendToAll
INFO: Reap dead connection: [DummyConnection Server connection - model.nation.arawak]
Apr 20, 2018 4:12:29 PM net.sf.freecol.common.model.Specification applyDifficultyLevel
INFO: Applying difficulty level model.difficulty.medium
Apr 20, 2018 4:12:29 PM net.sf.freecol.common.FreeColSeed getFreeColSeed
INFO: Using seed: -4293634205742595294
Apr 20, 2018 4:12:29 PM net.sf.freecol.server.networking.Server sendToAll
INFO: Reap dead connection: [DummyConnection Server connection - model.nation.aztec]
Apr 20, 2018 4:12:29 PM net.sf.freecol.server.networking.Server sendToAll
INFO: Reap dead connection: [DummyConnection Server connection - model.nation.iroquois]
Apr 20, 2018 4:12:29 PM net.sf.freecol.server.networking.Server sendToAll
INFO: Reap dead connection: [DummyConnection Server connection - model.nation.inca]
Apr 20, 2018 4:12:29 PM net.sf.freecol.server.networking.Server sendToAll
INFO: Reap dead connection: [DummyConnection Server connection - model.nation.english]
Apr 20, 2018 4:12:29 PM net.sf.freecol.server.networking.Server sendToAll
INFO: Reap dead connection: [DummyConnection Server connection - model.nation.sioux]
Apr 20, 2018 4:12:29 PM net.sf.freecol.server.networking.Server sendToAll
INFO: Reap dead connection: [DummyConnection Server connection - model.nation.arawak]
Apr 20, 2018 4:12:29 PM net.sf.freecol.server.networking.Server sendToAll
INFO: Reap dead connection: [DummyConnection Server connection - model.nation.spanish]
Apr 20, 2018 4:12:29 PM net.sf.freecol.server.networking.Server sendToAll
INFO: Reap dead connection: [DummyConnection Server connection - model.nation.tupi]
Apr 20, 2018 4:12:29 PM net.sf.freecol.server.networking.Server sendToAll
INFO: Reap dead connection: [DummyConnection Server connection - model.nation.apache]
Apr 20, 2018 4:12:29 PM net.sf.freecol.server.networking.Server sendToAll
INFO: Reap dead connection: [DummyConnection Server connection - model.nation.cherokee]
Apr 20, 2018 4:12:29 PM net.sf.freecol.server.networking.Server sendToAll
INFO: Reap dead connection: [DummyConnection Server connection - model.nation.dutch]
Apr 20, 2018 4:12:29 PM net.sf.freecol.server.networking.Server sendToAll
INFO: Reap dead connection: [DummyConnection Server connection - model.nation.french]
Apr 20, 2018 4:12:29 PM net.sf.freecol.server.model.ServerPlayer csChangeStance
INFO: Stance modification William I UNCONTACTED -> PEACE wrt Segoyewatha
Apr 20, 2018 4:12:29 PM net.sf.freecol.server.model.ServerPlayer csChangeStance
INFO: Stance modification Segoyewatha UNCONTACTED -> PEACE wrt William I (symmetric)
Apr 20, 2018 4:12:29 PM net.sf.freecol.common.model.Specification applyDifficultyLevel
INFO: Applying difficulty level model.difficulty.medium
Apr 20, 2018 4:12:29 PM net.sf.freecol.common.FreeColSeed getFreeColSeed
INFO: Using seed: -7171233158080263270
Apr 20, 2018 4:12:29 PM net.sf.freecol.server.networking.Server sendToAll
INFO: Reap dead connection: [DummyConnection Server connection - model.nation.arawak]
Apr 20, 2018 4:12:29 PM net.sf.freecol.server.networking.Server sendToAll
INFO: Reap dead connection: [DummyConnection Server connection - model.nation.tupi]
Apr 20, 2018 4:12:29 PM net.sf.freecol.server.networking.Server sendToAll
INFO: Reap dead connection: [DummyConnection Server connection - model.nation.french]
Apr 20, 2018 4:12:29 PM net.sf.freecol.server.networking.Server sendToAll
INFO: Reap dead connection: [DummyConnection Server connection - model.nation.apache]
Apr 20, 2018 4:12:29 PM net.sf.freecol.server.networking.Server sendToAll
INFO: Reap dead connection: [DummyConnection Server connection - model.nation.iroquois]
Apr 20, 2018 4:12:29 PM net.sf.freecol.server.networking.Server sendToAll
INFO: Reap dead connection: [DummyConnection Server connection - model.nation.aztec]
Apr 20, 2018 4:12:29 PM net.sf.freecol.server.networking.Server sendToAll
INFO: Reap dead connection: [DummyConnection Server connection - model.nation.spanish]
Apr 20, 2018 4:12:29 PM net.sf.freecol.server.networking.Server sendToAll
INFO: Reap dead connection: [DummyConnection Server connection - model.nation.cherokee]
Apr 20, 2018 4:12:29 PM net.sf.freecol.server.networking.Server sendToAll
INFO: Reap dead connection: [DummyConnection Server connection - model.nation.english]
Apr 20, 2018 4:12:29 PM net.sf.freecol.server.networking.Server sendToAll
INFO: Reap dead connection: [DummyConnection Server connection - model.nation.dutch]
Apr 20, 2018 4:12:29 PM net.sf.freecol.server.networking.Server sendToAll
INFO: Reap dead connection: [DummyConnection Server connection - model.nation.inca]
Apr 20, 2018 4:12:29 PM net.sf.freecol.server.networking.Server sendToAll
INFO: Reap dead connection: [DummyConnection Server connection - model.nation.sioux]
Apr 20, 2018 4:12:29 PM net.sf.freecol.server.model.ServerPlayer csChangeStance
INFO: Stance modification William I UNCONTACTED -> PEACE wrt Segoyewatha
Apr 20, 2018 4:12:29 PM net.sf.freecol.server.model.ServerPlayer csChangeStance
INFO: Stance modification Segoyewatha UNCONTACTED -> PEACE wrt William I (symmetric)
Apr 20, 2018 4:12:29 PM net.sf.freecol.common.model.Specification applyDifficultyLevel
INFO: Applying difficulty level model.difficulty.medium
Apr 20, 2018 4:12:29 PM net.sf.freecol.common.FreeColSeed getFreeColSeed
INFO: Using seed: -2927514936014045243
Apr 20, 2018 4:12:29 PM net.sf.freecol.server.networking.Server sendToAll
INFO: Reap dead connection: [DummyConnection Server connection - model.nation.dutch]
Apr 20, 2018 4:12:29 PM net.sf.freecol.server.networking.Server sendToAll
INFO: Reap dead connection: [DummyConnection Server connection - model.nation.iroquois]
Apr 20, 2018 4:12:29 PM net.sf.freecol.server.networking.Server sendToAll
INFO: Reap dead connection: [DummyConnection Server connection - model.nation.cherokee]
Apr 20, 2018 4:12:29 PM net.sf.freecol.server.networking.Server sendToAll
INFO: Reap dead connection: [DummyConnection Server connection - model.nation.aztec]
Apr 20, 2018 4:12:29 PM net.sf.freecol.server.networking.Server sendToAll
INFO: Reap dead connection: [DummyConnection Server connection - model.nation.english]
Apr 20, 2018 4:12:29 PM net.sf.freecol.server.networking.Server sendToAll
INFO: Reap dead connection: [DummyConnection Server connection - model.nation.inca]
Apr 20, 2018 4:12:29 PM net.sf.freecol.server.networking.Server sendToAll
INFO: Reap dead connection: [DummyConnection Server connection - model.nation.tupi]
Apr 20, 2018 4:12:29 PM net.sf.freecol.server.networking.Server sendToAll
INFO: Reap dead connection: [DummyConnection Server connection - model.nation.french]
Apr 20, 2018 4:12:29 PM net.sf.freecol.server.networking.Server sendToAll
INFO: Reap dead connection: [DummyConnection Server connection - model.nation.arawak]
Apr 20, 2018 4:12:29 PM net.sf.freecol.server.networking.Server sendToAll
INFO: Reap dead connection: [DummyConnection Server connection - model.nation.spanish]
Apr 20, 2018 4:12:29 PM net.sf.freecol.server.networking.Server sendToAll
INFO: Reap dead connection: [DummyConnection Server connection - model.nation.sioux]
Apr 20, 2018 4:12:29 PM net.sf.freecol.server.networking.Server sendToAll
INFO: Reap dead connection: [DummyConnection Server connection - model.nation.apache]
Apr 20, 2018 4:12:29 PM net.sf.freecol.common.model.Specification applyDifficultyLevel
INFO: Applying difficulty level model.difficulty.medium
Apr 20, 2018 4:12:29 PM net.sf.freecol.common.model.Specification applyDifficultyLevel
INFO: Applying difficulty level model.difficulty.medium
Apr 20, 2018 4:12:29 PM net.sf.freecol.common.model.Specification applyDifficultyLevel
INFO: Applying difficulty level model.difficulty.medium
Apr 20, 2018 4:12:29 PM net.sf.freecol.common.FreeColSeed getFreeColSeed
INFO: Using seed: -5666813089093056497
Apr 20, 2018 4:12:29 PM net.sf.freecol.server.networking.Server sendToAll
INFO: Reap dead connection: [DummyConnection Server connection - model.nation.tupi]
Apr 20, 2018 4:12:29 PM net.sf.freecol.server.networking.Server sendToAll
INFO: Reap dead connection: [DummyConnection Server connection - model.nation.apache]
Apr 20, 2018 4:12:29 PM net.sf.freecol.server.networking.Server sendToAll
INFO: Reap dead connection: [DummyConnection Server connection - model.nation.dutch]
Apr 20, 2018 4:12:29 PM net.sf.freecol.server.networking.Server sendToAll
INFO: Reap dead connection: [DummyConnection Server connection - model.nation.english]
Apr 20, 2018 4:12:29 PM net.sf.freecol.server.networking.Server sendToAll
INFO: Reap dead connection: [DummyConnection Server connection - model.nation.french]
Apr 20, 2018 4:12:29 PM net.sf.freecol.server.networking.Server sendToAll
INFO: Reap dead connection: [DummyConnection Server connection - model.nation.arawak]
Apr 20, 2018 4:12:29 PM net.sf.freecol.server.networking.Server sendToAll
INFO: Reap dead connection: [DummyConnection Server connection - model.nation.aztec]
Apr 20, 2018 4:12:29 PM net.sf.freecol.server.networking.Server sendToAll
INFO: Reap dead connection: [DummyConnection Server connection - model.nation.sioux]
Apr 20, 2018 4:12:29 PM net.sf.freecol.server.networking.Server sendToAll
INFO: Reap dead connection: [DummyConnection Server connection - model.nation.cherokee]
Apr 20, 2018 4:12:29 PM net.sf.freecol.server.networking.Server sendToAll
INFO: Reap dead connection: [DummyConnection Server connection - model.nation.iroquois]
Apr 20, 2018 4:12:29 PM net.sf.freecol.server.networking.Server sendToAll
INFO: Reap dead connection: [DummyConnection Server connection - model.nation.inca]
Apr 20, 2018 4:12:29 PM net.sf.freecol.server.networking.Server sendToAll
INFO: Reap dead connection: [DummyConnection Server connection - model.nation.spanish]
Apr 20, 2018 4:12:29 PM net.sf.freecol.common.model.Specification applyDifficultyLevel
INFO: Applying difficulty level model.difficulty.medium
Apr 20, 2018 4:12:29 PM net.sf.freecol.common.FreeColSeed getFreeColSeed
INFO: Using seed: -2099683134795535668
Apr 20, 2018 4:12:29 PM net.sf.freecol.server.networking.Server sendToAll
INFO: Reap dead connection: [DummyConnection Server connection - model.nation.dutch]
Apr 20, 2018 4:12:29 PM net.sf.freecol.server.networking.Server sendToAll
INFO: Reap dead connection: [DummyConnection Server connection - model.nation.inca]
Apr 20, 2018 4:12:29 PM net.sf.freecol.server.networking.Server sendToAll
INFO: Reap dead connection: [DummyConnection Server connection - model.nation.english]
Apr 20, 2018 4:12:29 PM net.sf.freecol.server.networking.Server sendToAll
INFO: Reap dead connection: [DummyConnection Server connection - model.nation.apache]
Apr 20, 2018 4:12:29 PM net.sf.freecol.server.networking.Server sendToAll
INFO: Reap dead connection: [DummyConnection Server connection - model.nation.spanish]
Apr 20, 2018 4:12:29 PM net.sf.freecol.server.networking.Server sendToAll
INFO: Reap dead connection: [DummyConnection Server connection - model.nation.sioux]
Apr 20, 2018 4:12:29 PM net.sf.freecol.server.networking.Server sendToAll
INFO: Reap dead connection: [DummyConnection Server connection - model.nation.arawak]
Apr 20, 2018 4:12:29 PM net.sf.freecol.server.networking.Server sendToAll
INFO: Reap dead connection: [DummyConnection Server connection - model.nation.french]
Apr 20, 2018 4:12:29 PM net.sf.freecol.server.networking.Server sendToAll
INFO: Reap dead connection: [DummyConnection Server connection - model.nation.aztec]
Apr 20, 2018 4:12:29 PM net.sf.freecol.server.networking.Server sendToAll
INFO: Reap dead connection: [DummyConnection Server connection - model.nation.cherokee]
Apr 20, 2018 4:12:29 PM net.sf.freecol.server.networking.Server sendToAll
INFO: Reap dead connection: [DummyConnection Server connection - model.nation.tupi]
Apr 20, 2018 4:12:29 PM net.sf.freecol.server.networking.Server sendToAll
INFO: Reap dead connection: [DummyConnection Server connection - model.nation.iroquois]
Apr 20, 2018 4:12:29 PM net.sf.freecol.common.model.Specification applyDifficultyLevel
INFO: Applying difficulty level model.difficulty.medium
Apr 20, 2018 4:12:29 PM net.sf.freecol.common.FreeColSeed getFreeColSeed
INFO: Using seed: 5473760812095398388
Apr 20, 2018 4:12:29 PM net.sf.freecol.server.networking.Server sendToAll
INFO: Reap dead connection: [DummyConnection Server connection - model.nation.aztec]
Apr 20, 2018 4:12:29 PM net.sf.freecol.server.networking.Server sendToAll
INFO: Reap dead connection: [DummyConnection Server connection - model.nation.dutch]
Apr 20, 2018 4:12:29 PM net.sf.freecol.server.networking.Server sendToAll
INFO: Reap dead connection: [DummyConnection Server connection - model.nation.cherokee]
Apr 20, 2018 4:12:29 PM net.sf.freecol.server.networking.Server sendToAll
INFO: Reap dead connection: [DummyConnection Server connection - model.nation.iroquois]
Apr 20, 2018 4:12:29 PM net.sf.freecol.server.networking.Server sendToAll
INFO: Reap dead connection: [DummyConnection Server connection - model.nation.french]
Apr 20, 2018 4:12:29 PM net.sf.freecol.server.networking.Server sendToAll
INFO: Reap dead connection: [DummyConnection Server connection - model.nation.sioux]
Apr 20, 2018 4:12:29 PM net.sf.freecol.server.networking.Server sendToAll
INFO: Reap dead connection: [DummyConnection Server connection - model.nation.english]
Apr 20, 2018 4:12:29 PM net.sf.freecol.server.networking.Server sendToAll
INFO: Reap dead connection: [DummyConnection Server connection - model.nation.apache]
Apr 20, 2018 4:12:29 PM net.sf.freecol.server.networking.Server sendToAll
INFO: Reap dead connection: [DummyConnection Server connection - model.nation.inca]
Apr 20, 2018 4:12:29 PM net.sf.freecol.server.networking.Server sendToAll
INFO: Reap dead connection: [DummyConnection Server connection - model.nation.arawak]
Apr 20, 2018 4:12:29 PM net.sf.freecol.server.networking.Server sendToAll
INFO: Reap dead connection: [DummyConnection Server connection - model.nation.tupi]
Apr 20, 2018 4:12:29 PM net.sf.freecol.server.networking.Server sendToAll
INFO: Reap dead connection: [DummyConnection Server connection - model.nation.spanish]
Apr 20, 2018 4:12:29 PM net.sf.freecol.common.model.Specification applyDifficultyLevel
INFO: Applying difficulty level model.difficulty.medium
Apr 20, 2018 4:12:29 PM net.sf.freecol.common.FreeColSeed getFreeColSeed
INFO: Using seed: -4543333285278082458
Apr 20, 2018 4:12:30 PM net.sf.freecol.server.networking.Server sendToAll
INFO: Reap dead connection: [DummyConnection Server connection - model.nation.dutch]
Apr 20, 2018 4:12:30 PM net.sf.freecol.server.networking.Server sendToAll
INFO: Reap dead connection: [DummyConnection Server connection - model.nation.french]
Apr 20, 2018 4:12:30 PM net.sf.freecol.server.networking.Server sendToAll
INFO: Reap dead connection: [DummyConnection Server connection - model.nation.english]
Apr 20, 2018 4:12:30 PM net.sf.freecol.server.networking.Server sendToAll
INFO: Reap dead connection: [DummyConnection Server connection - model.nation.aztec]
Apr 20, 2018 4:12:30 PM net.sf.freecol.server.networking.Server sendToAll
INFO: Reap dead connection: [DummyConnection Server connection - model.nation.iroquois]
Apr 20, 2018 4:12:30 PM net.sf.freecol.server.networking.Server sendToAll
INFO: Reap dead connection: [DummyConnection Server connection - model.nation.tupi]
Apr 20, 2018 4:12:30 PM net.sf.freecol.server.networking.Server sendToAll
INFO: Reap dead connection: [DummyConnection Server connection - model.nation.sioux]
Apr 20, 2018 4:12:30 PM net.sf.freecol.server.networking.Server sendToAll
INFO: Reap dead connection: [DummyConnection Server connection - model.nation.arawak]
Apr 20, 2018 4:12:30 PM net.sf.freecol.server.networking.Server sendToAll
INFO: Reap dead connection: [DummyConnection Server connection - model.nation.apache]
Apr 20, 2018 4:12:30 PM net.sf.freecol.server.networking.Server sendToAll
INFO: Reap dead connection: [DummyConnection Server connection - model.nation.inca]
Apr 20, 2018 4:12:30 PM net.sf.freecol.server.networking.Server sendToAll
INFO: Reap dead connection: [DummyConnection Server connection - model.nation.spanish]
Apr 20, 2018 4:12:30 PM net.sf.freecol.server.networking.Server sendToAll
INFO: Reap dead connection: [DummyConnection Server connection - model.nation.cherokee]
Apr 20, 2018 4:12:30 PM net.sf.freecol.common.model.Specification applyDifficultyLevel
INFO: Applying difficulty level model.difficulty.medium
Apr 20, 2018 4:12:30 PM net.sf.freecol.common.FreeColSeed getFreeColSeed
INFO: Using seed: -6232083162329802045
Apr 20, 2018 4:12:30 PM net.sf.freecol.server.networking.Server sendToAll
INFO: Reap dead connection: [DummyConnection Server connection - model.nation.tupi]
Apr 20, 2018 4:12:30 PM net.sf.freecol.server.networking.Server sendToAll
INFO: Reap dead connection: [DummyConnection Server connection - model.nation.english]
Apr 20, 2018 4:12:30 PM net.sf.freecol.server.networking.Server sendToAll
INFO: Reap dead connection: [DummyConnection Server connection - model.nation.aztec]
Apr 20, 2018 4:12:30 PM net.sf.freecol.server.networking.Server sendToAll
INFO: Reap dead connection: [DummyConnection Server connection - model.nation.spanish]
Apr 20, 2018 4:12:30 PM net.sf.freecol.server.networking.Server sendToAll
INFO: Reap dead connection: [DummyConnection Server connection - model.nation.french]
Apr 20, 2018 4:12:30 PM net.sf.freecol.server.networking.Server sendToAll
INFO: Reap dead connection: [DummyConnection Server connection - model.nation.inca]
Apr 20, 2018 4:12:30 PM net.sf.freecol.server.networking.Server sendToAll
INFO: Reap dead connection: [DummyConnection Server connection - model.nation.cherokee]
Apr 20, 2018 4:12:30 PM net.sf.freecol.server.networking.Server sendToAll
INFO: Reap dead connection: [DummyConnection Server connection - model.nation.arawak]
Apr 20, 2018 4:12:30 PM net.sf.freecol.server.networking.Server sendToAll
INFO: Reap dead connection: [DummyConnection Server connection - model.nation.apache]
Apr 20, 2018 4:12:30 PM net.sf.freecol.server.networking.Server sendToAll
INFO: Reap dead connection: [DummyConnection Server connection - model.nation.iroquois]
Apr 20, 2018 4:12:30 PM net.sf.freecol.server.networking.Server sendToAll
INFO: Reap dead connection: [DummyConnection Server connection - model.nation.dutch]
Apr 20, 2018 4:12:30 PM net.sf.freecol.server.networking.Server sendToAll
INFO: Reap dead connection: [DummyConnection Server connection - model.nation.sioux]
Apr 20, 2018 4:12:30 PM net.sf.freecol.common.model.Specification applyDifficultyLevel
INFO: Applying difficulty level model.difficulty.medium
Apr 20, 2018 4:12:30 PM net.sf.freecol.common.FreeColSeed getFreeColSeed
INFO: Using seed: 6832896306246906423
Apr 20, 2018 4:12:30 PM net.sf.freecol.server.networking.Server sendToAll
INFO: Reap dead connection: [DummyConnection Server connection - model.nation.arawak]
Apr 20, 2018 4:12:30 PM net.sf.freecol.server.networking.Server sendToAll
INFO: Reap dead connection: [DummyConnection Server connection - model.nation.tupi]
Apr 20, 2018 4:12:30 PM net.sf.freecol.server.networking.Server sendToAll
INFO: Reap dead connection: [DummyConnection Server connection - model.nation.apache]
Apr 20, 2018 4:12:30 PM net.sf.freecol.server.networking.Server sendToAll
INFO: Reap dead connection: [DummyConnection Server connection - model.nation.spanish]
Apr 20, 2018 4:12:30 PM net.sf.freecol.server.networking.Server sendToAll
INFO: Reap dead connection: [DummyConnection Server connection - model.nation.inca]
Apr 20, 2018 4:12:30 PM net.sf.freecol.server.networking.Server sendToAll
INFO: Reap dead connection: [DummyConnection Server connection - model.nation.dutch]
Apr 20, 2018 4:12:30 PM net.sf.freecol.server.networking.Server sendToAll
INFO: Reap dead connection: [DummyConnection Server connection - model.nation.french]
Apr 20, 2018 4:12:30 PM net.sf.freecol.server.networking.Server sendToAll
INFO: Reap dead connection: [DummyConnection Server connection - model.nation.cherokee]
Apr 20, 2018 4:12:30 PM net.sf.freecol.server.networking.Server sendToAll
INFO: Reap dead connection: [DummyConnection Server connection - model.nation.english]
Apr 20, 2018 4:12:30 PM net.sf.freecol.server.networking.Server sendToAll
INFO: Reap dead connection: [DummyConnection Server connection - model.nation.aztec]
Apr 20, 2018 4:12:30 PM net.sf.freecol.server.networking.Server sendToAll
INFO: Reap dead connection: [DummyConnection Server connection - model.nation.iroquois]
Apr 20, 2018 4:12:30 PM net.sf.freecol.server.networking.Server sendToAll
INFO: Reap dead connection: [DummyConnection Server connection - model.nation.sioux]
Apr 20, 2018 4:12:30 PM net.sf.freecol.common.model.Specification applyDifficultyLevel
INFO: Applying difficulty level model.difficulty.medium
Apr 20, 2018 4:12:30 PM net.sf.freecol.common.FreeColSeed getFreeColSeed
INFO: Using seed: -8299748461400889846
Apr 20, 2018 4:12:30 PM net.sf.freecol.server.networking.Server sendToAll
INFO: Reap dead connection: [DummyConnection Server connection - model.nation.inca]
Apr 20, 2018 4:12:30 PM net.sf.freecol.server.networking.Server sendToAll
INFO: Reap dead connection: [DummyConnection Server connection - model.nation.iroquois]
Apr 20, 2018 4:12:30 PM net.sf.freecol.server.networking.Server sendToAll
INFO: Reap dead connection: [DummyConnection Server connection - model.nation.apache]
Apr 20, 2018 4:12:30 PM net.sf.freecol.server.networking.Server sendToAll
INFO: Reap dead connection: [DummyConnection Server connection - model.nation.sioux]
Apr 20, 2018 4:12:30 PM net.sf.freecol.server.networking.Server sendToAll
INFO: Reap dead connection: [DummyConnection Server connection - model.nation.arawak]
Apr 20, 2018 4:12:30 PM net.sf.freecol.server.networking.Server sendToAll
INFO: Reap dead connection: [DummyConnection Server connection - model.nation.spanish]
Apr 20, 2018 4:12:30 PM net.sf.freecol.server.networking.Server sendToAll
INFO: Reap dead connection: [DummyConnection Server connection - model.nation.dutch]
Apr 20, 2018 4:12:30 PM net.sf.freecol.server.networking.Server sendToAll
INFO: Reap dead connection: [DummyConnection Server connection - model.nation.aztec]
Apr 20, 2018 4:12:30 PM net.sf.freecol.server.networking.Server sendToAll
INFO: Reap dead connection: [DummyConnection Server connection - model.nation.english]
Apr 20, 2018 4:12:30 PM net.sf.freecol.server.networking.Server sendToAll
INFO: Reap dead connection: [DummyConnection Server connection - model.nation.french]
Apr 20, 2018 4:12:30 PM net.sf.freecol.server.networking.Server sendToAll
INFO: Reap dead connection: [DummyConnection Server connection - model.nation.cherokee]
Apr 20, 2018 4:12:30 PM net.sf.freecol.server.networking.Server sendToAll
INFO: Reap dead connection: [DummyConnection Server connection - model.nation.tupi]
Apr 20, 2018 4:12:30 PM net.sf.freecol.common.model.Specification applyDifficultyLevel
INFO: Applying difficulty level model.difficulty.medium
Apr 20, 2018 4:12:30 PM net.sf.freecol.common.FreeColSeed getFreeColSeed
INFO: Using seed: -1920339082025377570
Apr 20, 2018 4:12:30 PM net.sf.freecol.server.networking.Server sendToAll
INFO: Reap dead connection: [DummyConnection Server connection - model.nation.sioux]
Apr 20, 2018 4:12:30 PM net.sf.freecol.server.networking.Server sendToAll
INFO: Reap dead connection: [DummyConnection Server connection - model.nation.cherokee]
Apr 20, 2018 4:12:30 PM net.sf.freecol.server.networking.Server sendToAll
INFO: Reap dead connection: [DummyConnection Server connection - model.nation.spanish]
Apr 20, 2018 4:12:30 PM net.sf.freecol.server.networking.Server sendToAll
INFO: Reap dead connection: [DummyConnection Server connection - model.nation.iroquois]
Apr 20, 2018 4:12:30 PM net.sf.freecol.server.networking.Server sendToAll
INFO: Reap dead connection: [DummyConnection Server connection - model.nation.english]
Apr 20, 2018 4:12:30 PM net.sf.freecol.server.networking.Server sendToAll
INFO: Reap dead connection: [DummyConnection Server connection - model.nation.tupi]
Apr 20, 2018 4:12:30 PM net.sf.freecol.server.networking.Server sendToAll
INFO: Reap dead connection: [DummyConnection Server connection - model.nation.dutch]
Apr 20, 2018 4:12:30 PM net.sf.freecol.server.networking.Server sendToAll
INFO: Reap dead connection: [DummyConnection Server connection - model.nation.arawak]
Apr 20, 2018 4:12:30 PM net.sf.freecol.server.networking.Server sendToAll
INFO: Reap dead connection: [DummyConnection Server connection - model.nation.french]
Apr 20, 2018 4:12:30 PM net.sf.freecol.server.networking.Server sendToAll
INFO: Reap dead connection: [DummyConnection Server connection - model.nation.aztec]
Apr 20, 2018 4:12:30 PM net.sf.freecol.server.networking.Server sendToAll
INFO: Reap dead connection: [DummyConnection Server connection - model.nation.inca]
Apr 20, 2018 4:12:30 PM net.sf.freecol.server.networking.Server sendToAll
INFO: Reap dead connection: [DummyConnection Server connection - model.nation.apache]
Apr 20, 2018 4:12:30 PM net.sf.freecol.common.model.Specification applyDifficultyLevel
INFO: Applying difficulty level model.difficulty.medium
Apr 20, 2018 4:12:30 PM net.sf.freecol.common.FreeColSeed getFreeColSeed
INFO: Using seed: -1415661229544958572
Apr 20, 2018 4:12:30 PM net.sf.freecol.server.networking.Server sendToAll
INFO: Reap dead connection: [DummyConnection Server connection - model.nation.cherokee]
Apr 20, 2018 4:12:30 PM net.sf.freecol.server.networking.Server sendToAll
INFO: Reap dead connection: [DummyConnection Server connection - model.nation.tupi]
Apr 20, 2018 4:12:30 PM net.sf.freecol.server.networking.Server sendToAll
INFO: Reap dead connection: [DummyConnection Server connection - model.nation.french]
Apr 20, 2018 4:12:30 PM net.sf.freecol.server.networking.Server sendToAll
INFO: Reap dead connection: [DummyConnection Server connection - model.nation.arawak]
Apr 20, 2018 4:12:30 PM net.sf.freecol.server.networking.Server sendToAll
INFO: Reap dead connection: [DummyConnection Server connection - model.nation.english]
Apr 20, 2018 4:12:30 PM net.sf.freecol.server.networking.Server sendToAll
INFO: Reap dead connection: [DummyConnection Server connection - model.nation.dutch]
Apr 20, 2018 4:12:30 PM net.sf.freecol.server.networking.Server sendToAll
INFO: Reap dead connection: [DummyConnection Server connection - model.nation.aztec]
Apr 20, 2018 4:12:30 PM net.sf.freecol.server.networking.Server sendToAll
INFO: Reap dead connection: [DummyConnection Server connection - model.nation.iroquois]
Apr 20, 2018 4:12:30 PM net.sf.freecol.server.networking.Server sendToAll
INFO: Reap dead connection: [DummyConnection Server connection - model.nation.sioux]
Apr 20, 2018 4:12:30 PM net.sf.freecol.server.networking.Server sendToAll
INFO: Reap dead connection: [DummyConnection Server connection - model.nation.inca]
Apr 20, 2018 4:12:30 PM net.sf.freecol.server.networking.Server sendToAll
INFO: Reap dead connection: [DummyConnection Server connection - model.nation.spanish]
Apr 20, 2018 4:12:30 PM net.sf.freecol.server.networking.Server sendToAll
INFO: Reap dead connection: [DummyConnection Server connection - model.nation.apache]
Apr 20, 2018 4:12:30 PM net.sf.freecol.common.model.Specification applyDifficultyLevel
INFO: Applying difficulty level model.difficulty.medium
Apr 20, 2018 4:12:30 PM net.sf.freecol.common.FreeColSeed getFreeColSeed
INFO: Using seed: -5920414036790309183
Apr 20, 2018 4:12:30 PM net.sf.freecol.server.networking.Server sendToAll
INFO: Reap dead connection: [DummyConnection Server connection - model.nation.arawak]
Apr 20, 2018 4:12:30 PM net.sf.freecol.server.networking.Server sendToAll
INFO: Reap dead connection: [DummyConnection Server connection - model.nation.tupi]
Apr 20, 2018 4:12:30 PM net.sf.freecol.server.networking.Server sendToAll
INFO: Reap dead connection: [DummyConnection Server connection - model.nation.english]
Apr 20, 2018 4:12:30 PM net.sf.freecol.server.networking.Server sendToAll
INFO: Reap dead connection: [DummyConnection Server connection - model.nation.apache]
Apr 20, 2018 4:12:30 PM net.sf.freecol.server.networking.Server sendToAll
INFO: Reap dead connection: [DummyConnection Server connection - model.nation.aztec]
Apr 20, 2018 4:12:30 PM net.sf.freecol.server.networking.Server sendToAll
INFO: Reap dead connection: [DummyConnection Server connection - model.nation.inca]
Apr 20, 2018 4:12:30 PM net.sf.freecol.server.networking.Server sendToAll
INFO: Reap dead connection: [DummyConnection Server connection - model.nation.iroquois]
Apr 20, 2018 4:12:30 PM net.sf.freecol.server.networking.Server sendToAll
INFO: Reap dead connection: [DummyConnection Server connection - model.nation.french]
Apr 20, 2018 4:12:30 PM net.sf.freecol.server.networking.Server sendToAll
INFO: Reap dead connection: [DummyConnection Server connection - model.nation.cherokee]
Apr 20, 2018 4:12:30 PM net.sf.freecol.server.networking.Server sendToAll
INFO: Reap dead connection: [DummyConnection Server connection - model.nation.sioux]
Apr 20, 2018 4:12:30 PM net.sf.freecol.server.networking.Server sendToAll
INFO: Reap dead connection: [DummyConnection Server connection - model.nation.spanish]
Apr 20, 2018 4:12:30 PM net.sf.freecol.server.networking.Server sendToAll
INFO: Reap dead connection: [DummyConnection Server connection - model.nation.dutch]
Apr 20, 2018 4:12:30 PM net.sf.freecol.common.model.Specification applyDifficultyLevel
INFO: Applying difficulty level model.difficulty.medium
Apr 20, 2018 4:12:30 PM net.sf.freecol.common.FreeColSeed getFreeColSeed
INFO: Using seed: 1423768073646243229
Apr 20, 2018 4:12:30 PM net.sf.freecol.server.networking.Server sendToAll
INFO: Reap dead connection: [DummyConnection Server connection - model.nation.sioux]
Apr 20, 2018 4:12:30 PM net.sf.freecol.server.networking.Server sendToAll
INFO: Reap dead connection: [DummyConnection Server connection - model.nation.cherokee]
Apr 20, 2018 4:12:30 PM net.sf.freecol.server.networking.Server sendToAll
INFO: Reap dead connection: [DummyConnection Server connection - model.nation.tupi]
Apr 20, 2018 4:12:30 PM net.sf.freecol.server.networking.Server sendToAll
INFO: Reap dead connection: [DummyConnection Server connection - model.nation.spanish]
Apr 20, 2018 4:12:30 PM net.sf.freecol.server.networking.Server sendToAll
INFO: Reap dead connection: [DummyConnection Server connection - model.nation.iroquois]
Apr 20, 2018 4:12:30 PM net.sf.freecol.server.networking.Server sendToAll
INFO: Reap dead connection: [DummyConnection Server connection - model.nation.english]
Apr 20, 2018 4:12:30 PM net.sf.freecol.server.networking.Server sendToAll
INFO: Reap dead connection: [DummyConnection Server connection - model.nation.inca]
Apr 20, 2018 4:12:30 PM net.sf.freecol.server.networking.Server sendToAll
INFO: Reap dead connection: [DummyConnection Server connection - model.nation.dutch]
Apr 20, 2018 4:12:30 PM net.sf.freecol.server.networking.Server sendToAll
INFO: Reap dead connection: [DummyConnection Server connection - model.nation.arawak]
Apr 20, 2018 4:12:30 PM net.sf.freecol.server.networking.Server sendToAll
INFO: Reap dead connection: [DummyConnection Server connection - model.nation.aztec]
Apr 20, 2018 4:12:30 PM net.sf.freecol.server.networking.Server sendToAll
INFO: Reap dead connection: [DummyConnection Server connection - model.nation.french]
Apr 20, 2018 4:12:30 PM net.sf.freecol.server.networking.Server sendToAll
INFO: Reap dead connection: [DummyConnection Server connection - model.nation.apache]
Apr 20, 2018 4:12:30 PM net.sf.freecol.common.model.Specification applyDifficultyLevel
INFO: Applying difficulty level model.difficulty.medium
Apr 20, 2018 4:12:30 PM net.sf.freecol.common.FreeColSeed getFreeColSeed
INFO: Using seed: 2877688226742324998
Apr 20, 2018 4:12:30 PM net.sf.freecol.server.networking.Server sendToAll
INFO: Reap dead connection: [DummyConnection Server connection - model.nation.sioux]
Apr 20, 2018 4:12:30 PM net.sf.freecol.server.networking.Server sendToAll
INFO: Reap dead connection: [DummyConnection Server connection - model.nation.english]
Apr 20, 2018 4:12:30 PM net.sf.freecol.server.networking.Server sendToAll
INFO: Reap dead connection: [DummyConnection Server connection - model.nation.aztec]
Apr 20, 2018 4:12:30 PM net.sf.freecol.server.networking.Server sendToAll
INFO: Reap dead connection: [DummyConnection Server connection - model.nation.apache]
Apr 20, 2018 4:12:30 PM net.sf.freecol.server.networking.Server sendToAll
INFO: Reap dead connection: [DummyConnection Server connection - model.nation.iroquois]
Apr 20, 2018 4:12:30 PM net.sf.freecol.server.networking.Server sendToAll
INFO: Reap dead connection: [DummyConnection Server connection - model.nation.inca]
Apr 20, 2018 4:12:30 PM net.sf.freecol.server.networking.Server sendToAll
INFO: Reap dead connection: [DummyConnection Server connection - model.nation.arawak]
Apr 20, 2018 4:12:30 PM net.sf.freecol.server.networking.Server sendToAll
INFO: Reap dead connection: [DummyConnection Server connection - model.nation.tupi]
Apr 20, 2018 4:12:30 PM net.sf.freecol.server.networking.Server sendToAll
INFO: Reap dead connection: [DummyConnection Server connection - model.nation.spanish]
Apr 20, 2018 4:12:30 PM net.sf.freecol.server.networking.Server sendToAll
INFO: Reap dead connection: [DummyConnection Server connection - model.nation.cherokee]
Apr 20, 2018 4:12:30 PM net.sf.freecol.server.networking.Server sendToAll
INFO: Reap dead connection: [DummyConnection Server connection - model.nation.french]
Apr 20, 2018 4:12:30 PM net.sf.freecol.server.networking.Server sendToAll
INFO: Reap dead connection: [DummyConnection Server connection - model.nation.dutch]
Apr 20, 2018 4:12:30 PM net.sf.freecol.common.model.Specification applyDifficultyLevel
INFO: Applying difficulty level model.difficulty.medium
Apr 20, 2018 4:12:30 PM net.sf.freecol.common.FreeColSeed getFreeColSeed
INFO: Using seed: 1162254734912166226
Apr 20, 2018 4:12:30 PM net.sf.freecol.server.networking.Server sendToAll
INFO: Reap dead connection: [DummyConnection Server connection - model.nation.english]
Apr 20, 2018 4:12:30 PM net.sf.freecol.server.networking.Server sendToAll
INFO: Reap dead connection: [DummyConnection Server connection - model.nation.spanish]
Apr 20, 2018 4:12:30 PM net.sf.freecol.server.networking.Server sendToAll
INFO: Reap dead connection: [DummyConnection Server connection - model.nation.aztec]
Apr 20, 2018 4:12:30 PM net.sf.freecol.server.networking.Server sendToAll
INFO: Reap dead connection: [DummyConnection Server connection - model.nation.tupi]
Apr 20, 2018 4:12:30 PM net.sf.freecol.server.networking.Server sendToAll
INFO: Reap dead connection: [DummyConnection Server connection - model.nation.arawak]
Apr 20, 2018 4:12:30 PM net.sf.freecol.server.networking.Server sendToAll
INFO: Reap dead connection: [DummyConnection Server connection - model.nation.sioux]
Apr 20, 2018 4:12:30 PM net.sf.freecol.server.networking.Server sendToAll
INFO: Reap dead connection: [DummyConnection Server connection - model.nation.dutch]
Apr 20, 2018 4:12:30 PM net.sf.freecol.server.networking.Server sendToAll
INFO: Reap dead connection: [DummyConnection Server connection - model.nation.cherokee]
Apr 20, 2018 4:12:30 PM net.sf.freecol.server.networking.Server sendToAll
INFO: Reap dead connection: [DummyConnection Server connection - model.nation.iroquois]
Apr 20, 2018 4:12:30 PM net.sf.freecol.server.networking.Server sendToAll
INFO: Reap dead connection: [DummyConnection Server connection - model.nation.apache]
Apr 20, 2018 4:12:30 PM net.sf.freecol.server.networking.Server sendToAll
INFO: Reap dead connection: [DummyConnection Server connection - model.nation.french]
Apr 20, 2018 4:12:30 PM net.sf.freecol.server.networking.Server sendToAll
INFO: Reap dead connection: [DummyConnection Server connection - model.nation.inca]
Apr 20, 2018 4:12:30 PM net.sf.freecol.common.model.Specification applyDifficultyLevel
INFO: Applying difficulty level model.difficulty.medium
Apr 20, 2018 4:12:30 PM net.sf.freecol.common.FreeColSeed getFreeColSeed
INFO: Using seed: 6371659179954668916
Apr 20, 2018 4:12:30 PM net.sf.freecol.server.networking.Server sendToAll
INFO: Reap dead connection: [DummyConnection Server connection - model.nation.spanish]
Apr 20, 2018 4:12:30 PM net.sf.freecol.server.networking.Server sendToAll
INFO: Reap dead connection: [DummyConnection Server connection - model.nation.iroquois]
Apr 20, 2018 4:12:30 PM net.sf.freecol.server.networking.Server sendToAll
INFO: Reap dead connection: [DummyConnection Server connection - model.nation.inca]
Apr 20, 2018 4:12:30 PM net.sf.freecol.server.networking.Server sendToAll
INFO: Reap dead connection: [DummyConnection Server connection - model.nation.sioux]
Apr 20, 2018 4:12:30 PM net.sf.freecol.server.networking.Server sendToAll
INFO: Reap dead connection: [DummyConnection Server connection - model.nation.cherokee]
Apr 20, 2018 4:12:30 PM net.sf.freecol.server.networking.Server sendToAll
INFO: Reap dead connection: [DummyConnection Server connection - model.nation.tupi]
Apr 20, 2018 4:12:30 PM net.sf.freecol.server.networking.Server sendToAll
INFO: Reap dead connection: [DummyConnection Server connection - model.nation.apache]
Apr 20, 2018 4:12:30 PM net.sf.freecol.server.networking.Server sendToAll
INFO: Reap dead connection: [DummyConnection Server connection - model.nation.english]
Apr 20, 2018 4:12:30 PM net.sf.freecol.server.networking.Server sendToAll
INFO: Reap dead connection: [DummyConnection Server connection - model.nation.french]
Apr 20, 2018 4:12:30 PM net.sf.freecol.server.networking.Server sendToAll
INFO: Reap dead connection: [DummyConnection Server connection - model.nation.dutch]
Apr 20, 2018 4:12:30 PM net.sf.freecol.server.networking.Server sendToAll
INFO: Reap dead connection: [DummyConnection Server connection - model.nation.arawak]
Apr 20, 2018 4:12:30 PM net.sf.freecol.server.networking.Server sendToAll
INFO: Reap dead connection: [DummyConnection Server connection - model.nation.aztec]
Apr 20, 2018 4:12:30 PM net.sf.freecol.common.model.Specification applyDifficultyLevel
INFO: Applying difficulty level model.difficulty.medium
Apr 20, 2018 4:12:30 PM net.sf.freecol.common.FreeColSeed getFreeColSeed
INFO: Using seed: -1711713304253955996
Apr 20, 2018 4:12:30 PM net.sf.freecol.server.networking.Server sendToAll
INFO: Reap dead connection: [DummyConnection Server connection - model.nation.apache]
Apr 20, 2018 4:12:30 PM net.sf.freecol.server.networking.Server sendToAll
INFO: Reap dead connection: [DummyConnection Server connection - model.nation.iroquois]
Apr 20, 2018 4:12:30 PM net.sf.freecol.server.networking.Server sendToAll
INFO: Reap dead connection: [DummyConnection Server connection - model.nation.tupi]
Apr 20, 2018 4:12:30 PM net.sf.freecol.server.networking.Server sendToAll
INFO: Reap dead connection: [DummyConnection Server connection - model.nation.arawak]
Apr 20, 2018 4:12:30 PM net.sf.freecol.server.networking.Server sendToAll
INFO: Reap dead connection: [DummyConnection Server connection - model.nation.dutch]
Apr 20, 2018 4:12:30 PM net.sf.freecol.server.networking.Server sendToAll
INFO: Reap dead connection: [DummyConnection Server connection - model.nation.inca]
Apr 20, 2018 4:12:30 PM net.sf.freecol.server.networking.Server sendToAll
INFO: Reap dead connection: [DummyConnection Server connection - model.nation.sioux]
Apr 20, 2018 4:12:30 PM net.sf.freecol.server.networking.Server sendToAll
INFO: Reap dead connection: [DummyConnection Server connection - model.nation.aztec]
Apr 20, 2018 4:12:30 PM net.sf.freecol.server.networking.Server sendToAll
INFO: Reap dead connection: [DummyConnection Server connection - model.nation.spanish]
Apr 20, 2018 4:12:30 PM net.sf.freecol.server.networking.Server sendToAll
INFO: Reap dead connection: [DummyConnection Server connection - model.nation.cherokee]
Apr 20, 2018 4:12:30 PM net.sf.freecol.server.networking.Server sendToAll
INFO: Reap dead connection: [DummyConnection Server connection - model.nation.french]
Apr 20, 2018 4:12:30 PM net.sf.freecol.server.networking.Server sendToAll
INFO: Reap dead connection: [DummyConnection Server connection - model.nation.english]
Apr 20, 2018 4:12:30 PM net.sf.freecol.common.model.Specification applyDifficultyLevel
INFO: Applying difficulty level model.difficulty.medium
Apr 20, 2018 4:12:30 PM net.sf.freecol.common.FreeColSeed getFreeColSeed
INFO: Using seed: 1267790699397275729
Apr 20, 2018 4:12:30 PM net.sf.freecol.server.networking.Server sendToAll
INFO: Reap dead connection: [DummyConnection Server connection - model.nation.tupi]
Apr 20, 2018 4:12:30 PM net.sf.freecol.server.networking.Server sendToAll
INFO: Reap dead connection: [DummyConnection Server connection - model.nation.cherokee]
Apr 20, 2018 4:12:30 PM net.sf.freecol.server.networking.Server sendToAll
INFO: Reap dead connection: [DummyConnection Server connection - model.nation.apache]
Apr 20, 2018 4:12:30 PM net.sf.freecol.server.networking.Server sendToAll
INFO: Reap dead connection: [DummyConnection Server connection - model.nation.french]
Apr 20, 2018 4:12:30 PM net.sf.freecol.server.networking.Server sendToAll
INFO: Reap dead connection: [DummyConnection Server connection - model.nation.aztec]
Apr 20, 2018 4:12:30 PM net.sf.freecol.server.networking.Server sendToAll
INFO: Reap dead connection: [DummyConnection Server connection - model.nation.arawak]
Apr 20, 2018 4:12:30 PM net.sf.freecol.server.networking.Server sendToAll
INFO: Reap dead connection: [DummyConnection Server connection - model.nation.iroquois]
Apr 20, 2018 4:12:30 PM net.sf.freecol.server.networking.Server sendToAll
INFO: Reap dead connection: [DummyConnection Server connection - model.nation.inca]
Apr 20, 2018 4:12:30 PM net.sf.freecol.server.networking.Server sendToAll
INFO: Reap dead connection: [DummyConnection Server connection - model.nation.sioux]
Apr 20, 2018 4:12:30 PM net.sf.freecol.server.networking.Server sendToAll
INFO: Reap dead connection: [DummyConnection Server connection - model.nation.dutch]
Apr 20, 2018 4:12:30 PM net.sf.freecol.server.networking.Server sendToAll
INFO: Reap dead connection: [DummyConnection Server connection - model.nation.english]
Apr 20, 2018 4:12:30 PM net.sf.freecol.server.networking.Server sendToAll
INFO: Reap dead connection: [DummyConnection Server connection - model.nation.spanish]
Apr 20, 2018 4:12:30 PM net.sf.freecol.common.model.Specification applyDifficultyLevel
INFO: Applying difficulty level model.difficulty.medium
Apr 20, 2018 4:12:30 PM net.sf.freecol.common.FreeColSeed getFreeColSeed
INFO: Using seed: 2849111689800427440
Apr 20, 2018 4:12:30 PM net.sf.freecol.server.networking.Server sendToAll
INFO: Reap dead connection: [DummyConnection Server connection - model.nation.tupi]
Apr 20, 2018 4:12:30 PM net.sf.freecol.server.networking.Server sendToAll
INFO: Reap dead connection: [DummyConnection Server connection - model.nation.spanish]
Apr 20, 2018 4:12:30 PM net.sf.freecol.server.networking.Server sendToAll
INFO: Reap dead connection: [DummyConnection Server connection - model.nation.english]
Apr 20, 2018 4:12:30 PM net.sf.freecol.server.networking.Server sendToAll
INFO: Reap dead connection: [DummyConnection Server connection - model.nation.aztec]
Apr 20, 2018 4:12:30 PM net.sf.freecol.server.networking.Server sendToAll
INFO: Reap dead connection: [DummyConnection Server connection - model.nation.sioux]
Apr 20, 2018 4:12:30 PM net.sf.freecol.server.networking.Server sendToAll
INFO: Reap dead connection: [DummyConnection Server connection - model.nation.arawak]
Apr 20, 2018 4:12:30 PM net.sf.freecol.server.networking.Server sendToAll
INFO: Reap dead connection: [DummyConnection Server connection - model.nation.apache]
Apr 20, 2018 4:12:30 PM net.sf.freecol.server.networking.Server sendToAll
INFO: Reap dead connection: [DummyConnection Server connection - model.nation.dutch]
Apr 20, 2018 4:12:30 PM net.sf.freecol.server.networking.Server sendToAll
INFO: Reap dead connection: [DummyConnection Server connection - model.nation.inca]
Apr 20, 2018 4:12:30 PM net.sf.freecol.server.networking.Server sendToAll
INFO: Reap dead connection: [DummyConnection Server connection - model.nation.iroquois]
Apr 20, 2018 4:12:30 PM net.sf.freecol.server.networking.Server sendToAll
INFO: Reap dead connection: [DummyConnection Server connection - model.nation.french]
Apr 20, 2018 4:12:30 PM net.sf.freecol.server.networking.Server sendToAll
INFO: Reap dead connection: [DummyConnection Server connection - model.nation.cherokee]
Apr 20, 2018 4:12:30 PM net.sf.freecol.common.model.Specification applyDifficultyLevel
INFO: Applying difficulty level model.difficulty.medium
Apr 20, 2018 4:12:30 PM net.sf.freecol.common.FreeColSeed getFreeColSeed
INFO: Using seed: 5048962398947359889
Apr 20, 2018 4:12:30 PM net.sf.freecol.server.networking.Server sendToAll
INFO: Reap dead connection: [DummyConnection Server connection - model.nation.inca]
Apr 20, 2018 4:12:30 PM net.sf.freecol.server.networking.Server sendToAll
INFO: Reap dead connection: [DummyConnection Server connection - model.nation.cherokee]
Apr 20, 2018 4:12:30 PM net.sf.freecol.server.networking.Server sendToAll
INFO: Reap dead connection: [DummyConnection Server connection - model.nation.arawak]
Apr 20, 2018 4:12:30 PM net.sf.freecol.server.networking.Server sendToAll
INFO: Reap dead connection: [DummyConnection Server connection - model.nation.tupi]
Apr 20, 2018 4:12:30 PM net.sf.freecol.server.networking.Server sendToAll
INFO: Reap dead connection: [DummyConnection Server connection - model.nation.dutch]
Apr 20, 2018 4:12:30 PM net.sf.freecol.server.networking.Server sendToAll
INFO: Reap dead connection: [DummyConnection Server connection - model.nation.aztec]
Apr 20, 2018 4:12:30 PM net.sf.freecol.server.networking.Server sendToAll
INFO: Reap dead connection: [DummyConnection Server connection - model.nation.french]
Apr 20, 2018 4:12:30 PM net.sf.freecol.server.networking.Server sendToAll
INFO: Reap dead connection: [DummyConnection Server connection - model.nation.sioux]
Apr 20, 2018 4:12:30 PM net.sf.freecol.server.networking.Server sendToAll
INFO: Reap dead connection: [DummyConnection Server connection - model.nation.english]
Apr 20, 2018 4:12:30 PM net.sf.freecol.server.networking.Server sendToAll
INFO: Reap dead connection: [DummyConnection Server connection - model.nation.spanish]
Apr 20, 2018 4:12:30 PM net.sf.freecol.server.networking.Server sendToAll
INFO: Reap dead connection: [DummyConnection Server connection - model.nation.iroquois]
Apr 20, 2018 4:12:30 PM net.sf.freecol.server.networking.Server sendToAll
INFO: Reap dead connection: [DummyConnection Server connection - model.nation.apache]
Apr 20, 2018 4:12:30 PM net.sf.freecol.common.networking.DOMMessage clientError
WARNING: Received message: move out of turn from player: model.nation.dutch
Apr 20, 2018 4:12:30 PM net.sf.freecol.server.ai.AIMessage checkError
WARNING: AIMessage.move error, messageId: server.reject message: Received message: move out of turn from player: model.nation.dutch
Apr 20, 2018 4:12:30 PM net.sf.freecol.common.model.Specification applyDifficultyLevel
INFO: Applying difficulty level model.difficulty.medium
Apr 20, 2018 4:12:30 PM net.sf.freecol.common.FreeColSeed getFreeColSeed
INFO: Using seed: 4997058607670974424
Apr 20, 2018 4:12:30 PM net.sf.freecol.server.networking.Server sendToAll
INFO: Reap dead connection: [DummyConnection Server connection - model.nation.french]
Apr 20, 2018 4:12:30 PM net.sf.freecol.server.networking.Server sendToAll
INFO: Reap dead connection: [DummyConnection Server connection - model.nation.iroquois]
Apr 20, 2018 4:12:30 PM net.sf.freecol.server.networking.Server sendToAll
INFO: Reap dead connection: [DummyConnection Server connection - model.nation.inca]
Apr 20, 2018 4:12:30 PM net.sf.freecol.server.networking.Server sendToAll
INFO: Reap dead connection: [DummyConnection Server connection - model.nation.sioux]
Apr 20, 2018 4:12:30 PM net.sf.freecol.server.networking.Server sendToAll
INFO: Reap dead connection: [DummyConnection Server connection - model.nation.apache]
Apr 20, 2018 4:12:30 PM net.sf.freecol.server.networking.Server sendToAll
INFO: Reap dead connection: [DummyConnection Server connection - model.nation.dutch]
Apr 20, 2018 4:12:30 PM net.sf.freecol.server.networking.Server sendToAll
INFO: Reap dead connection: [DummyConnection Server connection - model.nation.spanish]
Apr 20, 2018 4:12:30 PM net.sf.freecol.server.networking.Server sendToAll
INFO: Reap dead connection: [DummyConnection Server connection - model.nation.arawak]
Apr 20, 2018 4:12:30 PM net.sf.freecol.server.networking.Server sendToAll
INFO: Reap dead connection: [DummyConnection Server connection - model.nation.english]
Apr 20, 2018 4:12:30 PM net.sf.freecol.server.networking.Server sendToAll
INFO: Reap dead connection: [DummyConnection Server connection - model.nation.aztec]
Apr 20, 2018 4:12:30 PM net.sf.freecol.server.networking.Server sendToAll
INFO: Reap dead connection: [DummyConnection Server connection - model.nation.tupi]
Apr 20, 2018 4:12:30 PM net.sf.freecol.server.networking.Server sendToAll
INFO: Reap dead connection: [DummyConnection Server connection - model.nation.cherokee]
Apr 20, 2018 4:12:30 PM net.sf.freecol.common.networking.DOMMessage clientError
WARNING: Received message: move out of turn from player: model.nation.dutch
Apr 20, 2018 4:12:30 PM net.sf.freecol.server.ai.AIMessage checkError
WARNING: AIMessage.move error, messageId: server.reject message: Received message: move out of turn from player: model.nation.dutch
Apr 20, 2018 4:12:30 PM net.sf.freecol.common.model.Specification applyDifficultyLevel
INFO: Applying difficulty level model.difficulty.medium
Apr 20, 2018 4:12:30 PM net.sf.freecol.common.FreeColSeed getFreeColSeed
INFO: Using seed: 2205519433241943506
Apr 20, 2018 4:12:30 PM net.sf.freecol.server.networking.Server sendToAll
INFO: Reap dead connection: [DummyConnection Server connection - model.nation.cherokee]
Apr 20, 2018 4:12:30 PM net.sf.freecol.server.networking.Server sendToAll
INFO: Reap dead connection: [DummyConnection Server connection - model.nation.tupi]
Apr 20, 2018 4:12:30 PM net.sf.freecol.server.networking.Server sendToAll
INFO: Reap dead connection: [DummyConnection Server connection - model.nation.sioux]
Apr 20, 2018 4:12:30 PM net.sf.freecol.server.networking.Server sendToAll
INFO: Reap dead connection: [DummyConnection Server connection - model.nation.aztec]
Apr 20, 2018 4:12:30 PM net.sf.freecol.server.networking.Server sendToAll
INFO: Reap dead connection: [DummyConnection Server connection - model.nation.english]
Apr 20, 2018 4:12:30 PM net.sf.freecol.server.networking.Server sendToAll
INFO: Reap dead connection: [DummyConnection Server connection - model.nation.spanish]
Apr 20, 2018 4:12:30 PM net.sf.freecol.server.networking.Server sendToAll
INFO: Reap dead connection: [DummyConnection Server connection - model.nation.inca]
Apr 20, 2018 4:12:30 PM net.sf.freecol.server.networking.Server sendToAll
INFO: Reap dead connection: [DummyConnection Server connection - model.nation.iroquois]
Apr 20, 2018 4:12:30 PM net.sf.freecol.server.networking.Server sendToAll
INFO: Reap dead connection: [DummyConnection Server connection - model.nation.dutch]
Apr 20, 2018 4:12:30 PM net.sf.freecol.server.networking.Server sendToAll
INFO: Reap dead connection: [DummyConnection Server connection - model.nation.apache]
Apr 20, 2018 4:12:30 PM net.sf.freecol.server.networking.Server sendToAll
INFO: Reap dead connection: [DummyConnection Server connection - model.nation.french]
Apr 20, 2018 4:12:30 PM net.sf.freecol.server.networking.Server sendToAll
INFO: Reap dead connection: [DummyConnection Server connection - model.nation.arawak]
Apr 20, 2018 4:12:30 PM net.sf.freecol.common.networking.DOMMessage clientError
WARNING: Received message: move out of turn from player: model.nation.dutch
Apr 20, 2018 4:12:30 PM net.sf.freecol.server.ai.AIMessage checkError
WARNING: AIMessage.move error, messageId: server.reject message: Received message: move out of turn from player: model.nation.dutch
Apr 20, 2018 4:12:30 PM net.sf.freecol.common.model.Specification applyDifficultyLevel
INFO: Applying difficulty level model.difficulty.medium
Apr 20, 2018 4:12:30 PM net.sf.freecol.common.FreeColSeed getFreeColSeed
INFO: Using seed: 4342614577506244666
Apr 20, 2018 4:12:30 PM net.sf.freecol.server.networking.Server sendToAll
INFO: Reap dead connection: [DummyConnection Server connection - model.nation.tupi]
Apr 20, 2018 4:12:30 PM net.sf.freecol.server.networking.Server sendToAll
INFO: Reap dead connection: [DummyConnection Server connection - model.nation.english]
Apr 20, 2018 4:12:30 PM net.sf.freecol.server.networking.Server sendToAll
INFO: Reap dead connection: [DummyConnection Server connection - model.nation.spanish]
Apr 20, 2018 4:12:30 PM net.sf.freecol.server.networking.Server sendToAll
INFO: Reap dead connection: [DummyConnection Server connection - model.nation.sioux]
Apr 20, 2018 4:12:30 PM net.sf.freecol.server.networking.Server sendToAll
INFO: Reap dead connection: [DummyConnection Server connection - model.nation.french]
Apr 20, 2018 4:12:30 PM net.sf.freecol.server.networking.Server sendToAll
INFO: Reap dead connection: [DummyConnection Server connection - model.nation.cherokee]
Apr 20, 2018 4:12:30 PM net.sf.freecol.server.networking.Server sendToAll
INFO: Reap dead connection: [DummyConnection Server connection - model.nation.aztec]
Apr 20, 2018 4:12:30 PM net.sf.freecol.server.networking.Server sendToAll
INFO: Reap dead connection: [DummyConnection Server connection - model.nation.arawak]
Apr 20, 2018 4:12:30 PM net.sf.freecol.server.networking.Server sendToAll
INFO: Reap dead connection: [DummyConnection Server connection - model.nation.inca]
Apr 20, 2018 4:12:30 PM net.sf.freecol.server.networking.Server sendToAll
INFO: Reap dead connection: [DummyConnection Server connection - model.nation.iroquois]
Apr 20, 2018 4:12:30 PM net.sf.freecol.server.networking.Server sendToAll
INFO: Reap dead connection: [DummyConnection Server connection - model.nation.dutch]
Apr 20, 2018 4:12:30 PM net.sf.freecol.server.networking.Server sendToAll
INFO: Reap dead connection: [DummyConnection Server connection - model.nation.apache]
Apr 20, 2018 4:12:30 PM net.sf.freecol.common.util.LogBuilder log
INFO: Combat attacker=unit:250-privateer [Modifier model.modifier.offence (model.source.baseOffence) ADDITIVE 8.0 index=10] [Modifier model.modifier.attackBonus (model.source.attackBonus) PERCENTAGE 50.0 index=50] = 12.0 defender=unit:247-galleon [Modifier model.modifier.defence (model.source.baseDefence) ADDITIVE 10.0 index=10] = 10.0 odds=0.5454545454545454 random(1.0)=0.5254545211791992 great=false Attack WIN DAMAGE_SHIP_ATTACK
Apr 20, 2018 4:12:30 PM net.sf.freecol.common.util.LogBuilder log
INFO: Destroying: unit:249
Apr 20, 2018 4:12:30 PM net.sf.freecol.common.model.Specification applyDifficultyLevel
INFO: Applying difficulty level model.difficulty.medium
Apr 20, 2018 4:12:30 PM net.sf.freecol.common.FreeColSeed getFreeColSeed
INFO: Using seed: -4901626730560466259
Apr 20, 2018 4:12:30 PM net.sf.freecol.server.networking.Server sendToAll
INFO: Reap dead connection: [DummyConnection Server connection - model.nation.apache]
Apr 20, 2018 4:12:30 PM net.sf.freecol.server.networking.Server sendToAll
INFO: Reap dead connection: [DummyConnection Server connection - model.nation.english]
Apr 20, 2018 4:12:30 PM net.sf.freecol.server.networking.Server sendToAll
INFO: Reap dead connection: [DummyConnection Server connection - model.nation.inca]
Apr 20, 2018 4:12:30 PM net.sf.freecol.server.networking.Server sendToAll
INFO: Reap dead connection: [DummyConnection Server connection - model.nation.sioux]
Apr 20, 2018 4:12:30 PM net.sf.freecol.server.networking.Server sendToAll
INFO: Reap dead connection: [DummyConnection Server connection - model.nation.cherokee]
Apr 20, 2018 4:12:30 PM net.sf.freecol.server.networking.Server sendToAll
INFO: Reap dead connection: [DummyConnection Server connection - model.nation.arawak]
Apr 20, 2018 4:12:30 PM net.sf.freecol.server.networking.Server sendToAll
INFO: Reap dead connection: [DummyConnection Server connection - model.nation.spanish]
Apr 20, 2018 4:12:30 PM net.sf.freecol.server.networking.Server sendToAll
INFO: Reap dead connection: [DummyConnection Server connection - model.nation.iroquois]
Apr 20, 2018 4:12:30 PM net.sf.freecol.server.networking.Server sendToAll
INFO: Reap dead connection: [DummyConnection Server connection - model.nation.dutch]
Apr 20, 2018 4:12:30 PM net.sf.freecol.server.networking.Server sendToAll
INFO: Reap dead connection: [DummyConnection Server connection - model.nation.french]
Apr 20, 2018 4:12:30 PM net.sf.freecol.server.networking.Server sendToAll
INFO: Reap dead connection: [DummyConnection Server connection - model.nation.tupi]
Apr 20, 2018 4:12:30 PM net.sf.freecol.server.networking.Server sendToAll
INFO: Reap dead connection: [DummyConnection Server connection - model.nation.aztec]
Apr 20, 2018 4:12:30 PM net.sf.freecol.common.model.Specification applyDifficultyLevel
INFO: Applying difficulty level model.difficulty.medium
Apr 20, 2018 4:12:30 PM net.sf.freecol.common.FreeColSeed getFreeColSeed
INFO: Using seed: 3309945600481750810
Apr 20, 2018 4:12:30 PM net.sf.freecol.server.networking.Server sendToAll
INFO: Reap dead connection: [DummyConnection Server connection - model.nation.apache]
Apr 20, 2018 4:12:30 PM net.sf.freecol.server.networking.Server sendToAll
INFO: Reap dead connection: [DummyConnection Server connection - model.nation.sioux]
Apr 20, 2018 4:12:30 PM net.sf.freecol.server.networking.Server sendToAll
INFO: Reap dead connection: [DummyConnection Server connection - model.nation.french]
Apr 20, 2018 4:12:30 PM net.sf.freecol.server.networking.Server sendToAll
INFO: Reap dead connection: [DummyConnection Server connection - model.nation.arawak]
Apr 20, 2018 4:12:30 PM net.sf.freecol.server.networking.Server sendToAll
INFO: Reap dead connection: [DummyConnection Server connection - model.nation.inca]
Apr 20, 2018 4:12:30 PM net.sf.freecol.server.networking.Server sendToAll
INFO: Reap dead connection: [DummyConnection Server connection - model.nation.english]
Apr 20, 2018 4:12:30 PM net.sf.freecol.server.networking.Server sendToAll
INFO: Reap dead connection: [DummyConnection Server connection - model.nation.spanish]
Apr 20, 2018 4:12:30 PM net.sf.freecol.server.networking.Server sendToAll
INFO: Reap dead connection: [DummyConnection Server connection - model.nation.cherokee]
Apr 20, 2018 4:12:30 PM net.sf.freecol.server.networking.Server sendToAll
INFO: Reap dead connection: [DummyConnection Server connection - model.nation.tupi]
Apr 20, 2018 4:12:30 PM net.sf.freecol.server.networking.Server sendToAll
INFO: Reap dead connection: [DummyConnection Server connection - model.nation.iroquois]
Apr 20, 2018 4:12:30 PM net.sf.freecol.server.networking.Server sendToAll
INFO: Reap dead connection: [DummyConnection Server connection - model.nation.dutch]
Apr 20, 2018 4:12:30 PM net.sf.freecol.server.networking.Server sendToAll
INFO: Reap dead connection: [DummyConnection Server connection - model.nation.aztec]
Apr 20, 2018 4:12:30 PM net.sf.freecol.common.model.Specification applyDifficultyLevel
INFO: Applying difficulty level model.difficulty.medium
Apr 20, 2018 4:12:30 PM net.sf.freecol.common.FreeColSeed getFreeColSeed
INFO: Using seed: 3342966058964840548
Apr 20, 2018 4:12:30 PM net.sf.freecol.server.networking.Server sendToAll
INFO: Reap dead connection: [DummyConnection Server connection - model.nation.spanish]
Apr 20, 2018 4:12:30 PM net.sf.freecol.server.networking.Server sendToAll
INFO: Reap dead connection: [DummyConnection Server connection - model.nation.apache]
Apr 20, 2018 4:12:30 PM net.sf.freecol.server.networking.Server sendToAll
INFO: Reap dead connection: [DummyConnection Server connection - model.nation.dutch]
Apr 20, 2018 4:12:30 PM net.sf.freecol.server.networking.Server sendToAll
INFO: Reap dead connection: [DummyConnection Server connection - model.nation.english]
Apr 20, 2018 4:12:30 PM net.sf.freecol.server.networking.Server sendToAll
INFO: Reap dead connection: [DummyConnection Server connection - model.nation.inca]
Apr 20, 2018 4:12:30 PM net.sf.freecol.server.networking.Server sendToAll
INFO: Reap dead connection: [DummyConnection Server connection - model.nation.aztec]
Apr 20, 2018 4:12:30 PM net.sf.freecol.server.networking.Server sendToAll
INFO: Reap dead connection: [DummyConnection Server connection - model.nation.iroquois]
Apr 20, 2018 4:12:30 PM net.sf.freecol.server.networking.Server sendToAll
INFO: Reap dead connection: [DummyConnection Server connection - model.nation.arawak]
Apr 20, 2018 4:12:30 PM net.sf.freecol.server.networking.Server sendToAll
INFO: Reap dead connection: [DummyConnection Server connection - model.nation.cherokee]
Apr 20, 2018 4:12:30 PM net.sf.freecol.server.networking.Server sendToAll
INFO: Reap dead connection: [DummyConnection Server connection - model.nation.tupi]
Apr 20, 2018 4:12:30 PM net.sf.freecol.server.networking.Server sendToAll
INFO: Reap dead connection: [DummyConnection Server connection - model.nation.french]
Apr 20, 2018 4:12:30 PM net.sf.freecol.server.networking.Server sendToAll
INFO: Reap dead connection: [DummyConnection Server connection - model.nation.sioux]
Apr 20, 2018 4:12:30 PM net.sf.freecol.server.model.ServerPlayer csChangeStance
INFO: Stance modification William I PEACE -> WAR wrt Atahualpa
Apr 20, 2018 4:12:30 PM net.sf.freecol.server.model.ServerPlayer csChangeStance
INFO: Stance modification Atahualpa PEACE -> WAR wrt William I (symmetric)
Apr 20, 2018 4:12:30 PM net.sf.freecol.common.model.Specification applyDifficultyLevel
INFO: Applying difficulty level model.difficulty.medium
Apr 20, 2018 4:12:30 PM net.sf.freecol.common.FreeColSeed getFreeColSeed
INFO: Using seed: 4773694657418122471
Apr 20, 2018 4:12:30 PM net.sf.freecol.server.networking.Server sendToAll
INFO: Reap dead connection: [DummyConnection Server connection - model.nation.apache]
Apr 20, 2018 4:12:30 PM net.sf.freecol.server.networking.Server sendToAll
INFO: Reap dead connection: [DummyConnection Server connection - model.nation.inca]
Apr 20, 2018 4:12:30 PM net.sf.freecol.server.networking.Server sendToAll
INFO: Reap dead connection: [DummyConnection Server connection - model.nation.dutch]
Apr 20, 2018 4:12:30 PM net.sf.freecol.server.networking.Server sendToAll
INFO: Reap dead connection: [DummyConnection Server connection - model.nation.english]
Apr 20, 2018 4:12:30 PM net.sf.freecol.server.networking.Server sendToAll
INFO: Reap dead connection: [DummyConnection Server connection - model.nation.iroquois]
Apr 20, 2018 4:12:30 PM net.sf.freecol.server.networking.Server sendToAll
INFO: Reap dead connection: [DummyConnection Server connection - model.nation.tupi]
Apr 20, 2018 4:12:30 PM net.sf.freecol.server.networking.Server sendToAll
INFO: Reap dead connection: [DummyConnection Server connection - model.nation.french]
Apr 20, 2018 4:12:30 PM net.sf.freecol.server.networking.Server sendToAll
INFO: Reap dead connection: [DummyConnection Server connection - model.nation.aztec]
Apr 20, 2018 4:12:30 PM net.sf.freecol.server.networking.Server sendToAll
INFO: Reap dead connection: [DummyConnection Server connection - model.nation.cherokee]
Apr 20, 2018 4:12:30 PM net.sf.freecol.server.networking.Server sendToAll
INFO: Reap dead connection: [DummyConnection Server connection - model.nation.arawak]
Apr 20, 2018 4:12:30 PM net.sf.freecol.server.networking.Server sendToAll
INFO: Reap dead connection: [DummyConnection Server connection - model.nation.spanish]
Apr 20, 2018 4:12:30 PM net.sf.freecol.server.networking.Server sendToAll
INFO: Reap dead connection: [DummyConnection Server connection - model.nation.sioux]
Apr 20, 2018 4:12:30 PM net.sf.freecol.server.model.ServerPlayer csChangeStance
INFO: Stance modification William I UNCONTACTED -> WAR wrt Louis XIV
Apr 20, 2018 4:12:30 PM net.sf.freecol.server.model.ServerPlayer csChangeStance
INFO: Stance modification Louis XIV UNCONTACTED -> WAR wrt William I (symmetric)
Apr 20, 2018 4:12:30 PM net.sf.freecol.common.util.LogBuilder log
INFO: Combat attacker=unit:247-artillery [Modifier model.modifier.offence (model.source.baseOffence) ADDITIVE 7.0 index=10] [Modifier model.modifier.artilleryInTheOpen (model.source.artilleryInTheOpen) PERCENTAGE -75.0 index=50] [Modifier model.modifier.attackBonus (model.source.attackBonus) PERCENTAGE 50.0 index=50] = 2.625 defender=unit:248-freeColonist-soldier [Modifier model.modifier.defence (model.source.baseDefence) ADDITIVE 1.0 index=10] [Modifier model.modifier.defence (model.role.soldier) ADDITIVE 1.0 index=30] = 2.0 odds=0.5675675675675675 random(1.0)=0.5875675678253174 great=false Attack LOSE DEMOTE_UNIT
Apr 20, 2018 4:12:30 PM net.sf.freecol.common.util.LogBuilder log
INFO: Combat attacker=unit:247-damagedArtillery [Modifier model.modifier.offence (model.source.baseOffence) ADDITIVE 5.0 index=10] [Modifier model.modifier.artilleryInTheOpen (model.source.artilleryInTheOpen) PERCENTAGE -75.0 index=50] [Modifier model.modifier.attackBonus (model.source.attackBonus) PERCENTAGE 50.0 index=50] = 1.875 defender=unit:248-freeColonist-soldier [Modifier model.modifier.defence (model.source.baseDefence) ADDITIVE 1.0 index=10] [Modifier model.modifier.defence (model.role.soldier) ADDITIVE 1.0 index=30] = 2.0 odds=0.4838709677419355 random(1.0)=0.503870964050293 great=false Attack LOSE SLAUGHTER_UNIT
Apr 20, 2018 4:12:30 PM net.sf.freecol.common.util.LogBuilder log
INFO: Destroying: unit:247
Apr 20, 2018 4:12:30 PM net.sf.freecol.common.model.Specification applyDifficultyLevel
INFO: Applying difficulty level model.difficulty.medium
Apr 20, 2018 4:12:30 PM net.sf.freecol.common.FreeColSeed getFreeColSeed
INFO: Using seed: -2256992051193136973
Apr 20, 2018 4:12:30 PM net.sf.freecol.server.networking.Server sendToAll
INFO: Reap dead connection: [DummyConnection Server connection - model.nation.tupi]
Apr 20, 2018 4:12:30 PM net.sf.freecol.server.networking.Server sendToAll
INFO: Reap dead connection: [DummyConnection Server connection - model.nation.aztec]
Apr 20, 2018 4:12:30 PM net.sf.freecol.server.networking.Server sendToAll
INFO: Reap dead connection: [DummyConnection Server connection - model.nation.french]
Apr 20, 2018 4:12:30 PM net.sf.freecol.server.networking.Server sendToAll
INFO: Reap dead connection: [DummyConnection Server connection - model.nation.english]
Apr 20, 2018 4:12:30 PM net.sf.freecol.server.networking.Server sendToAll
INFO: Reap dead connection: [DummyConnection Server connection - model.nation.sioux]
Apr 20, 2018 4:12:30 PM net.sf.freecol.server.networking.Server sendToAll
INFO: Reap dead connection: [DummyConnection Server connection - model.nation.spanish]
Apr 20, 2018 4:12:30 PM net.sf.freecol.server.networking.Server sendToAll
INFO: Reap dead connection: [DummyConnection Server connection - model.nation.iroquois]
Apr 20, 2018 4:12:30 PM net.sf.freecol.server.networking.Server sendToAll
INFO: Reap dead connection: [DummyConnection Server connection - model.nation.apache]
Apr 20, 2018 4:12:30 PM net.sf.freecol.server.networking.Server sendToAll
INFO: Reap dead connection: [DummyConnection Server connection - model.nation.inca]
Apr 20, 2018 4:12:30 PM net.sf.freecol.server.networking.Server sendToAll
INFO: Reap dead connection: [DummyConnection Server connection - model.nation.cherokee]
Apr 20, 2018 4:12:30 PM net.sf.freecol.server.networking.Server sendToAll
INFO: Reap dead connection: [DummyConnection Server connection - model.nation.dutch]
Apr 20, 2018 4:12:30 PM net.sf.freecol.server.networking.Server sendToAll
INFO: Reap dead connection: [DummyConnection Server connection - model.nation.arawak]
Apr 20, 2018 4:12:30 PM net.sf.freecol.server.model.ServerPlayer csChangeStance
INFO: Stance modification William I WAR -> PEACE wrt Louis XIV
Apr 20, 2018 4:12:30 PM net.sf.freecol.server.model.ServerPlayer csChangeStance
INFO: Stance modification Louis XIV WAR -> PEACE wrt William I (symmetric)
Apr 20, 2018 4:12:30 PM net.sf.freecol.common.model.Specification applyDifficultyLevel
INFO: Applying difficulty level model.difficulty.medium
Apr 20, 2018 4:12:30 PM net.sf.freecol.common.FreeColSeed getFreeColSeed
INFO: Using seed: 8337349277834617212
Apr 20, 2018 4:12:31 PM net.sf.freecol.server.networking.Server sendToAll
INFO: Reap dead connection: [DummyConnection Server connection - model.nation.spanish]
Apr 20, 2018 4:12:31 PM net.sf.freecol.server.networking.Server sendToAll
INFO: Reap dead connection: [DummyConnection Server connection - model.nation.arawak]
Apr 20, 2018 4:12:31 PM net.sf.freecol.server.networking.Server sendToAll
INFO: Reap dead connection: [DummyConnection Server connection - model.nation.apache]
Apr 20, 2018 4:12:31 PM net.sf.freecol.server.networking.Server sendToAll
INFO: Reap dead connection: [DummyConnection Server connection - model.nation.dutch]
Apr 20, 2018 4:12:31 PM net.sf.freecol.server.networking.Server sendToAll
INFO: Reap dead connection: [DummyConnection Server connection - model.nation.cherokee]
Apr 20, 2018 4:12:31 PM net.sf.freecol.server.networking.Server sendToAll
INFO: Reap dead connection: [DummyConnection Server connection - model.nation.english]
Apr 20, 2018 4:12:31 PM net.sf.freecol.server.networking.Server sendToAll
INFO: Reap dead connection: [DummyConnection Server connection - model.nation.sioux]
Apr 20, 2018 4:12:31 PM net.sf.freecol.server.networking.Server sendToAll
INFO: Reap dead connection: [DummyConnection Server connection - model.nation.french]
Apr 20, 2018 4:12:31 PM net.sf.freecol.server.networking.Server sendToAll
INFO: Reap dead connection: [DummyConnection Server connection - model.nation.iroquois]
Apr 20, 2018 4:12:31 PM net.sf.freecol.server.networking.Server sendToAll
INFO: Reap dead connection: [DummyConnection Server connection - model.nation.inca]
Apr 20, 2018 4:12:31 PM net.sf.freecol.server.networking.Server sendToAll
INFO: Reap dead connection: [DummyConnection Server connection - model.nation.aztec]
Apr 20, 2018 4:12:31 PM net.sf.freecol.server.networking.Server sendToAll
INFO: Reap dead connection: [DummyConnection Server connection - model.nation.tupi]
Apr 20, 2018 4:12:31 PM net.sf.freecol.server.model.ServerPlayer csChangeStance
INFO: Stance modification William I UNCONTACTED -> WAR wrt Louis XIV
Apr 20, 2018 4:12:31 PM net.sf.freecol.server.model.ServerPlayer csChangeStance
INFO: Stance modification Louis XIV UNCONTACTED -> WAR wrt William I (symmetric)
Apr 20, 2018 4:12:31 PM net.sf.freecol.common.util.LogBuilder log
INFO: Combat attacker=unit:248-veteranSoldier-soldier [Modifier model.modifier.offence (model.source.baseOffence) ADDITIVE 0.0 index=10] [Modifier model.modifier.offence (model.role.soldier) ADDITIVE 2.0 index=30] [Modifier model.modifier.offence (model.unit.veteranSoldier) PERCENTAGE 50.0 index=40] [Modifier model.modifier.attackBonus (model.source.attackBonus) PERCENTAGE 50.0 index=50] = 4.5 defender=unit:247-freeColonist-scout [Modifier model.modifier.defence (model.source.baseDefence) ADDITIVE 1.0 index=10] [Modifier model.modifier.defence (model.role.scout) ADDITIVE 1.0 index=30] = 2.0 odds=0.6923076923076923 random(1.0)=0.6723076701164246 great=false Attack WIN SLAUGHTER_UNIT
Apr 20, 2018 4:12:31 PM net.sf.freecol.common.util.LogBuilder log
INFO: Destroying: unit:247
Apr 20, 2018 4:12:31 PM net.sf.freecol.common.model.Specification applyDifficultyLevel
INFO: Applying difficulty level model.difficulty.medium
Apr 20, 2018 4:12:31 PM net.sf.freecol.common.FreeColSeed getFreeColSeed
INFO: Using seed: -5084207115352044950
Apr 20, 2018 4:12:31 PM net.sf.freecol.server.networking.Server sendToAll
INFO: Reap dead connection: [DummyConnection Server connection - model.nation.dutch]
Apr 20, 2018 4:12:31 PM net.sf.freecol.server.networking.Server sendToAll
INFO: Reap dead connection: [DummyConnection Server connection - model.nation.apache]
Apr 20, 2018 4:12:31 PM net.sf.freecol.server.networking.Server sendToAll
INFO: Reap dead connection: [DummyConnection Server connection - model.nation.aztec]
Apr 20, 2018 4:12:31 PM net.sf.freecol.server.networking.Server sendToAll
INFO: Reap dead connection: [DummyConnection Server connection - model.nation.cherokee]
Apr 20, 2018 4:12:31 PM net.sf.freecol.server.networking.Server sendToAll
INFO: Reap dead connection: [DummyConnection Server connection - model.nation.spanish]
Apr 20, 2018 4:12:31 PM net.sf.freecol.server.networking.Server sendToAll
INFO: Reap dead connection: [DummyConnection Server connection - model.nation.english]
Apr 20, 2018 4:12:31 PM net.sf.freecol.server.networking.Server sendToAll
INFO: Reap dead connection: [DummyConnection Server connection - model.nation.iroquois]
Apr 20, 2018 4:12:31 PM net.sf.freecol.server.networking.Server sendToAll
INFO: Reap dead connection: [DummyConnection Server connection - model.nation.tupi]
Apr 20, 2018 4:12:31 PM net.sf.freecol.server.networking.Server sendToAll
INFO: Reap dead connection: [DummyConnection Server connection - model.nation.french]
Apr 20, 2018 4:12:31 PM net.sf.freecol.server.networking.Server sendToAll
INFO: Reap dead connection: [DummyConnection Server connection - model.nation.inca]
Apr 20, 2018 4:12:31 PM net.sf.freecol.server.networking.Server sendToAll
INFO: Reap dead connection: [DummyConnection Server connection - model.nation.arawak]
Apr 20, 2018 4:12:31 PM net.sf.freecol.server.networking.Server sendToAll
INFO: Reap dead connection: [DummyConnection Server connection - model.nation.sioux]
Apr 20, 2018 4:12:31 PM net.sf.freecol.server.model.ServerPlayer csChangeStance
INFO: Stance modification William I UNCONTACTED -> WAR wrt Atahualpa
Apr 20, 2018 4:12:31 PM net.sf.freecol.server.model.ServerPlayer csChangeStance
INFO: Stance modification Atahualpa UNCONTACTED -> WAR wrt William I (symmetric)
Apr 20, 2018 4:12:31 PM net.sf.freecol.common.util.LogBuilder log
INFO: Combat attacker=unit:259-freeColonist-dragoon [Modifier model.modifier.offence (model.source.baseOffence) ADDITIVE 0.0 index=10] [Modifier model.modifier.offence (model.role.dragoon) ADDITIVE 3.0 index=30] [Modifier model.modifier.attackBonus (model.source.attackBonus) PERCENTAGE 50.0 index=50] = 4.5 defender=unit:260-brave [Modifier model.modifier.defence (model.source.baseDefence) ADDITIVE 1.0 index=10] = 1.0 odds=0.8181818181818182 random(1.0)=0.8381817936897278 great=false Attack LOSE CAPTURE_EQUIP
Apr 20, 2018 4:12:31 PM net.sf.freecol.common.util.LogBuilder log
INFO: Combat attacker=unit:259-freeColonist-soldier [Modifier model.modifier.offence (model.source.baseOffence) ADDITIVE 0.0 index=10] [Modifier model.modifier.offence (model.role.soldier) ADDITIVE 2.0 index=30] [Modifier model.modifier.attackBonus (model.source.attackBonus) PERCENTAGE 50.0 index=50] = 3.0 defender=unit:260-brave-mountedBrave [Modifier model.modifier.defence (model.source.baseDefence) ADDITIVE 1.0 index=10] [Modifier model.modifier.defence (model.role.mountedBrave) ADDITIVE 1.0 index=30] = 2.0 odds=0.6 random(1.0)=0.6200000047683716 great=false Attack LOSE CAPTURE_EQUIP
Apr 20, 2018 4:12:31 PM net.sf.freecol.common.util.LogBuilder log
INFO: Combat attacker=unit:259-freeColonist [Modifier model.modifier.offence (model.source.baseOffence) ADDITIVE 0.0 index=10] [Modifier model.modifier.attackBonus (model.source.attackBonus) PERCENTAGE 50.0 index=50] = 0.0 defender=unit:260-brave-nativeDragoon [Modifier model.modifier.defence (model.source.baseDefence) ADDITIVE 1.0 index=10] [Modifier model.modifier.defence (model.role.nativeDragoon) ADDITIVE 2.0 index=30] = 3.0 odds=0.0 random(1.0)=0.019999999552965164 great=false Attack LOSE SLAUGHTER_UNIT
Apr 20, 2018 4:12:31 PM net.sf.freecol.common.util.LogBuilder log
INFO: Destroying: unit:259
Apr 20, 2018 4:12:31 PM net.sf.freecol.common.model.Specification applyDifficultyLevel
INFO: Applying difficulty level model.difficulty.medium
Apr 20, 2018 4:12:31 PM net.sf.freecol.common.FreeColSeed getFreeColSeed
INFO: Using seed: 8750328873858318766
Apr 20, 2018 4:12:31 PM net.sf.freecol.server.networking.Server sendToAll
INFO: Reap dead connection: [DummyConnection Server connection - model.nation.arawak]
Apr 20, 2018 4:12:31 PM net.sf.freecol.server.networking.Server sendToAll
INFO: Reap dead connection: [DummyConnection Server connection - model.nation.english]
Apr 20, 2018 4:12:31 PM net.sf.freecol.server.networking.Server sendToAll
INFO: Reap dead connection: [DummyConnection Server connection - model.nation.spanish]
Apr 20, 2018 4:12:31 PM net.sf.freecol.server.networking.Server sendToAll
INFO: Reap dead connection: [DummyConnection Server connection - model.nation.dutch]
Apr 20, 2018 4:12:31 PM net.sf.freecol.server.networking.Server sendToAll
INFO: Reap dead connection: [DummyConnection Server connection - model.nation.french]
Apr 20, 2018 4:12:31 PM net.sf.freecol.server.networking.Server sendToAll
INFO: Reap dead connection: [DummyConnection Server connection - model.nation.iroquois]
Apr 20, 2018 4:12:31 PM net.sf.freecol.server.networking.Server sendToAll
INFO: Reap dead connection: [DummyConnection Server connection - model.nation.tupi]
Apr 20, 2018 4:12:31 PM net.sf.freecol.server.networking.Server sendToAll
INFO: Reap dead connection: [DummyConnection Server connection - model.nation.sioux]
Apr 20, 2018 4:12:31 PM net.sf.freecol.server.networking.Server sendToAll
INFO: Reap dead connection: [DummyConnection Server connection - model.nation.inca]
Apr 20, 2018 4:12:31 PM net.sf.freecol.server.networking.Server sendToAll
INFO: Reap dead connection: [DummyConnection Server connection - model.nation.aztec]
Apr 20, 2018 4:12:31 PM net.sf.freecol.server.networking.Server sendToAll
INFO: Reap dead connection: [DummyConnection Server connection - model.nation.cherokee]
Apr 20, 2018 4:12:31 PM net.sf.freecol.server.networking.Server sendToAll
INFO: Reap dead connection: [DummyConnection Server connection - model.nation.apache]
Apr 20, 2018 4:12:31 PM net.sf.freecol.server.model.ServerPlayer csChangeStance
INFO: Stance modification William I WAR -> CEASE_FIRE wrt Louis XIV
Apr 20, 2018 4:12:31 PM net.sf.freecol.server.model.ServerPlayer csChangeStance
INFO: Stance modification Louis XIV WAR -> CEASE_FIRE wrt William I (symmetric)
Apr 20, 2018 4:12:31 PM net.sf.freecol.common.model.Specification applyDifficultyLevel
INFO: Applying difficulty level model.difficulty.medium
Apr 20, 2018 4:12:31 PM net.sf.freecol.common.FreeColSeed getFreeColSeed
INFO: Using seed: 3173629324683805254
Apr 20, 2018 4:12:31 PM net.sf.freecol.server.networking.Server sendToAll
INFO: Reap dead connection: [DummyConnection Server connection - model.nation.iroquois]
Apr 20, 2018 4:12:31 PM net.sf.freecol.server.networking.Server sendToAll
INFO: Reap dead connection: [DummyConnection Server connection - model.nation.inca]
Apr 20, 2018 4:12:31 PM net.sf.freecol.server.networking.Server sendToAll
INFO: Reap dead connection: [DummyConnection Server connection - model.nation.dutch]
Apr 20, 2018 4:12:31 PM net.sf.freecol.server.networking.Server sendToAll
INFO: Reap dead connection: [DummyConnection Server connection - model.nation.tupi]
Apr 20, 2018 4:12:31 PM net.sf.freecol.server.networking.Server sendToAll
INFO: Reap dead connection: [DummyConnection Server connection - model.nation.arawak]
Apr 20, 2018 4:12:31 PM net.sf.freecol.server.networking.Server sendToAll
INFO: Reap dead connection: [DummyConnection Server connection - model.nation.cherokee]
Apr 20, 2018 4:12:31 PM net.sf.freecol.server.networking.Server sendToAll
INFO: Reap dead connection: [DummyConnection Server connection - model.nation.french]
Apr 20, 2018 4:12:31 PM net.sf.freecol.server.networking.Server sendToAll
INFO: Reap dead connection: [DummyConnection Server connection - model.nation.apache]
Apr 20, 2018 4:12:31 PM net.sf.freecol.server.networking.Server sendToAll
INFO: Reap dead connection: [DummyConnection Server connection - model.nation.spanish]
Apr 20, 2018 4:12:31 PM net.sf.freecol.server.networking.Server sendToAll
INFO: Reap dead connection: [DummyConnection Server connection - model.nation.sioux]
Apr 20, 2018 4:12:31 PM net.sf.freecol.server.networking.Server sendToAll
INFO: Reap dead connection: [DummyConnection Server connection - model.nation.english]
Apr 20, 2018 4:12:31 PM net.sf.freecol.server.networking.Server sendToAll
INFO: Reap dead connection: [DummyConnection Server connection - model.nation.aztec]
Apr 20, 2018 4:12:31 PM net.sf.freecol.server.model.ServerPlayer csChangeStance
INFO: Stance modification Louis XIV PEACE -> WAR wrt William I
Apr 20, 2018 4:12:31 PM net.sf.freecol.server.model.ServerPlayer csChangeStance
INFO: Stance modification William I PEACE -> WAR wrt Louis XIV (symmetric)
Apr 20, 2018 4:12:31 PM net.sf.freecol.common.model.Specification applyDifficultyLevel
INFO: Applying difficulty level model.difficulty.medium
Apr 20, 2018 4:12:31 PM net.sf.freecol.common.FreeColSeed getFreeColSeed
INFO: Using seed: 4189549417989482244
Apr 20, 2018 4:12:31 PM net.sf.freecol.server.networking.Server sendToAll
INFO: Reap dead connection: [DummyConnection Server connection - model.nation.english]
Apr 20, 2018 4:12:31 PM net.sf.freecol.server.networking.Server sendToAll
INFO: Reap dead connection: [DummyConnection Server connection - model.nation.inca]
Apr 20, 2018 4:12:31 PM net.sf.freecol.server.networking.Server sendToAll
INFO: Reap dead connection: [DummyConnection Server connection - model.nation.dutch]
Apr 20, 2018 4:12:31 PM net.sf.freecol.server.networking.Server sendToAll
INFO: Reap dead connection: [DummyConnection Server connection - model.nation.iroquois]
Apr 20, 2018 4:12:31 PM net.sf.freecol.server.networking.Server sendToAll
INFO: Reap dead connection: [DummyConnection Server connection - model.nation.cherokee]
Apr 20, 2018 4:12:31 PM net.sf.freecol.server.networking.Server sendToAll
INFO: Reap dead connection: [DummyConnection Server connection - model.nation.tupi]
Apr 20, 2018 4:12:31 PM net.sf.freecol.server.networking.Server sendToAll
INFO: Reap dead connection: [DummyConnection Server connection - model.nation.sioux]
Apr 20, 2018 4:12:31 PM net.sf.freecol.server.networking.Server sendToAll
INFO: Reap dead connection: [DummyConnection Server connection - model.nation.spanish]
Apr 20, 2018 4:12:31 PM net.sf.freecol.server.networking.Server sendToAll
INFO: Reap dead connection: [DummyConnection Server connection - model.nation.french]
Apr 20, 2018 4:12:31 PM net.sf.freecol.server.networking.Server sendToAll
INFO: Reap dead connection: [DummyConnection Server connection - model.nation.arawak]
Apr 20, 2018 4:12:31 PM net.sf.freecol.server.networking.Server sendToAll
INFO: Reap dead connection: [DummyConnection Server connection - model.nation.apache]
Apr 20, 2018 4:12:31 PM net.sf.freecol.server.networking.Server sendToAll
INFO: Reap dead connection: [DummyConnection Server connection - model.nation.aztec]
Apr 20, 2018 4:12:31 PM net.sf.freecol.server.model.ServerPlayer csChangeStance
INFO: Stance modification Louis XIV UNCONTACTED -> WAR wrt William I
Apr 20, 2018 4:12:31 PM net.sf.freecol.server.model.ServerPlayer csChangeStance
INFO: Stance modification William I UNCONTACTED -> WAR wrt Louis XIV (symmetric)
Apr 20, 2018 4:12:31 PM net.sf.freecol.common.util.LogBuilder log
INFO: Combat attacker=unit:272-veteranSoldier-dragoon [Modifier model.modifier.offence (model.source.baseOffence) ADDITIVE 0.0 index=10] [Modifier model.modifier.offence (model.role.dragoon) ADDITIVE 3.0 index=30] [Modifier model.modifier.offence (model.unit.veteranSoldier) PERCENTAGE 50.0 index=40] [Modifier model.modifier.attackBonus (model.source.attackBonus) PERCENTAGE 50.0 index=50] = 6.75 defender=unit:271-veteranSoldier-dragoon [Modifier model.modifier.defence (model.source.baseDefence) ADDITIVE 1.0 index=10] [Modifier model.modifier.defence (model.role.dragoon) ADDITIVE 2.0 index=30] [Modifier model.modifier.defence (model.unit.veteranSoldier) PERCENTAGE 50.0 index=40] [Modifier model.modifier.defence (model.settlement.colony) PERCENTAGE 50.0 index=50] = 6.75 odds=0.5 random(1.0)=0.47999998927116394 great=false Attack WIN LOSE_EQUIP
Apr 20, 2018 4:12:31 PM net.sf.freecol.common.util.LogBuilder log
INFO: Combat attacker=unit:272-veteranSoldier-dragoon [Modifier model.modifier.offence (model.source.baseOffence) ADDITIVE 0.0 index=10] [Modifier model.modifier.offence (model.role.dragoon) ADDITIVE 3.0 index=30] [Modifier model.modifier.offence (model.unit.veteranSoldier) PERCENTAGE 50.0 index=40] [Modifier model.modifier.attackBonus (model.source.attackBonus) PERCENTAGE 50.0 index=50] = 6.75 defender=unit:271-veteranSoldier-soldier [Modifier model.modifier.defence (model.source.baseDefence) ADDITIVE 1.0 index=10] [Modifier model.modifier.defence (model.role.soldier) ADDITIVE 1.0 index=30] [Modifier model.modifier.defence (model.unit.veteranSoldier) PERCENTAGE 50.0 index=40] [Modifier model.modifier.defence (model.settlement.colony) PERCENTAGE 50.0 index=50] = 4.5 odds=0.6 random(1.0)=0.6200000047683716 great=false Attack LOSE LOSE_EQUIP
Apr 20, 2018 4:12:31 PM net.sf.freecol.common.util.LogBuilder log
INFO: Combat attacker=unit:272-veteranSoldier-soldier [Modifier model.modifier.offence (model.source.baseOffence) ADDITIVE 0.0 index=10] [Modifier model.modifier.offence (model.role.soldier) ADDITIVE 2.0 index=30] [Modifier model.modifier.offence (model.unit.veteranSoldier) PERCENTAGE 50.0 index=40] [Modifier model.modifier.attackBonus (model.source.attackBonus) PERCENTAGE 50.0 index=50] = 4.5 defender=unit:271-veteranSoldier-soldier [Modifier model.modifier.defence (model.source.baseDefence) ADDITIVE 1.0 index=10] [Modifier model.modifier.defence (model.role.soldier) ADDITIVE 1.0 index=30] [Modifier model.modifier.defence (model.unit.veteranSoldier) PERCENTAGE 50.0 index=40] [Modifier model.modifier.defence (model.settlement.colony) PERCENTAGE 50.0 index=50] = 4.5 odds=0.5 random(1.0)=0.47999998927116394 great=false Attack WIN LOSE_EQUIP
Apr 20, 2018 4:12:31 PM net.sf.freecol.common.util.LogBuilder log
INFO: Combat attacker=unit:272-veteranSoldier-soldier [Modifier model.modifier.offence (model.source.baseOffence) ADDITIVE 0.0 index=10] [Modifier model.modifier.offence (model.role.soldier) ADDITIVE 2.0 index=30] [Modifier model.modifier.offence (model.unit.veteranSoldier) PERCENTAGE 50.0 index=40] [Modifier model.modifier.attackBonus (model.source.attackBonus) PERCENTAGE 50.0 index=50] = 4.5 defender=unit:271-veteranSoldier [Modifier model.modifier.defence (model.source.baseDefence) ADDITIVE 1.0 index=10] [Modifier model.modifier.defence (model.unit.veteranSoldier) PERCENTAGE 50.0 index=40] [Modifier model.modifier.defence (model.settlement.colony) PERCENTAGE 50.0 index=50] = 2.25 odds=0.6666666666666666 random(1.0)=0.6466666460037231 great=false Attack WIN CAPTURE_COLONY
Apr 20, 2018 4:12:31 PM net.sf.freecol.common.model.Specification applyDifficultyLevel
INFO: Applying difficulty level model.difficulty.medium
Apr 20, 2018 4:12:31 PM net.sf.freecol.common.FreeColSeed getFreeColSeed
INFO: Using seed: 4269645158044689822
Apr 20, 2018 4:12:31 PM net.sf.freecol.server.networking.Server sendToAll
INFO: Reap dead connection: [DummyConnection Server connection - model.nation.tupi]
Apr 20, 2018 4:12:31 PM net.sf.freecol.server.networking.Server sendToAll
INFO: Reap dead connection: [DummyConnection Server connection - model.nation.english]
Apr 20, 2018 4:12:31 PM net.sf.freecol.server.networking.Server sendToAll
INFO: Reap dead connection: [DummyConnection Server connection - model.nation.inca]
Apr 20, 2018 4:12:31 PM net.sf.freecol.server.networking.Server sendToAll
INFO: Reap dead connection: [DummyConnection Server connection - model.nation.apache]
Apr 20, 2018 4:12:31 PM net.sf.freecol.server.networking.Server sendToAll
INFO: Reap dead connection: [DummyConnection Server connection - model.nation.iroquois]
Apr 20, 2018 4:12:31 PM net.sf.freecol.server.networking.Server sendToAll
INFO: Reap dead connection: [DummyConnection Server connection - model.nation.sioux]
Apr 20, 2018 4:12:31 PM net.sf.freecol.server.networking.Server sendToAll
INFO: Reap dead connection: [DummyConnection Server connection - model.nation.french]
Apr 20, 2018 4:12:31 PM net.sf.freecol.server.networking.Server sendToAll
INFO: Reap dead connection: [DummyConnection Server connection - model.nation.arawak]
Apr 20, 2018 4:12:31 PM net.sf.freecol.server.networking.Server sendToAll
INFO: Reap dead connection: [DummyConnection Server connection - model.nation.cherokee]
Apr 20, 2018 4:12:31 PM net.sf.freecol.server.networking.Server sendToAll
INFO: Reap dead connection: [DummyConnection Server connection - model.nation.dutch]
Apr 20, 2018 4:12:31 PM net.sf.freecol.server.networking.Server sendToAll
INFO: Reap dead connection: [DummyConnection Server connection - model.nation.spanish]
Apr 20, 2018 4:12:31 PM net.sf.freecol.server.networking.Server sendToAll
INFO: Reap dead connection: [DummyConnection Server connection - model.nation.aztec]
Apr 20, 2018 4:12:31 PM net.sf.freecol.server.model.ServerPlayer csChangeStance
INFO: Stance modification William I UNCONTACTED -> WAR wrt Louis XIV
Apr 20, 2018 4:12:31 PM net.sf.freecol.server.model.ServerPlayer csChangeStance
INFO: Stance modification Louis XIV UNCONTACTED -> WAR wrt William I (symmetric)
Apr 20, 2018 4:12:31 PM net.sf.freecol.common.util.LogBuilder log
INFO: Combat attacker=unit:247-freeColonist-dragoon [Modifier model.modifier.offence (model.source.baseOffence) ADDITIVE 0.0 index=10] [Modifier model.modifier.offence (model.role.dragoon) ADDITIVE 3.0 index=30] [Modifier model.modifier.attackBonus (model.source.attackBonus) PERCENTAGE 50.0 index=50] = 4.5 defender=unit:248-freeColonist-soldier [Modifier model.modifier.defence (model.source.baseDefence) ADDITIVE 1.0 index=10] [Modifier model.modifier.defence (model.role.soldier) ADDITIVE 1.0 index=30] = 2.0 odds=0.6923076923076923 random(1.0)=0.7123076915740967 great=false Attack LOSE LOSE_EQUIP
Apr 20, 2018 4:12:31 PM net.sf.freecol.common.util.LogBuilder log
INFO: Combat attacker=unit:247-freeColonist-soldier [Modifier model.modifier.offence (model.source.baseOffence) ADDITIVE 0.0 index=10] [Modifier model.modifier.offence (model.role.soldier) ADDITIVE 2.0 index=30] [Modifier model.modifier.attackBonus (model.source.attackBonus) PERCENTAGE 50.0 index=50] = 3.0 defender=unit:248-freeColonist-soldier [Modifier model.modifier.defence (model.source.baseDefence) ADDITIVE 1.0 index=10] [Modifier model.modifier.defence (model.role.soldier) ADDITIVE 1.0 index=30] = 2.0 odds=0.6 random(1.0)=0.6200000047683716 great=false Attack LOSE LOSE_EQUIP
Apr 20, 2018 4:12:31 PM net.sf.freecol.common.util.LogBuilder log
INFO: Combat attacker=unit:248-freeColonist-soldier [Modifier model.modifier.offence (model.source.baseOffence) ADDITIVE 0.0 index=10] [Modifier model.modifier.offence (model.role.soldier) ADDITIVE 2.0 index=30] [Modifier model.modifier.attackBonus (model.source.attackBonus) PERCENTAGE 50.0 index=50] = 3.0 defender=unit:247-freeColonist [Modifier model.modifier.defence (model.source.baseDefence) ADDITIVE 1.0 index=10] = 1.0 odds=0.75 random(1.0)=0.7300000190734863 great=false Attack WIN CAPTURE_UNIT
Apr 20, 2018 4:12:31 PM net.sf.freecol.common.model.Specification applyDifficultyLevel
INFO: Applying difficulty level model.difficulty.medium
Apr 20, 2018 4:12:31 PM net.sf.freecol.common.FreeColSeed getFreeColSeed
INFO: Using seed: 3817659889762040971
Apr 20, 2018 4:12:31 PM net.sf.freecol.server.networking.Server sendToAll
INFO: Reap dead connection: [DummyConnection Server connection - model.nation.arawak]
Apr 20, 2018 4:12:31 PM net.sf.freecol.server.networking.Server sendToAll
INFO: Reap dead connection: [DummyConnection Server connection - model.nation.cherokee]
Apr 20, 2018 4:12:31 PM net.sf.freecol.server.networking.Server sendToAll
INFO: Reap dead connection: [DummyConnection Server connection - model.nation.english]
Apr 20, 2018 4:12:31 PM net.sf.freecol.server.networking.Server sendToAll
INFO: Reap dead connection: [DummyConnection Server connection - model.nation.aztec]
Apr 20, 2018 4:12:31 PM net.sf.freecol.server.networking.Server sendToAll
INFO: Reap dead connection: [DummyConnection Server connection - model.nation.french]
Apr 20, 2018 4:12:31 PM net.sf.freecol.server.networking.Server sendToAll
INFO: Reap dead connection: [DummyConnection Server connection - model.nation.apache]
Apr 20, 2018 4:12:31 PM net.sf.freecol.server.networking.Server sendToAll
INFO: Reap dead connection: [DummyConnection Server connection - model.nation.dutch]
Apr 20, 2018 4:12:31 PM net.sf.freecol.server.networking.Server sendToAll
INFO: Reap dead connection: [DummyConnection Server connection - model.nation.iroquois]
Apr 20, 2018 4:12:31 PM net.sf.freecol.server.networking.Server sendToAll
INFO: Reap dead connection: [DummyConnection Server connection - model.nation.spanish]
Apr 20, 2018 4:12:31 PM net.sf.freecol.server.networking.Server sendToAll
INFO: Reap dead connection: [DummyConnection Server connection - model.nation.tupi]
Apr 20, 2018 4:12:31 PM net.sf.freecol.server.networking.Server sendToAll
INFO: Reap dead connection: [DummyConnection Server connection - model.nation.inca]
Apr 20, 2018 4:12:31 PM net.sf.freecol.server.networking.Server sendToAll
INFO: Reap dead connection: [DummyConnection Server connection - model.nation.sioux]
Apr 20, 2018 4:12:31 PM net.sf.freecol.common.model.Specification applyDifficultyLevel
INFO: Applying difficulty level model.difficulty.medium
Apr 20, 2018 4:12:31 PM net.sf.freecol.common.FreeColSeed getFreeColSeed
INFO: Using seed: -3703915590471779947
Apr 20, 2018 4:12:31 PM net.sf.freecol.server.networking.Server sendToAll
INFO: Reap dead connection: [DummyConnection Server connection - model.nation.iroquois]
Apr 20, 2018 4:12:31 PM net.sf.freecol.server.networking.Server sendToAll
INFO: Reap dead connection: [DummyConnection Server connection - model.nation.english]
Apr 20, 2018 4:12:31 PM net.sf.freecol.server.networking.Server sendToAll
INFO: Reap dead connection: [DummyConnection Server connection - model.nation.cherokee]
Apr 20, 2018 4:12:31 PM net.sf.freecol.server.networking.Server sendToAll
INFO: Reap dead connection: [DummyConnection Server connection - model.nation.aztec]
Apr 20, 2018 4:12:31 PM net.sf.freecol.server.networking.Server sendToAll
INFO: Reap dead connection: [DummyConnection Server connection - model.nation.tupi]
Apr 20, 2018 4:12:31 PM net.sf.freecol.server.networking.Server sendToAll
INFO: Reap dead connection: [DummyConnection Server connection - model.nation.french]
Apr 20, 2018 4:12:31 PM net.sf.freecol.server.networking.Server sendToAll
INFO: Reap dead connection: [DummyConnection Server connection - model.nation.dutch]
Apr 20, 2018 4:12:31 PM net.sf.freecol.server.networking.Server sendToAll
INFO: Reap dead connection: [DummyConnection Server connection - model.nation.apache]
Apr 20, 2018 4:12:31 PM net.sf.freecol.server.networking.Server sendToAll
INFO: Reap dead connection: [DummyConnection Server connection - model.nation.spanish]
Apr 20, 2018 4:12:31 PM net.sf.freecol.server.networking.Server sendToAll
INFO: Reap dead connection: [DummyConnection Server connection - model.nation.inca]
Apr 20, 2018 4:12:31 PM net.sf.freecol.server.networking.Server sendToAll
INFO: Reap dead connection: [DummyConnection Server connection - model.nation.sioux]
Apr 20, 2018 4:12:31 PM net.sf.freecol.server.networking.Server sendToAll
INFO: Reap dead connection: [DummyConnection Server connection - model.nation.arawak]
Apr 20, 2018 4:12:31 PM net.sf.freecol.common.networking.DOMMessage clientError
WARNING: Too few goods
Apr 20, 2018 4:12:31 PM net.sf.freecol.common.model.Specification applyDifficultyLevel
INFO: Applying difficulty level model.difficulty.medium
Apr 20, 2018 4:12:31 PM net.sf.freecol.common.FreeColSeed getFreeColSeed
INFO: Using seed: -3996559219584401658
Apr 20, 2018 4:12:31 PM net.sf.freecol.server.networking.Server sendToAll
INFO: Reap dead connection: [DummyConnection Server connection - model.nation.iroquois]
Apr 20, 2018 4:12:31 PM net.sf.freecol.server.networking.Server sendToAll
INFO: Reap dead connection: [DummyConnection Server connection - model.nation.tupi]
Apr 20, 2018 4:12:31 PM net.sf.freecol.server.networking.Server sendToAll
INFO: Reap dead connection: [DummyConnection Server connection - model.nation.spanish]
Apr 20, 2018 4:12:31 PM net.sf.freecol.server.networking.Server sendToAll
INFO: Reap dead connection: [DummyConnection Server connection - model.nation.inca]
Apr 20, 2018 4:12:31 PM net.sf.freecol.server.networking.Server sendToAll
INFO: Reap dead connection: [DummyConnection Server connection - model.nation.cherokee]
Apr 20, 2018 4:12:31 PM net.sf.freecol.server.networking.Server sendToAll
INFO: Reap dead connection: [DummyConnection Server connection - model.nation.english]
Apr 20, 2018 4:12:31 PM net.sf.freecol.server.networking.Server sendToAll
INFO: Reap dead connection: [DummyConnection Server connection - model.nation.aztec]
Apr 20, 2018 4:12:31 PM net.sf.freecol.server.networking.Server sendToAll
INFO: Reap dead connection: [DummyConnection Server connection - model.nation.sioux]
Apr 20, 2018 4:12:31 PM net.sf.freecol.server.networking.Server sendToAll
INFO: Reap dead connection: [DummyConnection Server connection - model.nation.french]
Apr 20, 2018 4:12:31 PM net.sf.freecol.server.networking.Server sendToAll
INFO: Reap dead connection: [DummyConnection Server connection - model.nation.dutch]
Apr 20, 2018 4:12:31 PM net.sf.freecol.server.networking.Server sendToAll
INFO: Reap dead connection: [DummyConnection Server connection - model.nation.arawak]
Apr 20, 2018 4:12:31 PM net.sf.freecol.server.networking.Server sendToAll
INFO: Reap dead connection: [DummyConnection Server connection - model.nation.apache]
Apr 20, 2018 4:12:31 PM net.sf.freecol.server.model.ServerPlayer csChangeStance
INFO: Stance modification Louis XIV UNCONTACTED -> WAR wrt William I
Apr 20, 2018 4:12:31 PM net.sf.freecol.server.model.ServerPlayer csChangeStance
INFO: Stance modification William I UNCONTACTED -> WAR wrt Louis XIV (symmetric)
Apr 20, 2018 4:12:31 PM net.sf.freecol.common.util.LogBuilder log
INFO: Combat attacker=unit:249-privateer [Modifier model.modifier.offence (model.source.baseOffence) ADDITIVE 8.0 index=10] [Modifier model.modifier.attackBonus (model.source.attackBonus) PERCENTAGE 50.0 index=50] = 12.0 defender=unit:247-galleon [Modifier model.modifier.defence (model.source.baseDefence) ADDITIVE 10.0 index=10] [Modifier model.modifier.cargoPenalty (model.source.cargoPenalty) PERCENTAGE -12.5 index=50] = 8.75 odds=0.5783132530120482 random(1.0)=0.558313250541687 great=false Attack WIN LOOT_SHIP DAMAGE_SHIP_ATTACK
Apr 20, 2018 4:12:31 PM net.sf.freecol.common.networking.DOMMessage clientError
WARNING: Received message: lootCargo out of turn from player: model.nation.french
Apr 20, 2018 4:12:31 PM net.sf.freecol.server.ai.AIMessage checkError
WARNING: AIMessage.lootCargo error, messageId: server.reject message: Received message: lootCargo out of turn from player: model.nation.french
Apr 20, 2018 4:12:31 PM net.sf.freecol.common.model.Specification applyDifficultyLevel
INFO: Applying difficulty level model.difficulty.medium
Apr 20, 2018 4:12:31 PM net.sf.freecol.common.FreeColSeed getFreeColSeed
INFO: Using seed: -2421630212068166636
Apr 20, 2018 4:12:31 PM net.sf.freecol.server.networking.Server sendToAll
INFO: Reap dead connection: [DummyConnection Server connection - model.nation.inca]
Apr 20, 2018 4:12:31 PM net.sf.freecol.server.networking.Server sendToAll
INFO: Reap dead connection: [DummyConnection Server connection - model.nation.aztec]
Apr 20, 2018 4:12:31 PM net.sf.freecol.server.networking.Server sendToAll
INFO: Reap dead connection: [DummyConnection Server connection - model.nation.tupi]
Apr 20, 2018 4:12:31 PM net.sf.freecol.server.networking.Server sendToAll
INFO: Reap dead connection: [DummyConnection Server connection - model.nation.cherokee]
Apr 20, 2018 4:12:31 PM net.sf.freecol.server.networking.Server sendToAll
INFO: Reap dead connection: [DummyConnection Server connection - model.nation.dutch]
Apr 20, 2018 4:12:31 PM net.sf.freecol.server.networking.Server sendToAll
INFO: Reap dead connection: [DummyConnection Server connection - model.nation.spanish]
Apr 20, 2018 4:12:31 PM net.sf.freecol.server.networking.Server sendToAll
INFO: Reap dead connection: [DummyConnection Server connection - model.nation.arawak]
Apr 20, 2018 4:12:31 PM net.sf.freecol.server.networking.Server sendToAll
INFO: Reap dead connection: [DummyConnection Server connection - model.nation.apache]
Apr 20, 2018 4:12:31 PM net.sf.freecol.server.networking.Server sendToAll
INFO: Reap dead connection: [DummyConnection Server connection - model.nation.sioux]
Apr 20, 2018 4:12:31 PM net.sf.freecol.server.networking.Server sendToAll
INFO: Reap dead connection: [DummyConnection Server connection - model.nation.french]
Apr 20, 2018 4:12:31 PM net.sf.freecol.server.networking.Server sendToAll
INFO: Reap dead connection: [DummyConnection Server connection - model.nation.iroquois]
Apr 20, 2018 4:12:31 PM net.sf.freecol.server.networking.Server sendToAll
INFO: Reap dead connection: [DummyConnection Server connection - model.nation.english]
Apr 20, 2018 4:12:31 PM net.sf.freecol.common.model.Specification applyDifficultyLevel
INFO: Applying difficulty level model.difficulty.medium
Apr 20, 2018 4:12:31 PM net.sf.freecol.common.FreeColSeed getFreeColSeed
INFO: Using seed: -3890154941731043469
Apr 20, 2018 4:12:31 PM net.sf.freecol.server.networking.Server sendToAll
INFO: Reap dead connection: [DummyConnection Server connection - model.nation.spanish]
Apr 20, 2018 4:12:31 PM net.sf.freecol.server.networking.Server sendToAll
INFO: Reap dead connection: [DummyConnection Server connection - model.nation.sioux]
Apr 20, 2018 4:12:31 PM net.sf.freecol.server.networking.Server sendToAll
INFO: Reap dead connection: [DummyConnection Server connection - model.nation.arawak]
Apr 20, 2018 4:12:31 PM net.sf.freecol.server.networking.Server sendToAll
INFO: Reap dead connection: [DummyConnection Server connection - model.nation.apache]
Apr 20, 2018 4:12:31 PM net.sf.freecol.server.networking.Server sendToAll
INFO: Reap dead connection: [DummyConnection Server connection - model.nation.aztec]
Apr 20, 2018 4:12:31 PM net.sf.freecol.server.networking.Server sendToAll
INFO: Reap dead connection: [DummyConnection Server connection - model.nation.dutch]
Apr 20, 2018 4:12:31 PM net.sf.freecol.server.networking.Server sendToAll
INFO: Reap dead connection: [DummyConnection Server connection - model.nation.english]
Apr 20, 2018 4:12:31 PM net.sf.freecol.server.networking.Server sendToAll
INFO: Reap dead connection: [DummyConnection Server connection - model.nation.cherokee]
Apr 20, 2018 4:12:31 PM net.sf.freecol.server.networking.Server sendToAll
INFO: Reap dead connection: [DummyConnection Server connection - model.nation.french]
Apr 20, 2018 4:12:31 PM net.sf.freecol.server.networking.Server sendToAll
INFO: Reap dead connection: [DummyConnection Server connection - model.nation.inca]
Apr 20, 2018 4:12:31 PM net.sf.freecol.server.networking.Server sendToAll
INFO: Reap dead connection: [DummyConnection Server connection - model.nation.iroquois]
Apr 20, 2018 4:12:31 PM net.sf.freecol.server.networking.Server sendToAll
INFO: Reap dead connection: [DummyConnection Server connection - model.nation.tupi]
Apr 20, 2018 4:12:31 PM net.sf.freecol.server.model.ServerPlayer csChangeStance
INFO: Stance modification Guaira PEACE -> WAR wrt William I
Apr 20, 2018 4:12:31 PM net.sf.freecol.server.model.ServerPlayer csChangeStance
INFO: Stance modification William I PEACE -> WAR wrt Guaira (symmetric)
Apr 20, 2018 4:12:31 PM net.sf.freecol.server.model.ServerPlayer csChangeStance
INFO: Stance modification William I WAR -> PEACE wrt Guaira
Apr 20, 2018 4:12:31 PM net.sf.freecol.server.model.ServerPlayer csChangeStance
INFO: Stance modification Guaira WAR -> PEACE wrt William I (symmetric)
Apr 20, 2018 4:12:31 PM net.sf.freecol.common.model.Specification applyDifficultyLevel
INFO: Applying difficulty level model.difficulty.medium
Apr 20, 2018 4:12:31 PM net.sf.freecol.common.FreeColSeed getFreeColSeed
INFO: Using seed: -6203515728623937304
Apr 20, 2018 4:12:31 PM net.sf.freecol.server.networking.Server sendToAll
INFO: Reap dead connection: [DummyConnection Server connection - model.nation.french]
Apr 20, 2018 4:12:31 PM net.sf.freecol.server.networking.Server sendToAll
INFO: Reap dead connection: [DummyConnection Server connection - model.nation.arawak]
Apr 20, 2018 4:12:31 PM net.sf.freecol.server.networking.Server sendToAll
INFO: Reap dead connection: [DummyConnection Server connection - model.nation.cherokee]
Apr 20, 2018 4:12:31 PM net.sf.freecol.server.networking.Server sendToAll
INFO: Reap dead connection: [DummyConnection Server connection - model.nation.tupi]
Apr 20, 2018 4:12:31 PM net.sf.freecol.server.networking.Server sendToAll
INFO: Reap dead connection: [DummyConnection Server connection - model.nation.spanish]
Apr 20, 2018 4:12:31 PM net.sf.freecol.server.networking.Server sendToAll
INFO: Reap dead connection: [DummyConnection Server connection - model.nation.iroquois]
Apr 20, 2018 4:12:31 PM net.sf.freecol.server.networking.Server sendToAll
INFO: Reap dead connection: [DummyConnection Server connection - model.nation.dutch]
Apr 20, 2018 4:12:31 PM net.sf.freecol.server.networking.Server sendToAll
INFO: Reap dead connection: [DummyConnection Server connection - model.nation.inca]
Apr 20, 2018 4:12:31 PM net.sf.freecol.server.networking.Server sendToAll
INFO: Reap dead connection: [DummyConnection Server connection - model.nation.sioux]
Apr 20, 2018 4:12:31 PM net.sf.freecol.server.networking.Server sendToAll
INFO: Reap dead connection: [DummyConnection Server connection - model.nation.apache]
Apr 20, 2018 4:12:31 PM net.sf.freecol.server.networking.Server sendToAll
INFO: Reap dead connection: [DummyConnection Server connection - model.nation.english]
Apr 20, 2018 4:12:31 PM net.sf.freecol.server.networking.Server sendToAll
INFO: Reap dead connection: [DummyConnection Server connection - model.nation.aztec]
Apr 20, 2018 4:12:31 PM net.sf.freecol.common.util.LogBuilder log
INFO: Combat attacker=unit:248-veteranSoldier-dragoon [Modifier model.modifier.offence (model.source.baseOffence) ADDITIVE 0.0 index=10] [Modifier model.modifier.offence (model.role.dragoon) ADDITIVE 3.0 index=30] [Modifier model.modifier.offence (model.unit.veteranSoldier) PERCENTAGE 50.0 index=40] [Modifier model.modifier.attackBonus (model.source.attackBonus) PERCENTAGE 50.0 index=50] [Modifier model.modifier.bigMovementPenalty (model.source.movementPenalty) PERCENTAGE -66.0 index=50] = 2.2950000762939453 defender=unit:247-freeColonist-pioneer.5 [Modifier model.modifier.defence (model.source.baseDefence) ADDITIVE 1.0 index=10] = 1.0 odds=0.6965098704565885 random(1.0)=0.6765098571777344 great=false Attack WIN SLAUGHTER_UNIT
Apr 20, 2018 4:12:31 PM net.sf.freecol.common.util.LogBuilder log
INFO: Destroying: unit:247
Apr 20, 2018 4:12:31 PM net.sf.freecol.server.model.ServerPlayer csChangeStance
INFO: Stance modification Louis XIV UNCONTACTED -> WAR wrt William I
Apr 20, 2018 4:12:31 PM net.sf.freecol.server.model.ServerPlayer csChangeStance
INFO: Stance modification William I UNCONTACTED -> WAR wrt Louis XIV (symmetric)
Apr 20, 2018 4:12:31 PM net.sf.freecol.common.model.Specification applyDifficultyLevel
INFO: Applying difficulty level model.difficulty.medium
Apr 20, 2018 4:12:31 PM net.sf.freecol.common.FreeColSeed getFreeColSeed
INFO: Using seed: -4302992457253201413
Apr 20, 2018 4:12:31 PM net.sf.freecol.server.networking.Server sendToAll
INFO: Reap dead connection: [DummyConnection Server connection - model.nation.cherokee]
Apr 20, 2018 4:12:31 PM net.sf.freecol.server.networking.Server sendToAll
INFO: Reap dead connection: [DummyConnection Server connection - model.nation.apache]
Apr 20, 2018 4:12:31 PM net.sf.freecol.server.networking.Server sendToAll
INFO: Reap dead connection: [DummyConnection Server connection - model.nation.sioux]
Apr 20, 2018 4:12:31 PM net.sf.freecol.server.networking.Server sendToAll
INFO: Reap dead connection: [DummyConnection Server connection - model.nation.dutch]
Apr 20, 2018 4:12:31 PM net.sf.freecol.server.networking.Server sendToAll
INFO: Reap dead connection: [DummyConnection Server connection - model.nation.arawak]
Apr 20, 2018 4:12:31 PM net.sf.freecol.server.networking.Server sendToAll
INFO: Reap dead connection: [DummyConnection Server connection - model.nation.aztec]
Apr 20, 2018 4:12:31 PM net.sf.freecol.server.networking.Server sendToAll
INFO: Reap dead connection: [DummyConnection Server connection - model.nation.iroquois]
Apr 20, 2018 4:12:31 PM net.sf.freecol.server.networking.Server sendToAll
INFO: Reap dead connection: [DummyConnection Server connection - model.nation.tupi]
Apr 20, 2018 4:12:31 PM net.sf.freecol.server.networking.Server sendToAll
INFO: Reap dead connection: [DummyConnection Server connection - model.nation.inca]
Apr 20, 2018 4:12:31 PM net.sf.freecol.server.networking.Server sendToAll
INFO: Reap dead connection: [DummyConnection Server connection - model.nation.english]
Apr 20, 2018 4:12:31 PM net.sf.freecol.server.networking.Server sendToAll
INFO: Reap dead connection: [DummyConnection Server connection - model.nation.spanish]
Apr 20, 2018 4:12:31 PM net.sf.freecol.server.networking.Server sendToAll
INFO: Reap dead connection: [DummyConnection Server connection - model.nation.french]
Apr 20, 2018 4:12:31 PM net.sf.freecol.server.model.ServerPlayer csChangeStance
INFO: Stance modification William I UNCONTACTED -> WAR wrt Louis XIV
Apr 20, 2018 4:12:31 PM net.sf.freecol.server.model.ServerPlayer csChangeStance
INFO: Stance modification Louis XIV UNCONTACTED -> WAR wrt William I (symmetric)
Apr 20, 2018 4:12:31 PM net.sf.freecol.common.util.LogBuilder log
INFO: Combat attacker=unit:247-pettyCriminal-soldier [Modifier model.modifier.offence (model.source.baseOffence) ADDITIVE 0.0 index=10] [Modifier model.modifier.offence (model.role.soldier) ADDITIVE 2.0 index=30] [Modifier model.modifier.attackBonus (model.source.attackBonus) PERCENTAGE 50.0 index=50] = 3.0 defender=unit:248-freeColonist-soldier [Modifier model.modifier.defence (model.source.baseDefence) ADDITIVE 1.0 index=10] [Modifier model.modifier.defence (model.role.soldier) ADDITIVE 1.0 index=30] = 2.0 odds=0.6 random(1.0)=0.5799999833106995 great=false Attack WIN LOSE_EQUIP PROMOTE_UNIT
Apr 20, 2018 4:12:31 PM net.sf.freecol.common.util.LogBuilder log
INFO: Combat attacker=unit:247-indenturedServant-soldier [Modifier model.modifier.offence (model.source.baseOffence) ADDITIVE 0.0 index=10] [Modifier model.modifier.offence (model.role.soldier) ADDITIVE 2.0 index=30] [Modifier model.modifier.attackBonus (model.source.attackBonus) PERCENTAGE 50.0 index=50] = 3.0 defender=unit:248-freeColonist-soldier [Modifier model.modifier.defence (model.source.baseDefence) ADDITIVE 1.0 index=10] [Modifier model.modifier.defence (model.role.soldier) ADDITIVE 1.0 index=30] = 2.0 odds=0.6 random(1.0)=0.5799999833106995 great=false Attack WIN LOSE_EQUIP PROMOTE_UNIT
Apr 20, 2018 4:12:31 PM net.sf.freecol.common.util.LogBuilder log
INFO: Combat attacker=unit:247-freeColonist-soldier [Modifier model.modifier.offence (model.source.baseOffence) ADDITIVE 0.0 index=10] [Modifier model.modifier.offence (model.role.soldier) ADDITIVE 2.0 index=30] [Modifier model.modifier.attackBonus (model.source.attackBonus) PERCENTAGE 50.0 index=50] = 3.0 defender=unit:248-freeColonist-soldier [Modifier model.modifier.defence (model.source.baseDefence) ADDITIVE 1.0 index=10] [Modifier model.modifier.defence (model.role.soldier) ADDITIVE 1.0 index=30] = 2.0 odds=0.6 random(1.0)=0.5799999833106995 great=false Attack WIN LOSE_EQUIP PROMOTE_UNIT
Apr 20, 2018 4:12:31 PM net.sf.freecol.common.util.LogBuilder log
INFO: Combat attacker=unit:247-veteranSoldier-soldier [Modifier model.modifier.offence (model.source.baseOffence) ADDITIVE 0.0 index=10] [Modifier model.modifier.offence (model.role.soldier) ADDITIVE 2.0 index=30] [Modifier model.modifier.offence (model.unit.veteranSoldier) PERCENTAGE 50.0 index=40] [Modifier model.modifier.attackBonus (model.source.attackBonus) PERCENTAGE 50.0 index=50] = 4.5 defender=unit:248-freeColonist-soldier [Modifier model.modifier.defence (model.source.baseDefence) ADDITIVE 1.0 index=10] [Modifier model.modifier.defence (model.role.soldier) ADDITIVE 1.0 index=30] = 2.0 odds=0.6923076923076923 random(1.0)=0.6723076701164246 great=false Attack WIN LOSE_EQUIP PROMOTE_UNIT
Apr 20, 2018 4:12:31 PM net.sf.freecol.common.util.LogBuilder log
INFO: Combat attacker=unit:247-colonialRegular-soldier [Modifier model.modifier.offence (model.source.baseOffence) ADDITIVE 0.0 index=10] [Modifier model.modifier.offence (model.unit.colonialRegular) ADDITIVE 3.0 index=20] [Modifier model.modifier.offence (model.role.soldier) ADDITIVE 2.0 index=30] [Modifier model.modifier.attackBonus (model.source.attackBonus) PERCENTAGE 50.0 index=50] = 7.5 defender=unit:248-freeColonist-soldier [Modifier model.modifier.defence (model.source.baseDefence) ADDITIVE 1.0 index=10] [Modifier model.modifier.defence (model.role.soldier) ADDITIVE 1.0 index=30] = 2.0 odds=0.7894736842105263 random(1.0)=0.769473671913147 great=false Attack WIN LOSE_EQUIP
Apr 20, 2018 4:12:31 PM net.sf.freecol.common.model.Specification applyDifficultyLevel
INFO: Applying difficulty level model.difficulty.medium
Apr 20, 2018 4:12:31 PM net.sf.freecol.common.FreeColSeed getFreeColSeed
INFO: Using seed: -992113146447862413
Apr 20, 2018 4:12:31 PM net.sf.freecol.server.networking.Server sendToAll
INFO: Reap dead connection: [DummyConnection Server connection - model.nation.inca]
Apr 20, 2018 4:12:31 PM net.sf.freecol.server.networking.Server sendToAll
INFO: Reap dead connection: [DummyConnection Server connection - model.nation.tupi]
Apr 20, 2018 4:12:31 PM net.sf.freecol.server.networking.Server sendToAll
INFO: Reap dead connection: [DummyConnection Server connection - model.nation.english]
Apr 20, 2018 4:12:31 PM net.sf.freecol.server.networking.Server sendToAll
INFO: Reap dead connection: [DummyConnection Server connection - model.nation.spanish]
Apr 20, 2018 4:12:31 PM net.sf.freecol.server.networking.Server sendToAll
INFO: Reap dead connection: [DummyConnection Server connection - model.nation.french]
Apr 20, 2018 4:12:31 PM net.sf.freecol.server.networking.Server sendToAll
INFO: Reap dead connection: [DummyConnection Server connection - model.nation.sioux]
Apr 20, 2018 4:12:31 PM net.sf.freecol.server.networking.Server sendToAll
INFO: Reap dead connection: [DummyConnection Server connection - model.nation.arawak]
Apr 20, 2018 4:12:31 PM net.sf.freecol.server.networking.Server sendToAll
INFO: Reap dead connection: [DummyConnection Server connection - model.nation.aztec]
Apr 20, 2018 4:12:31 PM net.sf.freecol.server.networking.Server sendToAll
INFO: Reap dead connection: [DummyConnection Server connection - model.nation.apache]
Apr 20, 2018 4:12:31 PM net.sf.freecol.server.networking.Server sendToAll
INFO: Reap dead connection: [DummyConnection Server connection - model.nation.cherokee]
Apr 20, 2018 4:12:31 PM net.sf.freecol.server.networking.Server sendToAll
INFO: Reap dead connection: [DummyConnection Server connection - model.nation.dutch]
Apr 20, 2018 4:12:31 PM net.sf.freecol.server.networking.Server sendToAll
INFO: Reap dead connection: [DummyConnection Server connection - model.nation.iroquois]
Apr 20, 2018 4:12:31 PM net.sf.freecol.common.networking.DOMMessage clientError
WARNING: Can not clear speciality of a teacher.
Apr 20, 2018 4:12:31 PM net.sf.freecol.common.model.Specification applyDifficultyLevel
INFO: Applying difficulty level model.difficulty.medium
Apr 20, 2018 4:12:31 PM net.sf.freecol.common.FreeColSeed getFreeColSeed
INFO: Using seed: 6640223435801997387
Apr 20, 2018 4:12:31 PM net.sf.freecol.server.networking.Server sendToAll
INFO: Reap dead connection: [DummyConnection Server connection - model.nation.sioux]
Apr 20, 2018 4:12:31 PM net.sf.freecol.server.networking.Server sendToAll
INFO: Reap dead connection: [DummyConnection Server connection - model.nation.cherokee]
Apr 20, 2018 4:12:31 PM net.sf.freecol.server.networking.Server sendToAll
INFO: Reap dead connection: [DummyConnection Server connection - model.nation.arawak]
Apr 20, 2018 4:12:31 PM net.sf.freecol.server.networking.Server sendToAll
INFO: Reap dead connection: [DummyConnection Server connection - model.nation.spanish]
Apr 20, 2018 4:12:31 PM net.sf.freecol.server.networking.Server sendToAll
INFO: Reap dead connection: [DummyConnection Server connection - model.nation.iroquois]
Apr 20, 2018 4:12:31 PM net.sf.freecol.server.networking.Server sendToAll
INFO: Reap dead connection: [DummyConnection Server connection - model.nation.apache]
Apr 20, 2018 4:12:31 PM net.sf.freecol.server.networking.Server sendToAll
INFO: Reap dead connection: [DummyConnection Server connection - model.nation.inca]
Apr 20, 2018 4:12:31 PM net.sf.freecol.server.networking.Server sendToAll
INFO: Reap dead connection: [DummyConnection Server connection - model.nation.english]
Apr 20, 2018 4:12:31 PM net.sf.freecol.server.networking.Server sendToAll
INFO: Reap dead connection: [DummyConnection Server connection - model.nation.aztec]
Apr 20, 2018 4:12:31 PM net.sf.freecol.server.networking.Server sendToAll
INFO: Reap dead connection: [DummyConnection Server connection - model.nation.dutch]
Apr 20, 2018 4:12:31 PM net.sf.freecol.server.networking.Server sendToAll
INFO: Reap dead connection: [DummyConnection Server connection - model.nation.tupi]
Apr 20, 2018 4:12:31 PM net.sf.freecol.server.networking.Server sendToAll
INFO: Reap dead connection: [DummyConnection Server connection - model.nation.french]
Apr 20, 2018 4:12:31 PM net.sf.freecol.server.model.ServerPlayer csChangeStance
INFO: Stance modification William I CEASE_FIRE -> PEACE wrt Louis XIV
Apr 20, 2018 4:12:31 PM net.sf.freecol.server.model.ServerPlayer csChangeStance
INFO: Stance modification Louis XIV CEASE_FIRE -> PEACE wrt William I (symmetric)
Apr 20, 2018 4:12:31 PM net.sf.freecol.common.model.Specification applyDifficultyLevel
INFO: Applying difficulty level model.difficulty.medium
Apr 20, 2018 4:12:31 PM net.sf.freecol.common.FreeColSeed getFreeColSeed
INFO: Using seed: -3298462785778480781
Apr 20, 2018 4:12:31 PM net.sf.freecol.server.networking.Server sendToAll
INFO: Reap dead connection: [DummyConnection Server connection - model.nation.cherokee]
Apr 20, 2018 4:12:31 PM net.sf.freecol.server.networking.Server sendToAll
INFO: Reap dead connection: [DummyConnection Server connection - model.nation.french]
Apr 20, 2018 4:12:31 PM net.sf.freecol.server.networking.Server sendToAll
INFO: Reap dead connection: [DummyConnection Server connection - model.nation.spanish]
Apr 20, 2018 4:12:31 PM net.sf.freecol.server.networking.Server sendToAll
INFO: Reap dead connection: [DummyConnection Server connection - model.nation.dutch]
Apr 20, 2018 4:12:31 PM net.sf.freecol.server.networking.Server sendToAll
INFO: Reap dead connection: [DummyConnection Server connection - model.nation.english]
Apr 20, 2018 4:12:31 PM net.sf.freecol.server.networking.Server sendToAll
INFO: Reap dead connection: [DummyConnection Server connection - model.nation.apache]
Apr 20, 2018 4:12:31 PM net.sf.freecol.server.networking.Server sendToAll
INFO: Reap dead connection: [DummyConnection Server connection - model.nation.arawak]
Apr 20, 2018 4:12:31 PM net.sf.freecol.server.networking.Server sendToAll
INFO: Reap dead connection: [DummyConnection Server connection - model.nation.sioux]
Apr 20, 2018 4:12:31 PM net.sf.freecol.server.networking.Server sendToAll
INFO: Reap dead connection: [DummyConnection Server connection - model.nation.inca]
Apr 20, 2018 4:12:31 PM net.sf.freecol.server.networking.Server sendToAll
INFO: Reap dead connection: [DummyConnection Server connection - model.nation.iroquois]
Apr 20, 2018 4:12:31 PM net.sf.freecol.server.networking.Server sendToAll
INFO: Reap dead connection: [DummyConnection Server connection - model.nation.tupi]
Apr 20, 2018 4:12:31 PM net.sf.freecol.server.networking.Server sendToAll
INFO: Reap dead connection: [DummyConnection Server connection - model.nation.aztec]
Apr 20, 2018 4:12:31 PM net.sf.freecol.common.model.Specification applyDifficultyLevel
INFO: Applying difficulty level model.difficulty.medium
Apr 20, 2018 4:12:31 PM net.sf.freecol.common.FreeColSeed getFreeColSeed
INFO: Using seed: 6246689683684260287
Apr 20, 2018 4:12:31 PM net.sf.freecol.server.networking.Server sendToAll
INFO: Reap dead connection: [DummyConnection Server connection - model.nation.arawak]
Apr 20, 2018 4:12:31 PM net.sf.freecol.server.networking.Server sendToAll
INFO: Reap dead connection: [DummyConnection Server connection - model.nation.inca]
Apr 20, 2018 4:12:31 PM net.sf.freecol.server.networking.Server sendToAll
INFO: Reap dead connection: [DummyConnection Server connection - model.nation.dutch]
Apr 20, 2018 4:12:31 PM net.sf.freecol.server.networking.Server sendToAll
INFO: Reap dead connection: [DummyConnection Server connection - model.nation.apache]
Apr 20, 2018 4:12:31 PM net.sf.freecol.server.networking.Server sendToAll
INFO: Reap dead connection: [DummyConnection Server connection - model.nation.iroquois]
Apr 20, 2018 4:12:31 PM net.sf.freecol.server.networking.Server sendToAll
INFO: Reap dead connection: [DummyConnection Server connection - model.nation.french]
Apr 20, 2018 4:12:31 PM net.sf.freecol.server.networking.Server sendToAll
INFO: Reap dead connection: [DummyConnection Server connection - model.nation.english]
Apr 20, 2018 4:12:31 PM net.sf.freecol.server.networking.Server sendToAll
INFO: Reap dead connection: [DummyConnection Server connection - model.nation.spanish]
Apr 20, 2018 4:12:31 PM net.sf.freecol.server.networking.Server sendToAll
INFO: Reap dead connection: [DummyConnection Server connection - model.nation.sioux]
Apr 20, 2018 4:12:31 PM net.sf.freecol.server.networking.Server sendToAll
INFO: Reap dead connection: [DummyConnection Server connection - model.nation.aztec]
Apr 20, 2018 4:12:31 PM net.sf.freecol.server.networking.Server sendToAll
INFO: Reap dead connection: [DummyConnection Server connection - model.nation.cherokee]
Apr 20, 2018 4:12:31 PM net.sf.freecol.server.networking.Server sendToAll
INFO: Reap dead connection: [DummyConnection Server connection - model.nation.tupi]
Apr 20, 2018 4:12:31 PM net.sf.freecol.common.model.Specification applyDifficultyLevel
INFO: Applying difficulty level model.difficulty.medium
Apr 20, 2018 4:12:31 PM net.sf.freecol.common.FreeColSeed getFreeColSeed
INFO: Using seed: -9008539477434054818
Apr 20, 2018 4:12:31 PM net.sf.freecol.server.networking.Server sendToAll
INFO: Reap dead connection: [DummyConnection Server connection - model.nation.iroquois]
Apr 20, 2018 4:12:31 PM net.sf.freecol.server.networking.Server sendToAll
INFO: Reap dead connection: [DummyConnection Server connection - model.nation.english]
Apr 20, 2018 4:12:31 PM net.sf.freecol.server.networking.Server sendToAll
INFO: Reap dead connection: [DummyConnection Server connection - model.nation.spanish]
Apr 20, 2018 4:12:31 PM net.sf.freecol.server.networking.Server sendToAll
INFO: Reap dead connection: [DummyConnection Server connection - model.nation.arawak]
Apr 20, 2018 4:12:31 PM net.sf.freecol.server.networking.Server sendToAll
INFO: Reap dead connection: [DummyConnection Server connection - model.nation.dutch]
Apr 20, 2018 4:12:31 PM net.sf.freecol.server.networking.Server sendToAll
INFO: Reap dead connection: [DummyConnection Server connection - model.nation.aztec]
Apr 20, 2018 4:12:31 PM net.sf.freecol.server.networking.Server sendToAll
INFO: Reap dead connection: [DummyConnection Server connection - model.nation.cherokee]
Apr 20, 2018 4:12:31 PM net.sf.freecol.server.networking.Server sendToAll
INFO: Reap dead connection: [DummyConnection Server connection - model.nation.tupi]
Apr 20, 2018 4:12:31 PM net.sf.freecol.server.networking.Server sendToAll
INFO: Reap dead connection: [DummyConnection Server connection - model.nation.sioux]
Apr 20, 2018 4:12:31 PM net.sf.freecol.server.networking.Server sendToAll
INFO: Reap dead connection: [DummyConnection Server connection - model.nation.french]
Apr 20, 2018 4:12:31 PM net.sf.freecol.server.networking.Server sendToAll
INFO: Reap dead connection: [DummyConnection Server connection - model.nation.apache]
Apr 20, 2018 4:12:31 PM net.sf.freecol.server.networking.Server sendToAll
INFO: Reap dead connection: [DummyConnection Server connection - model.nation.inca]
Apr 20, 2018 4:12:31 PM net.sf.freecol.common.model.Unit setLocation
WARNING: Can not add [unit:249 dutch treasureTrain 1/1] to tile:629
Apr 20, 2018 4:12:31 PM net.sf.freecol.common.util.LogBuilder log
INFO: Destroying: unit:249
Apr 20, 2018 4:12:31 PM net.sf.freecol.common.model.Unit setLocation
WARNING: Can not add [unit:250 dutch treasureTrain 1/1] to tile:629
Apr 20, 2018 4:12:31 PM net.sf.freecol.common.model.Specification applyDifficultyLevel
INFO: Applying difficulty level model.difficulty.medium
Apr 20, 2018 4:12:31 PM net.sf.freecol.common.FreeColSeed getFreeColSeed
INFO: Using seed: -3702425712254938227
Apr 20, 2018 4:12:31 PM net.sf.freecol.server.networking.Server sendToAll
INFO: Reap dead connection: [DummyConnection Server connection - model.nation.arawak]
Apr 20, 2018 4:12:31 PM net.sf.freecol.server.networking.Server sendToAll
INFO: Reap dead connection: [DummyConnection Server connection - model.nation.aztec]
Apr 20, 2018 4:12:31 PM net.sf.freecol.server.networking.Server sendToAll
INFO: Reap dead connection: [DummyConnection Server connection - model.nation.cherokee]
Apr 20, 2018 4:12:31 PM net.sf.freecol.server.networking.Server sendToAll
INFO: Reap dead connection: [DummyConnection Server connection - model.nation.french]
Apr 20, 2018 4:12:31 PM net.sf.freecol.server.networking.Server sendToAll
INFO: Reap dead connection: [DummyConnection Server connection - model.nation.apache]
Apr 20, 2018 4:12:31 PM net.sf.freecol.server.networking.Server sendToAll
INFO: Reap dead connection: [DummyConnection Server connection - model.nation.english]
Apr 20, 2018 4:12:31 PM net.sf.freecol.server.networking.Server sendToAll
INFO: Reap dead connection: [DummyConnection Server connection - model.nation.inca]
Apr 20, 2018 4:12:31 PM net.sf.freecol.server.networking.Server sendToAll
INFO: Reap dead connection: [DummyConnection Server connection - model.nation.tupi]
Apr 20, 2018 4:12:31 PM net.sf.freecol.server.networking.Server sendToAll
INFO: Reap dead connection: [DummyConnection Server connection - model.nation.dutch]
Apr 20, 2018 4:12:31 PM net.sf.freecol.server.networking.Server sendToAll
INFO: Reap dead connection: [DummyConnection Server connection - model.nation.iroquois]
Apr 20, 2018 4:12:31 PM net.sf.freecol.server.networking.Server sendToAll
INFO: Reap dead connection: [DummyConnection Server connection - model.nation.sioux]
Apr 20, 2018 4:12:31 PM net.sf.freecol.server.networking.Server sendToAll
INFO: Reap dead connection: [DummyConnection Server connection - model.nation.spanish]
Apr 20, 2018 4:12:31 PM net.sf.freecol.common.model.Specification applyDifficultyLevel
INFO: Applying difficulty level model.difficulty.medium
Apr 20, 2018 4:12:31 PM net.sf.freecol.common.FreeColSeed getFreeColSeed
INFO: Using seed: 9034445835858895604
Apr 20, 2018 4:12:31 PM net.sf.freecol.server.networking.Server sendToAll
INFO: Reap dead connection: [DummyConnection Server connection - model.nation.cherokee]
Apr 20, 2018 4:12:31 PM net.sf.freecol.server.networking.Server sendToAll
INFO: Reap dead connection: [DummyConnection Server connection - model.nation.aztec]
Apr 20, 2018 4:12:31 PM net.sf.freecol.server.networking.Server sendToAll
INFO: Reap dead connection: [DummyConnection Server connection - model.nation.dutch]
Apr 20, 2018 4:12:31 PM net.sf.freecol.server.networking.Server sendToAll
INFO: Reap dead connection: [DummyConnection Server connection - model.nation.inca]
Apr 20, 2018 4:12:31 PM net.sf.freecol.server.networking.Server sendToAll
INFO: Reap dead connection: [DummyConnection Server connection - model.nation.iroquois]
Apr 20, 2018 4:12:31 PM net.sf.freecol.server.networking.Server sendToAll
INFO: Reap dead connection: [DummyConnection Server connection - model.nation.english]
Apr 20, 2018 4:12:31 PM net.sf.freecol.server.networking.Server sendToAll
INFO: Reap dead connection: [DummyConnection Server connection - model.nation.spanish]
Apr 20, 2018 4:12:31 PM net.sf.freecol.server.networking.Server sendToAll
INFO: Reap dead connection: [DummyConnection Server connection - model.nation.apache]
Apr 20, 2018 4:12:31 PM net.sf.freecol.server.networking.Server sendToAll
INFO: Reap dead connection: [DummyConnection Server connection - model.nation.tupi]
Apr 20, 2018 4:12:31 PM net.sf.freecol.server.networking.Server sendToAll
INFO: Reap dead connection: [DummyConnection Server connection - model.nation.french]
Apr 20, 2018 4:12:31 PM net.sf.freecol.server.networking.Server sendToAll
INFO: Reap dead connection: [DummyConnection Server connection - model.nation.arawak]
Apr 20, 2018 4:12:31 PM net.sf.freecol.server.networking.Server sendToAll
INFO: Reap dead connection: [DummyConnection Server connection - model.nation.sioux]
Apr 20, 2018 4:12:31 PM net.sf.freecol.common.model.Specification applyDifficultyLevel
INFO: Applying difficulty level model.difficulty.medium
Apr 20, 2018 4:12:31 PM net.sf.freecol.common.FreeColSeed getFreeColSeed
INFO: Using seed: -5769809645788530574
Apr 20, 2018 4:12:31 PM net.sf.freecol.server.networking.Server sendToAll
INFO: Reap dead connection: [DummyConnection Server connection - model.nation.arawak]
Apr 20, 2018 4:12:31 PM net.sf.freecol.server.networking.Server sendToAll
INFO: Reap dead connection: [DummyConnection Server connection - model.nation.english]
Apr 20, 2018 4:12:31 PM net.sf.freecol.server.networking.Server sendToAll
INFO: Reap dead connection: [DummyConnection Server connection - model.nation.apache]
Apr 20, 2018 4:12:31 PM net.sf.freecol.server.networking.Server sendToAll
INFO: Reap dead connection: [DummyConnection Server connection - model.nation.aztec]
Apr 20, 2018 4:12:31 PM net.sf.freecol.server.networking.Server sendToAll
INFO: Reap dead connection: [DummyConnection Server connection - model.nation.cherokee]
Apr 20, 2018 4:12:31 PM net.sf.freecol.server.networking.Server sendToAll
INFO: Reap dead connection: [DummyConnection Server connection - model.nation.iroquois]
Apr 20, 2018 4:12:31 PM net.sf.freecol.server.networking.Server sendToAll
INFO: Reap dead connection: [DummyConnection Server connection - model.nation.french]
Apr 20, 2018 4:12:31 PM net.sf.freecol.server.networking.Server sendToAll
INFO: Reap dead connection: [DummyConnection Server connection - model.nation.spanish]
Apr 20, 2018 4:12:31 PM net.sf.freecol.server.networking.Server sendToAll
INFO: Reap dead connection: [DummyConnection Server connection - model.nation.inca]
Apr 20, 2018 4:12:31 PM net.sf.freecol.server.networking.Server sendToAll
INFO: Reap dead connection: [DummyConnection Server connection - model.nation.tupi]
Apr 20, 2018 4:12:31 PM net.sf.freecol.server.networking.Server sendToAll
INFO: Reap dead connection: [DummyConnection Server connection - model.nation.dutch]
Apr 20, 2018 4:12:31 PM net.sf.freecol.server.networking.Server sendToAll
INFO: Reap dead connection: [DummyConnection Server connection - model.nation.sioux]
Apr 20, 2018 4:12:31 PM net.sf.freecol.server.model.ServerPlayer csChangeStance
INFO: Stance modification William I UNCONTACTED -> WAR wrt Louis XIV
Apr 20, 2018 4:12:31 PM net.sf.freecol.server.model.ServerPlayer csChangeStance
INFO: Stance modification Louis XIV UNCONTACTED -> WAR wrt William I (symmetric)
Apr 20, 2018 4:12:31 PM net.sf.freecol.common.util.LogBuilder log
INFO: Combat attacker=unit:247-freeColonist-soldier [Modifier model.modifier.offence (model.source.baseOffence) ADDITIVE 0.0 index=10] [Modifier model.modifier.offence (model.role.soldier) ADDITIVE 2.0 index=30] [Modifier model.modifier.attackBonus (model.source.attackBonus) PERCENTAGE 50.0 index=50] = 3.0 defender=unit:248-freeColonist-soldier [Modifier model.modifier.defence (model.source.baseDefence) ADDITIVE 1.0 index=10] [Modifier model.modifier.defence (model.role.soldier) ADDITIVE 1.0 index=30] = 2.0 odds=0.6 random(1.0)=0.6200000047683716 great=false Attack LOSE LOSE_EQUIP
Apr 20, 2018 4:12:31 PM net.sf.freecol.common.util.LogBuilder log
INFO: Combat attacker=unit:247-freeColonist [Modifier model.modifier.offence (model.source.baseOffence) ADDITIVE 0.0 index=10] [Modifier model.modifier.attackBonus (model.source.attackBonus) PERCENTAGE 50.0 index=50] = 0.0 defender=unit:248-freeColonist-soldier [Modifier model.modifier.defence (model.source.baseDefence) ADDITIVE 1.0 index=10] [Modifier model.modifier.defence (model.role.soldier) ADDITIVE 1.0 index=30] = 2.0 odds=0.0 random(1.0)=0.019999999552965164 great=false Attack LOSE CAPTURE_UNIT
Apr 20, 2018 4:12:31 PM net.sf.freecol.common.model.Specification applyDifficultyLevel
INFO: Applying difficulty level model.difficulty.medium
Apr 20, 2018 4:12:31 PM net.sf.freecol.common.FreeColSeed getFreeColSeed
INFO: Using seed: 1426051089262022045
Apr 20, 2018 4:12:31 PM net.sf.freecol.server.networking.Server sendToAll
INFO: Reap dead connection: [DummyConnection Server connection - model.nation.spanish]
Apr 20, 2018 4:12:31 PM net.sf.freecol.server.networking.Server sendToAll
INFO: Reap dead connection: [DummyConnection Server connection - model.nation.cherokee]
Apr 20, 2018 4:12:31 PM net.sf.freecol.server.networking.Server sendToAll
INFO: Reap dead connection: [DummyConnection Server connection - model.nation.french]
Apr 20, 2018 4:12:31 PM net.sf.freecol.server.networking.Server sendToAll
INFO: Reap dead connection: [DummyConnection Server connection - model.nation.tupi]
Apr 20, 2018 4:12:31 PM net.sf.freecol.server.networking.Server sendToAll
INFO: Reap dead connection: [DummyConnection Server connection - model.nation.sioux]
Apr 20, 2018 4:12:31 PM net.sf.freecol.server.networking.Server sendToAll
INFO: Reap dead connection: [DummyConnection Server connection - model.nation.dutch]
Apr 20, 2018 4:12:31 PM net.sf.freecol.server.networking.Server sendToAll
INFO: Reap dead connection: [DummyConnection Server connection - model.nation.english]
Apr 20, 2018 4:12:31 PM net.sf.freecol.server.networking.Server sendToAll
INFO: Reap dead connection: [DummyConnection Server connection - model.nation.iroquois]
Apr 20, 2018 4:12:31 PM net.sf.freecol.server.networking.Server sendToAll
INFO: Reap dead connection: [DummyConnection Server connection - model.nation.arawak]
Apr 20, 2018 4:12:31 PM net.sf.freecol.server.networking.Server sendToAll
INFO: Reap dead connection: [DummyConnection Server connection - model.nation.aztec]
Apr 20, 2018 4:12:31 PM net.sf.freecol.server.networking.Server sendToAll
INFO: Reap dead connection: [DummyConnection Server connection - model.nation.inca]
Apr 20, 2018 4:12:31 PM net.sf.freecol.server.networking.Server sendToAll
INFO: Reap dead connection: [DummyConnection Server connection - model.nation.apache]
Apr 20, 2018 4:12:31 PM net.sf.freecol.server.model.ServerPlayer csChangeStance
INFO: Stance modification Louis XIV UNCONTACTED -> WAR wrt William I
Apr 20, 2018 4:12:31 PM net.sf.freecol.server.model.ServerPlayer csChangeStance
INFO: Stance modification William I UNCONTACTED -> WAR wrt Louis XIV (symmetric)
Apr 20, 2018 4:12:31 PM net.sf.freecol.common.util.LogBuilder log
INFO: Combat attacker=unit:248-veteranSoldier-soldier [Modifier model.modifier.offence (model.source.baseOffence) ADDITIVE 0.0 index=10] [Modifier model.modifier.offence (model.role.soldier) ADDITIVE 2.0 index=30] [Modifier model.modifier.offence (model.unit.veteranSoldier) PERCENTAGE 50.0 index=40] [Modifier model.modifier.attackBonus (model.source.attackBonus) PERCENTAGE 50.0 index=50] = 4.5 defender=unit:247-colonialRegular-soldier [Modifier model.modifier.defence (model.source.baseDefence) ADDITIVE 1.0 index=10] [Modifier model.modifier.defence (model.unit.colonialRegular) ADDITIVE 3.0 index=20] [Modifier model.modifier.defence (model.role.soldier) ADDITIVE 1.0 index=30] = 5.0 odds=0.47368421052631576 random(1.0)=0.4536842107772827 great=false Attack WIN LOSE_EQUIP DEMOTE_UNIT
Apr 20, 2018 4:12:31 PM net.sf.freecol.common.util.LogBuilder log
INFO: Combat attacker=unit:248-veteranSoldier-soldier [Modifier model.modifier.offence (model.source.baseOffence) ADDITIVE 0.0 index=10] [Modifier model.modifier.offence (model.role.soldier) ADDITIVE 2.0 index=30] [Modifier model.modifier.offence (model.unit.veteranSoldier) PERCENTAGE 50.0 index=40] [Modifier model.modifier.attackBonus (model.source.attackBonus) PERCENTAGE 50.0 index=50] = 4.5 defender=unit:247-veteranSoldier [Modifier model.modifier.defence (model.source.baseDefence) ADDITIVE 1.0 index=10] [Modifier model.modifier.defence (model.unit.veteranSoldier) PERCENTAGE 50.0 index=40] = 1.5 odds=0.75 random(1.0)=0.7300000190734863 great=false Attack WIN CAPTURE_UNIT
Apr 20, 2018 4:12:31 PM net.sf.freecol.common.model.Specification applyDifficultyLevel
INFO: Applying difficulty level model.difficulty.medium
Apr 20, 2018 4:12:31 PM net.sf.freecol.common.FreeColSeed getFreeColSeed
INFO: Using seed: 3589130170728777834
Apr 20, 2018 4:12:31 PM net.sf.freecol.server.networking.Server sendToAll
INFO: Reap dead connection: [DummyConnection Server connection - model.nation.tupi]
Apr 20, 2018 4:12:31 PM net.sf.freecol.server.networking.Server sendToAll
INFO: Reap dead connection: [DummyConnection Server connection - model.nation.french]
Apr 20, 2018 4:12:31 PM net.sf.freecol.server.networking.Server sendToAll
INFO: Reap dead connection: [DummyConnection Server connection - model.nation.apache]
Apr 20, 2018 4:12:31 PM net.sf.freecol.server.networking.Server sendToAll
INFO: Reap dead connection: [DummyConnection Server connection - model.nation.dutch]
Apr 20, 2018 4:12:31 PM net.sf.freecol.server.networking.Server sendToAll
INFO: Reap dead connection: [DummyConnection Server connection - model.nation.iroquois]
Apr 20, 2018 4:12:31 PM net.sf.freecol.server.networking.Server sendToAll
INFO: Reap dead connection: [DummyConnection Server connection - model.nation.sioux]
Apr 20, 2018 4:12:31 PM net.sf.freecol.server.networking.Server sendToAll
INFO: Reap dead connection: [DummyConnection Server connection - model.nation.english]
Apr 20, 2018 4:12:31 PM net.sf.freecol.server.networking.Server sendToAll
INFO: Reap dead connection: [DummyConnection Server connection - model.nation.spanish]
Apr 20, 2018 4:12:31 PM net.sf.freecol.server.networking.Server sendToAll
INFO: Reap dead connection: [DummyConnection Server connection - model.nation.inca]
Apr 20, 2018 4:12:31 PM net.sf.freecol.server.networking.Server sendToAll
INFO: Reap dead connection: [DummyConnection Server connection - model.nation.arawak]
Apr 20, 2018 4:12:31 PM net.sf.freecol.server.networking.Server sendToAll
INFO: Reap dead connection: [DummyConnection Server connection - model.nation.aztec]
Apr 20, 2018 4:12:31 PM net.sf.freecol.server.networking.Server sendToAll
INFO: Reap dead connection: [DummyConnection Server connection - model.nation.cherokee]
Apr 20, 2018 4:12:31 PM net.sf.freecol.server.ai.AIUnit dispose
WARNING: Disposing of unit:271 but owner is null!
Apr 20, 2018 4:12:31 PM net.sf.freecol.server.ai.AIUnit dispose
WARNING: Disposing of unit:270 but owner is null!
Apr 20, 2018 4:12:31 PM net.sf.freecol.common.model.Specification applyDifficultyLevel
INFO: Applying difficulty level model.difficulty.medium
Apr 20, 2018 4:12:31 PM net.sf.freecol.common.FreeColSeed getFreeColSeed
INFO: Using seed: 9005727164276766962
Apr 20, 2018 4:12:31 PM net.sf.freecol.server.networking.Server sendToAll
INFO: Reap dead connection: [DummyConnection Server connection - model.nation.arawak]
Apr 20, 2018 4:12:31 PM net.sf.freecol.server.networking.Server sendToAll
INFO: Reap dead connection: [DummyConnection Server connection - model.nation.apache]
Apr 20, 2018 4:12:31 PM net.sf.freecol.server.networking.Server sendToAll
INFO: Reap dead connection: [DummyConnection Server connection - model.nation.spanish]
Apr 20, 2018 4:12:31 PM net.sf.freecol.server.networking.Server sendToAll
INFO: Reap dead connection: [DummyConnection Server connection - model.nation.dutch]
Apr 20, 2018 4:12:31 PM net.sf.freecol.server.networking.Server sendToAll
INFO: Reap dead connection: [DummyConnection Server connection - model.nation.inca]
Apr 20, 2018 4:12:31 PM net.sf.freecol.server.networking.Server sendToAll
INFO: Reap dead connection: [DummyConnection Server connection - model.nation.aztec]
Apr 20, 2018 4:12:31 PM net.sf.freecol.server.networking.Server sendToAll
INFO: Reap dead connection: [DummyConnection Server connection - model.nation.sioux]
Apr 20, 2018 4:12:31 PM net.sf.freecol.server.networking.Server sendToAll
INFO: Reap dead connection: [DummyConnection Server connection - model.nation.english]
Apr 20, 2018 4:12:31 PM net.sf.freecol.server.networking.Server sendToAll
INFO: Reap dead connection: [DummyConnection Server connection - model.nation.french]
Apr 20, 2018 4:12:31 PM net.sf.freecol.server.networking.Server sendToAll
INFO: Reap dead connection: [DummyConnection Server connection - model.nation.tupi]
Apr 20, 2018 4:12:31 PM net.sf.freecol.server.networking.Server sendToAll
INFO: Reap dead connection: [DummyConnection Server connection - model.nation.iroquois]
Apr 20, 2018 4:12:31 PM net.sf.freecol.server.networking.Server sendToAll
INFO: Reap dead connection: [DummyConnection Server connection - model.nation.cherokee]
Apr 20, 2018 4:12:31 PM net.sf.freecol.server.model.ServerPlayer csChangeStance
INFO: Stance modification William I UNCONTACTED -> PEACE wrt Guaira
Apr 20, 2018 4:12:31 PM net.sf.freecol.server.model.ServerPlayer csChangeStance
INFO: Stance modification Guaira UNCONTACTED -> PEACE wrt William I (symmetric)
Apr 20, 2018 4:12:31 PM net.sf.freecol.common.util.LogBuilder log
INFO: Destroying: unit:253
Apr 20, 2018 4:12:31 PM net.sf.freecol.server.model.ServerPlayer csChangeStance
INFO: Stance modification Louis XIV UNCONTACTED -> PEACE wrt Guaira
Apr 20, 2018 4:12:31 PM net.sf.freecol.server.model.ServerPlayer csChangeStance
INFO: Stance modification Guaira UNCONTACTED -> PEACE wrt Louis XIV (symmetric)
Apr 20, 2018 4:12:31 PM net.sf.freecol.common.model.Specification applyDifficultyLevel
INFO: Applying difficulty level model.difficulty.medium
Apr 20, 2018 4:12:31 PM net.sf.freecol.common.FreeColSeed getFreeColSeed
INFO: Using seed: -5044903936521914339
Apr 20, 2018 4:12:32 PM net.sf.freecol.server.networking.Server sendToAll
INFO: Reap dead connection: [DummyConnection Server connection - model.nation.inca]
Apr 20, 2018 4:12:32 PM net.sf.freecol.server.networking.Server sendToAll
INFO: Reap dead connection: [DummyConnection Server connection - model.nation.sioux]
Apr 20, 2018 4:12:32 PM net.sf.freecol.server.networking.Server sendToAll
INFO: Reap dead connection: [DummyConnection Server connection - model.nation.french]
Apr 20, 2018 4:12:32 PM net.sf.freecol.server.networking.Server sendToAll
INFO: Reap dead connection: [DummyConnection Server connection - model.nation.aztec]
Apr 20, 2018 4:12:32 PM net.sf.freecol.server.networking.Server sendToAll
INFO: Reap dead connection: [DummyConnection Server connection - model.nation.dutch]
Apr 20, 2018 4:12:32 PM net.sf.freecol.server.networking.Server sendToAll
INFO: Reap dead connection: [DummyConnection Server connection - model.nation.cherokee]
Apr 20, 2018 4:12:32 PM net.sf.freecol.server.networking.Server sendToAll
INFO: Reap dead connection: [DummyConnection Server connection - model.nation.tupi]
Apr 20, 2018 4:12:32 PM net.sf.freecol.server.networking.Server sendToAll
INFO: Reap dead connection: [DummyConnection Server connection - model.nation.arawak]
Apr 20, 2018 4:12:32 PM net.sf.freecol.server.networking.Server sendToAll
INFO: Reap dead connection: [DummyConnection Server connection - model.nation.english]
Apr 20, 2018 4:12:32 PM net.sf.freecol.server.networking.Server sendToAll
INFO: Reap dead connection: [DummyConnection Server connection - model.nation.apache]
Apr 20, 2018 4:12:32 PM net.sf.freecol.server.networking.Server sendToAll
INFO: Reap dead connection: [DummyConnection Server connection - model.nation.spanish]
Apr 20, 2018 4:12:32 PM net.sf.freecol.server.networking.Server sendToAll
INFO: Reap dead connection: [DummyConnection Server connection - model.nation.iroquois]
Apr 20, 2018 4:12:32 PM net.sf.freecol.common.model.Specification applyDifficultyLevel
INFO: Applying difficulty level model.difficulty.medium
Apr 20, 2018 4:12:32 PM net.sf.freecol.common.FreeColSeed getFreeColSeed
INFO: Using seed: 6478730241544434775
Apr 20, 2018 4:12:32 PM net.sf.freecol.server.networking.Server sendToAll
INFO: Reap dead connection: [DummyConnection Server connection - model.nation.inca]
Apr 20, 2018 4:12:32 PM net.sf.freecol.server.networking.Server sendToAll
INFO: Reap dead connection: [DummyConnection Server connection - model.nation.aztec]
Apr 20, 2018 4:12:32 PM net.sf.freecol.server.networking.Server sendToAll
INFO: Reap dead connection: [DummyConnection Server connection - model.nation.apache]
Apr 20, 2018 4:12:32 PM net.sf.freecol.server.networking.Server sendToAll
INFO: Reap dead connection: [DummyConnection Server connection - model.nation.spanish]
Apr 20, 2018 4:12:32 PM net.sf.freecol.server.networking.Server sendToAll
INFO: Reap dead connection: [DummyConnection Server connection - model.nation.english]
Apr 20, 2018 4:12:32 PM net.sf.freecol.server.networking.Server sendToAll
INFO: Reap dead connection: [DummyConnection Server connection - model.nation.french]
Apr 20, 2018 4:12:32 PM net.sf.freecol.server.networking.Server sendToAll
INFO: Reap dead connection: [DummyConnection Server connection - model.nation.cherokee]
Apr 20, 2018 4:12:32 PM net.sf.freecol.server.networking.Server sendToAll
INFO: Reap dead connection: [DummyConnection Server connection - model.nation.arawak]
Apr 20, 2018 4:12:32 PM net.sf.freecol.server.networking.Server sendToAll
INFO: Reap dead connection: [DummyConnection Server connection - model.nation.tupi]
Apr 20, 2018 4:12:32 PM net.sf.freecol.server.networking.Server sendToAll
INFO: Reap dead connection: [DummyConnection Server connection - model.nation.iroquois]
Apr 20, 2018 4:12:32 PM net.sf.freecol.server.networking.Server sendToAll
INFO: Reap dead connection: [DummyConnection Server connection - model.nation.sioux]
Apr 20, 2018 4:12:32 PM net.sf.freecol.server.networking.Server sendToAll
INFO: Reap dead connection: [DummyConnection Server connection - model.nation.dutch]
Apr 20, 2018 4:12:32 PM net.sf.freecol.common.model.Specification applyDifficultyLevel
INFO: Applying difficulty level model.difficulty.medium
Apr 20, 2018 4:12:32 PM net.sf.freecol.common.FreeColSeed getFreeColSeed
INFO: Using seed: 1611172476072201132
Apr 20, 2018 4:12:32 PM net.sf.freecol.server.networking.Server sendToAll
INFO: Reap dead connection: [DummyConnection Server connection - model.nation.sioux]
Apr 20, 2018 4:12:32 PM net.sf.freecol.server.networking.Server sendToAll
INFO: Reap dead connection: [DummyConnection Server connection - model.nation.cherokee]
Apr 20, 2018 4:12:32 PM net.sf.freecol.server.networking.Server sendToAll
INFO: Reap dead connection: [DummyConnection Server connection - model.nation.dutch]
Apr 20, 2018 4:12:32 PM net.sf.freecol.server.networking.Server sendToAll
INFO: Reap dead connection: [DummyConnection Server connection - model.nation.french]
Apr 20, 2018 4:12:32 PM net.sf.freecol.server.networking.Server sendToAll
INFO: Reap dead connection: [DummyConnection Server connection - model.nation.apache]
Apr 20, 2018 4:12:32 PM net.sf.freecol.server.networking.Server sendToAll
INFO: Reap dead connection: [DummyConnection Server connection - model.nation.spanish]
Apr 20, 2018 4:12:32 PM net.sf.freecol.server.networking.Server sendToAll
INFO: Reap dead connection: [DummyConnection Server connection - model.nation.tupi]
Apr 20, 2018 4:12:32 PM net.sf.freecol.server.networking.Server sendToAll
INFO: Reap dead connection: [DummyConnection Server connection - model.nation.aztec]
Apr 20, 2018 4:12:32 PM net.sf.freecol.server.networking.Server sendToAll
INFO: Reap dead connection: [DummyConnection Server connection - model.nation.iroquois]
Apr 20, 2018 4:12:32 PM net.sf.freecol.server.networking.Server sendToAll
INFO: Reap dead connection: [DummyConnection Server connection - model.nation.english]
Apr 20, 2018 4:12:32 PM net.sf.freecol.server.networking.Server sendToAll
INFO: Reap dead connection: [DummyConnection Server connection - model.nation.inca]
Apr 20, 2018 4:12:32 PM net.sf.freecol.server.networking.Server sendToAll
INFO: Reap dead connection: [DummyConnection Server connection - model.nation.arawak]
Apr 20, 2018 4:12:32 PM net.sf.freecol.common.model.Specification applyDifficultyLevel
INFO: Applying difficulty level model.difficulty.medium
Apr 20, 2018 4:12:32 PM net.sf.freecol.common.FreeColSeed getFreeColSeed
INFO: Using seed: -7456213345122928092
Apr 20, 2018 4:12:32 PM net.sf.freecol.server.networking.Server sendToAll
INFO: Reap dead connection: [DummyConnection Server connection - model.nation.cherokee]
Apr 20, 2018 4:12:32 PM net.sf.freecol.server.networking.Server sendToAll
INFO: Reap dead connection: [DummyConnection Server connection - model.nation.iroquois]
Apr 20, 2018 4:12:32 PM net.sf.freecol.server.networking.Server sendToAll
INFO: Reap dead connection: [DummyConnection Server connection - model.nation.sioux]
Apr 20, 2018 4:12:32 PM net.sf.freecol.server.networking.Server sendToAll
INFO: Reap dead connection: [DummyConnection Server connection - model.nation.aztec]
Apr 20, 2018 4:12:32 PM net.sf.freecol.server.networking.Server sendToAll
INFO: Reap dead connection: [DummyConnection Server connection - model.nation.french]
Apr 20, 2018 4:12:32 PM net.sf.freecol.server.networking.Server sendToAll
INFO: Reap dead connection: [DummyConnection Server connection - model.nation.dutch]
Apr 20, 2018 4:12:32 PM net.sf.freecol.server.networking.Server sendToAll
INFO: Reap dead connection: [DummyConnection Server connection - model.nation.apache]
Apr 20, 2018 4:12:32 PM net.sf.freecol.server.networking.Server sendToAll
INFO: Reap dead connection: [DummyConnection Server connection - model.nation.tupi]
Apr 20, 2018 4:12:32 PM net.sf.freecol.server.networking.Server sendToAll
INFO: Reap dead connection: [DummyConnection Server connection - model.nation.spanish]
Apr 20, 2018 4:12:32 PM net.sf.freecol.server.networking.Server sendToAll
INFO: Reap dead connection: [DummyConnection Server connection - model.nation.english]
Apr 20, 2018 4:12:32 PM net.sf.freecol.server.networking.Server sendToAll
INFO: Reap dead connection: [DummyConnection Server connection - model.nation.inca]
Apr 20, 2018 4:12:32 PM net.sf.freecol.server.networking.Server sendToAll
INFO: Reap dead connection: [DummyConnection Server connection - model.nation.arawak]
Apr 20, 2018 4:12:32 PM net.sf.freecol.common.model.Specification applyDifficultyLevel
INFO: Applying difficulty level model.difficulty.medium
Apr 20, 2018 4:12:32 PM net.sf.freecol.common.FreeColSeed getFreeColSeed
INFO: Using seed: -7453175495830007884
Apr 20, 2018 4:12:32 PM net.sf.freecol.server.networking.Server sendToAll
INFO: Reap dead connection: [DummyConnection Server connection - model.nation.french]
Apr 20, 2018 4:12:32 PM net.sf.freecol.server.networking.Server sendToAll
INFO: Reap dead connection: [DummyConnection Server connection - model.nation.english]
Apr 20, 2018 4:12:32 PM net.sf.freecol.server.networking.Server sendToAll
INFO: Reap dead connection: [DummyConnection Server connection - model.nation.inca]
Apr 20, 2018 4:12:32 PM net.sf.freecol.server.networking.Server sendToAll
INFO: Reap dead connection: [DummyConnection Server connection - model.nation.sioux]
Apr 20, 2018 4:12:32 PM net.sf.freecol.server.networking.Server sendToAll
INFO: Reap dead connection: [DummyConnection Server connection - model.nation.arawak]
Apr 20, 2018 4:12:32 PM net.sf.freecol.server.networking.Server sendToAll
INFO: Reap dead connection: [DummyConnection Server connection - model.nation.dutch]
Apr 20, 2018 4:12:32 PM net.sf.freecol.server.networking.Server sendToAll
INFO: Reap dead connection: [DummyConnection Server connection - model.nation.cherokee]
Apr 20, 2018 4:12:32 PM net.sf.freecol.server.networking.Server sendToAll
INFO: Reap dead connection: [DummyConnection Server connection - model.nation.iroquois]
Apr 20, 2018 4:12:32 PM net.sf.freecol.server.networking.Server sendToAll
INFO: Reap dead connection: [DummyConnection Server connection - model.nation.aztec]
Apr 20, 2018 4:12:32 PM net.sf.freecol.server.networking.Server sendToAll
INFO: Reap dead connection: [DummyConnection Server connection - model.nation.tupi]
Apr 20, 2018 4:12:32 PM net.sf.freecol.server.networking.Server sendToAll
INFO: Reap dead connection: [DummyConnection Server connection - model.nation.apache]
Apr 20, 2018 4:12:32 PM net.sf.freecol.server.networking.Server sendToAll
INFO: Reap dead connection: [DummyConnection Server connection - model.nation.spanish]
Apr 20, 2018 4:12:32 PM net.sf.freecol.common.model.Specification applyDifficultyLevel
INFO: Applying difficulty level model.difficulty.medium
Apr 20, 2018 4:12:32 PM net.sf.freecol.common.FreeColSeed getFreeColSeed
INFO: Using seed: -813762986142619561
Apr 20, 2018 4:12:32 PM net.sf.freecol.server.networking.Server sendToAll
INFO: Reap dead connection: [DummyConnection Server connection - model.nation.tupi]
Apr 20, 2018 4:12:32 PM net.sf.freecol.server.networking.Server sendToAll
INFO: Reap dead connection: [DummyConnection Server connection - model.nation.french]
Apr 20, 2018 4:12:32 PM net.sf.freecol.server.networking.Server sendToAll
INFO: Reap dead connection: [DummyConnection Server connection - model.nation.dutch]
Apr 20, 2018 4:12:32 PM net.sf.freecol.server.networking.Server sendToAll
INFO: Reap dead connection: [DummyConnection Server connection - model.nation.cherokee]
Apr 20, 2018 4:12:32 PM net.sf.freecol.server.networking.Server sendToAll
INFO: Reap dead connection: [DummyConnection Server connection - model.nation.spanish]
Apr 20, 2018 4:12:32 PM net.sf.freecol.server.networking.Server sendToAll
INFO: Reap dead connection: [DummyConnection Server connection - model.nation.iroquois]
Apr 20, 2018 4:12:32 PM net.sf.freecol.server.networking.Server sendToAll
INFO: Reap dead connection: [DummyConnection Server connection - model.nation.sioux]
Apr 20, 2018 4:12:32 PM net.sf.freecol.server.networking.Server sendToAll
INFO: Reap dead connection: [DummyConnection Server connection - model.nation.english]
Apr 20, 2018 4:12:32 PM net.sf.freecol.server.networking.Server sendToAll
INFO: Reap dead connection: [DummyConnection Server connection - model.nation.arawak]
Apr 20, 2018 4:12:32 PM net.sf.freecol.server.networking.Server sendToAll
INFO: Reap dead connection: [DummyConnection Server connection - model.nation.apache]
Apr 20, 2018 4:12:32 PM net.sf.freecol.server.networking.Server sendToAll
INFO: Reap dead connection: [DummyConnection Server connection - model.nation.inca]
Apr 20, 2018 4:12:32 PM net.sf.freecol.server.networking.Server sendToAll
INFO: Reap dead connection: [DummyConnection Server connection - model.nation.aztec]
Apr 20, 2018 4:12:32 PM net.sf.freecol.common.model.Specification applyDifficultyLevel
INFO: Applying difficulty level model.difficulty.medium
Apr 20, 2018 4:12:32 PM net.sf.freecol.common.FreeColSeed getFreeColSeed
INFO: Using seed: 2065492289518712366
Apr 20, 2018 4:12:32 PM net.sf.freecol.server.networking.Server sendToAll
INFO: Reap dead connection: [DummyConnection Server connection - model.nation.arawak]
Apr 20, 2018 4:12:32 PM net.sf.freecol.server.networking.Server sendToAll
INFO: Reap dead connection: [DummyConnection Server connection - model.nation.sioux]
Apr 20, 2018 4:12:32 PM net.sf.freecol.server.networking.Server sendToAll
INFO: Reap dead connection: [DummyConnection Server connection - model.nation.inca]
Apr 20, 2018 4:12:32 PM net.sf.freecol.server.networking.Server sendToAll
INFO: Reap dead connection: [DummyConnection Server connection - model.nation.dutch]
Apr 20, 2018 4:12:32 PM net.sf.freecol.server.networking.Server sendToAll
INFO: Reap dead connection: [DummyConnection Server connection - model.nation.french]
Apr 20, 2018 4:12:32 PM net.sf.freecol.server.networking.Server sendToAll
INFO: Reap dead connection: [DummyConnection Server connection - model.nation.english]
Apr 20, 2018 4:12:32 PM net.sf.freecol.server.networking.Server sendToAll
INFO: Reap dead connection: [DummyConnection Server connection - model.nation.aztec]
Apr 20, 2018 4:12:32 PM net.sf.freecol.server.networking.Server sendToAll
INFO: Reap dead connection: [DummyConnection Server connection - model.nation.spanish]
Apr 20, 2018 4:12:32 PM net.sf.freecol.server.networking.Server sendToAll
INFO: Reap dead connection: [DummyConnection Server connection - model.nation.iroquois]
Apr 20, 2018 4:12:32 PM net.sf.freecol.server.networking.Server sendToAll
INFO: Reap dead connection: [DummyConnection Server connection - model.nation.apache]
Apr 20, 2018 4:12:32 PM net.sf.freecol.server.networking.Server sendToAll
INFO: Reap dead connection: [DummyConnection Server connection - model.nation.tupi]
Apr 20, 2018 4:12:32 PM net.sf.freecol.server.networking.Server sendToAll
INFO: Reap dead connection: [DummyConnection Server connection - model.nation.cherokee]
Apr 20, 2018 4:12:32 PM net.sf.freecol.common.model.Specification applyDifficultyLevel
INFO: Applying difficulty level model.difficulty.medium
Apr 20, 2018 4:12:32 PM net.sf.freecol.common.FreeColSeed getFreeColSeed
INFO: Using seed: 1399988166006773160
Apr 20, 2018 4:12:32 PM net.sf.freecol.server.networking.Server sendToAll
INFO: Reap dead connection: [DummyConnection Server connection - model.nation.french]
Apr 20, 2018 4:12:32 PM net.sf.freecol.server.networking.Server sendToAll
INFO: Reap dead connection: [DummyConnection Server connection - model.nation.arawak]
Apr 20, 2018 4:12:32 PM net.sf.freecol.server.networking.Server sendToAll
INFO: Reap dead connection: [DummyConnection Server connection - model.nation.english]
Apr 20, 2018 4:12:32 PM net.sf.freecol.server.networking.Server sendToAll
INFO: Reap dead connection: [DummyConnection Server connection - model.nation.cherokee]
Apr 20, 2018 4:12:32 PM net.sf.freecol.server.networking.Server sendToAll
INFO: Reap dead connection: [DummyConnection Server connection - model.nation.dutch]
Apr 20, 2018 4:12:32 PM net.sf.freecol.server.networking.Server sendToAll
INFO: Reap dead connection: [DummyConnection Server connection - model.nation.spanish]
Apr 20, 2018 4:12:32 PM net.sf.freecol.server.networking.Server sendToAll
INFO: Reap dead connection: [DummyConnection Server connection - model.nation.inca]
Apr 20, 2018 4:12:32 PM net.sf.freecol.server.networking.Server sendToAll
INFO: Reap dead connection: [DummyConnection Server connection - model.nation.aztec]
Apr 20, 2018 4:12:32 PM net.sf.freecol.server.networking.Server sendToAll
INFO: Reap dead connection: [DummyConnection Server connection - model.nation.tupi]
Apr 20, 2018 4:12:32 PM net.sf.freecol.server.networking.Server sendToAll
INFO: Reap dead connection: [DummyConnection Server connection - model.nation.apache]
Apr 20, 2018 4:12:32 PM net.sf.freecol.server.networking.Server sendToAll
INFO: Reap dead connection: [DummyConnection Server connection - model.nation.iroquois]
Apr 20, 2018 4:12:32 PM net.sf.freecol.server.networking.Server sendToAll
INFO: Reap dead connection: [DummyConnection Server connection - model.nation.sioux]
Apr 20, 2018 4:12:32 PM net.sf.freecol.common.model.Specification applyDifficultyLevel
INFO: Applying difficulty level model.difficulty.medium
Apr 20, 2018 4:12:32 PM net.sf.freecol.common.FreeColSeed getFreeColSeed
INFO: Using seed: 7932950708320497171
Apr 20, 2018 4:12:32 PM net.sf.freecol.server.networking.Server sendToAll
INFO: Reap dead connection: [DummyConnection Server connection - model.nation.sioux]
Apr 20, 2018 4:12:32 PM net.sf.freecol.server.networking.Server sendToAll
INFO: Reap dead connection: [DummyConnection Server connection - model.nation.tupi]
Apr 20, 2018 4:12:32 PM net.sf.freecol.server.networking.Server sendToAll
INFO: Reap dead connection: [DummyConnection Server connection - model.nation.arawak]
Apr 20, 2018 4:12:32 PM net.sf.freecol.server.networking.Server sendToAll
INFO: Reap dead connection: [DummyConnection Server connection - model.nation.iroquois]
Apr 20, 2018 4:12:32 PM net.sf.freecol.server.networking.Server sendToAll
INFO: Reap dead connection: [DummyConnection Server connection - model.nation.cherokee]
Apr 20, 2018 4:12:32 PM net.sf.freecol.server.networking.Server sendToAll
INFO: Reap dead connection: [DummyConnection Server connection - model.nation.apache]
Apr 20, 2018 4:12:32 PM net.sf.freecol.server.networking.Server sendToAll
INFO: Reap dead connection: [DummyConnection Server connection - model.nation.french]
Apr 20, 2018 4:12:32 PM net.sf.freecol.server.networking.Server sendToAll
INFO: Reap dead connection: [DummyConnection Server connection - model.nation.english]
Apr 20, 2018 4:12:32 PM net.sf.freecol.server.networking.Server sendToAll
INFO: Reap dead connection: [DummyConnection Server connection - model.nation.inca]
Apr 20, 2018 4:12:32 PM net.sf.freecol.server.networking.Server sendToAll
INFO: Reap dead connection: [DummyConnection Server connection - model.nation.dutch]
Apr 20, 2018 4:12:32 PM net.sf.freecol.server.networking.Server sendToAll
INFO: Reap dead connection: [DummyConnection Server connection - model.nation.aztec]
Apr 20, 2018 4:12:32 PM net.sf.freecol.server.networking.Server sendToAll
INFO: Reap dead connection: [DummyConnection Server connection - model.nation.spanish]
Apr 20, 2018 4:12:32 PM net.sf.freecol.common.model.Specification applyDifficultyLevel
INFO: Applying difficulty level model.difficulty.medium
Apr 20, 2018 4:12:32 PM net.sf.freecol.common.FreeColSeed getFreeColSeed
INFO: Using seed: 6784504863075243817
Apr 20, 2018 4:12:32 PM net.sf.freecol.server.networking.Server sendToAll
INFO: Reap dead connection: [DummyConnection Server connection - model.nation.apache]
Apr 20, 2018 4:12:32 PM net.sf.freecol.server.networking.Server sendToAll
INFO: Reap dead connection: [DummyConnection Server connection - model.nation.english]
Apr 20, 2018 4:12:32 PM net.sf.freecol.server.networking.Server sendToAll
INFO: Reap dead connection: [DummyConnection Server connection - model.nation.dutch]
Apr 20, 2018 4:12:32 PM net.sf.freecol.server.networking.Server sendToAll
INFO: Reap dead connection: [DummyConnection Server connection - model.nation.sioux]
Apr 20, 2018 4:12:32 PM net.sf.freecol.server.networking.Server sendToAll
INFO: Reap dead connection: [DummyConnection Server connection - model.nation.spanish]
Apr 20, 2018 4:12:32 PM net.sf.freecol.server.networking.Server sendToAll
INFO: Reap dead connection: [DummyConnection Server connection - model.nation.iroquois]
Apr 20, 2018 4:12:32 PM net.sf.freecol.server.networking.Server sendToAll
INFO: Reap dead connection: [DummyConnection Server connection - model.nation.cherokee]
Apr 20, 2018 4:12:32 PM net.sf.freecol.server.networking.Server sendToAll
INFO: Reap dead connection: [DummyConnection Server connection - model.nation.aztec]
Apr 20, 2018 4:12:32 PM net.sf.freecol.server.networking.Server sendToAll
INFO: Reap dead connection: [DummyConnection Server connection - model.nation.french]
Apr 20, 2018 4:12:32 PM net.sf.freecol.server.networking.Server sendToAll
INFO: Reap dead connection: [DummyConnection Server connection - model.nation.arawak]
Apr 20, 2018 4:12:32 PM net.sf.freecol.server.networking.Server sendToAll
INFO: Reap dead connection: [DummyConnection Server connection - model.nation.tupi]
Apr 20, 2018 4:12:32 PM net.sf.freecol.server.networking.Server sendToAll
INFO: Reap dead connection: [DummyConnection Server connection - model.nation.inca]
Apr 20, 2018 4:12:32 PM net.sf.freecol.common.model.Specification applyDifficultyLevel
INFO: Applying difficulty level model.difficulty.medium
Apr 20, 2018 4:12:32 PM net.sf.freecol.common.FreeColSeed getFreeColSeed
INFO: Using seed: -8322341141829068149
Apr 20, 2018 4:12:32 PM net.sf.freecol.server.networking.Server sendToAll
INFO: Reap dead connection: [DummyConnection Server connection - model.nation.tupi]
Apr 20, 2018 4:12:32 PM net.sf.freecol.server.networking.Server sendToAll
INFO: Reap dead connection: [DummyConnection Server connection - model.nation.sioux]
Apr 20, 2018 4:12:32 PM net.sf.freecol.server.networking.Server sendToAll
INFO: Reap dead connection: [DummyConnection Server connection - model.nation.english]
Apr 20, 2018 4:12:32 PM net.sf.freecol.server.networking.Server sendToAll
INFO: Reap dead connection: [DummyConnection Server connection - model.nation.arawak]
Apr 20, 2018 4:12:32 PM net.sf.freecol.server.networking.Server sendToAll
INFO: Reap dead connection: [DummyConnection Server connection - model.nation.iroquois]
Apr 20, 2018 4:12:32 PM net.sf.freecol.server.networking.Server sendToAll
INFO: Reap dead connection: [DummyConnection Server connection - model.nation.dutch]
Apr 20, 2018 4:12:32 PM net.sf.freecol.server.networking.Server sendToAll
INFO: Reap dead connection: [DummyConnection Server connection - model.nation.apache]
Apr 20, 2018 4:12:32 PM net.sf.freecol.server.networking.Server sendToAll
INFO: Reap dead connection: [DummyConnection Server connection - model.nation.inca]
Apr 20, 2018 4:12:32 PM net.sf.freecol.server.networking.Server sendToAll
INFO: Reap dead connection: [DummyConnection Server connection - model.nation.french]
Apr 20, 2018 4:12:32 PM net.sf.freecol.server.networking.Server sendToAll
INFO: Reap dead connection: [DummyConnection Server connection - model.nation.spanish]
Apr 20, 2018 4:12:32 PM net.sf.freecol.server.networking.Server sendToAll
INFO: Reap dead connection: [DummyConnection Server connection - model.nation.cherokee]
Apr 20, 2018 4:12:32 PM net.sf.freecol.server.networking.Server sendToAll
INFO: Reap dead connection: [DummyConnection Server connection - model.nation.aztec]
Apr 20, 2018 4:12:32 PM net.sf.freecol.common.model.Specification applyDifficultyLevel
INFO: Applying difficulty level model.difficulty.medium
Apr 20, 2018 4:12:32 PM net.sf.freecol.common.FreeColSeed getFreeColSeed
INFO: Using seed: 1732246494150663319
Apr 20, 2018 4:12:32 PM net.sf.freecol.server.networking.Server sendToAll
INFO: Reap dead connection: [DummyConnection Server connection - model.nation.tupi]
Apr 20, 2018 4:12:32 PM net.sf.freecol.server.networking.Server sendToAll
INFO: Reap dead connection: [DummyConnection Server connection - model.nation.dutch]
Apr 20, 2018 4:12:32 PM net.sf.freecol.server.networking.Server sendToAll
INFO: Reap dead connection: [DummyConnection Server connection - model.nation.aztec]
Apr 20, 2018 4:12:32 PM net.sf.freecol.server.networking.Server sendToAll
INFO: Reap dead connection: [DummyConnection Server connection - model.nation.iroquois]
Apr 20, 2018 4:12:32 PM net.sf.freecol.server.networking.Server sendToAll
INFO: Reap dead connection: [DummyConnection Server connection - model.nation.english]
Apr 20, 2018 4:12:32 PM net.sf.freecol.server.networking.Server sendToAll
INFO: Reap dead connection: [DummyConnection Server connection - model.nation.sioux]
Apr 20, 2018 4:12:32 PM net.sf.freecol.server.networking.Server sendToAll
INFO: Reap dead connection: [DummyConnection Server connection - model.nation.arawak]
Apr 20, 2018 4:12:32 PM net.sf.freecol.server.networking.Server sendToAll
INFO: Reap dead connection: [DummyConnection Server connection - model.nation.apache]
Apr 20, 2018 4:12:32 PM net.sf.freecol.server.networking.Server sendToAll
INFO: Reap dead connection: [DummyConnection Server connection - model.nation.spanish]
Apr 20, 2018 4:12:32 PM net.sf.freecol.server.networking.Server sendToAll
INFO: Reap dead connection: [DummyConnection Server connection - model.nation.inca]
Apr 20, 2018 4:12:32 PM net.sf.freecol.server.networking.Server sendToAll
INFO: Reap dead connection: [DummyConnection Server connection - model.nation.french]
Apr 20, 2018 4:12:32 PM net.sf.freecol.server.networking.Server sendToAll
INFO: Reap dead connection: [DummyConnection Server connection - model.nation.cherokee]
Apr 20, 2018 4:12:32 PM net.sf.freecol.common.model.Specification applyDifficultyLevel
INFO: Applying difficulty level model.difficulty.medium
Apr 20, 2018 4:12:32 PM net.sf.freecol.common.FreeColSeed getFreeColSeed
INFO: Using seed: -3952026503752785587
Apr 20, 2018 4:12:32 PM net.sf.freecol.server.networking.Server sendToAll
INFO: Reap dead connection: [DummyConnection Server connection - model.nation.french]
Apr 20, 2018 4:12:32 PM net.sf.freecol.server.networking.Server sendToAll
INFO: Reap dead connection: [DummyConnection Server connection - model.nation.sioux]
Apr 20, 2018 4:12:32 PM net.sf.freecol.server.networking.Server sendToAll
INFO: Reap dead connection: [DummyConnection Server connection - model.nation.dutch]
Apr 20, 2018 4:12:32 PM net.sf.freecol.server.networking.Server sendToAll
INFO: Reap dead connection: [DummyConnection Server connection - model.nation.spanish]
Apr 20, 2018 4:12:32 PM net.sf.freecol.server.networking.Server sendToAll
INFO: Reap dead connection: [DummyConnection Server connection - model.nation.inca]
Apr 20, 2018 4:12:32 PM net.sf.freecol.server.networking.Server sendToAll
INFO: Reap dead connection: [DummyConnection Server connection - model.nation.cherokee]
Apr 20, 2018 4:12:32 PM net.sf.freecol.server.networking.Server sendToAll
INFO: Reap dead connection: [DummyConnection Server connection - model.nation.tupi]
Apr 20, 2018 4:12:32 PM net.sf.freecol.server.networking.Server sendToAll
INFO: Reap dead connection: [DummyConnection Server connection - model.nation.english]
Apr 20, 2018 4:12:32 PM net.sf.freecol.server.networking.Server sendToAll
INFO: Reap dead connection: [DummyConnection Server connection - model.nation.arawak]
Apr 20, 2018 4:12:32 PM net.sf.freecol.server.networking.Server sendToAll
INFO: Reap dead connection: [DummyConnection Server connection - model.nation.apache]
Apr 20, 2018 4:12:32 PM net.sf.freecol.server.networking.Server sendToAll
INFO: Reap dead connection: [DummyConnection Server connection - model.nation.aztec]
Apr 20, 2018 4:12:32 PM net.sf.freecol.server.networking.Server sendToAll
INFO: Reap dead connection: [DummyConnection Server connection - model.nation.iroquois]
Apr 20, 2018 4:12:32 PM net.sf.freecol.common.model.Specification applyDifficultyLevel
INFO: Applying difficulty level model.difficulty.medium
Apr 20, 2018 4:12:32 PM net.sf.freecol.common.FreeColSeed getFreeColSeed
INFO: Using seed: -6289877624100671544
Apr 20, 2018 4:12:32 PM net.sf.freecol.server.networking.Server sendToAll
INFO: Reap dead connection: [DummyConnection Server connection - model.nation.tupi]
Apr 20, 2018 4:12:32 PM net.sf.freecol.server.networking.Server sendToAll
INFO: Reap dead connection: [DummyConnection Server connection - model.nation.french]
Apr 20, 2018 4:12:32 PM net.sf.freecol.server.networking.Server sendToAll
INFO: Reap dead connection: [DummyConnection Server connection - model.nation.apache]
Apr 20, 2018 4:12:32 PM net.sf.freecol.server.networking.Server sendToAll
INFO: Reap dead connection: [DummyConnection Server connection - model.nation.inca]
Apr 20, 2018 4:12:32 PM net.sf.freecol.server.networking.Server sendToAll
INFO: Reap dead connection: [DummyConnection Server connection - model.nation.arawak]
Apr 20, 2018 4:12:32 PM net.sf.freecol.server.networking.Server sendToAll
INFO: Reap dead connection: [DummyConnection Server connection - model.nation.aztec]
Apr 20, 2018 4:12:32 PM net.sf.freecol.server.networking.Server sendToAll
INFO: Reap dead connection: [DummyConnection Server connection - model.nation.spanish]
Apr 20, 2018 4:12:32 PM net.sf.freecol.server.networking.Server sendToAll
INFO: Reap dead connection: [DummyConnection Server connection - model.nation.english]
Apr 20, 2018 4:12:32 PM net.sf.freecol.server.networking.Server sendToAll
INFO: Reap dead connection: [DummyConnection Server connection - model.nation.dutch]
Apr 20, 2018 4:12:32 PM net.sf.freecol.server.networking.Server sendToAll
INFO: Reap dead connection: [DummyConnection Server connection - model.nation.cherokee]
Apr 20, 2018 4:12:32 PM net.sf.freecol.server.networking.Server sendToAll
INFO: Reap dead connection: [DummyConnection Server connection - model.nation.iroquois]
Apr 20, 2018 4:12:32 PM net.sf.freecol.server.networking.Server sendToAll
INFO: Reap dead connection: [DummyConnection Server connection - model.nation.sioux]
Apr 20, 2018 4:12:32 PM net.sf.freecol.common.model.Specification applyDifficultyLevel
INFO: Applying difficulty level model.difficulty.medium
Apr 20, 2018 4:12:32 PM net.sf.freecol.common.FreeColSeed getFreeColSeed
INFO: Using seed: -9070220280870850453
Apr 20, 2018 4:12:32 PM net.sf.freecol.server.networking.Server sendToAll
INFO: Reap dead connection: [DummyConnection Server connection - model.nation.tupi]
Apr 20, 2018 4:12:32 PM net.sf.freecol.server.networking.Server sendToAll
INFO: Reap dead connection: [DummyConnection Server connection - model.nation.english]
Apr 20, 2018 4:12:32 PM net.sf.freecol.server.networking.Server sendToAll
INFO: Reap dead connection: [DummyConnection Server connection - model.nation.iroquois]
Apr 20, 2018 4:12:32 PM net.sf.freecol.server.networking.Server sendToAll
INFO: Reap dead connection: [DummyConnection Server connection - model.nation.french]
Apr 20, 2018 4:12:32 PM net.sf.freecol.server.networking.Server sendToAll
INFO: Reap dead connection: [DummyConnection Server connection - model.nation.inca]
Apr 20, 2018 4:12:32 PM net.sf.freecol.server.networking.Server sendToAll
INFO: Reap dead connection: [DummyConnection Server connection - model.nation.dutch]
Apr 20, 2018 4:12:32 PM net.sf.freecol.server.networking.Server sendToAll
INFO: Reap dead connection: [DummyConnection Server connection - model.nation.apache]
Apr 20, 2018 4:12:32 PM net.sf.freecol.server.networking.Server sendToAll
INFO: Reap dead connection: [DummyConnection Server connection - model.nation.aztec]
Apr 20, 2018 4:12:32 PM net.sf.freecol.server.networking.Server sendToAll
INFO: Reap dead connection: [DummyConnection Server connection - model.nation.arawak]
Apr 20, 2018 4:12:32 PM net.sf.freecol.server.networking.Server sendToAll
INFO: Reap dead connection: [DummyConnection Server connection - model.nation.spanish]
Apr 20, 2018 4:12:32 PM net.sf.freecol.server.networking.Server sendToAll
INFO: Reap dead connection: [DummyConnection Server connection - model.nation.sioux]
Apr 20, 2018 4:12:32 PM net.sf.freecol.server.networking.Server sendToAll
INFO: Reap dead connection: [DummyConnection Server connection - model.nation.cherokee]
Apr 20, 2018 4:12:32 PM net.sf.freecol.common.model.Specification applyDifficultyLevel
INFO: Applying difficulty level model.difficulty.medium
Apr 20, 2018 4:12:32 PM net.sf.freecol.common.FreeColSeed getFreeColSeed
INFO: Using seed: -14690236180710598
Apr 20, 2018 4:12:32 PM net.sf.freecol.server.networking.Server sendToAll
INFO: Reap dead connection: [DummyConnection Server connection - model.nation.dutch]
Apr 20, 2018 4:12:32 PM net.sf.freecol.server.networking.Server sendToAll
INFO: Reap dead connection: [DummyConnection Server connection - model.nation.cherokee]
Apr 20, 2018 4:12:32 PM net.sf.freecol.server.networking.Server sendToAll
INFO: Reap dead connection: [DummyConnection Server connection - model.nation.sioux]
Apr 20, 2018 4:12:32 PM net.sf.freecol.server.networking.Server sendToAll
INFO: Reap dead connection: [DummyConnection Server connection - model.nation.spanish]
Apr 20, 2018 4:12:32 PM net.sf.freecol.server.networking.Server sendToAll
INFO: Reap dead connection: [DummyConnection Server connection - model.nation.iroquois]
Apr 20, 2018 4:12:32 PM net.sf.freecol.server.networking.Server sendToAll
INFO: Reap dead connection: [DummyConnection Server connection - model.nation.arawak]
Apr 20, 2018 4:12:32 PM net.sf.freecol.server.networking.Server sendToAll
INFO: Reap dead connection: [DummyConnection Server connection - model.nation.french]
Apr 20, 2018 4:12:32 PM net.sf.freecol.server.networking.Server sendToAll
INFO: Reap dead connection: [DummyConnection Server connection - model.nation.aztec]
Apr 20, 2018 4:12:32 PM net.sf.freecol.server.networking.Server sendToAll
INFO: Reap dead connection: [DummyConnection Server connection - model.nation.inca]
Apr 20, 2018 4:12:32 PM net.sf.freecol.server.networking.Server sendToAll
INFO: Reap dead connection: [DummyConnection Server connection - model.nation.english]
Apr 20, 2018 4:12:32 PM net.sf.freecol.server.networking.Server sendToAll
INFO: Reap dead connection: [DummyConnection Server connection - model.nation.apache]
Apr 20, 2018 4:12:32 PM net.sf.freecol.server.networking.Server sendToAll
INFO: Reap dead connection: [DummyConnection Server connection - model.nation.tupi]
Apr 20, 2018 4:12:32 PM net.sf.freecol.common.model.Specification applyDifficultyLevel
INFO: Applying difficulty level model.difficulty.medium
Apr 20, 2018 4:12:32 PM net.sf.freecol.common.FreeColSeed getFreeColSeed
INFO: Using seed: -2019775988594998299
Apr 20, 2018 4:12:32 PM net.sf.freecol.server.networking.Server sendToAll
INFO: Reap dead connection: [DummyConnection Server connection - model.nation.dutch]
Apr 20, 2018 4:12:32 PM net.sf.freecol.server.networking.Server sendToAll
INFO: Reap dead connection: [DummyConnection Server connection - model.nation.inca]
Apr 20, 2018 4:12:32 PM net.sf.freecol.server.networking.Server sendToAll
INFO: Reap dead connection: [DummyConnection Server connection - model.nation.tupi]
Apr 20, 2018 4:12:32 PM net.sf.freecol.server.networking.Server sendToAll
INFO: Reap dead connection: [DummyConnection Server connection - model.nation.spanish]
Apr 20, 2018 4:12:32 PM net.sf.freecol.server.networking.Server sendToAll
INFO: Reap dead connection: [DummyConnection Server connection - model.nation.sioux]
Apr 20, 2018 4:12:32 PM net.sf.freecol.server.networking.Server sendToAll
INFO: Reap dead connection: [DummyConnection Server connection - model.nation.arawak]
Apr 20, 2018 4:12:32 PM net.sf.freecol.server.networking.Server sendToAll
INFO: Reap dead connection: [DummyConnection Server connection - model.nation.french]
Apr 20, 2018 4:12:32 PM net.sf.freecol.server.networking.Server sendToAll
INFO: Reap dead connection: [DummyConnection Server connection - model.nation.aztec]
Apr 20, 2018 4:12:32 PM net.sf.freecol.server.networking.Server sendToAll
INFO: Reap dead connection: [DummyConnection Server connection - model.nation.cherokee]
Apr 20, 2018 4:12:32 PM net.sf.freecol.server.networking.Server sendToAll
INFO: Reap dead connection: [DummyConnection Server connection - model.nation.iroquois]
Apr 20, 2018 4:12:32 PM net.sf.freecol.server.networking.Server sendToAll
INFO: Reap dead connection: [DummyConnection Server connection - model.nation.english]
Apr 20, 2018 4:12:32 PM net.sf.freecol.server.networking.Server sendToAll
INFO: Reap dead connection: [DummyConnection Server connection - model.nation.apache]
Apr 20, 2018 4:12:32 PM net.sf.freecol.common.model.Specification applyDifficultyLevel
INFO: Applying difficulty level model.difficulty.medium
Apr 20, 2018 4:12:32 PM net.sf.freecol.common.FreeColSeed getFreeColSeed
INFO: Using seed: 5086001824617868012
Apr 20, 2018 4:12:32 PM net.sf.freecol.server.networking.Server sendToAll
INFO: Reap dead connection: [DummyConnection Server connection - model.nation.french]
Apr 20, 2018 4:12:32 PM net.sf.freecol.server.networking.Server sendToAll
INFO: Reap dead connection: [DummyConnection Server connection - model.nation.spanish]
Apr 20, 2018 4:12:32 PM net.sf.freecol.server.networking.Server sendToAll
INFO: Reap dead connection: [DummyConnection Server connection - model.nation.aztec]
Apr 20, 2018 4:12:32 PM net.sf.freecol.server.networking.Server sendToAll
INFO: Reap dead connection: [DummyConnection Server connection - model.nation.arawak]
Apr 20, 2018 4:12:32 PM net.sf.freecol.server.networking.Server sendToAll
INFO: Reap dead connection: [DummyConnection Server connection - model.nation.tupi]
Apr 20, 2018 4:12:32 PM net.sf.freecol.server.networking.Server sendToAll
INFO: Reap dead connection: [DummyConnection Server connection - model.nation.apache]
Apr 20, 2018 4:12:32 PM net.sf.freecol.server.networking.Server sendToAll
INFO: Reap dead connection: [DummyConnection Server connection - model.nation.cherokee]
Apr 20, 2018 4:12:32 PM net.sf.freecol.server.networking.Server sendToAll
INFO: Reap dead connection: [DummyConnection Server connection - model.nation.dutch]
Apr 20, 2018 4:12:32 PM net.sf.freecol.server.networking.Server sendToAll
INFO: Reap dead connection: [DummyConnection Server connection - model.nation.sioux]
Apr 20, 2018 4:12:32 PM net.sf.freecol.server.networking.Server sendToAll
INFO: Reap dead connection: [DummyConnection Server connection - model.nation.english]
Apr 20, 2018 4:12:32 PM net.sf.freecol.server.networking.Server sendToAll
INFO: Reap dead connection: [DummyConnection Server connection - model.nation.iroquois]
Apr 20, 2018 4:12:32 PM net.sf.freecol.server.networking.Server sendToAll
INFO: Reap dead connection: [DummyConnection Server connection - model.nation.inca]
Apr 20, 2018 4:12:32 PM net.sf.freecol.common.model.Specification applyDifficultyLevel
INFO: Applying difficulty level model.difficulty.medium
Apr 20, 2018 4:12:32 PM net.sf.freecol.common.FreeColSeed getFreeColSeed
INFO: Using seed: -671622270481374347
Apr 20, 2018 4:12:32 PM net.sf.freecol.server.networking.Server sendToAll
INFO: Reap dead connection: [DummyConnection Server connection - model.nation.english]
Apr 20, 2018 4:12:32 PM net.sf.freecol.server.networking.Server sendToAll
INFO: Reap dead connection: [DummyConnection Server connection - model.nation.inca]
Apr 20, 2018 4:12:32 PM net.sf.freecol.server.networking.Server sendToAll
INFO: Reap dead connection: [DummyConnection Server connection - model.nation.iroquois]
Apr 20, 2018 4:12:32 PM net.sf.freecol.server.networking.Server sendToAll
INFO: Reap dead connection: [DummyConnection Server connection - model.nation.french]
Apr 20, 2018 4:12:32 PM net.sf.freecol.server.networking.Server sendToAll
INFO: Reap dead connection: [DummyConnection Server connection - model.nation.tupi]
Apr 20, 2018 4:12:32 PM net.sf.freecol.server.networking.Server sendToAll
INFO: Reap dead connection: [DummyConnection Server connection - model.nation.sioux]
Apr 20, 2018 4:12:32 PM net.sf.freecol.server.networking.Server sendToAll
INFO: Reap dead connection: [DummyConnection Server connection - model.nation.arawak]
Apr 20, 2018 4:12:32 PM net.sf.freecol.server.networking.Server sendToAll
INFO: Reap dead connection: [DummyConnection Server connection - model.nation.spanish]
Apr 20, 2018 4:12:32 PM net.sf.freecol.server.networking.Server sendToAll
INFO: Reap dead connection: [DummyConnection Server connection - model.nation.cherokee]
Apr 20, 2018 4:12:32 PM net.sf.freecol.server.networking.Server sendToAll
INFO: Reap dead connection: [DummyConnection Server connection - model.nation.dutch]
Apr 20, 2018 4:12:32 PM net.sf.freecol.server.networking.Server sendToAll
INFO: Reap dead connection: [DummyConnection Server connection - model.nation.apache]
Apr 20, 2018 4:12:32 PM net.sf.freecol.server.networking.Server sendToAll
INFO: Reap dead connection: [DummyConnection Server connection - model.nation.aztec]
Apr 20, 2018 4:12:32 PM net.sf.freecol.common.model.Specification applyDifficultyLevel
INFO: Applying difficulty level model.difficulty.medium
Apr 20, 2018 4:12:32 PM net.sf.freecol.common.FreeColSeed getFreeColSeed
INFO: Using seed: 6448799074947319038
Apr 20, 2018 4:12:32 PM net.sf.freecol.server.networking.Server sendToAll
INFO: Reap dead connection: [DummyConnection Server connection - model.nation.dutch]
Apr 20, 2018 4:12:32 PM net.sf.freecol.server.networking.Server sendToAll
INFO: Reap dead connection: [DummyConnection Server connection - model.nation.french]
Apr 20, 2018 4:12:32 PM net.sf.freecol.server.networking.Server sendToAll
INFO: Reap dead connection: [DummyConnection Server connection - model.nation.inca]
Apr 20, 2018 4:12:32 PM net.sf.freecol.server.networking.Server sendToAll
INFO: Reap dead connection: [DummyConnection Server connection - model.nation.spanish]
Apr 20, 2018 4:12:32 PM net.sf.freecol.server.networking.Server sendToAll
INFO: Reap dead connection: [DummyConnection Server connection - model.nation.english]
Apr 20, 2018 4:12:32 PM net.sf.freecol.server.networking.Server sendToAll
INFO: Reap dead connection: [DummyConnection Server connection - model.nation.aztec]
Apr 20, 2018 4:12:32 PM net.sf.freecol.server.networking.Server sendToAll
INFO: Reap dead connection: [DummyConnection Server connection - model.nation.cherokee]
Apr 20, 2018 4:12:32 PM net.sf.freecol.server.networking.Server sendToAll
INFO: Reap dead connection: [DummyConnection Server connection - model.nation.sioux]
Apr 20, 2018 4:12:32 PM net.sf.freecol.server.networking.Server sendToAll
INFO: Reap dead connection: [DummyConnection Server connection - model.nation.tupi]
Apr 20, 2018 4:12:32 PM net.sf.freecol.server.networking.Server sendToAll
INFO: Reap dead connection: [DummyConnection Server connection - model.nation.arawak]
Apr 20, 2018 4:12:32 PM net.sf.freecol.server.networking.Server sendToAll
INFO: Reap dead connection: [DummyConnection Server connection - model.nation.apache]
Apr 20, 2018 4:12:32 PM net.sf.freecol.server.networking.Server sendToAll
INFO: Reap dead connection: [DummyConnection Server connection - model.nation.iroquois]
Apr 20, 2018 4:12:32 PM net.sf.freecol.common.model.Specification applyDifficultyLevel
INFO: Applying difficulty level model.difficulty.medium
Apr 20, 2018 4:12:32 PM net.sf.freecol.common.FreeColSeed getFreeColSeed
INFO: Using seed: -6457160004999074079
Apr 20, 2018 4:12:32 PM net.sf.freecol.server.networking.Server sendToAll
INFO: Reap dead connection: [DummyConnection Server connection - model.nation.iroquois]
Apr 20, 2018 4:12:32 PM net.sf.freecol.server.networking.Server sendToAll
INFO: Reap dead connection: [DummyConnection Server connection - model.nation.inca]
Apr 20, 2018 4:12:32 PM net.sf.freecol.server.networking.Server sendToAll
INFO: Reap dead connection: [DummyConnection Server connection - model.nation.apache]
Apr 20, 2018 4:12:32 PM net.sf.freecol.server.networking.Server sendToAll
INFO: Reap dead connection: [DummyConnection Server connection - model.nation.spanish]
Apr 20, 2018 4:12:32 PM net.sf.freecol.server.networking.Server sendToAll
INFO: Reap dead connection: [DummyConnection Server connection - model.nation.aztec]
Apr 20, 2018 4:12:32 PM net.sf.freecol.server.networking.Server sendToAll
INFO: Reap dead connection: [DummyConnection Server connection - model.nation.tupi]
Apr 20, 2018 4:12:32 PM net.sf.freecol.server.networking.Server sendToAll
INFO: Reap dead connection: [DummyConnection Server connection - model.nation.sioux]
Apr 20, 2018 4:12:32 PM net.sf.freecol.server.networking.Server sendToAll
INFO: Reap dead connection: [DummyConnection Server connection - model.nation.french]
Apr 20, 2018 4:12:32 PM net.sf.freecol.server.networking.Server sendToAll
INFO: Reap dead connection: [DummyConnection Server connection - model.nation.arawak]
Apr 20, 2018 4:12:32 PM net.sf.freecol.server.networking.Server sendToAll
INFO: Reap dead connection: [DummyConnection Server connection - model.nation.dutch]
Apr 20, 2018 4:12:32 PM net.sf.freecol.server.networking.Server sendToAll
INFO: Reap dead connection: [DummyConnection Server connection - model.nation.cherokee]
Apr 20, 2018 4:12:32 PM net.sf.freecol.server.networking.Server sendToAll
INFO: Reap dead connection: [DummyConnection Server connection - model.nation.english]
Apr 20, 2018 4:12:32 PM net.sf.freecol.common.model.Specification applyDifficultyLevel
INFO: Applying difficulty level model.difficulty.medium
Apr 20, 2018 4:12:32 PM net.sf.freecol.common.FreeColSeed getFreeColSeed
INFO: Using seed: 1364727823383446319
Apr 20, 2018 4:12:32 PM net.sf.freecol.server.networking.Server sendToAll
INFO: Reap dead connection: [DummyConnection Server connection - model.nation.iroquois]
Apr 20, 2018 4:12:32 PM net.sf.freecol.server.networking.Server sendToAll
INFO: Reap dead connection: [DummyConnection Server connection - model.nation.english]
Apr 20, 2018 4:12:32 PM net.sf.freecol.server.networking.Server sendToAll
INFO: Reap dead connection: [DummyConnection Server connection - model.nation.french]
Apr 20, 2018 4:12:32 PM net.sf.freecol.server.networking.Server sendToAll
INFO: Reap dead connection: [DummyConnection Server connection - model.nation.cherokee]
Apr 20, 2018 4:12:32 PM net.sf.freecol.server.networking.Server sendToAll
INFO: Reap dead connection: [DummyConnection Server connection - model.nation.spanish]
Apr 20, 2018 4:12:32 PM net.sf.freecol.server.networking.Server sendToAll
INFO: Reap dead connection: [DummyConnection Server connection - model.nation.tupi]
Apr 20, 2018 4:12:32 PM net.sf.freecol.server.networking.Server sendToAll
INFO: Reap dead connection: [DummyConnection Server connection - model.nation.apache]
Apr 20, 2018 4:12:32 PM net.sf.freecol.server.networking.Server sendToAll
INFO: Reap dead connection: [DummyConnection Server connection - model.nation.arawak]
Apr 20, 2018 4:12:32 PM net.sf.freecol.server.networking.Server sendToAll
INFO: Reap dead connection: [DummyConnection Server connection - model.nation.inca]
Apr 20, 2018 4:12:32 PM net.sf.freecol.server.networking.Server sendToAll
INFO: Reap dead connection: [DummyConnection Server connection - model.nation.aztec]
Apr 20, 2018 4:12:32 PM net.sf.freecol.server.networking.Server sendToAll
INFO: Reap dead connection: [DummyConnection Server connection - model.nation.sioux]
Apr 20, 2018 4:12:32 PM net.sf.freecol.server.networking.Server sendToAll
INFO: Reap dead connection: [DummyConnection Server connection - model.nation.dutch]
Apr 20, 2018 4:12:32 PM net.sf.freecol.common.model.Specification applyDifficultyLevel
INFO: Applying difficulty level model.difficulty.medium
Apr 20, 2018 4:12:32 PM net.sf.freecol.common.FreeColSeed getFreeColSeed
INFO: Using seed: -2079188288082177061
Apr 20, 2018 4:12:32 PM net.sf.freecol.server.networking.Server sendToAll
INFO: Reap dead connection: [DummyConnection Server connection - model.nation.dutch]
Apr 20, 2018 4:12:32 PM net.sf.freecol.server.networking.Server sendToAll
INFO: Reap dead connection: [DummyConnection Server connection - model.nation.cherokee]
Apr 20, 2018 4:12:32 PM net.sf.freecol.server.networking.Server sendToAll
INFO: Reap dead connection: [DummyConnection Server connection - model.nation.arawak]
Apr 20, 2018 4:12:32 PM net.sf.freecol.server.networking.Server sendToAll
INFO: Reap dead connection: [DummyConnection Server connection - model.nation.inca]
Apr 20, 2018 4:12:32 PM net.sf.freecol.server.networking.Server sendToAll
INFO: Reap dead connection: [DummyConnection Server connection - model.nation.aztec]
Apr 20, 2018 4:12:32 PM net.sf.freecol.server.networking.Server sendToAll
INFO: Reap dead connection: [DummyConnection Server connection - model.nation.english]
Apr 20, 2018 4:12:32 PM net.sf.freecol.server.networking.Server sendToAll
INFO: Reap dead connection: [DummyConnection Server connection - model.nation.apache]
Apr 20, 2018 4:12:32 PM net.sf.freecol.server.networking.Server sendToAll
INFO: Reap dead connection: [DummyConnection Server connection - model.nation.tupi]
Apr 20, 2018 4:12:32 PM net.sf.freecol.server.networking.Server sendToAll
INFO: Reap dead connection: [DummyConnection Server connection - model.nation.spanish]
Apr 20, 2018 4:12:32 PM net.sf.freecol.server.networking.Server sendToAll
INFO: Reap dead connection: [DummyConnection Server connection - model.nation.sioux]
Apr 20, 2018 4:12:32 PM net.sf.freecol.server.networking.Server sendToAll
INFO: Reap dead connection: [DummyConnection Server connection - model.nation.iroquois]
Apr 20, 2018 4:12:32 PM net.sf.freecol.server.networking.Server sendToAll
INFO: Reap dead connection: [DummyConnection Server connection - model.nation.french]
Apr 20, 2018 4:12:32 PM net.sf.freecol.common.model.Specification applyDifficultyLevel
INFO: Applying difficulty level model.difficulty.medium
Apr 20, 2018 4:12:32 PM net.sf.freecol.common.FreeColSeed getFreeColSeed
INFO: Using seed: -8114169941843988048
Apr 20, 2018 4:12:32 PM net.sf.freecol.server.networking.Server sendToAll
INFO: Reap dead connection: [DummyConnection Server connection - model.nation.cherokee]
Apr 20, 2018 4:12:32 PM net.sf.freecol.server.networking.Server sendToAll
INFO: Reap dead connection: [DummyConnection Server connection - model.nation.sioux]
Apr 20, 2018 4:12:32 PM net.sf.freecol.server.networking.Server sendToAll
INFO: Reap dead connection: [DummyConnection Server connection - model.nation.aztec]
Apr 20, 2018 4:12:32 PM net.sf.freecol.server.networking.Server sendToAll
INFO: Reap dead connection: [DummyConnection Server connection - model.nation.apache]
Apr 20, 2018 4:12:32 PM net.sf.freecol.server.networking.Server sendToAll
INFO: Reap dead connection: [DummyConnection Server connection - model.nation.spanish]
Apr 20, 2018 4:12:32 PM net.sf.freecol.server.networking.Server sendToAll
INFO: Reap dead connection: [DummyConnection Server connection - model.nation.english]
Apr 20, 2018 4:12:32 PM net.sf.freecol.server.networking.Server sendToAll
INFO: Reap dead connection: [DummyConnection Server connection - model.nation.dutch]
Apr 20, 2018 4:12:32 PM net.sf.freecol.server.networking.Server sendToAll
INFO: Reap dead connection: [DummyConnection Server connection - model.nation.inca]
Apr 20, 2018 4:12:32 PM net.sf.freecol.server.networking.Server sendToAll
INFO: Reap dead connection: [DummyConnection Server connection - model.nation.iroquois]
Apr 20, 2018 4:12:32 PM net.sf.freecol.server.networking.Server sendToAll
INFO: Reap dead connection: [DummyConnection Server connection - model.nation.tupi]
Apr 20, 2018 4:12:32 PM net.sf.freecol.server.networking.Server sendToAll
INFO: Reap dead connection: [DummyConnection Server connection - model.nation.french]
Apr 20, 2018 4:12:32 PM net.sf.freecol.server.networking.Server sendToAll
INFO: Reap dead connection: [DummyConnection Server connection - model.nation.arawak]
Apr 20, 2018 4:12:32 PM net.sf.freecol.common.model.Specification applyDifficultyLevel
INFO: Applying difficulty level model.difficulty.medium
Apr 20, 2018 4:12:32 PM net.sf.freecol.common.FreeColSeed getFreeColSeed
INFO: Using seed: -3781532039121896322
Apr 20, 2018 4:12:32 PM net.sf.freecol.server.networking.Server sendToAll
INFO: Reap dead connection: [DummyConnection Server connection - model.nation.iroquois]
Apr 20, 2018 4:12:32 PM net.sf.freecol.server.networking.Server sendToAll
INFO: Reap dead connection: [DummyConnection Server connection - model.nation.dutch]
Apr 20, 2018 4:12:32 PM net.sf.freecol.server.networking.Server sendToAll
INFO: Reap dead connection: [DummyConnection Server connection - model.nation.inca]
Apr 20, 2018 4:12:32 PM net.sf.freecol.server.networking.Server sendToAll
INFO: Reap dead connection: [DummyConnection Server connection - model.nation.aztec]
Apr 20, 2018 4:12:32 PM net.sf.freecol.server.networking.Server sendToAll
INFO: Reap dead connection: [DummyConnection Server connection - model.nation.french]
Apr 20, 2018 4:12:32 PM net.sf.freecol.server.networking.Server sendToAll
INFO: Reap dead connection: [DummyConnection Server connection - model.nation.tupi]
Apr 20, 2018 4:12:32 PM net.sf.freecol.server.networking.Server sendToAll
INFO: Reap dead connection: [DummyConnection Server connection - model.nation.cherokee]
Apr 20, 2018 4:12:32 PM net.sf.freecol.server.networking.Server sendToAll
INFO: Reap dead connection: [DummyConnection Server connection - model.nation.english]
Apr 20, 2018 4:12:32 PM net.sf.freecol.server.networking.Server sendToAll
INFO: Reap dead connection: [DummyConnection Server connection - model.nation.apache]
Apr 20, 2018 4:12:32 PM net.sf.freecol.server.networking.Server sendToAll
INFO: Reap dead connection: [DummyConnection Server connection - model.nation.sioux]
Apr 20, 2018 4:12:32 PM net.sf.freecol.server.networking.Server sendToAll
INFO: Reap dead connection: [DummyConnection Server connection - model.nation.arawak]
Apr 20, 2018 4:12:32 PM net.sf.freecol.server.networking.Server sendToAll
INFO: Reap dead connection: [DummyConnection Server connection - model.nation.spanish]
Apr 20, 2018 4:12:32 PM net.sf.freecol.common.model.Specification applyDifficultyLevel
INFO: Applying difficulty level model.difficulty.medium
Apr 20, 2018 4:12:32 PM net.sf.freecol.common.FreeColSeed getFreeColSeed
INFO: Using seed: 8194155210037243145
Apr 20, 2018 4:12:32 PM net.sf.freecol.server.networking.Server sendToAll
INFO: Reap dead connection: [DummyConnection Server connection - model.nation.tupi]
Apr 20, 2018 4:12:32 PM net.sf.freecol.server.networking.Server sendToAll
INFO: Reap dead connection: [DummyConnection Server connection - model.nation.inca]
Apr 20, 2018 4:12:32 PM net.sf.freecol.server.networking.Server sendToAll
INFO: Reap dead connection: [DummyConnection Server connection - model.nation.aztec]
Apr 20, 2018 4:12:32 PM net.sf.freecol.server.networking.Server sendToAll
INFO: Reap dead connection: [DummyConnection Server connection - model.nation.french]
Apr 20, 2018 4:12:32 PM net.sf.freecol.server.networking.Server sendToAll
INFO: Reap dead connection: [DummyConnection Server connection - model.nation.cherokee]
Apr 20, 2018 4:12:32 PM net.sf.freecol.server.networking.Server sendToAll
INFO: Reap dead connection: [DummyConnection Server connection - model.nation.english]
Apr 20, 2018 4:12:32 PM net.sf.freecol.server.networking.Server sendToAll
INFO: Reap dead connection: [DummyConnection Server connection - model.nation.apache]
Apr 20, 2018 4:12:32 PM net.sf.freecol.server.networking.Server sendToAll
INFO: Reap dead connection: [DummyConnection Server connection - model.nation.spanish]
Apr 20, 2018 4:12:32 PM net.sf.freecol.server.networking.Server sendToAll
INFO: Reap dead connection: [DummyConnection Server connection - model.nation.sioux]
Apr 20, 2018 4:12:32 PM net.sf.freecol.server.networking.Server sendToAll
INFO: Reap dead connection: [DummyConnection Server connection - model.nation.dutch]
Apr 20, 2018 4:12:32 PM net.sf.freecol.server.networking.Server sendToAll
INFO: Reap dead connection: [DummyConnection Server connection - model.nation.iroquois]
Apr 20, 2018 4:12:32 PM net.sf.freecol.server.networking.Server sendToAll
INFO: Reap dead connection: [DummyConnection Server connection - model.nation.arawak]
Apr 20, 2018 4:12:32 PM net.sf.freecol.common.model.Specification applyDifficultyLevel
INFO: Applying difficulty level model.difficulty.medium
Apr 20, 2018 4:12:32 PM net.sf.freecol.common.FreeColSeed getFreeColSeed
INFO: Using seed: 5357486224697707403
Apr 20, 2018 4:12:32 PM net.sf.freecol.server.networking.Server sendToAll
INFO: Reap dead connection: [DummyConnection Server connection - model.nation.sioux]
Apr 20, 2018 4:12:32 PM net.sf.freecol.server.networking.Server sendToAll
INFO: Reap dead connection: [DummyConnection Server connection - model.nation.inca]
Apr 20, 2018 4:12:32 PM net.sf.freecol.server.networking.Server sendToAll
INFO: Reap dead connection: [DummyConnection Server connection - model.nation.english]
Apr 20, 2018 4:12:32 PM net.sf.freecol.server.networking.Server sendToAll
INFO: Reap dead connection: [DummyConnection Server connection - model.nation.aztec]
Apr 20, 2018 4:12:32 PM net.sf.freecol.server.networking.Server sendToAll
INFO: Reap dead connection: [DummyConnection Server connection - model.nation.dutch]
Apr 20, 2018 4:12:32 PM net.sf.freecol.server.networking.Server sendToAll
INFO: Reap dead connection: [DummyConnection Server connection - model.nation.arawak]
Apr 20, 2018 4:12:32 PM net.sf.freecol.server.networking.Server sendToAll
INFO: Reap dead connection: [DummyConnection Server connection - model.nation.spanish]
Apr 20, 2018 4:12:32 PM net.sf.freecol.server.networking.Server sendToAll
INFO: Reap dead connection: [DummyConnection Server connection - model.nation.iroquois]
Apr 20, 2018 4:12:32 PM net.sf.freecol.server.networking.Server sendToAll
INFO: Reap dead connection: [DummyConnection Server connection - model.nation.french]
Apr 20, 2018 4:12:32 PM net.sf.freecol.server.networking.Server sendToAll
INFO: Reap dead connection: [DummyConnection Server connection - model.nation.tupi]
Apr 20, 2018 4:12:32 PM net.sf.freecol.server.networking.Server sendToAll
INFO: Reap dead connection: [DummyConnection Server connection - model.nation.apache]
Apr 20, 2018 4:12:32 PM net.sf.freecol.server.networking.Server sendToAll
INFO: Reap dead connection: [DummyConnection Server connection - model.nation.cherokee]
Apr 20, 2018 4:12:32 PM net.sf.freecol.common.model.Specification applyDifficultyLevel
INFO: Applying difficulty level model.difficulty.medium
Apr 20, 2018 4:12:32 PM net.sf.freecol.common.FreeColSeed getFreeColSeed
INFO: Using seed: -8414730233934908027
Apr 20, 2018 4:12:32 PM net.sf.freecol.server.networking.Server sendToAll
INFO: Reap dead connection: [DummyConnection Server connection - model.nation.french]
Apr 20, 2018 4:12:32 PM net.sf.freecol.server.networking.Server sendToAll
INFO: Reap dead connection: [DummyConnection Server connection - model.nation.aztec]
Apr 20, 2018 4:12:32 PM net.sf.freecol.server.networking.Server sendToAll
INFO: Reap dead connection: [DummyConnection Server connection - model.nation.iroquois]
Apr 20, 2018 4:12:32 PM net.sf.freecol.server.networking.Server sendToAll
INFO: Reap dead connection: [DummyConnection Server connection - model.nation.arawak]
Apr 20, 2018 4:12:32 PM net.sf.freecol.server.networking.Server sendToAll
INFO: Reap dead connection: [DummyConnection Server connection - model.nation.tupi]
Apr 20, 2018 4:12:32 PM net.sf.freecol.server.networking.Server sendToAll
INFO: Reap dead connection: [DummyConnection Server connection - model.nation.spanish]
Apr 20, 2018 4:12:32 PM net.sf.freecol.server.networking.Server sendToAll
INFO: Reap dead connection: [DummyConnection Server connection - model.nation.inca]
Apr 20, 2018 4:12:32 PM net.sf.freecol.server.networking.Server sendToAll
INFO: Reap dead connection: [DummyConnection Server connection - model.nation.apache]
Apr 20, 2018 4:12:32 PM net.sf.freecol.server.networking.Server sendToAll
INFO: Reap dead connection: [DummyConnection Server connection - model.nation.dutch]
Apr 20, 2018 4:12:32 PM net.sf.freecol.server.networking.Server sendToAll
INFO: Reap dead connection: [DummyConnection Server connection - model.nation.english]
Apr 20, 2018 4:12:32 PM net.sf.freecol.server.networking.Server sendToAll
INFO: Reap dead connection: [DummyConnection Server connection - model.nation.cherokee]
Apr 20, 2018 4:12:32 PM net.sf.freecol.server.networking.Server sendToAll
INFO: Reap dead connection: [DummyConnection Server connection - model.nation.sioux]
Apr 20, 2018 4:12:32 PM net.sf.freecol.common.model.Specification applyDifficultyLevel
INFO: Applying difficulty level model.difficulty.medium
Apr 20, 2018 4:12:32 PM net.sf.freecol.common.FreeColSeed getFreeColSeed
INFO: Using seed: 8661242689147242920
Apr 20, 2018 4:12:32 PM net.sf.freecol.server.networking.Server sendToAll
INFO: Reap dead connection: [DummyConnection Server connection - model.nation.iroquois]
Apr 20, 2018 4:12:32 PM net.sf.freecol.server.networking.Server sendToAll
INFO: Reap dead connection: [DummyConnection Server connection - model.nation.inca]
Apr 20, 2018 4:12:32 PM net.sf.freecol.server.networking.Server sendToAll
INFO: Reap dead connection: [DummyConnection Server connection - model.nation.french]
Apr 20, 2018 4:12:32 PM net.sf.freecol.server.networking.Server sendToAll
INFO: Reap dead connection: [DummyConnection Server connection - model.nation.aztec]
Apr 20, 2018 4:12:32 PM net.sf.freecol.server.networking.Server sendToAll
INFO: Reap dead connection: [DummyConnection Server connection - model.nation.cherokee]
Apr 20, 2018 4:12:32 PM net.sf.freecol.server.networking.Server sendToAll
INFO: Reap dead connection: [DummyConnection Server connection - model.nation.arawak]
Apr 20, 2018 4:12:32 PM net.sf.freecol.server.networking.Server sendToAll
INFO: Reap dead connection: [DummyConnection Server connection - model.nation.english]
Apr 20, 2018 4:12:32 PM net.sf.freecol.server.networking.Server sendToAll
INFO: Reap dead connection: [DummyConnection Server connection - model.nation.sioux]
Apr 20, 2018 4:12:32 PM net.sf.freecol.server.networking.Server sendToAll
INFO: Reap dead connection: [DummyConnection Server connection - model.nation.dutch]
Apr 20, 2018 4:12:32 PM net.sf.freecol.server.networking.Server sendToAll
INFO: Reap dead connection: [DummyConnection Server connection - model.nation.apache]
Apr 20, 2018 4:12:32 PM net.sf.freecol.server.networking.Server sendToAll
INFO: Reap dead connection: [DummyConnection Server connection - model.nation.spanish]
Apr 20, 2018 4:12:32 PM net.sf.freecol.server.networking.Server sendToAll
INFO: Reap dead connection: [DummyConnection Server connection - model.nation.tupi]
Apr 20, 2018 4:12:32 PM net.sf.freecol.common.model.Specification applyDifficultyLevel
INFO: Applying difficulty level model.difficulty.medium
Apr 20, 2018 4:12:32 PM net.sf.freecol.common.FreeColSeed getFreeColSeed
INFO: Using seed: -402998902111721761
Apr 20, 2018 4:12:32 PM net.sf.freecol.server.networking.Server sendToAll
INFO: Reap dead connection: [DummyConnection Server connection - model.nation.french]
Apr 20, 2018 4:12:32 PM net.sf.freecol.server.networking.Server sendToAll
INFO: Reap dead connection: [DummyConnection Server connection - model.nation.arawak]
Apr 20, 2018 4:12:32 PM net.sf.freecol.server.networking.Server sendToAll
INFO: Reap dead connection: [DummyConnection Server connection - model.nation.dutch]
Apr 20, 2018 4:12:32 PM net.sf.freecol.server.networking.Server sendToAll
INFO: Reap dead connection: [DummyConnection Server connection - model.nation.apache]
Apr 20, 2018 4:12:32 PM net.sf.freecol.server.networking.Server sendToAll
INFO: Reap dead connection: [DummyConnection Server connection - model.nation.english]
Apr 20, 2018 4:12:32 PM net.sf.freecol.server.networking.Server sendToAll
INFO: Reap dead connection: [DummyConnection Server connection - model.nation.spanish]
Apr 20, 2018 4:12:32 PM net.sf.freecol.server.networking.Server sendToAll
INFO: Reap dead connection: [DummyConnection Server connection - model.nation.inca]
Apr 20, 2018 4:12:32 PM net.sf.freecol.server.networking.Server sendToAll
INFO: Reap dead connection: [DummyConnection Server connection - model.nation.iroquois]
Apr 20, 2018 4:12:32 PM net.sf.freecol.server.networking.Server sendToAll
INFO: Reap dead connection: [DummyConnection Server connection - model.nation.cherokee]
Apr 20, 2018 4:12:32 PM net.sf.freecol.server.networking.Server sendToAll
INFO: Reap dead connection: [DummyConnection Server connection - model.nation.tupi]
Apr 20, 2018 4:12:32 PM net.sf.freecol.server.networking.Server sendToAll
INFO: Reap dead connection: [DummyConnection Server connection - model.nation.sioux]
Apr 20, 2018 4:12:32 PM net.sf.freecol.server.networking.Server sendToAll
INFO: Reap dead connection: [DummyConnection Server connection - model.nation.aztec]
Apr 20, 2018 4:12:32 PM net.sf.freecol.common.model.Specification applyDifficultyLevel
INFO: Applying difficulty level model.difficulty.medium
Apr 20, 2018 4:12:32 PM net.sf.freecol.common.FreeColSeed getFreeColSeed
INFO: Using seed: 2107920189905987086
Apr 20, 2018 4:12:32 PM net.sf.freecol.server.networking.Server sendToAll
INFO: Reap dead connection: [DummyConnection Server connection - model.nation.apache]
Apr 20, 2018 4:12:32 PM net.sf.freecol.server.networking.Server sendToAll
INFO: Reap dead connection: [DummyConnection Server connection - model.nation.tupi]
Apr 20, 2018 4:12:32 PM net.sf.freecol.server.networking.Server sendToAll
INFO: Reap dead connection: [DummyConnection Server connection - model.nation.iroquois]
Apr 20, 2018 4:12:32 PM net.sf.freecol.server.networking.Server sendToAll
INFO: Reap dead connection: [DummyConnection Server connection - model.nation.french]
Apr 20, 2018 4:12:32 PM net.sf.freecol.server.networking.Server sendToAll
INFO: Reap dead connection: [DummyConnection Server connection - model.nation.sioux]
Apr 20, 2018 4:12:32 PM net.sf.freecol.server.networking.Server sendToAll
INFO: Reap dead connection: [DummyConnection Server connection - model.nation.aztec]
Apr 20, 2018 4:12:32 PM net.sf.freecol.server.networking.Server sendToAll
INFO: Reap dead connection: [DummyConnection Server connection - model.nation.spanish]
Apr 20, 2018 4:12:32 PM net.sf.freecol.server.networking.Server sendToAll
INFO: Reap dead connection: [DummyConnection Server connection - model.nation.dutch]
Apr 20, 2018 4:12:32 PM net.sf.freecol.server.networking.Server sendToAll
INFO: Reap dead connection: [DummyConnection Server connection - model.nation.inca]
Apr 20, 2018 4:12:32 PM net.sf.freecol.server.networking.Server sendToAll
INFO: Reap dead connection: [DummyConnection Server connection - model.nation.cherokee]
Apr 20, 2018 4:12:32 PM net.sf.freecol.server.networking.Server sendToAll
INFO: Reap dead connection: [DummyConnection Server connection - model.nation.arawak]
Apr 20, 2018 4:12:32 PM net.sf.freecol.server.networking.Server sendToAll
INFO: Reap dead connection: [DummyConnection Server connection - model.nation.english]
Apr 20, 2018 4:12:32 PM net.sf.freecol.common.model.Specification applyDifficultyLevel
INFO: Applying difficulty level model.difficulty.medium
Apr 20, 2018 4:12:32 PM net.sf.freecol.common.FreeColSeed getFreeColSeed
INFO: Using seed: 2577708125064608067
Apr 20, 2018 4:12:32 PM net.sf.freecol.server.networking.Server sendToAll
INFO: Reap dead connection: [DummyConnection Server connection - model.nation.english]
Apr 20, 2018 4:12:32 PM net.sf.freecol.server.networking.Server sendToAll
INFO: Reap dead connection: [DummyConnection Server connection - model.nation.inca]
Apr 20, 2018 4:12:32 PM net.sf.freecol.server.networking.Server sendToAll
INFO: Reap dead connection: [DummyConnection Server connection - model.nation.iroquois]
Apr 20, 2018 4:12:32 PM net.sf.freecol.server.networking.Server sendToAll
INFO: Reap dead connection: [DummyConnection Server connection - model.nation.apache]
Apr 20, 2018 4:12:32 PM net.sf.freecol.server.networking.Server sendToAll
INFO: Reap dead connection: [DummyConnection Server connection - model.nation.sioux]
Apr 20, 2018 4:12:32 PM net.sf.freecol.server.networking.Server sendToAll
INFO: Reap dead connection: [DummyConnection Server connection - model.nation.aztec]
Apr 20, 2018 4:12:32 PM net.sf.freecol.server.networking.Server sendToAll
INFO: Reap dead connection: [DummyConnection Server connection - model.nation.tupi]
Apr 20, 2018 4:12:32 PM net.sf.freecol.server.networking.Server sendToAll
INFO: Reap dead connection: [DummyConnection Server connection - model.nation.cherokee]
Apr 20, 2018 4:12:32 PM net.sf.freecol.server.networking.Server sendToAll
INFO: Reap dead connection: [DummyConnection Server connection - model.nation.dutch]
Apr 20, 2018 4:12:32 PM net.sf.freecol.server.networking.Server sendToAll
INFO: Reap dead connection: [DummyConnection Server connection - model.nation.arawak]
Apr 20, 2018 4:12:32 PM net.sf.freecol.server.networking.Server sendToAll
INFO: Reap dead connection: [DummyConnection Server connection - model.nation.spanish]
Apr 20, 2018 4:12:32 PM net.sf.freecol.server.networking.Server sendToAll
INFO: Reap dead connection: [DummyConnection Server connection - model.nation.french]
Apr 20, 2018 4:12:32 PM net.sf.freecol.common.model.Specification applyDifficultyLevel
INFO: Applying difficulty level model.difficulty.medium
Apr 20, 2018 4:12:32 PM net.sf.freecol.common.FreeColSeed getFreeColSeed
INFO: Using seed: 619896726898923146
Apr 20, 2018 4:12:32 PM net.sf.freecol.server.networking.Server sendToAll
INFO: Reap dead connection: [DummyConnection Server connection - model.nation.tupi]
Apr 20, 2018 4:12:32 PM net.sf.freecol.server.networking.Server sendToAll
INFO: Reap dead connection: [DummyConnection Server connection - model.nation.sioux]
Apr 20, 2018 4:12:32 PM net.sf.freecol.server.networking.Server sendToAll
INFO: Reap dead connection: [DummyConnection Server connection - model.nation.english]
Apr 20, 2018 4:12:32 PM net.sf.freecol.server.networking.Server sendToAll
INFO: Reap dead connection: [DummyConnection Server connection - model.nation.arawak]
Apr 20, 2018 4:12:32 PM net.sf.freecol.server.networking.Server sendToAll
INFO: Reap dead connection: [DummyConnection Server connection - model.nation.inca]
Apr 20, 2018 4:12:32 PM net.sf.freecol.server.networking.Server sendToAll
INFO: Reap dead connection: [DummyConnection Server connection - model.nation.dutch]
Apr 20, 2018 4:12:32 PM net.sf.freecol.server.networking.Server sendToAll
INFO: Reap dead connection: [DummyConnection Server connection - model.nation.cherokee]
Apr 20, 2018 4:12:32 PM net.sf.freecol.server.networking.Server sendToAll
INFO: Reap dead connection: [DummyConnection Server connection - model.nation.french]
Apr 20, 2018 4:12:32 PM net.sf.freecol.server.networking.Server sendToAll
INFO: Reap dead connection: [DummyConnection Server connection - model.nation.apache]
Apr 20, 2018 4:12:32 PM net.sf.freecol.server.networking.Server sendToAll
INFO: Reap dead connection: [DummyConnection Server connection - model.nation.aztec]
Apr 20, 2018 4:12:32 PM net.sf.freecol.server.networking.Server sendToAll
INFO: Reap dead connection: [DummyConnection Server connection - model.nation.spanish]
Apr 20, 2018 4:12:32 PM net.sf.freecol.server.networking.Server sendToAll
INFO: Reap dead connection: [DummyConnection Server connection - model.nation.iroquois]
Apr 20, 2018 4:12:32 PM net.sf.freecol.common.model.Specification applyDifficultyLevel
INFO: Applying difficulty level model.difficulty.medium
Apr 20, 2018 4:12:32 PM net.sf.freecol.common.FreeColSeed getFreeColSeed
INFO: Using seed: 2046379408725722076
Apr 20, 2018 4:12:32 PM net.sf.freecol.server.networking.Server sendToAll
INFO: Reap dead connection: [DummyConnection Server connection - model.nation.spanish]
Apr 20, 2018 4:12:32 PM net.sf.freecol.server.networking.Server sendToAll
INFO: Reap dead connection: [DummyConnection Server connection - model.nation.dutch]
Apr 20, 2018 4:12:32 PM net.sf.freecol.server.networking.Server sendToAll
INFO: Reap dead connection: [DummyConnection Server connection - model.nation.french]
Apr 20, 2018 4:12:32 PM net.sf.freecol.server.networking.Server sendToAll
INFO: Reap dead connection: [DummyConnection Server connection - model.nation.inca]
Apr 20, 2018 4:12:32 PM net.sf.freecol.server.networking.Server sendToAll
INFO: Reap dead connection: [DummyConnection Server connection - model.nation.cherokee]
Apr 20, 2018 4:12:32 PM net.sf.freecol.server.networking.Server sendToAll
INFO: Reap dead connection: [DummyConnection Server connection - model.nation.iroquois]
Apr 20, 2018 4:12:32 PM net.sf.freecol.server.networking.Server sendToAll
INFO: Reap dead connection: [DummyConnection Server connection - model.nation.apache]
Apr 20, 2018 4:12:32 PM net.sf.freecol.server.networking.Server sendToAll
INFO: Reap dead connection: [DummyConnection Server connection - model.nation.english]
Apr 20, 2018 4:12:32 PM net.sf.freecol.server.networking.Server sendToAll
INFO: Reap dead connection: [DummyConnection Server connection - model.nation.tupi]
Apr 20, 2018 4:12:32 PM net.sf.freecol.server.networking.Server sendToAll
INFO: Reap dead connection: [DummyConnection Server connection - model.nation.sioux]
Apr 20, 2018 4:12:32 PM net.sf.freecol.server.networking.Server sendToAll
INFO: Reap dead connection: [DummyConnection Server connection - model.nation.arawak]
Apr 20, 2018 4:12:32 PM net.sf.freecol.server.networking.Server sendToAll
INFO: Reap dead connection: [DummyConnection Server connection - model.nation.aztec]
Apr 20, 2018 4:12:32 PM net.sf.freecol.common.model.Specification applyDifficultyLevel
INFO: Applying difficulty level model.difficulty.medium
Apr 20, 2018 4:12:32 PM net.sf.freecol.common.FreeColSeed getFreeColSeed
INFO: Using seed: 7144451656065869713
Apr 20, 2018 4:12:32 PM net.sf.freecol.server.networking.Server sendToAll
INFO: Reap dead connection: [DummyConnection Server connection - model.nation.inca]
Apr 20, 2018 4:12:32 PM net.sf.freecol.server.networking.Server sendToAll
INFO: Reap dead connection: [DummyConnection Server connection - model.nation.english]
Apr 20, 2018 4:12:32 PM net.sf.freecol.server.networking.Server sendToAll
INFO: Reap dead connection: [DummyConnection Server connection - model.nation.tupi]
Apr 20, 2018 4:12:32 PM net.sf.freecol.server.networking.Server sendToAll
INFO: Reap dead connection: [DummyConnection Server connection - model.nation.arawak]
Apr 20, 2018 4:12:32 PM net.sf.freecol.server.networking.Server sendToAll
INFO: Reap dead connection: [DummyConnection Server connection - model.nation.spanish]
Apr 20, 2018 4:12:32 PM net.sf.freecol.server.networking.Server sendToAll
INFO: Reap dead connection: [DummyConnection Server connection - model.nation.cherokee]
Apr 20, 2018 4:12:32 PM net.sf.freecol.server.networking.Server sendToAll
INFO: Reap dead connection: [DummyConnection Server connection - model.nation.apache]
Apr 20, 2018 4:12:32 PM net.sf.freecol.server.networking.Server sendToAll
INFO: Reap dead connection: [DummyConnection Server connection - model.nation.iroquois]
Apr 20, 2018 4:12:32 PM net.sf.freecol.server.networking.Server sendToAll
INFO: Reap dead connection: [DummyConnection Server connection - model.nation.french]
Apr 20, 2018 4:12:32 PM net.sf.freecol.server.networking.Server sendToAll
INFO: Reap dead connection: [DummyConnection Server connection - model.nation.sioux]
Apr 20, 2018 4:12:32 PM net.sf.freecol.server.networking.Server sendToAll
INFO: Reap dead connection: [DummyConnection Server connection - model.nation.aztec]
Apr 20, 2018 4:12:32 PM net.sf.freecol.server.networking.Server sendToAll
INFO: Reap dead connection: [DummyConnection Server connection - model.nation.dutch]
Apr 20, 2018 4:12:32 PM net.sf.freecol.common.model.Specification applyDifficultyLevel
INFO: Applying difficulty level model.difficulty.medium
Apr 20, 2018 4:12:32 PM net.sf.freecol.common.FreeColSeed getFreeColSeed
INFO: Using seed: -828724306614636816
Apr 20, 2018 4:12:33 PM net.sf.freecol.server.networking.Server sendToAll
INFO: Reap dead connection: [DummyConnection Server connection - model.nation.cherokee]
Apr 20, 2018 4:12:33 PM net.sf.freecol.server.networking.Server sendToAll
INFO: Reap dead connection: [DummyConnection Server connection - model.nation.dutch]
Apr 20, 2018 4:12:33 PM net.sf.freecol.server.networking.Server sendToAll
INFO: Reap dead connection: [DummyConnection Server connection - model.nation.sioux]
Apr 20, 2018 4:12:33 PM net.sf.freecol.server.networking.Server sendToAll
INFO: Reap dead connection: [DummyConnection Server connection - model.nation.inca]
Apr 20, 2018 4:12:33 PM net.sf.freecol.server.networking.Server sendToAll
INFO: Reap dead connection: [DummyConnection Server connection - model.nation.tupi]
Apr 20, 2018 4:12:33 PM net.sf.freecol.server.networking.Server sendToAll
INFO: Reap dead connection: [DummyConnection Server connection - model.nation.aztec]
Apr 20, 2018 4:12:33 PM net.sf.freecol.server.networking.Server sendToAll
INFO: Reap dead connection: [DummyConnection Server connection - model.nation.iroquois]
Apr 20, 2018 4:12:33 PM net.sf.freecol.server.networking.Server sendToAll
INFO: Reap dead connection: [DummyConnection Server connection - model.nation.arawak]
Apr 20, 2018 4:12:33 PM net.sf.freecol.server.networking.Server sendToAll
INFO: Reap dead connection: [DummyConnection Server connection - model.nation.apache]
Apr 20, 2018 4:12:33 PM net.sf.freecol.server.networking.Server sendToAll
INFO: Reap dead connection: [DummyConnection Server connection - model.nation.french]
Apr 20, 2018 4:12:33 PM net.sf.freecol.server.networking.Server sendToAll
INFO: Reap dead connection: [DummyConnection Server connection - model.nation.spanish]
Apr 20, 2018 4:12:33 PM net.sf.freecol.server.networking.Server sendToAll
INFO: Reap dead connection: [DummyConnection Server connection - model.nation.english]
Apr 20, 2018 4:12:33 PM net.sf.freecol.common.model.Specification applyDifficultyLevel
INFO: Applying difficulty level model.difficulty.medium
Apr 20, 2018 4:12:33 PM net.sf.freecol.common.FreeColSeed getFreeColSeed
INFO: Using seed: 3726047287881598880
Apr 20, 2018 4:12:33 PM net.sf.freecol.server.networking.Server sendToAll
INFO: Reap dead connection: [DummyConnection Server connection - model.nation.tupi]
Apr 20, 2018 4:12:33 PM net.sf.freecol.server.networking.Server sendToAll
INFO: Reap dead connection: [DummyConnection Server connection - model.nation.french]
Apr 20, 2018 4:12:33 PM net.sf.freecol.server.networking.Server sendToAll
INFO: Reap dead connection: [DummyConnection Server connection - model.nation.inca]
Apr 20, 2018 4:12:33 PM net.sf.freecol.server.networking.Server sendToAll
INFO: Reap dead connection: [DummyConnection Server connection - model.nation.spanish]
Apr 20, 2018 4:12:33 PM net.sf.freecol.server.networking.Server sendToAll
INFO: Reap dead connection: [DummyConnection Server connection - model.nation.aztec]
Apr 20, 2018 4:12:33 PM net.sf.freecol.server.networking.Server sendToAll
INFO: Reap dead connection: [DummyConnection Server connection - model.nation.sioux]
Apr 20, 2018 4:12:33 PM net.sf.freecol.server.networking.Server sendToAll
INFO: Reap dead connection: [DummyConnection Server connection - model.nation.arawak]
Apr 20, 2018 4:12:33 PM net.sf.freecol.server.networking.Server sendToAll
INFO: Reap dead connection: [DummyConnection Server connection - model.nation.cherokee]
Apr 20, 2018 4:12:33 PM net.sf.freecol.server.networking.Server sendToAll
INFO: Reap dead connection: [DummyConnection Server connection - model.nation.dutch]
Apr 20, 2018 4:12:33 PM net.sf.freecol.server.networking.Server sendToAll
INFO: Reap dead connection: [DummyConnection Server connection - model.nation.english]
Apr 20, 2018 4:12:33 PM net.sf.freecol.server.networking.Server sendToAll
INFO: Reap dead connection: [DummyConnection Server connection - model.nation.iroquois]
Apr 20, 2018 4:12:33 PM net.sf.freecol.server.networking.Server sendToAll
INFO: Reap dead connection: [DummyConnection Server connection - model.nation.apache]
Apr 20, 2018 4:12:33 PM net.sf.freecol.common.model.Specification applyDifficultyLevel
INFO: Applying difficulty level model.difficulty.medium
Apr 20, 2018 4:12:33 PM net.sf.freecol.common.FreeColSeed getFreeColSeed
INFO: Using seed: -7654873375227959641
Apr 20, 2018 4:12:33 PM net.sf.freecol.server.networking.Server sendToAll
INFO: Reap dead connection: [DummyConnection Server connection - model.nation.aztec]
Apr 20, 2018 4:12:33 PM net.sf.freecol.server.networking.Server sendToAll
INFO: Reap dead connection: [DummyConnection Server connection - model.nation.apache]
Apr 20, 2018 4:12:33 PM net.sf.freecol.server.networking.Server sendToAll
INFO: Reap dead connection: [DummyConnection Server connection - model.nation.french]
Apr 20, 2018 4:12:33 PM net.sf.freecol.server.networking.Server sendToAll
INFO: Reap dead connection: [DummyConnection Server connection - model.nation.cherokee]
Apr 20, 2018 4:12:33 PM net.sf.freecol.server.networking.Server sendToAll
INFO: Reap dead connection: [DummyConnection Server connection - model.nation.tupi]
Apr 20, 2018 4:12:33 PM net.sf.freecol.server.networking.Server sendToAll
INFO: Reap dead connection: [DummyConnection Server connection - model.nation.sioux]
Apr 20, 2018 4:12:33 PM net.sf.freecol.server.networking.Server sendToAll
INFO: Reap dead connection: [DummyConnection Server connection - model.nation.spanish]
Apr 20, 2018 4:12:33 PM net.sf.freecol.server.networking.Server sendToAll
INFO: Reap dead connection: [DummyConnection Server connection - model.nation.iroquois]
Apr 20, 2018 4:12:33 PM net.sf.freecol.server.networking.Server sendToAll
INFO: Reap dead connection: [DummyConnection Server connection - model.nation.arawak]
Apr 20, 2018 4:12:33 PM net.sf.freecol.server.networking.Server sendToAll
INFO: Reap dead connection: [DummyConnection Server connection - model.nation.dutch]
Apr 20, 2018 4:12:33 PM net.sf.freecol.server.networking.Server sendToAll
INFO: Reap dead connection: [DummyConnection Server connection - model.nation.english]
Apr 20, 2018 4:12:33 PM net.sf.freecol.server.networking.Server sendToAll
INFO: Reap dead connection: [DummyConnection Server connection - model.nation.inca]
Apr 20, 2018 4:12:33 PM net.sf.freecol.common.model.Specification applyDifficultyLevel
INFO: Applying difficulty level model.difficulty.medium
Apr 20, 2018 4:12:33 PM net.sf.freecol.common.FreeColSeed getFreeColSeed
INFO: Using seed: -1208422800754125645
Apr 20, 2018 4:12:33 PM net.sf.freecol.server.networking.Server sendToAll
INFO: Reap dead connection: [DummyConnection Server connection - model.nation.aztec]
Apr 20, 2018 4:12:33 PM net.sf.freecol.server.networking.Server sendToAll
INFO: Reap dead connection: [DummyConnection Server connection - model.nation.english]
Apr 20, 2018 4:12:33 PM net.sf.freecol.server.networking.Server sendToAll
INFO: Reap dead connection: [DummyConnection Server connection - model.nation.spanish]
Apr 20, 2018 4:12:33 PM net.sf.freecol.server.networking.Server sendToAll
INFO: Reap dead connection: [DummyConnection Server connection - model.nation.french]
Apr 20, 2018 4:12:33 PM net.sf.freecol.server.networking.Server sendToAll
INFO: Reap dead connection: [DummyConnection Server connection - model.nation.cherokee]
Apr 20, 2018 4:12:33 PM net.sf.freecol.server.networking.Server sendToAll
INFO: Reap dead connection: [DummyConnection Server connection - model.nation.arawak]
Apr 20, 2018 4:12:33 PM net.sf.freecol.server.networking.Server sendToAll
INFO: Reap dead connection: [DummyConnection Server connection - model.nation.apache]
Apr 20, 2018 4:12:33 PM net.sf.freecol.server.networking.Server sendToAll
INFO: Reap dead connection: [DummyConnection Server connection - model.nation.tupi]
Apr 20, 2018 4:12:33 PM net.sf.freecol.server.networking.Server sendToAll
INFO: Reap dead connection: [DummyConnection Server connection - model.nation.dutch]
Apr 20, 2018 4:12:33 PM net.sf.freecol.server.networking.Server sendToAll
INFO: Reap dead connection: [DummyConnection Server connection - model.nation.inca]
Apr 20, 2018 4:12:33 PM net.sf.freecol.server.networking.Server sendToAll
INFO: Reap dead connection: [DummyConnection Server connection - model.nation.iroquois]
Apr 20, 2018 4:12:33 PM net.sf.freecol.server.networking.Server sendToAll
INFO: Reap dead connection: [DummyConnection Server connection - model.nation.sioux]
Apr 20, 2018 4:12:33 PM net.sf.freecol.common.model.Specification applyDifficultyLevel
INFO: Applying difficulty level model.difficulty.medium
Apr 20, 2018 4:12:33 PM net.sf.freecol.common.FreeColSeed getFreeColSeed
INFO: Using seed: -4540523814144672509
Apr 20, 2018 4:12:33 PM net.sf.freecol.server.networking.Server sendToAll
INFO: Reap dead connection: [DummyConnection Server connection - model.nation.dutch]
Apr 20, 2018 4:12:33 PM net.sf.freecol.server.networking.Server sendToAll
INFO: Reap dead connection: [DummyConnection Server connection - model.nation.aztec]
Apr 20, 2018 4:12:33 PM net.sf.freecol.server.networking.Server sendToAll
INFO: Reap dead connection: [DummyConnection Server connection - model.nation.sioux]
Apr 20, 2018 4:12:33 PM net.sf.freecol.server.networking.Server sendToAll
INFO: Reap dead connection: [DummyConnection Server connection - model.nation.spanish]
Apr 20, 2018 4:12:33 PM net.sf.freecol.server.networking.Server sendToAll
INFO: Reap dead connection: [DummyConnection Server connection - model.nation.english]
Apr 20, 2018 4:12:33 PM net.sf.freecol.server.networking.Server sendToAll
INFO: Reap dead connection: [DummyConnection Server connection - model.nation.iroquois]
Apr 20, 2018 4:12:33 PM net.sf.freecol.server.networking.Server sendToAll
INFO: Reap dead connection: [DummyConnection Server connection - model.nation.inca]
Apr 20, 2018 4:12:33 PM net.sf.freecol.server.networking.Server sendToAll
INFO: Reap dead connection: [DummyConnection Server connection - model.nation.cherokee]
Apr 20, 2018 4:12:33 PM net.sf.freecol.server.networking.Server sendToAll
INFO: Reap dead connection: [DummyConnection Server connection - model.nation.apache]
Apr 20, 2018 4:12:33 PM net.sf.freecol.server.networking.Server sendToAll
INFO: Reap dead connection: [DummyConnection Server connection - model.nation.arawak]
Apr 20, 2018 4:12:33 PM net.sf.freecol.server.networking.Server sendToAll
INFO: Reap dead connection: [DummyConnection Server connection - model.nation.tupi]
Apr 20, 2018 4:12:33 PM net.sf.freecol.server.networking.Server sendToAll
INFO: Reap dead connection: [DummyConnection Server connection - model.nation.french]
Apr 20, 2018 4:12:33 PM net.sf.freecol.common.model.Specification applyDifficultyLevel
INFO: Applying difficulty level model.difficulty.medium
Apr 20, 2018 4:12:33 PM net.sf.freecol.common.FreeColSeed getFreeColSeed
INFO: Using seed: -586822398802988297
Apr 20, 2018 4:12:33 PM net.sf.freecol.server.networking.Server sendToAll
INFO: Reap dead connection: [DummyConnection Server connection - model.nation.tupi]
Apr 20, 2018 4:12:33 PM net.sf.freecol.server.networking.Server sendToAll
INFO: Reap dead connection: [DummyConnection Server connection - model.nation.french]
Apr 20, 2018 4:12:33 PM net.sf.freecol.server.networking.Server sendToAll
INFO: Reap dead connection: [DummyConnection Server connection - model.nation.english]
Apr 20, 2018 4:12:33 PM net.sf.freecol.server.networking.Server sendToAll
INFO: Reap dead connection: [DummyConnection Server connection - model.nation.cherokee]
Apr 20, 2018 4:12:33 PM net.sf.freecol.server.networking.Server sendToAll
INFO: Reap dead connection: [DummyConnection Server connection - model.nation.sioux]
Apr 20, 2018 4:12:33 PM net.sf.freecol.server.networking.Server sendToAll
INFO: Reap dead connection: [DummyConnection Server connection - model.nation.iroquois]
Apr 20, 2018 4:12:33 PM net.sf.freecol.server.networking.Server sendToAll
INFO: Reap dead connection: [DummyConnection Server connection - model.nation.arawak]
Apr 20, 2018 4:12:33 PM net.sf.freecol.server.networking.Server sendToAll
INFO: Reap dead connection: [DummyConnection Server connection - model.nation.apache]
Apr 20, 2018 4:12:33 PM net.sf.freecol.server.networking.Server sendToAll
INFO: Reap dead connection: [DummyConnection Server connection - model.nation.spanish]
Apr 20, 2018 4:12:33 PM net.sf.freecol.server.networking.Server sendToAll
INFO: Reap dead connection: [DummyConnection Server connection - model.nation.dutch]
Apr 20, 2018 4:12:33 PM net.sf.freecol.server.networking.Server sendToAll
INFO: Reap dead connection: [DummyConnection Server connection - model.nation.aztec]
Apr 20, 2018 4:12:33 PM net.sf.freecol.server.networking.Server sendToAll
INFO: Reap dead connection: [DummyConnection Server connection - model.nation.inca]
Apr 20, 2018 4:12:33 PM net.sf.freecol.common.model.Specification applyDifficultyLevel
INFO: Applying difficulty level model.difficulty.medium
Apr 20, 2018 4:12:33 PM net.sf.freecol.common.FreeColSeed getFreeColSeed
INFO: Using seed: 6250609536088376690
Apr 20, 2018 4:12:33 PM net.sf.freecol.server.networking.Server sendToAll
INFO: Reap dead connection: [DummyConnection Server connection - model.nation.aztec]
Apr 20, 2018 4:12:33 PM net.sf.freecol.server.networking.Server sendToAll
INFO: Reap dead connection: [DummyConnection Server connection - model.nation.iroquois]
Apr 20, 2018 4:12:33 PM net.sf.freecol.server.networking.Server sendToAll
INFO: Reap dead connection: [DummyConnection Server connection - model.nation.apache]
Apr 20, 2018 4:12:33 PM net.sf.freecol.server.networking.Server sendToAll
INFO: Reap dead connection: [DummyConnection Server connection - model.nation.inca]
Apr 20, 2018 4:12:33 PM net.sf.freecol.server.networking.Server sendToAll
INFO: Reap dead connection: [DummyConnection Server connection - model.nation.french]
Apr 20, 2018 4:12:33 PM net.sf.freecol.server.networking.Server sendToAll
INFO: Reap dead connection: [DummyConnection Server connection - model.nation.spanish]
Apr 20, 2018 4:12:33 PM net.sf.freecol.server.networking.Server sendToAll
INFO: Reap dead connection: [DummyConnection Server connection - model.nation.dutch]
Apr 20, 2018 4:12:33 PM net.sf.freecol.server.networking.Server sendToAll
INFO: Reap dead connection: [DummyConnection Server connection - model.nation.tupi]
Apr 20, 2018 4:12:33 PM net.sf.freecol.server.networking.Server sendToAll
INFO: Reap dead connection: [DummyConnection Server connection - model.nation.sioux]
Apr 20, 2018 4:12:33 PM net.sf.freecol.server.networking.Server sendToAll
INFO: Reap dead connection: [DummyConnection Server connection - model.nation.english]
Apr 20, 2018 4:12:33 PM net.sf.freecol.server.networking.Server sendToAll
INFO: Reap dead connection: [DummyConnection Server connection - model.nation.cherokee]
Apr 20, 2018 4:12:33 PM net.sf.freecol.server.networking.Server sendToAll
INFO: Reap dead connection: [DummyConnection Server connection - model.nation.arawak]
Apr 20, 2018 4:12:33 PM net.sf.freecol.common.model.Specification applyDifficultyLevel
INFO: Applying difficulty level model.difficulty.medium
Apr 20, 2018 4:12:33 PM net.sf.freecol.common.FreeColSeed getFreeColSeed
INFO: Using seed: -7583811958546517274
Apr 20, 2018 4:12:33 PM net.sf.freecol.server.networking.Server sendToAll
INFO: Reap dead connection: [DummyConnection Server connection - model.nation.cherokee]
Apr 20, 2018 4:12:33 PM net.sf.freecol.server.networking.Server sendToAll
INFO: Reap dead connection: [DummyConnection Server connection - model.nation.iroquois]
Apr 20, 2018 4:12:33 PM net.sf.freecol.server.networking.Server sendToAll
INFO: Reap dead connection: [DummyConnection Server connection - model.nation.aztec]
Apr 20, 2018 4:12:33 PM net.sf.freecol.server.networking.Server sendToAll
INFO: Reap dead connection: [DummyConnection Server connection - model.nation.arawak]
Apr 20, 2018 4:12:33 PM net.sf.freecol.server.networking.Server sendToAll
INFO: Reap dead connection: [DummyConnection Server connection - model.nation.dutch]
Apr 20, 2018 4:12:33 PM net.sf.freecol.server.networking.Server sendToAll
INFO: Reap dead connection: [DummyConnection Server connection - model.nation.spanish]
Apr 20, 2018 4:12:33 PM net.sf.freecol.server.networking.Server sendToAll
INFO: Reap dead connection: [DummyConnection Server connection - model.nation.french]
Apr 20, 2018 4:12:33 PM net.sf.freecol.server.networking.Server sendToAll
INFO: Reap dead connection: [DummyConnection Server connection - model.nation.inca]
Apr 20, 2018 4:12:33 PM net.sf.freecol.server.networking.Server sendToAll
INFO: Reap dead connection: [DummyConnection Server connection - model.nation.sioux]
Apr 20, 2018 4:12:33 PM net.sf.freecol.server.networking.Server sendToAll
INFO: Reap dead connection: [DummyConnection Server connection - model.nation.english]
Apr 20, 2018 4:12:33 PM net.sf.freecol.server.networking.Server sendToAll
INFO: Reap dead connection: [DummyConnection Server connection - model.nation.tupi]
Apr 20, 2018 4:12:33 PM net.sf.freecol.server.networking.Server sendToAll
INFO: Reap dead connection: [DummyConnection Server connection - model.nation.apache]
Apr 20, 2018 4:12:33 PM net.sf.freecol.common.model.Specification applyDifficultyLevel
INFO: Applying difficulty level model.difficulty.medium
Apr 20, 2018 4:12:33 PM net.sf.freecol.common.FreeColSeed getFreeColSeed
INFO: Using seed: -8589213568996481708
Apr 20, 2018 4:12:33 PM net.sf.freecol.server.networking.Server sendToAll
INFO: Reap dead connection: [DummyConnection Server connection - model.nation.dutch]
Apr 20, 2018 4:12:33 PM net.sf.freecol.server.networking.Server sendToAll
INFO: Reap dead connection: [DummyConnection Server connection - model.nation.apache]
Apr 20, 2018 4:12:33 PM net.sf.freecol.server.networking.Server sendToAll
INFO: Reap dead connection: [DummyConnection Server connection - model.nation.english]
Apr 20, 2018 4:12:33 PM net.sf.freecol.server.networking.Server sendToAll
INFO: Reap dead connection: [DummyConnection Server connection - model.nation.iroquois]
Apr 20, 2018 4:12:33 PM net.sf.freecol.server.networking.Server sendToAll
INFO: Reap dead connection: [DummyConnection Server connection - model.nation.tupi]
Apr 20, 2018 4:12:33 PM net.sf.freecol.server.networking.Server sendToAll
INFO: Reap dead connection: [DummyConnection Server connection - model.nation.aztec]
Apr 20, 2018 4:12:33 PM net.sf.freecol.server.networking.Server sendToAll
INFO: Reap dead connection: [DummyConnection Server connection - model.nation.sioux]
Apr 20, 2018 4:12:33 PM net.sf.freecol.server.networking.Server sendToAll
INFO: Reap dead connection: [DummyConnection Server connection - model.nation.french]
Apr 20, 2018 4:12:33 PM net.sf.freecol.server.networking.Server sendToAll
INFO: Reap dead connection: [DummyConnection Server connection - model.nation.arawak]
Apr 20, 2018 4:12:33 PM net.sf.freecol.server.networking.Server sendToAll
INFO: Reap dead connection: [DummyConnection Server connection - model.nation.inca]
Apr 20, 2018 4:12:33 PM net.sf.freecol.server.networking.Server sendToAll
INFO: Reap dead connection: [DummyConnection Server connection - model.nation.spanish]
Apr 20, 2018 4:12:33 PM net.sf.freecol.server.networking.Server sendToAll
INFO: Reap dead connection: [DummyConnection Server connection - model.nation.cherokee]
Apr 20, 2018 4:12:33 PM net.sf.freecol.common.model.Specification applyDifficultyLevel
INFO: Applying difficulty level model.difficulty.medium
Apr 20, 2018 4:12:33 PM net.sf.freecol.common.FreeColSeed getFreeColSeed
INFO: Using seed: -5161783237357152344
Apr 20, 2018 4:12:33 PM net.sf.freecol.server.networking.Server sendToAll
INFO: Reap dead connection: [DummyConnection Server connection - model.nation.arawak]
Apr 20, 2018 4:12:33 PM net.sf.freecol.server.networking.Server sendToAll
INFO: Reap dead connection: [DummyConnection Server connection - model.nation.inca]
Apr 20, 2018 4:12:33 PM net.sf.freecol.server.networking.Server sendToAll
INFO: Reap dead connection: [DummyConnection Server connection - model.nation.spanish]
Apr 20, 2018 4:12:33 PM net.sf.freecol.server.networking.Server sendToAll
INFO: Reap dead connection: [DummyConnection Server connection - model.nation.apache]
Apr 20, 2018 4:12:33 PM net.sf.freecol.server.networking.Server sendToAll
INFO: Reap dead connection: [DummyConnection Server connection - model.nation.cherokee]
Apr 20, 2018 4:12:33 PM net.sf.freecol.server.networking.Server sendToAll
INFO: Reap dead connection: [DummyConnection Server connection - model.nation.french]
Apr 20, 2018 4:12:33 PM net.sf.freecol.server.networking.Server sendToAll
INFO: Reap dead connection: [DummyConnection Server connection - model.nation.english]
Apr 20, 2018 4:12:33 PM net.sf.freecol.server.networking.Server sendToAll
INFO: Reap dead connection: [DummyConnection Server connection - model.nation.aztec]
Apr 20, 2018 4:12:33 PM net.sf.freecol.server.networking.Server sendToAll
INFO: Reap dead connection: [DummyConnection Server connection - model.nation.dutch]
Apr 20, 2018 4:12:33 PM net.sf.freecol.server.networking.Server sendToAll
INFO: Reap dead connection: [DummyConnection Server connection - model.nation.tupi]
Apr 20, 2018 4:12:33 PM net.sf.freecol.server.networking.Server sendToAll
INFO: Reap dead connection: [DummyConnection Server connection - model.nation.sioux]
Apr 20, 2018 4:12:33 PM net.sf.freecol.server.networking.Server sendToAll
INFO: Reap dead connection: [DummyConnection Server connection - model.nation.iroquois]
Apr 20, 2018 4:12:33 PM net.sf.freecol.common.model.Specification applyDifficultyLevel
INFO: Applying difficulty level model.difficulty.medium
Apr 20, 2018 4:12:33 PM net.sf.freecol.common.FreeColSeed getFreeColSeed
INFO: Using seed: 7883938113613242182
Apr 20, 2018 4:12:33 PM net.sf.freecol.server.networking.Server sendToAll
INFO: Reap dead connection: [DummyConnection Server connection - model.nation.iroquois]
Apr 20, 2018 4:12:33 PM net.sf.freecol.server.networking.Server sendToAll
INFO: Reap dead connection: [DummyConnection Server connection - model.nation.sioux]
Apr 20, 2018 4:12:33 PM net.sf.freecol.server.networking.Server sendToAll
INFO: Reap dead connection: [DummyConnection Server connection - model.nation.arawak]
Apr 20, 2018 4:12:33 PM net.sf.freecol.server.networking.Server sendToAll
INFO: Reap dead connection: [DummyConnection Server connection - model.nation.dutch]
Apr 20, 2018 4:12:33 PM net.sf.freecol.server.networking.Server sendToAll
INFO: Reap dead connection: [DummyConnection Server connection - model.nation.spanish]
Apr 20, 2018 4:12:33 PM net.sf.freecol.server.networking.Server sendToAll
INFO: Reap dead connection: [DummyConnection Server connection - model.nation.french]
Apr 20, 2018 4:12:33 PM net.sf.freecol.server.networking.Server sendToAll
INFO: Reap dead connection: [DummyConnection Server connection - model.nation.cherokee]
Apr 20, 2018 4:12:33 PM net.sf.freecol.server.networking.Server sendToAll
INFO: Reap dead connection: [DummyConnection Server connection - model.nation.english]
Apr 20, 2018 4:12:33 PM net.sf.freecol.server.networking.Server sendToAll
INFO: Reap dead connection: [DummyConnection Server connection - model.nation.apache]
Apr 20, 2018 4:12:33 PM net.sf.freecol.server.networking.Server sendToAll
INFO: Reap dead connection: [DummyConnection Server connection - model.nation.inca]
Apr 20, 2018 4:12:33 PM net.sf.freecol.server.networking.Server sendToAll
INFO: Reap dead connection: [DummyConnection Server connection - model.nation.tupi]
Apr 20, 2018 4:12:33 PM net.sf.freecol.server.networking.Server sendToAll
INFO: Reap dead connection: [DummyConnection Server connection - model.nation.aztec]
Apr 20, 2018 4:12:33 PM net.sf.freecol.common.model.Specification applyDifficultyLevel
INFO: Applying difficulty level model.difficulty.medium
Apr 20, 2018 4:12:33 PM net.sf.freecol.common.FreeColSeed getFreeColSeed
INFO: Using seed: 4739323364082259994
Apr 20, 2018 4:12:33 PM net.sf.freecol.server.networking.Server sendToAll
INFO: Reap dead connection: [DummyConnection Server connection - model.nation.arawak]
Apr 20, 2018 4:12:33 PM net.sf.freecol.server.networking.Server sendToAll
INFO: Reap dead connection: [DummyConnection Server connection - model.nation.english]
Apr 20, 2018 4:12:33 PM net.sf.freecol.server.networking.Server sendToAll
INFO: Reap dead connection: [DummyConnection Server connection - model.nation.iroquois]
Apr 20, 2018 4:12:33 PM net.sf.freecol.server.networking.Server sendToAll
INFO: Reap dead connection: [DummyConnection Server connection - model.nation.spanish]
Apr 20, 2018 4:12:33 PM net.sf.freecol.server.networking.Server sendToAll
INFO: Reap dead connection: [DummyConnection Server connection - model.nation.apache]
Apr 20, 2018 4:12:33 PM net.sf.freecol.server.networking.Server sendToAll
INFO: Reap dead connection: [DummyConnection Server connection - model.nation.tupi]
Apr 20, 2018 4:12:33 PM net.sf.freecol.server.networking.Server sendToAll
INFO: Reap dead connection: [DummyConnection Server connection - model.nation.dutch]
Apr 20, 2018 4:12:33 PM net.sf.freecol.server.networking.Server sendToAll
INFO: Reap dead connection: [DummyConnection Server connection - model.nation.aztec]
Apr 20, 2018 4:12:33 PM net.sf.freecol.server.networking.Server sendToAll
INFO: Reap dead connection: [DummyConnection Server connection - model.nation.sioux]
Apr 20, 2018 4:12:33 PM net.sf.freecol.server.networking.Server sendToAll
INFO: Reap dead connection: [DummyConnection Server connection - model.nation.french]
Apr 20, 2018 4:12:33 PM net.sf.freecol.server.networking.Server sendToAll
INFO: Reap dead connection: [DummyConnection Server connection - model.nation.inca]
Apr 20, 2018 4:12:33 PM net.sf.freecol.server.networking.Server sendToAll
INFO: Reap dead connection: [DummyConnection Server connection - model.nation.cherokee]
Apr 20, 2018 4:12:33 PM net.sf.freecol.common.model.Specification applyDifficultyLevel
INFO: Applying difficulty level model.difficulty.medium
Apr 20, 2018 4:12:33 PM net.sf.freecol.common.FreeColSeed getFreeColSeed
INFO: Using seed: 4612316737180298188
Apr 20, 2018 4:12:33 PM net.sf.freecol.server.networking.Server sendToAll
INFO: Reap dead connection: [DummyConnection Server connection - model.nation.iroquois]
Apr 20, 2018 4:12:33 PM net.sf.freecol.server.networking.Server sendToAll
INFO: Reap dead connection: [DummyConnection Server connection - model.nation.sioux]
Apr 20, 2018 4:12:33 PM net.sf.freecol.server.networking.Server sendToAll
INFO: Reap dead connection: [DummyConnection Server connection - model.nation.arawak]
Apr 20, 2018 4:12:33 PM net.sf.freecol.server.networking.Server sendToAll
INFO: Reap dead connection: [DummyConnection Server connection - model.nation.spanish]
Apr 20, 2018 4:12:33 PM net.sf.freecol.server.networking.Server sendToAll
INFO: Reap dead connection: [DummyConnection Server connection - model.nation.french]
Apr 20, 2018 4:12:33 PM net.sf.freecol.server.networking.Server sendToAll
INFO: Reap dead connection: [DummyConnection Server connection - model.nation.apache]
Apr 20, 2018 4:12:33 PM net.sf.freecol.server.networking.Server sendToAll
INFO: Reap dead connection: [DummyConnection Server connection - model.nation.tupi]
Apr 20, 2018 4:12:33 PM net.sf.freecol.server.networking.Server sendToAll
INFO: Reap dead connection: [DummyConnection Server connection - model.nation.english]
Apr 20, 2018 4:12:33 PM net.sf.freecol.server.networking.Server sendToAll
INFO: Reap dead connection: [DummyConnection Server connection - model.nation.dutch]
Apr 20, 2018 4:12:33 PM net.sf.freecol.server.networking.Server sendToAll
INFO: Reap dead connection: [DummyConnection Server connection - model.nation.aztec]
Apr 20, 2018 4:12:33 PM net.sf.freecol.server.networking.Server sendToAll
INFO: Reap dead connection: [DummyConnection Server connection - model.nation.cherokee]
Apr 20, 2018 4:12:33 PM net.sf.freecol.server.networking.Server sendToAll
INFO: Reap dead connection: [DummyConnection Server connection - model.nation.inca]
Apr 20, 2018 4:12:33 PM net.sf.freecol.common.model.Specification applyDifficultyLevel
INFO: Applying difficulty level model.difficulty.medium
Apr 20, 2018 4:12:33 PM net.sf.freecol.common.FreeColSeed getFreeColSeed
INFO: Using seed: -1552010377395131430
Apr 20, 2018 4:12:33 PM net.sf.freecol.server.networking.Server sendToAll
INFO: Reap dead connection: [DummyConnection Server connection - model.nation.arawak]
Apr 20, 2018 4:12:33 PM net.sf.freecol.server.networking.Server sendToAll
INFO: Reap dead connection: [DummyConnection Server connection - model.nation.tupi]
Apr 20, 2018 4:12:33 PM net.sf.freecol.server.networking.Server sendToAll
INFO: Reap dead connection: [DummyConnection Server connection - model.nation.spanish]
Apr 20, 2018 4:12:33 PM net.sf.freecol.server.networking.Server sendToAll
INFO: Reap dead connection: [DummyConnection Server connection - model.nation.english]
Apr 20, 2018 4:12:33 PM net.sf.freecol.server.networking.Server sendToAll
INFO: Reap dead connection: [DummyConnection Server connection - model.nation.french]
Apr 20, 2018 4:12:33 PM net.sf.freecol.server.networking.Server sendToAll
INFO: Reap dead connection: [DummyConnection Server connection - model.nation.inca]
Apr 20, 2018 4:12:33 PM net.sf.freecol.server.networking.Server sendToAll
INFO: Reap dead connection: [DummyConnection Server connection - model.nation.iroquois]
Apr 20, 2018 4:12:33 PM net.sf.freecol.server.networking.Server sendToAll
INFO: Reap dead connection: [DummyConnection Server connection - model.nation.dutch]
Apr 20, 2018 4:12:33 PM net.sf.freecol.server.networking.Server sendToAll
INFO: Reap dead connection: [DummyConnection Server connection - model.nation.sioux]
Apr 20, 2018 4:12:33 PM net.sf.freecol.server.networking.Server sendToAll
INFO: Reap dead connection: [DummyConnection Server connection - model.nation.aztec]
Apr 20, 2018 4:12:33 PM net.sf.freecol.server.networking.Server sendToAll
INFO: Reap dead connection: [DummyConnection Server connection - model.nation.cherokee]
Apr 20, 2018 4:12:33 PM net.sf.freecol.server.networking.Server sendToAll
INFO: Reap dead connection: [DummyConnection Server connection - model.nation.apache]
Apr 20, 2018 4:12:33 PM net.sf.freecol.common.model.Specification applyDifficultyLevel
INFO: Applying difficulty level model.difficulty.medium
Apr 20, 2018 4:12:33 PM net.sf.freecol.common.FreeColSeed getFreeColSeed
INFO: Using seed: 4844402091567202068
Apr 20, 2018 4:12:33 PM net.sf.freecol.server.networking.Server sendToAll
INFO: Reap dead connection: [DummyConnection Server connection - model.nation.english]
Apr 20, 2018 4:12:33 PM net.sf.freecol.server.networking.Server sendToAll
INFO: Reap dead connection: [DummyConnection Server connection - model.nation.aztec]
Apr 20, 2018 4:12:33 PM net.sf.freecol.server.networking.Server sendToAll
INFO: Reap dead connection: [DummyConnection Server connection - model.nation.apache]
Apr 20, 2018 4:12:33 PM net.sf.freecol.server.networking.Server sendToAll
INFO: Reap dead connection: [DummyConnection Server connection - model.nation.arawak]
Apr 20, 2018 4:12:33 PM net.sf.freecol.server.networking.Server sendToAll
INFO: Reap dead connection: [DummyConnection Server connection - model.nation.cherokee]
Apr 20, 2018 4:12:33 PM net.sf.freecol.server.networking.Server sendToAll
INFO: Reap dead connection: [DummyConnection Server connection - model.nation.iroquois]
Apr 20, 2018 4:12:33 PM net.sf.freecol.server.networking.Server sendToAll
INFO: Reap dead connection: [DummyConnection Server connection - model.nation.tupi]
Apr 20, 2018 4:12:33 PM net.sf.freecol.server.networking.Server sendToAll
INFO: Reap dead connection: [DummyConnection Server connection - model.nation.spanish]
Apr 20, 2018 4:12:33 PM net.sf.freecol.server.networking.Server sendToAll
INFO: Reap dead connection: [DummyConnection Server connection - model.nation.inca]
Apr 20, 2018 4:12:33 PM net.sf.freecol.server.networking.Server sendToAll
INFO: Reap dead connection: [DummyConnection Server connection - model.nation.sioux]
Apr 20, 2018 4:12:33 PM net.sf.freecol.server.networking.Server sendToAll
INFO: Reap dead connection: [DummyConnection Server connection - model.nation.french]
Apr 20, 2018 4:12:33 PM net.sf.freecol.server.networking.Server sendToAll
INFO: Reap dead connection: [DummyConnection Server connection - model.nation.dutch]
Apr 20, 2018 4:12:33 PM net.sf.freecol.common.model.Specification applyDifficultyLevel
INFO: Applying difficulty level model.difficulty.medium
Apr 20, 2018 4:12:33 PM net.sf.freecol.common.FreeColSeed getFreeColSeed
INFO: Using seed: 3799264273275763930
Apr 20, 2018 4:12:33 PM net.sf.freecol.server.networking.Server sendToAll
INFO: Reap dead connection: [DummyConnection Server connection - model.nation.apache]
Apr 20, 2018 4:12:33 PM net.sf.freecol.server.networking.Server sendToAll
INFO: Reap dead connection: [DummyConnection Server connection - model.nation.aztec]
Apr 20, 2018 4:12:33 PM net.sf.freecol.server.networking.Server sendToAll
INFO: Reap dead connection: [DummyConnection Server connection - model.nation.cherokee]
Apr 20, 2018 4:12:33 PM net.sf.freecol.server.networking.Server sendToAll
INFO: Reap dead connection: [DummyConnection Server connection - model.nation.tupi]
Apr 20, 2018 4:12:33 PM net.sf.freecol.server.networking.Server sendToAll
INFO: Reap dead connection: [DummyConnection Server connection - model.nation.spanish]
Apr 20, 2018 4:12:33 PM net.sf.freecol.server.networking.Server sendToAll
INFO: Reap dead connection: [DummyConnection Server connection - model.nation.dutch]
Apr 20, 2018 4:12:33 PM net.sf.freecol.server.networking.Server sendToAll
INFO: Reap dead connection: [DummyConnection Server connection - model.nation.iroquois]
Apr 20, 2018 4:12:33 PM net.sf.freecol.server.networking.Server sendToAll
INFO: Reap dead connection: [DummyConnection Server connection - model.nation.french]
Apr 20, 2018 4:12:33 PM net.sf.freecol.server.networking.Server sendToAll
INFO: Reap dead connection: [DummyConnection Server connection - model.nation.english]
Apr 20, 2018 4:12:33 PM net.sf.freecol.server.networking.Server sendToAll
INFO: Reap dead connection: [DummyConnection Server connection - model.nation.sioux]
Apr 20, 2018 4:12:33 PM net.sf.freecol.server.networking.Server sendToAll
INFO: Reap dead connection: [DummyConnection Server connection - model.nation.arawak]
Apr 20, 2018 4:12:33 PM net.sf.freecol.server.networking.Server sendToAll
INFO: Reap dead connection: [DummyConnection Server connection - model.nation.inca]
Apr 20, 2018 4:12:33 PM net.sf.freecol.common.model.Specification applyDifficultyLevel
INFO: Applying difficulty level model.difficulty.medium
Apr 20, 2018 4:12:33 PM net.sf.freecol.common.FreeColSeed getFreeColSeed
INFO: Using seed: -5839950008014669549
Apr 20, 2018 4:12:33 PM net.sf.freecol.server.networking.Server sendToAll
INFO: Reap dead connection: [DummyConnection Server connection - model.nation.english]
Apr 20, 2018 4:12:33 PM net.sf.freecol.server.networking.Server sendToAll
INFO: Reap dead connection: [DummyConnection Server connection - model.nation.aztec]
Apr 20, 2018 4:12:33 PM net.sf.freecol.server.networking.Server sendToAll
INFO: Reap dead connection: [DummyConnection Server connection - model.nation.iroquois]
Apr 20, 2018 4:12:33 PM net.sf.freecol.server.networking.Server sendToAll
INFO: Reap dead connection: [DummyConnection Server connection - model.nation.french]
Apr 20, 2018 4:12:33 PM net.sf.freecol.server.networking.Server sendToAll
INFO: Reap dead connection: [DummyConnection Server connection - model.nation.tupi]
Apr 20, 2018 4:12:33 PM net.sf.freecol.server.networking.Server sendToAll
INFO: Reap dead connection: [DummyConnection Server connection - model.nation.arawak]
Apr 20, 2018 4:12:33 PM net.sf.freecol.server.networking.Server sendToAll
INFO: Reap dead connection: [DummyConnection Server connection - model.nation.sioux]
Apr 20, 2018 4:12:33 PM net.sf.freecol.server.networking.Server sendToAll
INFO: Reap dead connection: [DummyConnection Server connection - model.nation.spanish]
Apr 20, 2018 4:12:33 PM net.sf.freecol.server.networking.Server sendToAll
INFO: Reap dead connection: [DummyConnection Server connection - model.nation.cherokee]
Apr 20, 2018 4:12:33 PM net.sf.freecol.server.networking.Server sendToAll
INFO: Reap dead connection: [DummyConnection Server connection - model.nation.inca]
Apr 20, 2018 4:12:33 PM net.sf.freecol.server.networking.Server sendToAll
INFO: Reap dead connection: [DummyConnection Server connection - model.nation.dutch]
Apr 20, 2018 4:12:33 PM net.sf.freecol.server.networking.Server sendToAll
INFO: Reap dead connection: [DummyConnection Server connection - model.nation.apache]
Apr 20, 2018 4:12:33 PM net.sf.freecol.common.model.Specification applyDifficultyLevel
INFO: Applying difficulty level model.difficulty.medium
Apr 20, 2018 4:12:33 PM net.sf.freecol.common.FreeColSeed getFreeColSeed
INFO: Using seed: -2157154478931444604
Apr 20, 2018 4:12:33 PM net.sf.freecol.server.networking.Server sendToAll
INFO: Reap dead connection: [DummyConnection Server connection - model.nation.iroquois]
Apr 20, 2018 4:12:33 PM net.sf.freecol.server.networking.Server sendToAll
INFO: Reap dead connection: [DummyConnection Server connection - model.nation.dutch]
Apr 20, 2018 4:12:33 PM net.sf.freecol.server.networking.Server sendToAll
INFO: Reap dead connection: [DummyConnection Server connection - model.nation.sioux]
Apr 20, 2018 4:12:33 PM net.sf.freecol.server.networking.Server sendToAll
INFO: Reap dead connection: [DummyConnection Server connection - model.nation.aztec]
Apr 20, 2018 4:12:33 PM net.sf.freecol.server.networking.Server sendToAll
INFO: Reap dead connection: [DummyConnection Server connection - model.nation.french]
Apr 20, 2018 4:12:33 PM net.sf.freecol.server.networking.Server sendToAll
INFO: Reap dead connection: [DummyConnection Server connection - model.nation.cherokee]
Apr 20, 2018 4:12:33 PM net.sf.freecol.server.networking.Server sendToAll
INFO: Reap dead connection: [DummyConnection Server connection - model.nation.tupi]
Apr 20, 2018 4:12:33 PM net.sf.freecol.server.networking.Server sendToAll
INFO: Reap dead connection: [DummyConnection Server connection - model.nation.inca]
Apr 20, 2018 4:12:33 PM net.sf.freecol.server.networking.Server sendToAll
INFO: Reap dead connection: [DummyConnection Server connection - model.nation.arawak]
Apr 20, 2018 4:12:33 PM net.sf.freecol.server.networking.Server sendToAll
INFO: Reap dead connection: [DummyConnection Server connection - model.nation.apache]
Apr 20, 2018 4:12:33 PM net.sf.freecol.server.networking.Server sendToAll
INFO: Reap dead connection: [DummyConnection Server connection - model.nation.spanish]
Apr 20, 2018 4:12:33 PM net.sf.freecol.server.networking.Server sendToAll
INFO: Reap dead connection: [DummyConnection Server connection - model.nation.english]
Apr 20, 2018 4:12:33 PM net.sf.freecol.common.networking.DOMMessage clientError
WARNING: Naval unit unit:250 can not embark.
Apr 20, 2018 4:12:33 PM net.sf.freecol.common.networking.DOMMessage clientError
WARNING: Carrier: unit:248 can not carry unit:252: CAPACITY_EXCEEDED
Apr 20, 2018 4:12:33 PM net.sf.freecol.common.model.Specification applyDifficultyLevel
INFO: Applying difficulty level model.difficulty.medium
Apr 20, 2018 4:12:33 PM net.sf.freecol.common.FreeColSeed getFreeColSeed
INFO: Using seed: 2349407795374169107
Apr 20, 2018 4:12:33 PM net.sf.freecol.server.networking.Server sendToAll
INFO: Reap dead connection: [DummyConnection Server connection - model.nation.french]
Apr 20, 2018 4:12:33 PM net.sf.freecol.server.networking.Server sendToAll
INFO: Reap dead connection: [DummyConnection Server connection - model.nation.english]
Apr 20, 2018 4:12:33 PM net.sf.freecol.server.networking.Server sendToAll
INFO: Reap dead connection: [DummyConnection Server connection - model.nation.arawak]
Apr 20, 2018 4:12:33 PM net.sf.freecol.server.networking.Server sendToAll
INFO: Reap dead connection: [DummyConnection Server connection - model.nation.inca]
Apr 20, 2018 4:12:33 PM net.sf.freecol.server.networking.Server sendToAll
INFO: Reap dead connection: [DummyConnection Server connection - model.nation.tupi]
Apr 20, 2018 4:12:33 PM net.sf.freecol.server.networking.Server sendToAll
INFO: Reap dead connection: [DummyConnection Server connection - model.nation.apache]
Apr 20, 2018 4:12:33 PM net.sf.freecol.server.networking.Server sendToAll
INFO: Reap dead connection: [DummyConnection Server connection - model.nation.dutch]
Apr 20, 2018 4:12:33 PM net.sf.freecol.server.networking.Server sendToAll
INFO: Reap dead connection: [DummyConnection Server connection - model.nation.aztec]
Apr 20, 2018 4:12:33 PM net.sf.freecol.server.networking.Server sendToAll
INFO: Reap dead connection: [DummyConnection Server connection - model.nation.spanish]
Apr 20, 2018 4:12:33 PM net.sf.freecol.server.networking.Server sendToAll
INFO: Reap dead connection: [DummyConnection Server connection - model.nation.cherokee]
Apr 20, 2018 4:12:33 PM net.sf.freecol.server.networking.Server sendToAll
INFO: Reap dead connection: [DummyConnection Server connection - model.nation.sioux]
Apr 20, 2018 4:12:33 PM net.sf.freecol.server.networking.Server sendToAll
INFO: Reap dead connection: [DummyConnection Server connection - model.nation.iroquois]
Apr 20, 2018 4:12:33 PM net.sf.freecol.server.model.ServerPlayer csChangeStance
INFO: Stance modification William I UNCONTACTED -> WAR wrt Louis XIV
Apr 20, 2018 4:12:33 PM net.sf.freecol.server.model.ServerPlayer csChangeStance
INFO: Stance modification Louis XIV UNCONTACTED -> WAR wrt William I (symmetric)
Apr 20, 2018 4:12:33 PM net.sf.freecol.common.util.LogBuilder log
INFO: Combat attacker=unit:247-veteranSoldier-soldier [Modifier model.modifier.offence (model.source.baseOffence) ADDITIVE 0.0 index=10] [Modifier model.modifier.offence (model.role.soldier) ADDITIVE 2.0 index=30] [Modifier model.modifier.offence (model.unit.veteranSoldier) PERCENTAGE 50.0 index=40] [Modifier model.modifier.attackBonus (model.source.attackBonus) PERCENTAGE 50.0 index=50] = 4.5 defender=unit:248-freeColonist-soldier [Modifier model.modifier.defence (model.source.baseDefence) ADDITIVE 1.0 index=10] [Modifier model.modifier.defence (model.role.soldier) ADDITIVE 1.0 index=30] = 2.0 odds=0.6923076923076923 random(1.0)=0.7123076915740967 great=false Attack LOSE LOSE_EQUIP
Apr 20, 2018 4:12:33 PM net.sf.freecol.common.util.LogBuilder log
INFO: Combat attacker=unit:247-veteranSoldier [Modifier model.modifier.offence (model.source.baseOffence) ADDITIVE 0.0 index=10] [Modifier model.modifier.offence (model.unit.veteranSoldier) PERCENTAGE 50.0 index=40] [Modifier model.modifier.attackBonus (model.source.attackBonus) PERCENTAGE 50.0 index=50] = 0.0 defender=unit:248-freeColonist-soldier [Modifier model.modifier.defence (model.source.baseDefence) ADDITIVE 1.0 index=10] [Modifier model.modifier.defence (model.role.soldier) ADDITIVE 1.0 index=30] = 2.0 odds=0.0 random(1.0)=0.019999999552965164 great=false Attack LOSE CAPTURE_UNIT
Apr 20, 2018 4:12:33 PM net.sf.freecol.common.model.Specification applyDifficultyLevel
INFO: Applying difficulty level model.difficulty.medium
Apr 20, 2018 4:12:33 PM net.sf.freecol.common.FreeColSeed getFreeColSeed
INFO: Using seed: -3578615678483361959
Apr 20, 2018 4:12:33 PM net.sf.freecol.server.networking.Server sendToAll
INFO: Reap dead connection: [DummyConnection Server connection - model.nation.french]
Apr 20, 2018 4:12:33 PM net.sf.freecol.server.networking.Server sendToAll
INFO: Reap dead connection: [DummyConnection Server connection - model.nation.sioux]
Apr 20, 2018 4:12:33 PM net.sf.freecol.server.networking.Server sendToAll
INFO: Reap dead connection: [DummyConnection Server connection - model.nation.english]
Apr 20, 2018 4:12:33 PM net.sf.freecol.server.networking.Server sendToAll
INFO: Reap dead connection: [DummyConnection Server connection - model.nation.arawak]
Apr 20, 2018 4:12:33 PM net.sf.freecol.server.networking.Server sendToAll
INFO: Reap dead connection: [DummyConnection Server connection - model.nation.inca]
Apr 20, 2018 4:12:33 PM net.sf.freecol.server.networking.Server sendToAll
INFO: Reap dead connection: [DummyConnection Server connection - model.nation.spanish]
Apr 20, 2018 4:12:33 PM net.sf.freecol.server.networking.Server sendToAll
INFO: Reap dead connection: [DummyConnection Server connection - model.nation.dutch]
Apr 20, 2018 4:12:33 PM net.sf.freecol.server.networking.Server sendToAll
INFO: Reap dead connection: [DummyConnection Server connection - model.nation.cherokee]
Apr 20, 2018 4:12:33 PM net.sf.freecol.server.networking.Server sendToAll
INFO: Reap dead connection: [DummyConnection Server connection - model.nation.tupi]
Apr 20, 2018 4:12:33 PM net.sf.freecol.server.networking.Server sendToAll
INFO: Reap dead connection: [DummyConnection Server connection - model.nation.aztec]
Apr 20, 2018 4:12:33 PM net.sf.freecol.server.networking.Server sendToAll
INFO: Reap dead connection: [DummyConnection Server connection - model.nation.iroquois]
Apr 20, 2018 4:12:33 PM net.sf.freecol.server.networking.Server sendToAll
INFO: Reap dead connection: [DummyConnection Server connection - model.nation.apache]
Apr 20, 2018 4:12:33 PM net.sf.freecol.server.model.ServerPlayer csChangeStance
INFO: Stance modification William I UNCONTACTED -> WAR wrt Atahualpa
Apr 20, 2018 4:12:33 PM net.sf.freecol.server.model.ServerPlayer csChangeStance
INFO: Stance modification Atahualpa UNCONTACTED -> WAR wrt William I (symmetric)
Apr 20, 2018 4:12:33 PM net.sf.freecol.common.util.LogBuilder log
INFO: Combat attacker=unit:271-brave-nativeDragoon [Modifier model.modifier.offence (model.source.baseOffence) ADDITIVE 1.0 index=10] [Modifier model.modifier.offence (model.role.nativeDragoon) ADDITIVE 3.0 index=30] [Modifier model.modifier.attackBonus (model.source.attackBonus) PERCENTAGE 50.0 index=50] = 6.0 defender=unit:270-freeColonist [Modifier model.modifier.defence (model.source.baseDefence) ADDITIVE 1.0 index=10] [Modifier model.modifier.defence (model.role.soldier) ADDITIVE 1.0 index=30] [Modifier model.modifier.defence (model.settlement.colony) PERCENTAGE 50.0 index=50] = 3.0 odds=0.6666666666666666 random(1.0)=0.6466666460037231 great=false Attack WIN AUTOEQUIP_UNIT LOSE_AUTOEQUIP
Apr 20, 2018 4:12:33 PM net.sf.freecol.common.model.Specification applyDifficultyLevel
INFO: Applying difficulty level model.difficulty.medium
Apr 20, 2018 4:12:33 PM net.sf.freecol.common.FreeColSeed getFreeColSeed
INFO: Using seed: 3355496086515627244
Apr 20, 2018 4:12:33 PM net.sf.freecol.server.networking.Server sendToAll
INFO: Reap dead connection: [DummyConnection Server connection - model.nation.french]
Apr 20, 2018 4:12:33 PM net.sf.freecol.server.networking.Server sendToAll
INFO: Reap dead connection: [DummyConnection Server connection - model.nation.inca]
Apr 20, 2018 4:12:33 PM net.sf.freecol.server.networking.Server sendToAll
INFO: Reap dead connection: [DummyConnection Server connection - model.nation.spanish]
Apr 20, 2018 4:12:33 PM net.sf.freecol.server.networking.Server sendToAll
INFO: Reap dead connection: [DummyConnection Server connection - model.nation.arawak]
Apr 20, 2018 4:12:33 PM net.sf.freecol.server.networking.Server sendToAll
INFO: Reap dead connection: [DummyConnection Server connection - model.nation.english]
Apr 20, 2018 4:12:33 PM net.sf.freecol.server.networking.Server sendToAll
INFO: Reap dead connection: [DummyConnection Server connection - model.nation.cherokee]
Apr 20, 2018 4:12:33 PM net.sf.freecol.server.networking.Server sendToAll
INFO: Reap dead connection: [DummyConnection Server connection - model.nation.dutch]
Apr 20, 2018 4:12:33 PM net.sf.freecol.server.networking.Server sendToAll
INFO: Reap dead connection: [DummyConnection Server connection - model.nation.tupi]
Apr 20, 2018 4:12:33 PM net.sf.freecol.server.networking.Server sendToAll
INFO: Reap dead connection: [DummyConnection Server connection - model.nation.aztec]
Apr 20, 2018 4:12:33 PM net.sf.freecol.server.networking.Server sendToAll
INFO: Reap dead connection: [DummyConnection Server connection - model.nation.sioux]
Apr 20, 2018 4:12:33 PM net.sf.freecol.server.networking.Server sendToAll
INFO: Reap dead connection: [DummyConnection Server connection - model.nation.apache]
Apr 20, 2018 4:12:33 PM net.sf.freecol.server.networking.Server sendToAll
INFO: Reap dead connection: [DummyConnection Server connection - model.nation.iroquois]
Apr 20, 2018 4:12:33 PM net.sf.freecol.common.model.Specification applyDifficultyLevel
INFO: Applying difficulty level model.difficulty.medium
Apr 20, 2018 4:12:33 PM net.sf.freecol.common.FreeColSeed getFreeColSeed
INFO: Using seed: 5353617906176985597
Apr 20, 2018 4:12:33 PM net.sf.freecol.server.networking.Server sendToAll
INFO: Reap dead connection: [DummyConnection Server connection - model.nation.dutch]
Apr 20, 2018 4:12:33 PM net.sf.freecol.server.networking.Server sendToAll
INFO: Reap dead connection: [DummyConnection Server connection - model.nation.sioux]
Apr 20, 2018 4:12:33 PM net.sf.freecol.server.networking.Server sendToAll
INFO: Reap dead connection: [DummyConnection Server connection - model.nation.cherokee]
Apr 20, 2018 4:12:33 PM net.sf.freecol.server.networking.Server sendToAll
INFO: Reap dead connection: [DummyConnection Server connection - model.nation.french]
Apr 20, 2018 4:12:33 PM net.sf.freecol.server.networking.Server sendToAll
INFO: Reap dead connection: [DummyConnection Server connection - model.nation.spanish]
Apr 20, 2018 4:12:33 PM net.sf.freecol.server.networking.Server sendToAll
INFO: Reap dead connection: [DummyConnection Server connection - model.nation.tupi]
Apr 20, 2018 4:12:33 PM net.sf.freecol.server.networking.Server sendToAll
INFO: Reap dead connection: [DummyConnection Server connection - model.nation.english]
Apr 20, 2018 4:12:33 PM net.sf.freecol.server.networking.Server sendToAll
INFO: Reap dead connection: [DummyConnection Server connection - model.nation.apache]
Apr 20, 2018 4:12:33 PM net.sf.freecol.server.networking.Server sendToAll
INFO: Reap dead connection: [DummyConnection Server connection - model.nation.arawak]
Apr 20, 2018 4:12:33 PM net.sf.freecol.server.networking.Server sendToAll
INFO: Reap dead connection: [DummyConnection Server connection - model.nation.inca]
Apr 20, 2018 4:12:33 PM net.sf.freecol.server.networking.Server sendToAll
INFO: Reap dead connection: [DummyConnection Server connection - model.nation.aztec]
Apr 20, 2018 4:12:33 PM net.sf.freecol.server.networking.Server sendToAll
INFO: Reap dead connection: [DummyConnection Server connection - model.nation.iroquois]
Apr 20, 2018 4:12:33 PM net.sf.freecol.server.model.ServerPlayer csChangeStance
INFO: Stance modification William I UNCONTACTED -> WAR wrt Louis XIV
Apr 20, 2018 4:12:33 PM net.sf.freecol.server.model.ServerPlayer csChangeStance
INFO: Stance modification Louis XIV UNCONTACTED -> WAR wrt William I (symmetric)
Apr 20, 2018 4:12:33 PM net.sf.freecol.common.util.LogBuilder log
INFO: Combat attacker=unit:247-freeColonist [Modifier model.modifier.offence (model.source.baseOffence) ADDITIVE 0.0 index=10] [Modifier model.modifier.attackBonus (model.source.attackBonus) PERCENTAGE 50.0 index=50] = 0.0 defender=unit:248-freeColonist-soldier [Modifier model.modifier.defence (model.source.baseDefence) ADDITIVE 1.0 index=10] [Modifier model.modifier.defence (model.role.soldier) ADDITIVE 1.0 index=30] = 2.0 odds=0.0 random(1.0)=0.019999999552965164 great=false Attack LOSE CAPTURE_UNIT
Apr 20, 2018 4:12:33 PM net.sf.freecol.common.model.Specification applyDifficultyLevel
INFO: Applying difficulty level model.difficulty.medium
Apr 20, 2018 4:12:33 PM net.sf.freecol.common.FreeColSeed getFreeColSeed
INFO: Using seed: 6377202524697783275
Apr 20, 2018 4:12:33 PM net.sf.freecol.server.networking.Server sendToAll
INFO: Reap dead connection: [DummyConnection Server connection - model.nation.aztec]
Apr 20, 2018 4:12:33 PM net.sf.freecol.server.networking.Server sendToAll
INFO: Reap dead connection: [DummyConnection Server connection - model.nation.dutch]
Apr 20, 2018 4:12:33 PM net.sf.freecol.server.networking.Server sendToAll
INFO: Reap dead connection: [DummyConnection Server connection - model.nation.tupi]
Apr 20, 2018 4:12:33 PM net.sf.freecol.server.networking.Server sendToAll
INFO: Reap dead connection: [DummyConnection Server connection - model.nation.french]
Apr 20, 2018 4:12:33 PM net.sf.freecol.server.networking.Server sendToAll
INFO: Reap dead connection: [DummyConnection Server connection - model.nation.apache]
Apr 20, 2018 4:12:33 PM net.sf.freecol.server.networking.Server sendToAll
INFO: Reap dead connection: [DummyConnection Server connection - model.nation.arawak]
Apr 20, 2018 4:12:33 PM net.sf.freecol.server.networking.Server sendToAll
INFO: Reap dead connection: [DummyConnection Server connection - model.nation.cherokee]
Apr 20, 2018 4:12:33 PM net.sf.freecol.server.networking.Server sendToAll
INFO: Reap dead connection: [DummyConnection Server connection - model.nation.inca]
Apr 20, 2018 4:12:33 PM net.sf.freecol.server.networking.Server sendToAll
INFO: Reap dead connection: [DummyConnection Server connection - model.nation.sioux]
Apr 20, 2018 4:12:33 PM net.sf.freecol.server.networking.Server sendToAll
INFO: Reap dead connection: [DummyConnection Server connection - model.nation.spanish]
Apr 20, 2018 4:12:33 PM net.sf.freecol.server.networking.Server sendToAll
INFO: Reap dead connection: [DummyConnection Server connection - model.nation.iroquois]
Apr 20, 2018 4:12:33 PM net.sf.freecol.server.networking.Server sendToAll
INFO: Reap dead connection: [DummyConnection Server connection - model.nation.english]
Apr 20, 2018 4:12:33 PM net.sf.freecol.server.model.ServerPlayer csChangeStance
INFO: Stance modification William I UNCONTACTED -> WAR wrt Louis XIV
Apr 20, 2018 4:12:33 PM net.sf.freecol.server.model.ServerPlayer csChangeStance
INFO: Stance modification Louis XIV UNCONTACTED -> WAR wrt William I (symmetric)
Apr 20, 2018 4:12:33 PM net.sf.freecol.common.util.LogBuilder log
INFO: Combat attacker=unit:247-freeColonist-scout [Modifier model.modifier.offence (model.source.baseOffence) ADDITIVE 0.0 index=10] [Modifier model.modifier.offence (model.role.scout) ADDITIVE 1.0 index=30] [Modifier model.modifier.attackBonus (model.source.attackBonus) PERCENTAGE 50.0 index=50] = 1.5 defender=unit:248-freeColonist-soldier [Modifier model.modifier.defence (model.source.baseDefence) ADDITIVE 1.0 index=10] [Modifier model.modifier.defence (model.role.soldier) ADDITIVE 1.0 index=30] = 2.0 odds=0.42857142857142855 random(1.0)=0.44857141375541687 great=false Attack LOSE SLAUGHTER_UNIT
Apr 20, 2018 4:12:33 PM net.sf.freecol.common.util.LogBuilder log
INFO: Destroying: unit:247
Apr 20, 2018 4:12:33 PM net.sf.freecol.common.model.Specification applyDifficultyLevel
INFO: Applying difficulty level model.difficulty.medium
Apr 20, 2018 4:12:33 PM net.sf.freecol.common.FreeColSeed getFreeColSeed
INFO: Using seed: 5998754346324345356
Apr 20, 2018 4:12:33 PM net.sf.freecol.server.networking.Server sendToAll
INFO: Reap dead connection: [DummyConnection Server connection - model.nation.sioux]
Apr 20, 2018 4:12:33 PM net.sf.freecol.server.networking.Server sendToAll
INFO: Reap dead connection: [DummyConnection Server connection - model.nation.arawak]
Apr 20, 2018 4:12:33 PM net.sf.freecol.server.networking.Server sendToAll
INFO: Reap dead connection: [DummyConnection Server connection - model.nation.aztec]
Apr 20, 2018 4:12:33 PM net.sf.freecol.server.networking.Server sendToAll
INFO: Reap dead connection: [DummyConnection Server connection - model.nation.cherokee]
Apr 20, 2018 4:12:33 PM net.sf.freecol.server.networking.Server sendToAll
INFO: Reap dead connection: [DummyConnection Server connection - model.nation.french]
Apr 20, 2018 4:12:33 PM net.sf.freecol.server.networking.Server sendToAll
INFO: Reap dead connection: [DummyConnection Server connection - model.nation.inca]
Apr 20, 2018 4:12:33 PM net.sf.freecol.server.networking.Server sendToAll
INFO: Reap dead connection: [DummyConnection Server connection - model.nation.spanish]
Apr 20, 2018 4:12:33 PM net.sf.freecol.server.networking.Server sendToAll
INFO: Reap dead connection: [DummyConnection Server connection - model.nation.english]
Apr 20, 2018 4:12:33 PM net.sf.freecol.server.networking.Server sendToAll
INFO: Reap dead connection: [DummyConnection Server connection - model.nation.iroquois]
Apr 20, 2018 4:12:33 PM net.sf.freecol.server.networking.Server sendToAll
INFO: Reap dead connection: [DummyConnection Server connection - model.nation.dutch]
Apr 20, 2018 4:12:33 PM net.sf.freecol.server.networking.Server sendToAll
INFO: Reap dead connection: [DummyConnection Server connection - model.nation.tupi]
Apr 20, 2018 4:12:33 PM net.sf.freecol.server.networking.Server sendToAll
INFO: Reap dead connection: [DummyConnection Server connection - model.nation.apache]
Apr 20, 2018 4:12:33 PM net.sf.freecol.common.model.Specification applyDifficultyLevel
INFO: Applying difficulty level model.difficulty.medium
Apr 20, 2018 4:12:33 PM net.sf.freecol.common.FreeColSeed getFreeColSeed
INFO: Using seed: -6215274984335897938
Apr 20, 2018 4:12:33 PM net.sf.freecol.server.networking.Server sendToAll
INFO: Reap dead connection: [DummyConnection Server connection - model.nation.cherokee]
Apr 20, 2018 4:12:33 PM net.sf.freecol.server.networking.Server sendToAll
INFO: Reap dead connection: [DummyConnection Server connection - model.nation.iroquois]
Apr 20, 2018 4:12:33 PM net.sf.freecol.server.networking.Server sendToAll
INFO: Reap dead connection: [DummyConnection Server connection - model.nation.sioux]
Apr 20, 2018 4:12:33 PM net.sf.freecol.server.networking.Server sendToAll
INFO: Reap dead connection: [DummyConnection Server connection - model.nation.spanish]
Apr 20, 2018 4:12:33 PM net.sf.freecol.server.networking.Server sendToAll
INFO: Reap dead connection: [DummyConnection Server connection - model.nation.apache]
Apr 20, 2018 4:12:33 PM net.sf.freecol.server.networking.Server sendToAll
INFO: Reap dead connection: [DummyConnection Server connection - model.nation.french]
Apr 20, 2018 4:12:33 PM net.sf.freecol.server.networking.Server sendToAll
INFO: Reap dead connection: [DummyConnection Server connection - model.nation.english]
Apr 20, 2018 4:12:33 PM net.sf.freecol.server.networking.Server sendToAll
INFO: Reap dead connection: [DummyConnection Server connection - model.nation.arawak]
Apr 20, 2018 4:12:33 PM net.sf.freecol.server.networking.Server sendToAll
INFO: Reap dead connection: [DummyConnection Server connection - model.nation.dutch]
Apr 20, 2018 4:12:33 PM net.sf.freecol.server.networking.Server sendToAll
INFO: Reap dead connection: [DummyConnection Server connection - model.nation.inca]
Apr 20, 2018 4:12:33 PM net.sf.freecol.server.networking.Server sendToAll
INFO: Reap dead connection: [DummyConnection Server connection - model.nation.tupi]
Apr 20, 2018 4:12:33 PM net.sf.freecol.server.networking.Server sendToAll
INFO: Reap dead connection: [DummyConnection Server connection - model.nation.aztec]
Apr 20, 2018 4:12:33 PM net.sf.freecol.server.model.ServerPlayer csChangeStance
INFO: Stance modification William I UNCONTACTED -> WAR wrt Atahualpa
Apr 20, 2018 4:12:33 PM net.sf.freecol.server.model.ServerPlayer csChangeStance
INFO: Stance modification Atahualpa UNCONTACTED -> WAR wrt William I (symmetric)
Apr 20, 2018 4:12:33 PM net.sf.freecol.common.util.LogBuilder log
INFO: Combat attacker=unit:272-brave-nativeDragoon [Modifier model.modifier.offence (model.source.baseOffence) ADDITIVE 1.0 index=10] [Modifier model.modifier.offence (model.role.nativeDragoon) ADDITIVE 3.0 index=30] [Modifier model.modifier.attackBonus (model.source.attackBonus) PERCENTAGE 50.0 index=50] = 6.0 defender=unit:271-veteranSoldier-dragoon [Modifier model.modifier.defence (model.source.baseDefence) ADDITIVE 1.0 index=10] [Modifier model.modifier.defence (model.role.dragoon) ADDITIVE 2.0 index=30] [Modifier model.modifier.defence (model.unit.veteranSoldier) PERCENTAGE 50.0 index=40] [Modifier model.modifier.defence (model.settlement.colony) PERCENTAGE 50.0 index=50] = 6.75 odds=0.47058823529411764 random(1.0)=0.4505882263183594 great=false Attack WIN LOSE_EQUIP
Apr 20, 2018 4:12:33 PM net.sf.freecol.common.util.LogBuilder log
INFO: Combat attacker=unit:272-brave-nativeDragoon [Modifier model.modifier.offence (model.source.baseOffence) ADDITIVE 1.0 index=10] [Modifier model.modifier.offence (model.role.nativeDragoon) ADDITIVE 3.0 index=30] [Modifier model.modifier.attackBonus (model.source.attackBonus) PERCENTAGE 50.0 index=50] = 6.0 defender=unit:271-veteranSoldier-soldier [Modifier model.modifier.defence (model.source.baseDefence) ADDITIVE 1.0 index=10] [Modifier model.modifier.defence (model.role.soldier) ADDITIVE 1.0 index=30] [Modifier model.modifier.defence (model.unit.veteranSoldier) PERCENTAGE 50.0 index=40] [Modifier model.modifier.defence (model.settlement.colony) PERCENTAGE 50.0 index=50] = 4.5 odds=0.5714285714285714 random(1.0)=0.5514285564422607 great=false Attack WIN LOSE_EQUIP
Apr 20, 2018 4:12:33 PM net.sf.freecol.common.util.LogBuilder log
INFO: Combat attacker=unit:272-brave-nativeDragoon [Modifier model.modifier.offence (model.source.baseOffence) ADDITIVE 1.0 index=10] [Modifier model.modifier.offence (model.role.nativeDragoon) ADDITIVE 3.0 index=30] [Modifier model.modifier.attackBonus (model.source.attackBonus) PERCENTAGE 50.0 index=50] = 6.0 defender=unit:271-veteranSoldier [Modifier model.modifier.defence (model.source.baseDefence) ADDITIVE 1.0 index=10] [Modifier model.modifier.defence (model.unit.veteranSoldier) PERCENTAGE 50.0 index=40] [Modifier model.modifier.defence (model.settlement.colony) PERCENTAGE 50.0 index=50] = 2.25 odds=0.7272727272727273 random(1.0)=0.7072727084159851 great=false Attack WIN SLAUGHTER_UNIT
Apr 20, 2018 4:12:33 PM net.sf.freecol.common.util.LogBuilder log
INFO: Destroying: unit:271
Apr 20, 2018 4:12:33 PM net.sf.freecol.common.util.LogBuilder log
INFO: Combat attacker=unit:272-brave-nativeDragoon [Modifier model.modifier.offence (model.source.baseOffence) ADDITIVE 1.0 index=10] [Modifier model.modifier.offence (model.role.nativeDragoon) ADDITIVE 3.0 index=30] [Modifier model.modifier.attackBonus (model.source.attackBonus) PERCENTAGE 50.0 index=50] = 6.0 defender=unit:270-freeColonist [Modifier model.modifier.defence (model.source.baseDefence) ADDITIVE 1.0 index=10] [Modifier model.modifier.defence (model.settlement.colony) PERCENTAGE 50.0 index=50] = 1.5 odds=0.8 random(1.0)=0.7799999713897705 great=false Attack WIN PILLAGE_COLONY
Apr 20, 2018 4:12:33 PM net.sf.freecol.common.util.LogBuilder log
INFO: Destroying: building:274
Apr 20, 2018 4:12:33 PM net.sf.freecol.common.util.LogBuilder log
INFO: Combat attacker=unit:272-brave-nativeDragoon [Modifier model.modifier.offence (model.source.baseOffence) ADDITIVE 1.0 index=10] [Modifier model.modifier.offence (model.role.nativeDragoon) ADDITIVE 3.0 index=30] [Modifier model.modifier.attackBonus (model.source.attackBonus) PERCENTAGE 50.0 index=50] = 6.0 defender=unit:270-freeColonist [Modifier model.modifier.defence (model.source.baseDefence) ADDITIVE 1.0 index=10] [Modifier model.modifier.defence (model.settlement.colony) PERCENTAGE 50.0 index=50] = 1.5 odds=0.8 random(1.0)=0.7799999713897705 great=false Attack WIN PILLAGE_COLONY
Apr 20, 2018 4:12:33 PM net.sf.freecol.common.util.LogBuilder log
INFO: Combat attacker=unit:272-brave-nativeDragoon [Modifier model.modifier.offence (model.source.baseOffence) ADDITIVE 1.0 index=10] [Modifier model.modifier.offence (model.role.nativeDragoon) ADDITIVE 3.0 index=30] [Modifier model.modifier.attackBonus (model.source.attackBonus) PERCENTAGE 50.0 index=50] = 6.0 defender=unit:270-freeColonist [Modifier model.modifier.defence (model.source.baseDefence) ADDITIVE 1.0 index=10] [Modifier model.modifier.defence (model.settlement.colony) PERCENTAGE 50.0 index=50] = 1.5 odds=0.8 random(1.0)=0.7799999713897705 great=false Attack WIN PILLAGE_COLONY
Apr 20, 2018 4:12:33 PM net.sf.freecol.common.util.LogBuilder log
INFO: Combat attacker=unit:272-brave-nativeDragoon [Modifier model.modifier.offence (model.source.baseOffence) ADDITIVE 1.0 index=10] [Modifier model.modifier.offence (model.role.nativeDragoon) ADDITIVE 3.0 index=30] [Modifier model.modifier.attackBonus (model.source.attackBonus) PERCENTAGE 50.0 index=50] = 6.0 defender=unit:270-freeColonist [Modifier model.modifier.defence (model.source.baseDefence) ADDITIVE 1.0 index=10] [Modifier model.modifier.defence (model.settlement.colony) PERCENTAGE 50.0 index=50] = 1.5 odds=0.8 random(1.0)=0.7799999713897705 great=false Attack WIN PILLAGE_COLONY
Apr 20, 2018 4:12:33 PM net.sf.freecol.common.util.LogBuilder log
INFO: Combat attacker=unit:272-brave-nativeDragoon [Modifier model.modifier.offence (model.source.baseOffence) ADDITIVE 1.0 index=10] [Modifier model.modifier.offence (model.role.nativeDragoon) ADDITIVE 3.0 index=30] [Modifier model.modifier.attackBonus (model.source.attackBonus) PERCENTAGE 50.0 index=50] = 6.0 defender=unit:270-freeColonist [Modifier model.modifier.defence (model.source.baseDefence) ADDITIVE 1.0 index=10] [Modifier model.modifier.defence (model.settlement.colony) PERCENTAGE 50.0 index=50] = 1.5 odds=0.8 random(1.0)=0.7799999713897705 great=false Attack WIN SLAUGHTER_UNIT DESTROY_COLONY
Apr 20, 2018 4:12:33 PM net.sf.freecol.common.util.LogBuilder log
INFO: Destroying: unit:270
Apr 20, 2018 4:12:33 PM net.sf.freecol.common.util.LogBuilder log
INFO: Destroying: colonyTile:249 colonyTile:250 colonyTile:251 colonyTile:252 colonyTile:253 colonyTile:254 colonyTile:255 colonyTile:256 colonyTile:257 building:258 building:260 building:259 building:262 building:266 building:267 building:261 building:263 building:264 building:265 goodsContainer:248 colony:247
Apr 20, 2018 4:12:33 PM net.sf.freecol.common.model.Specification applyDifficultyLevel
INFO: Applying difficulty level model.difficulty.medium
Apr 20, 2018 4:12:33 PM net.sf.freecol.common.FreeColSeed getFreeColSeed
INFO: Using seed: 160267434586291221
Apr 20, 2018 4:12:33 PM net.sf.freecol.server.networking.Server sendToAll
INFO: Reap dead connection: [DummyConnection Server connection - model.nation.aztec]
Apr 20, 2018 4:12:33 PM net.sf.freecol.server.networking.Server sendToAll
INFO: Reap dead connection: [DummyConnection Server connection - model.nation.english]
Apr 20, 2018 4:12:33 PM net.sf.freecol.server.networking.Server sendToAll
INFO: Reap dead connection: [DummyConnection Server connection - model.nation.tupi]
Apr 20, 2018 4:12:33 PM net.sf.freecol.server.networking.Server sendToAll
INFO: Reap dead connection: [DummyConnection Server connection - model.nation.arawak]
Apr 20, 2018 4:12:33 PM net.sf.freecol.server.networking.Server sendToAll
INFO: Reap dead connection: [DummyConnection Server connection - model.nation.sioux]
Apr 20, 2018 4:12:33 PM net.sf.freecol.server.networking.Server sendToAll
INFO: Reap dead connection: [DummyConnection Server connection - model.nation.dutch]
Apr 20, 2018 4:12:33 PM net.sf.freecol.server.networking.Server sendToAll
INFO: Reap dead connection: [DummyConnection Server connection - model.nation.inca]
Apr 20, 2018 4:12:33 PM net.sf.freecol.server.networking.Server sendToAll
INFO: Reap dead connection: [DummyConnection Server connection - model.nation.spanish]
Apr 20, 2018 4:12:33 PM net.sf.freecol.server.networking.Server sendToAll
INFO: Reap dead connection: [DummyConnection Server connection - model.nation.apache]
Apr 20, 2018 4:12:33 PM net.sf.freecol.server.networking.Server sendToAll
INFO: Reap dead connection: [DummyConnection Server connection - model.nation.cherokee]
Apr 20, 2018 4:12:33 PM net.sf.freecol.server.networking.Server sendToAll
INFO: Reap dead connection: [DummyConnection Server connection - model.nation.iroquois]
Apr 20, 2018 4:12:33 PM net.sf.freecol.server.networking.Server sendToAll
INFO: Reap dead connection: [DummyConnection Server connection - model.nation.french]
Apr 20, 2018 4:12:33 PM net.sf.freecol.common.model.Specification applyDifficultyLevel
INFO: Applying difficulty level model.difficulty.medium
Apr 20, 2018 4:12:33 PM net.sf.freecol.common.FreeColSeed getFreeColSeed
INFO: Using seed: -3799624140225632724
Apr 20, 2018 4:12:33 PM net.sf.freecol.server.networking.Server sendToAll
INFO: Reap dead connection: [DummyConnection Server connection - model.nation.aztec]
Apr 20, 2018 4:12:33 PM net.sf.freecol.server.networking.Server sendToAll
INFO: Reap dead connection: [DummyConnection Server connection - model.nation.dutch]
Apr 20, 2018 4:12:33 PM net.sf.freecol.server.networking.Server sendToAll
INFO: Reap dead connection: [DummyConnection Server connection - model.nation.iroquois]
Apr 20, 2018 4:12:33 PM net.sf.freecol.server.networking.Server sendToAll
INFO: Reap dead connection: [DummyConnection Server connection - model.nation.tupi]
Apr 20, 2018 4:12:33 PM net.sf.freecol.server.networking.Server sendToAll
INFO: Reap dead connection: [DummyConnection Server connection - model.nation.inca]
Apr 20, 2018 4:12:33 PM net.sf.freecol.server.networking.Server sendToAll
INFO: Reap dead connection: [DummyConnection Server connection - model.nation.apache]
Apr 20, 2018 4:12:33 PM net.sf.freecol.server.networking.Server sendToAll
INFO: Reap dead connection: [DummyConnection Server connection - model.nation.french]
Apr 20, 2018 4:12:33 PM net.sf.freecol.server.networking.Server sendToAll
INFO: Reap dead connection: [DummyConnection Server connection - model.nation.english]
Apr 20, 2018 4:12:33 PM net.sf.freecol.server.networking.Server sendToAll
INFO: Reap dead connection: [DummyConnection Server connection - model.nation.spanish]
Apr 20, 2018 4:12:33 PM net.sf.freecol.server.networking.Server sendToAll
INFO: Reap dead connection: [DummyConnection Server connection - model.nation.sioux]
Apr 20, 2018 4:12:33 PM net.sf.freecol.server.networking.Server sendToAll
INFO: Reap dead connection: [DummyConnection Server connection - model.nation.arawak]
Apr 20, 2018 4:12:33 PM net.sf.freecol.server.networking.Server sendToAll
INFO: Reap dead connection: [DummyConnection Server connection - model.nation.cherokee]
Apr 20, 2018 4:12:33 PM net.sf.freecol.common.model.Specification applyDifficultyLevel
INFO: Applying difficulty level model.difficulty.medium
Apr 20, 2018 4:12:33 PM net.sf.freecol.common.FreeColSeed getFreeColSeed
INFO: Using seed: -238480720016441069
Apr 20, 2018 4:12:33 PM net.sf.freecol.server.networking.Server sendToAll
INFO: Reap dead connection: [DummyConnection Server connection - model.nation.inca]
Apr 20, 2018 4:12:33 PM net.sf.freecol.server.networking.Server sendToAll
INFO: Reap dead connection: [DummyConnection Server connection - model.nation.arawak]
Apr 20, 2018 4:12:33 PM net.sf.freecol.server.networking.Server sendToAll
INFO: Reap dead connection: [DummyConnection Server connection - model.nation.french]
Apr 20, 2018 4:12:33 PM net.sf.freecol.server.networking.Server sendToAll
INFO: Reap dead connection: [DummyConnection Server connection - model.nation.apache]
Apr 20, 2018 4:12:33 PM net.sf.freecol.server.networking.Server sendToAll
INFO: Reap dead connection: [DummyConnection Server connection - model.nation.english]
Apr 20, 2018 4:12:33 PM net.sf.freecol.server.networking.Server sendToAll
INFO: Reap dead connection: [DummyConnection Server connection - model.nation.aztec]
Apr 20, 2018 4:12:33 PM net.sf.freecol.server.networking.Server sendToAll
INFO: Reap dead connection: [DummyConnection Server connection - model.nation.spanish]
Apr 20, 2018 4:12:33 PM net.sf.freecol.server.networking.Server sendToAll
INFO: Reap dead connection: [DummyConnection Server connection - model.nation.iroquois]
Apr 20, 2018 4:12:33 PM net.sf.freecol.server.networking.Server sendToAll
INFO: Reap dead connection: [DummyConnection Server connection - model.nation.dutch]
Apr 20, 2018 4:12:33 PM net.sf.freecol.server.networking.Server sendToAll
INFO: Reap dead connection: [DummyConnection Server connection - model.nation.sioux]
Apr 20, 2018 4:12:33 PM net.sf.freecol.server.networking.Server sendToAll
INFO: Reap dead connection: [DummyConnection Server connection - model.nation.cherokee]
Apr 20, 2018 4:12:33 PM net.sf.freecol.server.networking.Server sendToAll
INFO: Reap dead connection: [DummyConnection Server connection - model.nation.tupi]
Apr 20, 2018 4:12:33 PM net.sf.freecol.common.model.Specification applyDifficultyLevel
INFO: Applying difficulty level model.difficulty.medium
Apr 20, 2018 4:12:33 PM net.sf.freecol.common.FreeColSeed getFreeColSeed
INFO: Using seed: 5044015730168783428
Apr 20, 2018 4:12:33 PM net.sf.freecol.server.networking.Server sendToAll
INFO: Reap dead connection: [DummyConnection Server connection - model.nation.tupi]
Apr 20, 2018 4:12:33 PM net.sf.freecol.server.networking.Server sendToAll
INFO: Reap dead connection: [DummyConnection Server connection - model.nation.spanish]
Apr 20, 2018 4:12:33 PM net.sf.freecol.server.networking.Server sendToAll
INFO: Reap dead connection: [DummyConnection Server connection - model.nation.inca]
Apr 20, 2018 4:12:33 PM net.sf.freecol.server.networking.Server sendToAll
INFO: Reap dead connection: [DummyConnection Server connection - model.nation.sioux]
Apr 20, 2018 4:12:33 PM net.sf.freecol.server.networking.Server sendToAll
INFO: Reap dead connection: [DummyConnection Server connection - model.nation.arawak]
Apr 20, 2018 4:12:33 PM net.sf.freecol.server.networking.Server sendToAll
INFO: Reap dead connection: [DummyConnection Server connection - model.nation.aztec]
Apr 20, 2018 4:12:33 PM net.sf.freecol.server.networking.Server sendToAll
INFO: Reap dead connection: [DummyConnection Server connection - model.nation.cherokee]
Apr 20, 2018 4:12:33 PM net.sf.freecol.server.networking.Server sendToAll
INFO: Reap dead connection: [DummyConnection Server connection - model.nation.iroquois]
Apr 20, 2018 4:12:33 PM net.sf.freecol.server.networking.Server sendToAll
INFO: Reap dead connection: [DummyConnection Server connection - model.nation.english]
Apr 20, 2018 4:12:33 PM net.sf.freecol.server.networking.Server sendToAll
INFO: Reap dead connection: [DummyConnection Server connection - model.nation.apache]
Apr 20, 2018 4:12:33 PM net.sf.freecol.server.networking.Server sendToAll
INFO: Reap dead connection: [DummyConnection Server connection - model.nation.french]
Apr 20, 2018 4:12:33 PM net.sf.freecol.server.networking.Server sendToAll
INFO: Reap dead connection: [DummyConnection Server connection - model.nation.dutch]
Apr 20, 2018 4:12:33 PM net.sf.freecol.common.model.Specification applyDifficultyLevel
INFO: Applying difficulty level model.difficulty.medium
Apr 20, 2018 4:12:33 PM net.sf.freecol.common.FreeColSeed getFreeColSeed
INFO: Using seed: 2421833582921030426
Apr 20, 2018 4:12:33 PM net.sf.freecol.server.networking.Server sendToAll
INFO: Reap dead connection: [DummyConnection Server connection - model.nation.cherokee]
Apr 20, 2018 4:12:33 PM net.sf.freecol.server.networking.Server sendToAll
INFO: Reap dead connection: [DummyConnection Server connection - model.nation.iroquois]
Apr 20, 2018 4:12:33 PM net.sf.freecol.server.networking.Server sendToAll
INFO: Reap dead connection: [DummyConnection Server connection - model.nation.tupi]
Apr 20, 2018 4:12:33 PM net.sf.freecol.server.networking.Server sendToAll
INFO: Reap dead connection: [DummyConnection Server connection - model.nation.apache]
Apr 20, 2018 4:12:33 PM net.sf.freecol.server.networking.Server sendToAll
INFO: Reap dead connection: [DummyConnection Server connection - model.nation.sioux]
Apr 20, 2018 4:12:33 PM net.sf.freecol.server.networking.Server sendToAll
INFO: Reap dead connection: [DummyConnection Server connection - model.nation.dutch]
Apr 20, 2018 4:12:33 PM net.sf.freecol.server.networking.Server sendToAll
INFO: Reap dead connection: [DummyConnection Server connection - model.nation.inca]
Apr 20, 2018 4:12:33 PM net.sf.freecol.server.networking.Server sendToAll
INFO: Reap dead connection: [DummyConnection Server connection - model.nation.english]
Apr 20, 2018 4:12:33 PM net.sf.freecol.server.networking.Server sendToAll
INFO: Reap dead connection: [DummyConnection Server connection - model.nation.arawak]
Apr 20, 2018 4:12:33 PM net.sf.freecol.server.networking.Server sendToAll
INFO: Reap dead connection: [DummyConnection Server connection - model.nation.french]
Apr 20, 2018 4:12:33 PM net.sf.freecol.server.networking.Server sendToAll
INFO: Reap dead connection: [DummyConnection Server connection - model.nation.aztec]
Apr 20, 2018 4:12:33 PM net.sf.freecol.server.networking.Server sendToAll
INFO: Reap dead connection: [DummyConnection Server connection - model.nation.spanish]
Apr 20, 2018 4:12:33 PM net.sf.freecol.common.model.Specification applyDifficultyLevel
INFO: Applying difficulty level model.difficulty.medium
Apr 20, 2018 4:12:33 PM net.sf.freecol.common.FreeColSeed getFreeColSeed
INFO: Using seed: -8027910618777743542
Apr 20, 2018 4:12:33 PM net.sf.freecol.server.networking.Server sendToAll
INFO: Reap dead connection: [DummyConnection Server connection - model.nation.french]
Apr 20, 2018 4:12:33 PM net.sf.freecol.server.networking.Server sendToAll
INFO: Reap dead connection: [DummyConnection Server connection - model.nation.spanish]
Apr 20, 2018 4:12:33 PM net.sf.freecol.server.networking.Server sendToAll
INFO: Reap dead connection: [DummyConnection Server connection - model.nation.aztec]
Apr 20, 2018 4:12:33 PM net.sf.freecol.server.networking.Server sendToAll
INFO: Reap dead connection: [DummyConnection Server connection - model.nation.cherokee]
Apr 20, 2018 4:12:33 PM net.sf.freecol.server.networking.Server sendToAll
INFO: Reap dead connection: [DummyConnection Server connection - model.nation.dutch]
Apr 20, 2018 4:12:33 PM net.sf.freecol.server.networking.Server sendToAll
INFO: Reap dead connection: [DummyConnection Server connection - model.nation.sioux]
Apr 20, 2018 4:12:33 PM net.sf.freecol.server.networking.Server sendToAll
INFO: Reap dead connection: [DummyConnection Server connection - model.nation.tupi]
Apr 20, 2018 4:12:33 PM net.sf.freecol.server.networking.Server sendToAll
INFO: Reap dead connection: [DummyConnection Server connection - model.nation.arawak]
Apr 20, 2018 4:12:33 PM net.sf.freecol.server.networking.Server sendToAll
INFO: Reap dead connection: [DummyConnection Server connection - model.nation.iroquois]
Apr 20, 2018 4:12:33 PM net.sf.freecol.server.networking.Server sendToAll
INFO: Reap dead connection: [DummyConnection Server connection - model.nation.apache]
Apr 20, 2018 4:12:33 PM net.sf.freecol.server.networking.Server sendToAll
INFO: Reap dead connection: [DummyConnection Server connection - model.nation.english]
Apr 20, 2018 4:12:33 PM net.sf.freecol.server.networking.Server sendToAll
INFO: Reap dead connection: [DummyConnection Server connection - model.nation.inca]
Apr 20, 2018 4:12:33 PM net.sf.freecol.common.model.Specification applyDifficultyLevel
INFO: Applying difficulty level model.difficulty.medium
Apr 20, 2018 4:12:33 PM net.sf.freecol.common.FreeColSeed getFreeColSeed
INFO: Using seed: 8382179773705893620
Apr 20, 2018 4:12:33 PM net.sf.freecol.server.networking.Server sendToAll
INFO: Reap dead connection: [DummyConnection Server connection - model.nation.apache]
Apr 20, 2018 4:12:33 PM net.sf.freecol.server.networking.Server sendToAll
INFO: Reap dead connection: [DummyConnection Server connection - model.nation.cherokee]
Apr 20, 2018 4:12:33 PM net.sf.freecol.server.networking.Server sendToAll
INFO: Reap dead connection: [DummyConnection Server connection - model.nation.english]
Apr 20, 2018 4:12:33 PM net.sf.freecol.server.networking.Server sendToAll
INFO: Reap dead connection: [DummyConnection Server connection - model.nation.inca]
Apr 20, 2018 4:12:33 PM net.sf.freecol.server.networking.Server sendToAll
INFO: Reap dead connection: [DummyConnection Server connection - model.nation.sioux]
Apr 20, 2018 4:12:33 PM net.sf.freecol.server.networking.Server sendToAll
INFO: Reap dead connection: [DummyConnection Server connection - model.nation.dutch]
Apr 20, 2018 4:12:33 PM net.sf.freecol.server.networking.Server sendToAll
INFO: Reap dead connection: [DummyConnection Server connection - model.nation.spanish]
Apr 20, 2018 4:12:33 PM net.sf.freecol.server.networking.Server sendToAll
INFO: Reap dead connection: [DummyConnection Server connection - model.nation.iroquois]
Apr 20, 2018 4:12:33 PM net.sf.freecol.server.networking.Server sendToAll
INFO: Reap dead connection: [DummyConnection Server connection - model.nation.arawak]
Apr 20, 2018 4:12:33 PM net.sf.freecol.server.networking.Server sendToAll
INFO: Reap dead connection: [DummyConnection Server connection - model.nation.aztec]
Apr 20, 2018 4:12:33 PM net.sf.freecol.server.networking.Server sendToAll
INFO: Reap dead connection: [DummyConnection Server connection - model.nation.french]
Apr 20, 2018 4:12:33 PM net.sf.freecol.server.networking.Server sendToAll
INFO: Reap dead connection: [DummyConnection Server connection - model.nation.tupi]
Apr 20, 2018 4:12:33 PM net.sf.freecol.common.model.Unit setLocation
WARNING: Can not add [unit:272 dutch pettyCriminal 0/1] to building:258
Apr 20, 2018 4:12:33 PM net.sf.freecol.common.model.Specification applyDifficultyLevel
INFO: Applying difficulty level model.difficulty.medium
Apr 20, 2018 4:12:33 PM net.sf.freecol.common.FreeColSeed getFreeColSeed
INFO: Using seed: -3339272694339554189
Apr 20, 2018 4:12:34 PM net.sf.freecol.server.networking.Server sendToAll
INFO: Reap dead connection: [DummyConnection Server connection - model.nation.french]
Apr 20, 2018 4:12:34 PM net.sf.freecol.server.networking.Server sendToAll
INFO: Reap dead connection: [DummyConnection Server connection - model.nation.apache]
Apr 20, 2018 4:12:34 PM net.sf.freecol.server.networking.Server sendToAll
INFO: Reap dead connection: [DummyConnection Server connection - model.nation.iroquois]
Apr 20, 2018 4:12:34 PM net.sf.freecol.server.networking.Server sendToAll
INFO: Reap dead connection: [DummyConnection Server connection - model.nation.arawak]
Apr 20, 2018 4:12:34 PM net.sf.freecol.server.networking.Server sendToAll
INFO: Reap dead connection: [DummyConnection Server connection - model.nation.cherokee]
Apr 20, 2018 4:12:34 PM net.sf.freecol.server.networking.Server sendToAll
INFO: Reap dead connection: [DummyConnection Server connection - model.nation.sioux]
Apr 20, 2018 4:12:34 PM net.sf.freecol.server.networking.Server sendToAll
INFO: Reap dead connection: [DummyConnection Server connection - model.nation.dutch]
Apr 20, 2018 4:12:34 PM net.sf.freecol.server.networking.Server sendToAll
INFO: Reap dead connection: [DummyConnection Server connection - model.nation.spanish]
Apr 20, 2018 4:12:34 PM net.sf.freecol.server.networking.Server sendToAll
INFO: Reap dead connection: [DummyConnection Server connection - model.nation.tupi]
Apr 20, 2018 4:12:34 PM net.sf.freecol.server.networking.Server sendToAll
INFO: Reap dead connection: [DummyConnection Server connection - model.nation.inca]
Apr 20, 2018 4:12:34 PM net.sf.freecol.server.networking.Server sendToAll
INFO: Reap dead connection: [DummyConnection Server connection - model.nation.aztec]
Apr 20, 2018 4:12:34 PM net.sf.freecol.server.networking.Server sendToAll
INFO: Reap dead connection: [DummyConnection Server connection - model.nation.english]
Apr 20, 2018 4:12:34 PM net.sf.freecol.common.model.Specification applyDifficultyLevel
INFO: Applying difficulty level model.difficulty.medium
Apr 20, 2018 4:12:34 PM net.sf.freecol.common.FreeColSeed getFreeColSeed
INFO: Using seed: -8307031618333325422
Apr 20, 2018 4:12:34 PM net.sf.freecol.server.networking.Server sendToAll
INFO: Reap dead connection: [DummyConnection Server connection - model.nation.apache]
Apr 20, 2018 4:12:34 PM net.sf.freecol.server.networking.Server sendToAll
INFO: Reap dead connection: [DummyConnection Server connection - model.nation.dutch]
Apr 20, 2018 4:12:34 PM net.sf.freecol.server.networking.Server sendToAll
INFO: Reap dead connection: [DummyConnection Server connection - model.nation.iroquois]
Apr 20, 2018 4:12:34 PM net.sf.freecol.server.networking.Server sendToAll
INFO: Reap dead connection: [DummyConnection Server connection - model.nation.english]
Apr 20, 2018 4:12:34 PM net.sf.freecol.server.networking.Server sendToAll
INFO: Reap dead connection: [DummyConnection Server connection - model.nation.cherokee]
Apr 20, 2018 4:12:34 PM net.sf.freecol.server.networking.Server sendToAll
INFO: Reap dead connection: [DummyConnection Server connection - model.nation.inca]
Apr 20, 2018 4:12:34 PM net.sf.freecol.server.networking.Server sendToAll
INFO: Reap dead connection: [DummyConnection Server connection - model.nation.aztec]
Apr 20, 2018 4:12:34 PM net.sf.freecol.server.networking.Server sendToAll
INFO: Reap dead connection: [DummyConnection Server connection - model.nation.french]
Apr 20, 2018 4:12:34 PM net.sf.freecol.server.networking.Server sendToAll
INFO: Reap dead connection: [DummyConnection Server connection - model.nation.spanish]
Apr 20, 2018 4:12:34 PM net.sf.freecol.server.networking.Server sendToAll
INFO: Reap dead connection: [DummyConnection Server connection - model.nation.tupi]
Apr 20, 2018 4:12:34 PM net.sf.freecol.server.networking.Server sendToAll
INFO: Reap dead connection: [DummyConnection Server connection - model.nation.sioux]
Apr 20, 2018 4:12:34 PM net.sf.freecol.server.networking.Server sendToAll
INFO: Reap dead connection: [DummyConnection Server connection - model.nation.arawak]
Apr 20, 2018 4:12:34 PM net.sf.freecol.common.model.Specification applyDifficultyLevel
INFO: Applying difficulty level model.difficulty.medium
Apr 20, 2018 4:12:34 PM net.sf.freecol.common.FreeColSeed getFreeColSeed
INFO: Using seed: 827393058497823311
Apr 20, 2018 4:12:34 PM net.sf.freecol.server.networking.Server sendToAll
INFO: Reap dead connection: [DummyConnection Server connection - model.nation.iroquois]
Apr 20, 2018 4:12:34 PM net.sf.freecol.server.networking.Server sendToAll
INFO: Reap dead connection: [DummyConnection Server connection - model.nation.arawak]
Apr 20, 2018 4:12:34 PM net.sf.freecol.server.networking.Server sendToAll
INFO: Reap dead connection: [DummyConnection Server connection - model.nation.cherokee]
Apr 20, 2018 4:12:34 PM net.sf.freecol.server.networking.Server sendToAll
INFO: Reap dead connection: [DummyConnection Server connection - model.nation.english]
Apr 20, 2018 4:12:34 PM net.sf.freecol.server.networking.Server sendToAll
INFO: Reap dead connection: [DummyConnection Server connection - model.nation.spanish]
Apr 20, 2018 4:12:34 PM net.sf.freecol.server.networking.Server sendToAll
INFO: Reap dead connection: [DummyConnection Server connection - model.nation.dutch]
Apr 20, 2018 4:12:34 PM net.sf.freecol.server.networking.Server sendToAll
INFO: Reap dead connection: [DummyConnection Server connection - model.nation.aztec]
Apr 20, 2018 4:12:34 PM net.sf.freecol.server.networking.Server sendToAll
INFO: Reap dead connection: [DummyConnection Server connection - model.nation.sioux]
Apr 20, 2018 4:12:34 PM net.sf.freecol.server.networking.Server sendToAll
INFO: Reap dead connection: [DummyConnection Server connection - model.nation.apache]
Apr 20, 2018 4:12:34 PM net.sf.freecol.server.networking.Server sendToAll
INFO: Reap dead connection: [DummyConnection Server connection - model.nation.inca]
Apr 20, 2018 4:12:34 PM net.sf.freecol.server.networking.Server sendToAll
INFO: Reap dead connection: [DummyConnection Server connection - model.nation.tupi]
Apr 20, 2018 4:12:34 PM net.sf.freecol.server.networking.Server sendToAll
INFO: Reap dead connection: [DummyConnection Server connection - model.nation.french]
Apr 20, 2018 4:12:34 PM net.sf.freecol.common.model.Specification applyDifficultyLevel
INFO: Applying difficulty level model.difficulty.medium
Apr 20, 2018 4:12:34 PM net.sf.freecol.common.FreeColSeed getFreeColSeed
INFO: Using seed: 2222299906148954199
Apr 20, 2018 4:12:34 PM net.sf.freecol.server.networking.Server sendToAll
INFO: Reap dead connection: [DummyConnection Server connection - model.nation.sioux]
Apr 20, 2018 4:12:34 PM net.sf.freecol.server.networking.Server sendToAll
INFO: Reap dead connection: [DummyConnection Server connection - model.nation.spanish]
Apr 20, 2018 4:12:34 PM net.sf.freecol.server.networking.Server sendToAll
INFO: Reap dead connection: [DummyConnection Server connection - model.nation.english]
Apr 20, 2018 4:12:34 PM net.sf.freecol.server.networking.Server sendToAll
INFO: Reap dead connection: [DummyConnection Server connection - model.nation.french]
Apr 20, 2018 4:12:34 PM net.sf.freecol.server.networking.Server sendToAll
INFO: Reap dead connection: [DummyConnection Server connection - model.nation.dutch]
Apr 20, 2018 4:12:34 PM net.sf.freecol.server.networking.Server sendToAll
INFO: Reap dead connection: [DummyConnection Server connection - model.nation.apache]
Apr 20, 2018 4:12:34 PM net.sf.freecol.server.networking.Server sendToAll
INFO: Reap dead connection: [DummyConnection Server connection - model.nation.aztec]
Apr 20, 2018 4:12:34 PM net.sf.freecol.server.networking.Server sendToAll
INFO: Reap dead connection: [DummyConnection Server connection - model.nation.tupi]
Apr 20, 2018 4:12:34 PM net.sf.freecol.server.networking.Server sendToAll
INFO: Reap dead connection: [DummyConnection Server connection - model.nation.cherokee]
Apr 20, 2018 4:12:34 PM net.sf.freecol.server.networking.Server sendToAll
INFO: Reap dead connection: [DummyConnection Server connection - model.nation.arawak]
Apr 20, 2018 4:12:34 PM net.sf.freecol.server.networking.Server sendToAll
INFO: Reap dead connection: [DummyConnection Server connection - model.nation.inca]
Apr 20, 2018 4:12:34 PM net.sf.freecol.server.networking.Server sendToAll
INFO: Reap dead connection: [DummyConnection Server connection - model.nation.iroquois]
Apr 20, 2018 4:12:34 PM net.sf.freecol.common.model.Specification applyDifficultyLevel
INFO: Applying difficulty level model.difficulty.medium
Apr 20, 2018 4:12:34 PM net.sf.freecol.common.FreeColSeed getFreeColSeed
INFO: Using seed: -915227447341885873
Apr 20, 2018 4:12:34 PM net.sf.freecol.server.networking.Server sendToAll
INFO: Reap dead connection: [DummyConnection Server connection - model.nation.aztec]
Apr 20, 2018 4:12:34 PM net.sf.freecol.server.networking.Server sendToAll
INFO: Reap dead connection: [DummyConnection Server connection - model.nation.arawak]
Apr 20, 2018 4:12:34 PM net.sf.freecol.server.networking.Server sendToAll
INFO: Reap dead connection: [DummyConnection Server connection - model.nation.apache]
Apr 20, 2018 4:12:34 PM net.sf.freecol.server.networking.Server sendToAll
INFO: Reap dead connection: [DummyConnection Server connection - model.nation.english]
Apr 20, 2018 4:12:34 PM net.sf.freecol.server.networking.Server sendToAll
INFO: Reap dead connection: [DummyConnection Server connection - model.nation.tupi]
Apr 20, 2018 4:12:34 PM net.sf.freecol.server.networking.Server sendToAll
INFO: Reap dead connection: [DummyConnection Server connection - model.nation.sioux]
Apr 20, 2018 4:12:34 PM net.sf.freecol.server.networking.Server sendToAll
INFO: Reap dead connection: [DummyConnection Server connection - model.nation.spanish]
Apr 20, 2018 4:12:34 PM net.sf.freecol.server.networking.Server sendToAll
INFO: Reap dead connection: [DummyConnection Server connection - model.nation.iroquois]
Apr 20, 2018 4:12:34 PM net.sf.freecol.server.networking.Server sendToAll
INFO: Reap dead connection: [DummyConnection Server connection - model.nation.french]
Apr 20, 2018 4:12:34 PM net.sf.freecol.server.networking.Server sendToAll
INFO: Reap dead connection: [DummyConnection Server connection - model.nation.inca]
Apr 20, 2018 4:12:34 PM net.sf.freecol.server.networking.Server sendToAll
INFO: Reap dead connection: [DummyConnection Server connection - model.nation.cherokee]
Apr 20, 2018 4:12:34 PM net.sf.freecol.server.networking.Server sendToAll
INFO: Reap dead connection: [DummyConnection Server connection - model.nation.dutch]
Apr 20, 2018 4:12:34 PM net.sf.freecol.common.model.Specification applyDifficultyLevel
INFO: Applying difficulty level model.difficulty.medium
Apr 20, 2018 4:12:34 PM net.sf.freecol.common.FreeColSeed getFreeColSeed
INFO: Using seed: -345164676258155693
Apr 20, 2018 4:12:34 PM net.sf.freecol.server.networking.Server sendToAll
INFO: Reap dead connection: [DummyConnection Server connection - model.nation.apache]
Apr 20, 2018 4:12:34 PM net.sf.freecol.server.networking.Server sendToAll
INFO: Reap dead connection: [DummyConnection Server connection - model.nation.cherokee]
Apr 20, 2018 4:12:34 PM net.sf.freecol.server.networking.Server sendToAll
INFO: Reap dead connection: [DummyConnection Server connection - model.nation.english]
Apr 20, 2018 4:12:34 PM net.sf.freecol.server.networking.Server sendToAll
INFO: Reap dead connection: [DummyConnection Server connection - model.nation.sioux]
Apr 20, 2018 4:12:34 PM net.sf.freecol.server.networking.Server sendToAll
INFO: Reap dead connection: [DummyConnection Server connection - model.nation.french]
Apr 20, 2018 4:12:34 PM net.sf.freecol.server.networking.Server sendToAll
INFO: Reap dead connection: [DummyConnection Server connection - model.nation.arawak]
Apr 20, 2018 4:12:34 PM net.sf.freecol.server.networking.Server sendToAll
INFO: Reap dead connection: [DummyConnection Server connection - model.nation.inca]
Apr 20, 2018 4:12:34 PM net.sf.freecol.server.networking.Server sendToAll
INFO: Reap dead connection: [DummyConnection Server connection - model.nation.spanish]
Apr 20, 2018 4:12:34 PM net.sf.freecol.server.networking.Server sendToAll
INFO: Reap dead connection: [DummyConnection Server connection - model.nation.dutch]
Apr 20, 2018 4:12:34 PM net.sf.freecol.server.networking.Server sendToAll
INFO: Reap dead connection: [DummyConnection Server connection - model.nation.iroquois]
Apr 20, 2018 4:12:34 PM net.sf.freecol.server.networking.Server sendToAll
INFO: Reap dead connection: [DummyConnection Server connection - model.nation.tupi]
Apr 20, 2018 4:12:34 PM net.sf.freecol.server.networking.Server sendToAll
INFO: Reap dead connection: [DummyConnection Server connection - model.nation.aztec]
Apr 20, 2018 4:12:34 PM net.sf.freecol.common.model.Specification applyDifficultyLevel
INFO: Applying difficulty level model.difficulty.medium
Apr 20, 2018 4:12:34 PM net.sf.freecol.common.FreeColSeed getFreeColSeed
INFO: Using seed: -3700845379466463144
Apr 20, 2018 4:12:34 PM net.sf.freecol.server.networking.Server sendToAll
INFO: Reap dead connection: [DummyConnection Server connection - model.nation.inca]
Apr 20, 2018 4:12:34 PM net.sf.freecol.server.networking.Server sendToAll
INFO: Reap dead connection: [DummyConnection Server connection - model.nation.cherokee]
Apr 20, 2018 4:12:34 PM net.sf.freecol.server.networking.Server sendToAll
INFO: Reap dead connection: [DummyConnection Server connection - model.nation.spanish]
Apr 20, 2018 4:12:34 PM net.sf.freecol.server.networking.Server sendToAll
INFO: Reap dead connection: [DummyConnection Server connection - model.nation.arawak]
Apr 20, 2018 4:12:34 PM net.sf.freecol.server.networking.Server sendToAll
INFO: Reap dead connection: [DummyConnection Server connection - model.nation.sioux]
Apr 20, 2018 4:12:34 PM net.sf.freecol.server.networking.Server sendToAll
INFO: Reap dead connection: [DummyConnection Server connection - model.nation.french]
Apr 20, 2018 4:12:34 PM net.sf.freecol.server.networking.Server sendToAll
INFO: Reap dead connection: [DummyConnection Server connection - model.nation.aztec]
Apr 20, 2018 4:12:34 PM net.sf.freecol.server.networking.Server sendToAll
INFO: Reap dead connection: [DummyConnection Server connection - model.nation.english]
Apr 20, 2018 4:12:34 PM net.sf.freecol.server.networking.Server sendToAll
INFO: Reap dead connection: [DummyConnection Server connection - model.nation.tupi]
Apr 20, 2018 4:12:34 PM net.sf.freecol.server.networking.Server sendToAll
INFO: Reap dead connection: [DummyConnection Server connection - model.nation.dutch]
Apr 20, 2018 4:12:34 PM net.sf.freecol.server.networking.Server sendToAll
INFO: Reap dead connection: [DummyConnection Server connection - model.nation.apache]
Apr 20, 2018 4:12:34 PM net.sf.freecol.server.networking.Server sendToAll
INFO: Reap dead connection: [DummyConnection Server connection - model.nation.iroquois]
Apr 20, 2018 4:12:34 PM net.sf.freecol.common.model.Specification applyDifficultyLevel
INFO: Applying difficulty level model.difficulty.medium
Apr 20, 2018 4:12:34 PM net.sf.freecol.common.FreeColSeed getFreeColSeed
INFO: Using seed: 3550409956568310660
Apr 20, 2018 4:12:34 PM net.sf.freecol.server.networking.Server sendToAll
INFO: Reap dead connection: [DummyConnection Server connection - model.nation.iroquois]
Apr 20, 2018 4:12:34 PM net.sf.freecol.server.networking.Server sendToAll
INFO: Reap dead connection: [DummyConnection Server connection - model.nation.dutch]
Apr 20, 2018 4:12:34 PM net.sf.freecol.server.networking.Server sendToAll
INFO: Reap dead connection: [DummyConnection Server connection - model.nation.cherokee]
Apr 20, 2018 4:12:34 PM net.sf.freecol.server.networking.Server sendToAll
INFO: Reap dead connection: [DummyConnection Server connection - model.nation.apache]
Apr 20, 2018 4:12:34 PM net.sf.freecol.server.networking.Server sendToAll
INFO: Reap dead connection: [DummyConnection Server connection - model.nation.aztec]
Apr 20, 2018 4:12:34 PM net.sf.freecol.server.networking.Server sendToAll
INFO: Reap dead connection: [DummyConnection Server connection - model.nation.english]
Apr 20, 2018 4:12:34 PM net.sf.freecol.server.networking.Server sendToAll
INFO: Reap dead connection: [DummyConnection Server connection - model.nation.tupi]
Apr 20, 2018 4:12:34 PM net.sf.freecol.server.networking.Server sendToAll
INFO: Reap dead connection: [DummyConnection Server connection - model.nation.arawak]
Apr 20, 2018 4:12:34 PM net.sf.freecol.server.networking.Server sendToAll
INFO: Reap dead connection: [DummyConnection Server connection - model.nation.sioux]
Apr 20, 2018 4:12:34 PM net.sf.freecol.server.networking.Server sendToAll
INFO: Reap dead connection: [DummyConnection Server connection - model.nation.inca]
Apr 20, 2018 4:12:34 PM net.sf.freecol.server.networking.Server sendToAll
INFO: Reap dead connection: [DummyConnection Server connection - model.nation.spanish]
Apr 20, 2018 4:12:34 PM net.sf.freecol.server.networking.Server sendToAll
INFO: Reap dead connection: [DummyConnection Server connection - model.nation.french]
Apr 20, 2018 4:12:34 PM net.sf.freecol.common.model.Specification applyDifficultyLevel
INFO: Applying difficulty level model.difficulty.medium
Apr 20, 2018 4:12:34 PM net.sf.freecol.common.FreeColSeed getFreeColSeed
INFO: Using seed: -3845837842254350515
Apr 20, 2018 4:12:34 PM net.sf.freecol.server.networking.Server sendToAll
INFO: Reap dead connection: [DummyConnection Server connection - model.nation.tupi]
Apr 20, 2018 4:12:34 PM net.sf.freecol.server.networking.Server sendToAll
INFO: Reap dead connection: [DummyConnection Server connection - model.nation.sioux]
Apr 20, 2018 4:12:34 PM net.sf.freecol.server.networking.Server sendToAll
INFO: Reap dead connection: [DummyConnection Server connection - model.nation.iroquois]
Apr 20, 2018 4:12:34 PM net.sf.freecol.server.networking.Server sendToAll
INFO: Reap dead connection: [DummyConnection Server connection - model.nation.dutch]
Apr 20, 2018 4:12:34 PM net.sf.freecol.server.networking.Server sendToAll
INFO: Reap dead connection: [DummyConnection Server connection - model.nation.arawak]
Apr 20, 2018 4:12:34 PM net.sf.freecol.server.networking.Server sendToAll
INFO: Reap dead connection: [DummyConnection Server connection - model.nation.aztec]
Apr 20, 2018 4:12:34 PM net.sf.freecol.server.networking.Server sendToAll
INFO: Reap dead connection: [DummyConnection Server connection - model.nation.spanish]
Apr 20, 2018 4:12:34 PM net.sf.freecol.server.networking.Server sendToAll
INFO: Reap dead connection: [DummyConnection Server connection - model.nation.cherokee]
Apr 20, 2018 4:12:34 PM net.sf.freecol.server.networking.Server sendToAll
INFO: Reap dead connection: [DummyConnection Server connection - model.nation.english]
Apr 20, 2018 4:12:34 PM net.sf.freecol.server.networking.Server sendToAll
INFO: Reap dead connection: [DummyConnection Server connection - model.nation.french]
Apr 20, 2018 4:12:34 PM net.sf.freecol.server.networking.Server sendToAll
INFO: Reap dead connection: [DummyConnection Server connection - model.nation.apache]
Apr 20, 2018 4:12:34 PM net.sf.freecol.server.networking.Server sendToAll
INFO: Reap dead connection: [DummyConnection Server connection - model.nation.inca]
Apr 20, 2018 4:12:34 PM net.sf.freecol.common.model.Specification applyDifficultyLevel
INFO: Applying difficulty level model.difficulty.medium
Apr 20, 2018 4:12:34 PM net.sf.freecol.common.FreeColSeed getFreeColSeed
INFO: Using seed: -9018448422354708452
Apr 20, 2018 4:12:34 PM net.sf.freecol.server.networking.Server sendToAll
INFO: Reap dead connection: [DummyConnection Server connection - model.nation.french]
Apr 20, 2018 4:12:34 PM net.sf.freecol.server.networking.Server sendToAll
INFO: Reap dead connection: [DummyConnection Server connection - model.nation.dutch]
Apr 20, 2018 4:12:34 PM net.sf.freecol.server.networking.Server sendToAll
INFO: Reap dead connection: [DummyConnection Server connection - model.nation.aztec]
Apr 20, 2018 4:12:34 PM net.sf.freecol.server.networking.Server sendToAll
INFO: Reap dead connection: [DummyConnection Server connection - model.nation.cherokee]
Apr 20, 2018 4:12:34 PM net.sf.freecol.server.networking.Server sendToAll
INFO: Reap dead connection: [DummyConnection Server connection - model.nation.iroquois]
Apr 20, 2018 4:12:34 PM net.sf.freecol.server.networking.Server sendToAll
INFO: Reap dead connection: [DummyConnection Server connection - model.nation.tupi]
Apr 20, 2018 4:12:34 PM net.sf.freecol.server.networking.Server sendToAll
INFO: Reap dead connection: [DummyConnection Server connection - model.nation.apache]
Apr 20, 2018 4:12:34 PM net.sf.freecol.server.networking.Server sendToAll
INFO: Reap dead connection: [DummyConnection Server connection - model.nation.arawak]
Apr 20, 2018 4:12:34 PM net.sf.freecol.server.networking.Server sendToAll
INFO: Reap dead connection: [DummyConnection Server connection - model.nation.english]
Apr 20, 2018 4:12:34 PM net.sf.freecol.server.networking.Server sendToAll
INFO: Reap dead connection: [DummyConnection Server connection - model.nation.inca]
Apr 20, 2018 4:12:34 PM net.sf.freecol.server.networking.Server sendToAll
INFO: Reap dead connection: [DummyConnection Server connection - model.nation.spanish]
Apr 20, 2018 4:12:34 PM net.sf.freecol.server.networking.Server sendToAll
INFO: Reap dead connection: [DummyConnection Server connection - model.nation.sioux]
Apr 20, 2018 4:12:34 PM net.sf.freecol.common.model.Specification applyDifficultyLevel
INFO: Applying difficulty level model.difficulty.medium
Apr 20, 2018 4:12:34 PM net.sf.freecol.common.FreeColSeed getFreeColSeed
INFO: Using seed: 7030985064640848623
Apr 20, 2018 4:12:34 PM net.sf.freecol.server.networking.Server sendToAll
INFO: Reap dead connection: [DummyConnection Server connection - model.nation.aztec]
Apr 20, 2018 4:12:34 PM net.sf.freecol.server.networking.Server sendToAll
INFO: Reap dead connection: [DummyConnection Server connection - model.nation.sioux]
Apr 20, 2018 4:12:34 PM net.sf.freecol.server.networking.Server sendToAll
INFO: Reap dead connection: [DummyConnection Server connection - model.nation.spanish]
Apr 20, 2018 4:12:34 PM net.sf.freecol.server.networking.Server sendToAll
INFO: Reap dead connection: [DummyConnection Server connection - model.nation.tupi]
Apr 20, 2018 4:12:34 PM net.sf.freecol.server.networking.Server sendToAll
INFO: Reap dead connection: [DummyConnection Server connection - model.nation.arawak]
Apr 20, 2018 4:12:34 PM net.sf.freecol.server.networking.Server sendToAll
INFO: Reap dead connection: [DummyConnection Server connection - model.nation.iroquois]
Apr 20, 2018 4:12:34 PM net.sf.freecol.server.networking.Server sendToAll
INFO: Reap dead connection: [DummyConnection Server connection - model.nation.french]
Apr 20, 2018 4:12:34 PM net.sf.freecol.server.networking.Server sendToAll
INFO: Reap dead connection: [DummyConnection Server connection - model.nation.english]
Apr 20, 2018 4:12:34 PM net.sf.freecol.server.networking.Server sendToAll
INFO: Reap dead connection: [DummyConnection Server connection - model.nation.dutch]
Apr 20, 2018 4:12:34 PM net.sf.freecol.server.networking.Server sendToAll
INFO: Reap dead connection: [DummyConnection Server connection - model.nation.apache]
Apr 20, 2018 4:12:34 PM net.sf.freecol.server.networking.Server sendToAll
INFO: Reap dead connection: [DummyConnection Server connection - model.nation.cherokee]
Apr 20, 2018 4:12:34 PM net.sf.freecol.server.networking.Server sendToAll
INFO: Reap dead connection: [DummyConnection Server connection - model.nation.inca]
Apr 20, 2018 4:12:34 PM net.sf.freecol.common.model.Specification applyDifficultyLevel
INFO: Applying difficulty level model.difficulty.medium
Apr 20, 2018 4:12:34 PM net.sf.freecol.common.FreeColSeed getFreeColSeed
INFO: Using seed: 7915607676229323312
Apr 20, 2018 4:12:34 PM net.sf.freecol.server.networking.Server sendToAll
INFO: Reap dead connection: [DummyConnection Server connection - model.nation.apache]
Apr 20, 2018 4:12:34 PM net.sf.freecol.server.networking.Server sendToAll
INFO: Reap dead connection: [DummyConnection Server connection - model.nation.cherokee]
Apr 20, 2018 4:12:34 PM net.sf.freecol.server.networking.Server sendToAll
INFO: Reap dead connection: [DummyConnection Server connection - model.nation.inca]
Apr 20, 2018 4:12:34 PM net.sf.freecol.server.networking.Server sendToAll
INFO: Reap dead connection: [DummyConnection Server connection - model.nation.aztec]
Apr 20, 2018 4:12:34 PM net.sf.freecol.server.networking.Server sendToAll
INFO: Reap dead connection: [DummyConnection Server connection - model.nation.iroquois]
Apr 20, 2018 4:12:34 PM net.sf.freecol.server.networking.Server sendToAll
INFO: Reap dead connection: [DummyConnection Server connection - model.nation.dutch]
Apr 20, 2018 4:12:34 PM net.sf.freecol.server.networking.Server sendToAll
INFO: Reap dead connection: [DummyConnection Server connection - model.nation.sioux]
Apr 20, 2018 4:12:34 PM net.sf.freecol.server.networking.Server sendToAll
INFO: Reap dead connection: [DummyConnection Server connection - model.nation.spanish]
Apr 20, 2018 4:12:34 PM net.sf.freecol.server.networking.Server sendToAll
INFO: Reap dead connection: [DummyConnection Server connection - model.nation.arawak]
Apr 20, 2018 4:12:34 PM net.sf.freecol.server.networking.Server sendToAll
INFO: Reap dead connection: [DummyConnection Server connection - model.nation.tupi]
Apr 20, 2018 4:12:34 PM net.sf.freecol.server.networking.Server sendToAll
INFO: Reap dead connection: [DummyConnection Server connection - model.nation.french]
Apr 20, 2018 4:12:34 PM net.sf.freecol.server.networking.Server sendToAll
INFO: Reap dead connection: [DummyConnection Server connection - model.nation.english]
Apr 20, 2018 4:12:34 PM net.sf.freecol.common.model.Specification applyDifficultyLevel
INFO: Applying difficulty level model.difficulty.medium
Apr 20, 2018 4:12:34 PM net.sf.freecol.common.FreeColSeed getFreeColSeed
INFO: Using seed: -5466496753556581661
Apr 20, 2018 4:12:34 PM net.sf.freecol.server.networking.Server sendToAll
INFO: Reap dead connection: [DummyConnection Server connection - model.nation.cherokee]
Apr 20, 2018 4:12:34 PM net.sf.freecol.server.networking.Server sendToAll
INFO: Reap dead connection: [DummyConnection Server connection - model.nation.french]
Apr 20, 2018 4:12:34 PM net.sf.freecol.server.networking.Server sendToAll
INFO: Reap dead connection: [DummyConnection Server connection - model.nation.iroquois]
Apr 20, 2018 4:12:34 PM net.sf.freecol.server.networking.Server sendToAll
INFO: Reap dead connection: [DummyConnection Server connection - model.nation.arawak]
Apr 20, 2018 4:12:34 PM net.sf.freecol.server.networking.Server sendToAll
INFO: Reap dead connection: [DummyConnection Server connection - model.nation.inca]
Apr 20, 2018 4:12:34 PM net.sf.freecol.server.networking.Server sendToAll
INFO: Reap dead connection: [DummyConnection Server connection - model.nation.apache]
Apr 20, 2018 4:12:34 PM net.sf.freecol.server.networking.Server sendToAll
INFO: Reap dead connection: [DummyConnection Server connection - model.nation.dutch]
Apr 20, 2018 4:12:34 PM net.sf.freecol.server.networking.Server sendToAll
INFO: Reap dead connection: [DummyConnection Server connection - model.nation.sioux]
Apr 20, 2018 4:12:34 PM net.sf.freecol.server.networking.Server sendToAll
INFO: Reap dead connection: [DummyConnection Server connection - model.nation.english]
Apr 20, 2018 4:12:34 PM net.sf.freecol.server.networking.Server sendToAll
INFO: Reap dead connection: [DummyConnection Server connection - model.nation.tupi]
Apr 20, 2018 4:12:34 PM net.sf.freecol.server.networking.Server sendToAll
INFO: Reap dead connection: [DummyConnection Server connection - model.nation.aztec]
Apr 20, 2018 4:12:34 PM net.sf.freecol.server.networking.Server sendToAll
INFO: Reap dead connection: [DummyConnection Server connection - model.nation.spanish]
Apr 20, 2018 4:12:34 PM net.sf.freecol.common.model.Specification applyDifficultyLevel
INFO: Applying difficulty level model.difficulty.medium
Apr 20, 2018 4:12:34 PM net.sf.freecol.common.FreeColSeed getFreeColSeed
INFO: Using seed: -8963808970396640636
Apr 20, 2018 4:12:34 PM net.sf.freecol.server.networking.Server sendToAll
INFO: Reap dead connection: [DummyConnection Server connection - model.nation.tupi]
Apr 20, 2018 4:12:34 PM net.sf.freecol.server.networking.Server sendToAll
INFO: Reap dead connection: [DummyConnection Server connection - model.nation.dutch]
Apr 20, 2018 4:12:34 PM net.sf.freecol.server.networking.Server sendToAll
INFO: Reap dead connection: [DummyConnection Server connection - model.nation.english]
Apr 20, 2018 4:12:34 PM net.sf.freecol.server.networking.Server sendToAll
INFO: Reap dead connection: [DummyConnection Server connection - model.nation.sioux]
Apr 20, 2018 4:12:34 PM net.sf.freecol.server.networking.Server sendToAll
INFO: Reap dead connection: [DummyConnection Server connection - model.nation.inca]
Apr 20, 2018 4:12:34 PM net.sf.freecol.server.networking.Server sendToAll
INFO: Reap dead connection: [DummyConnection Server connection - model.nation.aztec]
Apr 20, 2018 4:12:34 PM net.sf.freecol.server.networking.Server sendToAll
INFO: Reap dead connection: [DummyConnection Server connection - model.nation.spanish]
Apr 20, 2018 4:12:34 PM net.sf.freecol.server.networking.Server sendToAll
INFO: Reap dead connection: [DummyConnection Server connection - model.nation.french]
Apr 20, 2018 4:12:34 PM net.sf.freecol.server.networking.Server sendToAll
INFO: Reap dead connection: [DummyConnection Server connection - model.nation.arawak]
Apr 20, 2018 4:12:34 PM net.sf.freecol.server.networking.Server sendToAll
INFO: Reap dead connection: [DummyConnection Server connection - model.nation.iroquois]
Apr 20, 2018 4:12:34 PM net.sf.freecol.server.networking.Server sendToAll
INFO: Reap dead connection: [DummyConnection Server connection - model.nation.cherokee]
Apr 20, 2018 4:12:34 PM net.sf.freecol.server.networking.Server sendToAll
INFO: Reap dead connection: [DummyConnection Server connection - model.nation.apache]
Apr 20, 2018 4:12:34 PM net.sf.freecol.common.model.Specification applyDifficultyLevel
INFO: Applying difficulty level model.difficulty.medium
Apr 20, 2018 4:12:34 PM net.sf.freecol.common.FreeColSeed getFreeColSeed
INFO: Using seed: 6245279813931977476
Apr 20, 2018 4:12:34 PM net.sf.freecol.server.networking.Server sendToAll
INFO: Reap dead connection: [DummyConnection Server connection - model.nation.spanish]
Apr 20, 2018 4:12:34 PM net.sf.freecol.server.networking.Server sendToAll
INFO: Reap dead connection: [DummyConnection Server connection - model.nation.aztec]
Apr 20, 2018 4:12:34 PM net.sf.freecol.server.networking.Server sendToAll
INFO: Reap dead connection: [DummyConnection Server connection - model.nation.french]
Apr 20, 2018 4:12:34 PM net.sf.freecol.server.networking.Server sendToAll
INFO: Reap dead connection: [DummyConnection Server connection - model.nation.apache]
Apr 20, 2018 4:12:34 PM net.sf.freecol.server.networking.Server sendToAll
INFO: Reap dead connection: [DummyConnection Server connection - model.nation.tupi]
Apr 20, 2018 4:12:34 PM net.sf.freecol.server.networking.Server sendToAll
INFO: Reap dead connection: [DummyConnection Server connection - model.nation.dutch]
Apr 20, 2018 4:12:34 PM net.sf.freecol.server.networking.Server sendToAll
INFO: Reap dead connection: [DummyConnection Server connection - model.nation.english]
Apr 20, 2018 4:12:34 PM net.sf.freecol.server.networking.Server sendToAll
INFO: Reap dead connection: [DummyConnection Server connection - model.nation.iroquois]
Apr 20, 2018 4:12:34 PM net.sf.freecol.server.networking.Server sendToAll
INFO: Reap dead connection: [DummyConnection Server connection - model.nation.inca]
Apr 20, 2018 4:12:34 PM net.sf.freecol.server.networking.Server sendToAll
INFO: Reap dead connection: [DummyConnection Server connection - model.nation.sioux]
Apr 20, 2018 4:12:34 PM net.sf.freecol.server.networking.Server sendToAll
INFO: Reap dead connection: [DummyConnection Server connection - model.nation.arawak]
Apr 20, 2018 4:12:34 PM net.sf.freecol.server.networking.Server sendToAll
INFO: Reap dead connection: [DummyConnection Server connection - model.nation.cherokee]
Apr 20, 2018 4:12:34 PM net.sf.freecol.common.model.Specification applyDifficultyLevel
INFO: Applying difficulty level model.difficulty.medium
Apr 20, 2018 4:12:34 PM net.sf.freecol.common.FreeColSeed getFreeColSeed
INFO: Using seed: -3040925953359635331
Apr 20, 2018 4:12:34 PM net.sf.freecol.server.networking.Server sendToAll
INFO: Reap dead connection: [DummyConnection Server connection - model.nation.french]
Apr 20, 2018 4:12:34 PM net.sf.freecol.server.networking.Server sendToAll
INFO: Reap dead connection: [DummyConnection Server connection - model.nation.arawak]
Apr 20, 2018 4:12:34 PM net.sf.freecol.server.networking.Server sendToAll
INFO: Reap dead connection: [DummyConnection Server connection - model.nation.sioux]
Apr 20, 2018 4:12:34 PM net.sf.freecol.server.networking.Server sendToAll
INFO: Reap dead connection: [DummyConnection Server connection - model.nation.iroquois]
Apr 20, 2018 4:12:34 PM net.sf.freecol.server.networking.Server sendToAll
INFO: Reap dead connection: [DummyConnection Server connection - model.nation.english]
Apr 20, 2018 4:12:34 PM net.sf.freecol.server.networking.Server sendToAll
INFO: Reap dead connection: [DummyConnection Server connection - model.nation.apache]
Apr 20, 2018 4:12:34 PM net.sf.freecol.server.networking.Server sendToAll
INFO: Reap dead connection: [DummyConnection Server connection - model.nation.aztec]
Apr 20, 2018 4:12:34 PM net.sf.freecol.server.networking.Server sendToAll
INFO: Reap dead connection: [DummyConnection Server connection - model.nation.inca]
Apr 20, 2018 4:12:34 PM net.sf.freecol.server.networking.Server sendToAll
INFO: Reap dead connection: [DummyConnection Server connection - model.nation.spanish]
Apr 20, 2018 4:12:34 PM net.sf.freecol.server.networking.Server sendToAll
INFO: Reap dead connection: [DummyConnection Server connection - model.nation.tupi]
Apr 20, 2018 4:12:34 PM net.sf.freecol.server.networking.Server sendToAll
INFO: Reap dead connection: [DummyConnection Server connection - model.nation.dutch]
Apr 20, 2018 4:12:34 PM net.sf.freecol.server.networking.Server sendToAll
INFO: Reap dead connection: [DummyConnection Server connection - model.nation.cherokee]
Apr 20, 2018 4:12:34 PM net.sf.freecol.common.model.Specification applyDifficultyLevel
INFO: Applying difficulty level model.difficulty.medium
Apr 20, 2018 4:12:34 PM net.sf.freecol.common.FreeColSeed getFreeColSeed
INFO: Using seed: -8135726213815461769
Apr 20, 2018 4:12:34 PM net.sf.freecol.server.networking.Server sendToAll
INFO: Reap dead connection: [DummyConnection Server connection - model.nation.french]
Apr 20, 2018 4:12:34 PM net.sf.freecol.server.networking.Server sendToAll
INFO: Reap dead connection: [DummyConnection Server connection - model.nation.arawak]
Apr 20, 2018 4:12:34 PM net.sf.freecol.server.networking.Server sendToAll
INFO: Reap dead connection: [DummyConnection Server connection - model.nation.spanish]
Apr 20, 2018 4:12:34 PM net.sf.freecol.server.networking.Server sendToAll
INFO: Reap dead connection: [DummyConnection Server connection - model.nation.english]
Apr 20, 2018 4:12:34 PM net.sf.freecol.server.networking.Server sendToAll
INFO: Reap dead connection: [DummyConnection Server connection - model.nation.aztec]
Apr 20, 2018 4:12:34 PM net.sf.freecol.server.networking.Server sendToAll
INFO: Reap dead connection: [DummyConnection Server connection - model.nation.dutch]
Apr 20, 2018 4:12:34 PM net.sf.freecol.server.networking.Server sendToAll
INFO: Reap dead connection: [DummyConnection Server connection - model.nation.apache]
Apr 20, 2018 4:12:34 PM net.sf.freecol.server.networking.Server sendToAll
INFO: Reap dead connection: [DummyConnection Server connection - model.nation.iroquois]
Apr 20, 2018 4:12:34 PM net.sf.freecol.server.networking.Server sendToAll
INFO: Reap dead connection: [DummyConnection Server connection - model.nation.inca]
Apr 20, 2018 4:12:34 PM net.sf.freecol.server.networking.Server sendToAll
INFO: Reap dead connection: [DummyConnection Server connection - model.nation.cherokee]
Apr 20, 2018 4:12:34 PM net.sf.freecol.server.networking.Server sendToAll
INFO: Reap dead connection: [DummyConnection Server connection - model.nation.tupi]
Apr 20, 2018 4:12:34 PM net.sf.freecol.server.networking.Server sendToAll
INFO: Reap dead connection: [DummyConnection Server connection - model.nation.sioux]
Apr 20, 2018 4:12:34 PM net.sf.freecol.common.model.Specification applyDifficultyLevel
INFO: Applying difficulty level model.difficulty.medium
Apr 20, 2018 4:12:34 PM net.sf.freecol.common.FreeColSeed getFreeColSeed
INFO: Using seed: -6627182829767053098
Apr 20, 2018 4:12:34 PM net.sf.freecol.server.networking.Server sendToAll
INFO: Reap dead connection: [DummyConnection Server connection - model.nation.dutch]
Apr 20, 2018 4:12:34 PM net.sf.freecol.server.networking.Server sendToAll
INFO: Reap dead connection: [DummyConnection Server connection - model.nation.apache]
Apr 20, 2018 4:12:34 PM net.sf.freecol.server.networking.Server sendToAll
INFO: Reap dead connection: [DummyConnection Server connection - model.nation.english]
Apr 20, 2018 4:12:34 PM net.sf.freecol.server.networking.Server sendToAll
INFO: Reap dead connection: [DummyConnection Server connection - model.nation.cherokee]
Apr 20, 2018 4:12:34 PM net.sf.freecol.server.networking.Server sendToAll
INFO: Reap dead connection: [DummyConnection Server connection - model.nation.arawak]
Apr 20, 2018 4:12:34 PM net.sf.freecol.server.networking.Server sendToAll
INFO: Reap dead connection: [DummyConnection Server connection - model.nation.sioux]
Apr 20, 2018 4:12:34 PM net.sf.freecol.server.networking.Server sendToAll
INFO: Reap dead connection: [DummyConnection Server connection - model.nation.french]
Apr 20, 2018 4:12:34 PM net.sf.freecol.server.networking.Server sendToAll
INFO: Reap dead connection: [DummyConnection Server connection - model.nation.inca]
Apr 20, 2018 4:12:34 PM net.sf.freecol.server.networking.Server sendToAll
INFO: Reap dead connection: [DummyConnection Server connection - model.nation.tupi]
Apr 20, 2018 4:12:34 PM net.sf.freecol.server.networking.Server sendToAll
INFO: Reap dead connection: [DummyConnection Server connection - model.nation.spanish]
Apr 20, 2018 4:12:34 PM net.sf.freecol.server.networking.Server sendToAll
INFO: Reap dead connection: [DummyConnection Server connection - model.nation.aztec]
Apr 20, 2018 4:12:34 PM net.sf.freecol.server.networking.Server sendToAll
INFO: Reap dead connection: [DummyConnection Server connection - model.nation.iroquois]
Apr 20, 2018 4:12:34 PM net.sf.freecol.common.util.LogBuilder log
INFO: Destroying: unit:270
Apr 20, 2018 4:12:34 PM net.sf.freecol.common.model.Specification applyDifficultyLevel
INFO: Applying difficulty level model.difficulty.medium
Apr 20, 2018 4:12:34 PM net.sf.freecol.common.FreeColSeed getFreeColSeed
INFO: Using seed: -2178095969545166190
Apr 20, 2018 4:12:34 PM net.sf.freecol.server.networking.Server sendToAll
INFO: Reap dead connection: [DummyConnection Server connection - model.nation.arawak]
Apr 20, 2018 4:12:34 PM net.sf.freecol.server.networking.Server sendToAll
INFO: Reap dead connection: [DummyConnection Server connection - model.nation.iroquois]
Apr 20, 2018 4:12:34 PM net.sf.freecol.server.networking.Server sendToAll
INFO: Reap dead connection: [DummyConnection Server connection - model.nation.english]
Apr 20, 2018 4:12:34 PM net.sf.freecol.server.networking.Server sendToAll
INFO: Reap dead connection: [DummyConnection Server connection - model.nation.apache]
Apr 20, 2018 4:12:34 PM net.sf.freecol.server.networking.Server sendToAll
INFO: Reap dead connection: [DummyConnection Server connection - model.nation.french]
Apr 20, 2018 4:12:34 PM net.sf.freecol.server.networking.Server sendToAll
INFO: Reap dead connection: [DummyConnection Server connection - model.nation.spanish]
Apr 20, 2018 4:12:34 PM net.sf.freecol.server.networking.Server sendToAll
INFO: Reap dead connection: [DummyConnection Server connection - model.nation.tupi]
Apr 20, 2018 4:12:34 PM net.sf.freecol.server.networking.Server sendToAll
INFO: Reap dead connection: [DummyConnection Server connection - model.nation.inca]
Apr 20, 2018 4:12:34 PM net.sf.freecol.server.networking.Server sendToAll
INFO: Reap dead connection: [DummyConnection Server connection - model.nation.aztec]
Apr 20, 2018 4:12:34 PM net.sf.freecol.server.networking.Server sendToAll
INFO: Reap dead connection: [DummyConnection Server connection - model.nation.cherokee]
Apr 20, 2018 4:12:34 PM net.sf.freecol.server.networking.Server sendToAll
INFO: Reap dead connection: [DummyConnection Server connection - model.nation.dutch]
Apr 20, 2018 4:12:34 PM net.sf.freecol.server.networking.Server sendToAll
INFO: Reap dead connection: [DummyConnection Server connection - model.nation.sioux]
Apr 20, 2018 4:12:34 PM net.sf.freecol.server.model.ServerColony csBuildBuilding
INFO: New building in New Amsterdam: warehouse
Apr 20, 2018 4:12:34 PM net.sf.freecol.common.model.Specification applyDifficultyLevel
INFO: Applying difficulty level model.difficulty.medium
Apr 20, 2018 4:12:34 PM net.sf.freecol.common.FreeColSeed getFreeColSeed
INFO: Using seed: 6228045931570282169
Apr 20, 2018 4:12:34 PM net.sf.freecol.server.networking.Server sendToAll
INFO: Reap dead connection: [DummyConnection Server connection - model.nation.aztec]
Apr 20, 2018 4:12:34 PM net.sf.freecol.server.networking.Server sendToAll
INFO: Reap dead connection: [DummyConnection Server connection - model.nation.dutch]
Apr 20, 2018 4:12:34 PM net.sf.freecol.server.networking.Server sendToAll
INFO: Reap dead connection: [DummyConnection Server connection - model.nation.spanish]
Apr 20, 2018 4:12:34 PM net.sf.freecol.server.networking.Server sendToAll
INFO: Reap dead connection: [DummyConnection Server connection - model.nation.arawak]
Apr 20, 2018 4:12:34 PM net.sf.freecol.server.networking.Server sendToAll
INFO: Reap dead connection: [DummyConnection Server connection - model.nation.tupi]
Apr 20, 2018 4:12:34 PM net.sf.freecol.server.networking.Server sendToAll
INFO: Reap dead connection: [DummyConnection Server connection - model.nation.apache]
Apr 20, 2018 4:12:34 PM net.sf.freecol.server.networking.Server sendToAll
INFO: Reap dead connection: [DummyConnection Server connection - model.nation.cherokee]
Apr 20, 2018 4:12:34 PM net.sf.freecol.server.networking.Server sendToAll
INFO: Reap dead connection: [DummyConnection Server connection - model.nation.english]
Apr 20, 2018 4:12:34 PM net.sf.freecol.server.networking.Server sendToAll
INFO: Reap dead connection: [DummyConnection Server connection - model.nation.sioux]
Apr 20, 2018 4:12:34 PM net.sf.freecol.server.networking.Server sendToAll
INFO: Reap dead connection: [DummyConnection Server connection - model.nation.french]
Apr 20, 2018 4:12:34 PM net.sf.freecol.server.networking.Server sendToAll
INFO: Reap dead connection: [DummyConnection Server connection - model.nation.iroquois]
Apr 20, 2018 4:12:34 PM net.sf.freecol.server.networking.Server sendToAll
INFO: Reap dead connection: [DummyConnection Server connection - model.nation.inca]
Apr 20, 2018 4:12:34 PM net.sf.freecol.server.model.ServerColony csBuildBuilding
INFO: New building in New Amsterdam: lumberMill
Apr 20, 2018 4:12:34 PM net.sf.freecol.common.model.Specification applyDifficultyLevel
INFO: Applying difficulty level model.difficulty.medium
Apr 20, 2018 4:12:34 PM net.sf.freecol.common.FreeColSeed getFreeColSeed
INFO: Using seed: 750334229433315870
Apr 20, 2018 4:12:34 PM net.sf.freecol.server.networking.Server sendToAll
INFO: Reap dead connection: [DummyConnection Server connection - model.nation.iroquois]
Apr 20, 2018 4:12:34 PM net.sf.freecol.server.networking.Server sendToAll
INFO: Reap dead connection: [DummyConnection Server connection - model.nation.tupi]
Apr 20, 2018 4:12:34 PM net.sf.freecol.server.networking.Server sendToAll
INFO: Reap dead connection: [DummyConnection Server connection - model.nation.dutch]
Apr 20, 2018 4:12:34 PM net.sf.freecol.server.networking.Server sendToAll
INFO: Reap dead connection: [DummyConnection Server connection - model.nation.inca]
Apr 20, 2018 4:12:34 PM net.sf.freecol.server.networking.Server sendToAll
INFO: Reap dead connection: [DummyConnection Server connection - model.nation.cherokee]
Apr 20, 2018 4:12:34 PM net.sf.freecol.server.networking.Server sendToAll
INFO: Reap dead connection: [DummyConnection Server connection - model.nation.french]
Apr 20, 2018 4:12:34 PM net.sf.freecol.server.networking.Server sendToAll
INFO: Reap dead connection: [DummyConnection Server connection - model.nation.apache]
Apr 20, 2018 4:12:34 PM net.sf.freecol.server.networking.Server sendToAll
INFO: Reap dead connection: [DummyConnection Server connection - model.nation.aztec]
Apr 20, 2018 4:12:34 PM net.sf.freecol.server.networking.Server sendToAll
INFO: Reap dead connection: [DummyConnection Server connection - model.nation.spanish]
Apr 20, 2018 4:12:34 PM net.sf.freecol.server.networking.Server sendToAll
INFO: Reap dead connection: [DummyConnection Server connection - model.nation.sioux]
Apr 20, 2018 4:12:34 PM net.sf.freecol.server.networking.Server sendToAll
INFO: Reap dead connection: [DummyConnection Server connection - model.nation.arawak]
Apr 20, 2018 4:12:34 PM net.sf.freecol.server.networking.Server sendToAll
INFO: Reap dead connection: [DummyConnection Server connection - model.nation.english]
Apr 20, 2018 4:12:34 PM net.sf.freecol.server.model.ServerColony csBuildUnit
INFO: New unit in New Amsterdam: freeColonist
Apr 20, 2018 4:12:34 PM net.sf.freecol.common.model.Specification applyDifficultyLevel
INFO: Applying difficulty level model.difficulty.medium
Apr 20, 2018 4:12:34 PM net.sf.freecol.common.model.Specification applyDifficultyLevel
INFO: Applying difficulty level model.difficulty.medium
Apr 20, 2018 4:12:34 PM net.sf.freecol.common.FreeColSeed getFreeColSeed
INFO: Using seed: -4153576908997020367
Apr 20, 2018 4:12:34 PM net.sf.freecol.server.networking.Server sendToAll
INFO: Reap dead connection: [DummyConnection Server connection - model.nation.inca]
Apr 20, 2018 4:12:34 PM net.sf.freecol.server.networking.Server sendToAll
INFO: Reap dead connection: [DummyConnection Server connection - model.nation.aztec]
Apr 20, 2018 4:12:34 PM net.sf.freecol.server.networking.Server sendToAll
INFO: Reap dead connection: [DummyConnection Server connection - model.nation.arawak]
Apr 20, 2018 4:12:34 PM net.sf.freecol.server.networking.Server sendToAll
INFO: Reap dead connection: [DummyConnection Server connection - model.nation.french]
Apr 20, 2018 4:12:34 PM net.sf.freecol.server.networking.Server sendToAll
INFO: Reap dead connection: [DummyConnection Server connection - model.nation.dutch]
Apr 20, 2018 4:12:34 PM net.sf.freecol.server.networking.Server sendToAll
INFO: Reap dead connection: [DummyConnection Server connection - model.nation.apache]
Apr 20, 2018 4:12:34 PM net.sf.freecol.server.networking.Server sendToAll
INFO: Reap dead connection: [DummyConnection Server connection - model.nation.spanish]
Apr 20, 2018 4:12:34 PM net.sf.freecol.server.networking.Server sendToAll
INFO: Reap dead connection: [DummyConnection Server connection - model.nation.english]
Apr 20, 2018 4:12:34 PM net.sf.freecol.server.networking.Server sendToAll
INFO: Reap dead connection: [DummyConnection Server connection - model.nation.iroquois]
Apr 20, 2018 4:12:34 PM net.sf.freecol.server.networking.Server sendToAll
INFO: Reap dead connection: [DummyConnection Server connection - model.nation.tupi]
Apr 20, 2018 4:12:34 PM net.sf.freecol.server.networking.Server sendToAll
INFO: Reap dead connection: [DummyConnection Server connection - model.nation.cherokee]
Apr 20, 2018 4:12:34 PM net.sf.freecol.server.networking.Server sendToAll
INFO: Reap dead connection: [DummyConnection Server connection - model.nation.sioux]
Apr 20, 2018 4:12:34 PM net.sf.freecol.common.model.Specification applyDifficultyLevel
INFO: Applying difficulty level model.difficulty.medium
Apr 20, 2018 4:12:34 PM net.sf.freecol.common.FreeColSeed getFreeColSeed
INFO: Using seed: 6199260396502395155
Apr 20, 2018 4:12:34 PM net.sf.freecol.server.networking.Server sendToAll
INFO: Reap dead connection: [DummyConnection Server connection - model.nation.inca]
Apr 20, 2018 4:12:34 PM net.sf.freecol.server.networking.Server sendToAll
INFO: Reap dead connection: [DummyConnection Server connection - model.nation.cherokee]
Apr 20, 2018 4:12:34 PM net.sf.freecol.server.networking.Server sendToAll
INFO: Reap dead connection: [DummyConnection Server connection - model.nation.arawak]
Apr 20, 2018 4:12:34 PM net.sf.freecol.server.networking.Server sendToAll
INFO: Reap dead connection: [DummyConnection Server connection - model.nation.tupi]
Apr 20, 2018 4:12:34 PM net.sf.freecol.server.networking.Server sendToAll
INFO: Reap dead connection: [DummyConnection Server connection - model.nation.apache]
Apr 20, 2018 4:12:34 PM net.sf.freecol.server.networking.Server sendToAll
INFO: Reap dead connection: [DummyConnection Server connection - model.nation.sioux]
Apr 20, 2018 4:12:34 PM net.sf.freecol.server.networking.Server sendToAll
INFO: Reap dead connection: [DummyConnection Server connection - model.nation.french]
Apr 20, 2018 4:12:34 PM net.sf.freecol.server.networking.Server sendToAll
INFO: Reap dead connection: [DummyConnection Server connection - model.nation.spanish]
Apr 20, 2018 4:12:34 PM net.sf.freecol.server.networking.Server sendToAll
INFO: Reap dead connection: [DummyConnection Server connection - model.nation.english]
Apr 20, 2018 4:12:34 PM net.sf.freecol.server.networking.Server sendToAll
INFO: Reap dead connection: [DummyConnection Server connection - model.nation.iroquois]
Apr 20, 2018 4:12:34 PM net.sf.freecol.server.networking.Server sendToAll
INFO: Reap dead connection: [DummyConnection Server connection - model.nation.aztec]
Apr 20, 2018 4:12:34 PM net.sf.freecol.server.networking.Server sendToAll
INFO: Reap dead connection: [DummyConnection Server connection - model.nation.dutch]
Apr 20, 2018 4:12:34 PM net.sf.freecol.common.model.Specification applyDifficultyLevel
INFO: Applying difficulty level model.difficulty.medium
Apr 20, 2018 4:12:34 PM net.sf.freecol.common.FreeColSeed getFreeColSeed
INFO: Using seed: -2459172188386235945
Apr 20, 2018 4:12:34 PM net.sf.freecol.server.networking.Server sendToAll
INFO: Reap dead connection: [DummyConnection Server connection - model.nation.inca]
Apr 20, 2018 4:12:34 PM net.sf.freecol.server.networking.Server sendToAll
INFO: Reap dead connection: [DummyConnection Server connection - model.nation.iroquois]
Apr 20, 2018 4:12:34 PM net.sf.freecol.server.networking.Server sendToAll
INFO: Reap dead connection: [DummyConnection Server connection - model.nation.tupi]
Apr 20, 2018 4:12:34 PM net.sf.freecol.server.networking.Server sendToAll
INFO: Reap dead connection: [DummyConnection Server connection - model.nation.french]
Apr 20, 2018 4:12:34 PM net.sf.freecol.server.networking.Server sendToAll
INFO: Reap dead connection: [DummyConnection Server connection - model.nation.sioux]
Apr 20, 2018 4:12:34 PM net.sf.freecol.server.networking.Server sendToAll
INFO: Reap dead connection: [DummyConnection Server connection - model.nation.arawak]
Apr 20, 2018 4:12:34 PM net.sf.freecol.server.networking.Server sendToAll
INFO: Reap dead connection: [DummyConnection Server connection - model.nation.cherokee]
Apr 20, 2018 4:12:34 PM net.sf.freecol.server.networking.Server sendToAll
INFO: Reap dead connection: [DummyConnection Server connection - model.nation.apache]
Apr 20, 2018 4:12:34 PM net.sf.freecol.server.networking.Server sendToAll
INFO: Reap dead connection: [DummyConnection Server connection - model.nation.aztec]
Apr 20, 2018 4:12:34 PM net.sf.freecol.server.networking.Server sendToAll
INFO: Reap dead connection: [DummyConnection Server connection - model.nation.dutch]
Apr 20, 2018 4:12:34 PM net.sf.freecol.server.networking.Server sendToAll
INFO: Reap dead connection: [DummyConnection Server connection - model.nation.english]
Apr 20, 2018 4:12:34 PM net.sf.freecol.server.networking.Server sendToAll
INFO: Reap dead connection: [DummyConnection Server connection - model.nation.spanish]
Apr 20, 2018 4:12:34 PM net.sf.freecol.common.util.LogBuilder log
INFO: Destroying: goodsContainer:250 unit:249
Apr 20, 2018 4:12:34 PM net.sf.freecol.common.model.Specification applyDifficultyLevel
INFO: Applying difficulty level model.difficulty.medium
Apr 20, 2018 4:12:34 PM net.sf.freecol.common.FreeColSeed getFreeColSeed
INFO: Using seed: 6100621312752451843
Apr 20, 2018 4:12:34 PM net.sf.freecol.server.networking.Server sendToAll
INFO: Reap dead connection: [DummyConnection Server connection - model.nation.sioux]
Apr 20, 2018 4:12:34 PM net.sf.freecol.server.networking.Server sendToAll
INFO: Reap dead connection: [DummyConnection Server connection - model.nation.apache]
Apr 20, 2018 4:12:34 PM net.sf.freecol.server.networking.Server sendToAll
INFO: Reap dead connection: [DummyConnection Server connection - model.nation.spanish]
Apr 20, 2018 4:12:34 PM net.sf.freecol.server.networking.Server sendToAll
INFO: Reap dead connection: [DummyConnection Server connection - model.nation.tupi]
Apr 20, 2018 4:12:34 PM net.sf.freecol.server.networking.Server sendToAll
INFO: Reap dead connection: [DummyConnection Server connection - model.nation.french]
Apr 20, 2018 4:12:34 PM net.sf.freecol.server.networking.Server sendToAll
INFO: Reap dead connection: [DummyConnection Server connection - model.nation.arawak]
Apr 20, 2018 4:12:34 PM net.sf.freecol.server.networking.Server sendToAll
INFO: Reap dead connection: [DummyConnection Server connection - model.nation.cherokee]
Apr 20, 2018 4:12:34 PM net.sf.freecol.server.networking.Server sendToAll
INFO: Reap dead connection: [DummyConnection Server connection - model.nation.inca]
Apr 20, 2018 4:12:34 PM net.sf.freecol.server.networking.Server sendToAll
INFO: Reap dead connection: [DummyConnection Server connection - model.nation.aztec]
Apr 20, 2018 4:12:34 PM net.sf.freecol.server.networking.Server sendToAll
INFO: Reap dead connection: [DummyConnection Server connection - model.nation.dutch]
Apr 20, 2018 4:12:34 PM net.sf.freecol.server.networking.Server sendToAll
INFO: Reap dead connection: [DummyConnection Server connection - model.nation.iroquois]
Apr 20, 2018 4:12:34 PM net.sf.freecol.server.networking.Server sendToAll
INFO: Reap dead connection: [DummyConnection Server connection - model.nation.english]
Apr 20, 2018 4:12:34 PM net.sf.freecol.common.model.Specification applyDifficultyLevel
INFO: Applying difficulty level model.difficulty.medium
Apr 20, 2018 4:12:34 PM net.sf.freecol.common.FreeColSeed getFreeColSeed
INFO: Using seed: -9116960575048070598
Apr 20, 2018 4:12:34 PM net.sf.freecol.server.networking.Server sendToAll
INFO: Reap dead connection: [DummyConnection Server connection - model.nation.cherokee]
Apr 20, 2018 4:12:34 PM net.sf.freecol.server.networking.Server sendToAll
INFO: Reap dead connection: [DummyConnection Server connection - model.nation.dutch]
Apr 20, 2018 4:12:34 PM net.sf.freecol.server.networking.Server sendToAll
INFO: Reap dead connection: [DummyConnection Server connection - model.nation.apache]
Apr 20, 2018 4:12:34 PM net.sf.freecol.server.networking.Server sendToAll
INFO: Reap dead connection: [DummyConnection Server connection - model.nation.inca]
Apr 20, 2018 4:12:34 PM net.sf.freecol.server.networking.Server sendToAll
INFO: Reap dead connection: [DummyConnection Server connection - model.nation.tupi]
Apr 20, 2018 4:12:34 PM net.sf.freecol.server.networking.Server sendToAll
INFO: Reap dead connection: [DummyConnection Server connection - model.nation.french]
Apr 20, 2018 4:12:34 PM net.sf.freecol.server.networking.Server sendToAll
INFO: Reap dead connection: [DummyConnection Server connection - model.nation.arawak]
Apr 20, 2018 4:12:34 PM net.sf.freecol.server.networking.Server sendToAll
INFO: Reap dead connection: [DummyConnection Server connection - model.nation.english]
Apr 20, 2018 4:12:34 PM net.sf.freecol.server.networking.Server sendToAll
INFO: Reap dead connection: [DummyConnection Server connection - model.nation.aztec]
Apr 20, 2018 4:12:34 PM net.sf.freecol.server.networking.Server sendToAll
INFO: Reap dead connection: [DummyConnection Server connection - model.nation.sioux]
Apr 20, 2018 4:12:34 PM net.sf.freecol.server.networking.Server sendToAll
INFO: Reap dead connection: [DummyConnection Server connection - model.nation.iroquois]
Apr 20, 2018 4:12:34 PM net.sf.freecol.server.networking.Server sendToAll
INFO: Reap dead connection: [DummyConnection Server connection - model.nation.spanish]
Apr 20, 2018 4:12:34 PM net.sf.freecol.common.model.Specification applyDifficultyLevel
INFO: Applying difficulty level model.difficulty.medium
Apr 20, 2018 4:12:34 PM net.sf.freecol.common.FreeColSeed getFreeColSeed
INFO: Using seed: 250827006032204641
Apr 20, 2018 4:12:34 PM net.sf.freecol.server.networking.Server sendToAll
INFO: Reap dead connection: [DummyConnection Server connection - model.nation.spanish]
Apr 20, 2018 4:12:34 PM net.sf.freecol.server.networking.Server sendToAll
INFO: Reap dead connection: [DummyConnection Server connection - model.nation.french]
Apr 20, 2018 4:12:34 PM net.sf.freecol.server.networking.Server sendToAll
INFO: Reap dead connection: [DummyConnection Server connection - model.nation.dutch]
Apr 20, 2018 4:12:34 PM net.sf.freecol.server.networking.Server sendToAll
INFO: Reap dead connection: [DummyConnection Server connection - model.nation.arawak]
Apr 20, 2018 4:12:34 PM net.sf.freecol.server.networking.Server sendToAll
INFO: Reap dead connection: [DummyConnection Server connection - model.nation.iroquois]
Apr 20, 2018 4:12:34 PM net.sf.freecol.server.networking.Server sendToAll
INFO: Reap dead connection: [DummyConnection Server connection - model.nation.apache]
Apr 20, 2018 4:12:34 PM net.sf.freecol.server.networking.Server sendToAll
INFO: Reap dead connection: [DummyConnection Server connection - model.nation.cherokee]
Apr 20, 2018 4:12:34 PM net.sf.freecol.server.networking.Server sendToAll
INFO: Reap dead connection: [DummyConnection Server connection - model.nation.sioux]
Apr 20, 2018 4:12:34 PM net.sf.freecol.server.networking.Server sendToAll
INFO: Reap dead connection: [DummyConnection Server connection - model.nation.english]
Apr 20, 2018 4:12:34 PM net.sf.freecol.server.networking.Server sendToAll
INFO: Reap dead connection: [DummyConnection Server connection - model.nation.aztec]
Apr 20, 2018 4:12:34 PM net.sf.freecol.server.networking.Server sendToAll
INFO: Reap dead connection: [DummyConnection Server connection - model.nation.tupi]
Apr 20, 2018 4:12:34 PM net.sf.freecol.server.networking.Server sendToAll
INFO: Reap dead connection: [DummyConnection Server connection - model.nation.inca]
Apr 20, 2018 4:12:34 PM net.sf.freecol.common.model.Specification applyDifficultyLevel
INFO: Applying difficulty level model.difficulty.medium
Apr 20, 2018 4:12:34 PM net.sf.freecol.common.FreeColSeed getFreeColSeed
INFO: Using seed: -1314184886925363143
Apr 20, 2018 4:12:34 PM net.sf.freecol.server.networking.Server sendToAll
INFO: Reap dead connection: [DummyConnection Server connection - model.nation.cherokee]
Apr 20, 2018 4:12:34 PM net.sf.freecol.server.networking.Server sendToAll
INFO: Reap dead connection: [DummyConnection Server connection - model.nation.apache]
Apr 20, 2018 4:12:34 PM net.sf.freecol.server.networking.Server sendToAll
INFO: Reap dead connection: [DummyConnection Server connection - model.nation.french]
Apr 20, 2018 4:12:34 PM net.sf.freecol.server.networking.Server sendToAll
INFO: Reap dead connection: [DummyConnection Server connection - model.nation.arawak]
Apr 20, 2018 4:12:34 PM net.sf.freecol.server.networking.Server sendToAll
INFO: Reap dead connection: [DummyConnection Server connection - model.nation.inca]
Apr 20, 2018 4:12:34 PM net.sf.freecol.server.networking.Server sendToAll
INFO: Reap dead connection: [DummyConnection Server connection - model.nation.dutch]
Apr 20, 2018 4:12:34 PM net.sf.freecol.server.networking.Server sendToAll
INFO: Reap dead connection: [DummyConnection Server connection - model.nation.sioux]
Apr 20, 2018 4:12:34 PM net.sf.freecol.server.networking.Server sendToAll
INFO: Reap dead connection: [DummyConnection Server connection - model.nation.spanish]
Apr 20, 2018 4:12:34 PM net.sf.freecol.server.networking.Server sendToAll
INFO: Reap dead connection: [DummyConnection Server connection - model.nation.english]
Apr 20, 2018 4:12:34 PM net.sf.freecol.server.networking.Server sendToAll
INFO: Reap dead connection: [DummyConnection Server connection - model.nation.aztec]
Apr 20, 2018 4:12:34 PM net.sf.freecol.server.networking.Server sendToAll
INFO: Reap dead connection: [DummyConnection Server connection - model.nation.tupi]
Apr 20, 2018 4:12:34 PM net.sf.freecol.server.networking.Server sendToAll
INFO: Reap dead connection: [DummyConnection Server connection - model.nation.iroquois]
Apr 20, 2018 4:12:34 PM net.sf.freecol.server.model.ServerPlayer checkForDeath
INFO: William I alive, can buy colonist.
Apr 20, 2018 4:12:34 PM net.sf.freecol.common.model.Specification applyDifficultyLevel
INFO: Applying difficulty level model.difficulty.medium
Apr 20, 2018 4:12:34 PM net.sf.freecol.common.FreeColSeed getFreeColSeed
INFO: Using seed: 3379017836515704663
Apr 20, 2018 4:12:34 PM net.sf.freecol.server.networking.Server sendToAll
INFO: Reap dead connection: [DummyConnection Server connection - model.nation.arawak]
Apr 20, 2018 4:12:34 PM net.sf.freecol.server.networking.Server sendToAll
INFO: Reap dead connection: [DummyConnection Server connection - model.nation.inca]
Apr 20, 2018 4:12:34 PM net.sf.freecol.server.networking.Server sendToAll
INFO: Reap dead connection: [DummyConnection Server connection - model.nation.spanish]
Apr 20, 2018 4:12:34 PM net.sf.freecol.server.networking.Server sendToAll
INFO: Reap dead connection: [DummyConnection Server connection - model.nation.french]
Apr 20, 2018 4:12:34 PM net.sf.freecol.server.networking.Server sendToAll
INFO: Reap dead connection: [DummyConnection Server connection - model.nation.apache]
Apr 20, 2018 4:12:34 PM net.sf.freecol.server.networking.Server sendToAll
INFO: Reap dead connection: [DummyConnection Server connection - model.nation.tupi]
Apr 20, 2018 4:12:34 PM net.sf.freecol.server.networking.Server sendToAll
INFO: Reap dead connection: [DummyConnection Server connection - model.nation.dutch]
Apr 20, 2018 4:12:34 PM net.sf.freecol.server.networking.Server sendToAll
INFO: Reap dead connection: [DummyConnection Server connection - model.nation.sioux]
Apr 20, 2018 4:12:34 PM net.sf.freecol.server.networking.Server sendToAll
INFO: Reap dead connection: [DummyConnection Server connection - model.nation.aztec]
Apr 20, 2018 4:12:34 PM net.sf.freecol.server.networking.Server sendToAll
INFO: Reap dead connection: [DummyConnection Server connection - model.nation.iroquois]
Apr 20, 2018 4:12:34 PM net.sf.freecol.server.networking.Server sendToAll
INFO: Reap dead connection: [DummyConnection Server connection - model.nation.english]
Apr 20, 2018 4:12:34 PM net.sf.freecol.server.networking.Server sendToAll
INFO: Reap dead connection: [DummyConnection Server connection - model.nation.cherokee]
Apr 20, 2018 4:12:34 PM net.sf.freecol.server.model.ServerPlayer checkForDeath
INFO: William I survives by autorecruit.
Apr 20, 2018 4:12:34 PM net.sf.freecol.server.model.ServerPlayer checkForDeath
INFO: William I alive, has waiting colonist.
Apr 20, 2018 4:12:34 PM net.sf.freecol.server.model.ServerPlayer checkForDeath
INFO: William I dead, no presence >= 1600
Apr 20, 2018 4:12:34 PM net.sf.freecol.common.model.Specification applyDifficultyLevel
INFO: Applying difficulty level model.difficulty.medium
Apr 20, 2018 4:12:34 PM net.sf.freecol.common.FreeColSeed getFreeColSeed
INFO: Using seed: -7299318544559212367
Apr 20, 2018 4:12:34 PM net.sf.freecol.server.networking.Server sendToAll
INFO: Reap dead connection: [DummyConnection Server connection - model.nation.english]
Apr 20, 2018 4:12:34 PM net.sf.freecol.server.networking.Server sendToAll
INFO: Reap dead connection: [DummyConnection Server connection - model.nation.cherokee]
Apr 20, 2018 4:12:34 PM net.sf.freecol.server.networking.Server sendToAll
INFO: Reap dead connection: [DummyConnection Server connection - model.nation.french]
Apr 20, 2018 4:12:34 PM net.sf.freecol.server.networking.Server sendToAll
INFO: Reap dead connection: [DummyConnection Server connection - model.nation.dutch]
Apr 20, 2018 4:12:34 PM net.sf.freecol.server.networking.Server sendToAll
INFO: Reap dead connection: [DummyConnection Server connection - model.nation.inca]
Apr 20, 2018 4:12:34 PM net.sf.freecol.server.networking.Server sendToAll
INFO: Reap dead connection: [DummyConnection Server connection - model.nation.iroquois]
Apr 20, 2018 4:12:34 PM net.sf.freecol.server.networking.Server sendToAll
INFO: Reap dead connection: [DummyConnection Server connection - model.nation.tupi]
Apr 20, 2018 4:12:34 PM net.sf.freecol.server.networking.Server sendToAll
INFO: Reap dead connection: [DummyConnection Server connection - model.nation.apache]
Apr 20, 2018 4:12:34 PM net.sf.freecol.server.networking.Server sendToAll
INFO: Reap dead connection: [DummyConnection Server connection - model.nation.arawak]
Apr 20, 2018 4:12:34 PM net.sf.freecol.server.networking.Server sendToAll
INFO: Reap dead connection: [DummyConnection Server connection - model.nation.sioux]
Apr 20, 2018 4:12:34 PM net.sf.freecol.server.networking.Server sendToAll
INFO: Reap dead connection: [DummyConnection Server connection - model.nation.aztec]
Apr 20, 2018 4:12:34 PM net.sf.freecol.server.networking.Server sendToAll
INFO: Reap dead connection: [DummyConnection Server connection - model.nation.spanish]
Apr 20, 2018 4:12:34 PM net.sf.freecol.server.model.ServerPlayer checkForDeath
INFO: William I alive, unit unit:247 on map.
Apr 20, 2018 4:12:34 PM net.sf.freecol.common.model.Specification applyDifficultyLevel
INFO: Applying difficulty level model.difficulty.medium
Apr 20, 2018 4:12:34 PM net.sf.freecol.common.FreeColSeed getFreeColSeed
INFO: Using seed: -6793574347402823427
Apr 20, 2018 4:12:34 PM net.sf.freecol.server.networking.Server sendToAll
INFO: Reap dead connection: [DummyConnection Server connection - model.nation.sioux]
Apr 20, 2018 4:12:34 PM net.sf.freecol.server.networking.Server sendToAll
INFO: Reap dead connection: [DummyConnection Server connection - model.nation.french]
Apr 20, 2018 4:12:34 PM net.sf.freecol.server.networking.Server sendToAll
INFO: Reap dead connection: [DummyConnection Server connection - model.nation.inca]
Apr 20, 2018 4:12:34 PM net.sf.freecol.server.networking.Server sendToAll
INFO: Reap dead connection: [DummyConnection Server connection - model.nation.arawak]
Apr 20, 2018 4:12:34 PM net.sf.freecol.server.networking.Server sendToAll
INFO: Reap dead connection: [DummyConnection Server connection - model.nation.dutch]
Apr 20, 2018 4:12:34 PM net.sf.freecol.server.networking.Server sendToAll
INFO: Reap dead connection: [DummyConnection Server connection - model.nation.english]
Apr 20, 2018 4:12:34 PM net.sf.freecol.server.networking.Server sendToAll
INFO: Reap dead connection: [DummyConnection Server connection - model.nation.apache]
Apr 20, 2018 4:12:34 PM net.sf.freecol.server.networking.Server sendToAll
INFO: Reap dead connection: [DummyConnection Server connection - model.nation.aztec]
Apr 20, 2018 4:12:34 PM net.sf.freecol.server.networking.Server sendToAll
INFO: Reap dead connection: [DummyConnection Server connection - model.nation.iroquois]
Apr 20, 2018 4:12:34 PM net.sf.freecol.server.networking.Server sendToAll
INFO: Reap dead connection: [DummyConnection Server connection - model.nation.tupi]
Apr 20, 2018 4:12:34 PM net.sf.freecol.server.networking.Server sendToAll
INFO: Reap dead connection: [DummyConnection Server connection - model.nation.spanish]
Apr 20, 2018 4:12:34 PM net.sf.freecol.server.networking.Server sendToAll
INFO: Reap dead connection: [DummyConnection Server connection - model.nation.cherokee]
Apr 20, 2018 4:12:34 PM net.sf.freecol.common.model.Specification applyDifficultyLevel
INFO: Applying difficulty level model.difficulty.medium
Apr 20, 2018 4:12:34 PM net.sf.freecol.common.FreeColSeed getFreeColSeed
INFO: Using seed: -6590668910450501711
Apr 20, 2018 4:12:34 PM net.sf.freecol.server.networking.Server sendToAll
INFO: Reap dead connection: [DummyConnection Server connection - model.nation.arawak]
Apr 20, 2018 4:12:34 PM net.sf.freecol.server.networking.Server sendToAll
INFO: Reap dead connection: [DummyConnection Server connection - model.nation.apache]
Apr 20, 2018 4:12:34 PM net.sf.freecol.server.networking.Server sendToAll
INFO: Reap dead connection: [DummyConnection Server connection - model.nation.french]
Apr 20, 2018 4:12:34 PM net.sf.freecol.server.networking.Server sendToAll
INFO: Reap dead connection: [DummyConnection Server connection - model.nation.dutch]
Apr 20, 2018 4:12:34 PM net.sf.freecol.server.networking.Server sendToAll
INFO: Reap dead connection: [DummyConnection Server connection - model.nation.english]
Apr 20, 2018 4:12:34 PM net.sf.freecol.server.networking.Server sendToAll
INFO: Reap dead connection: [DummyConnection Server connection - model.nation.sioux]
Apr 20, 2018 4:12:34 PM net.sf.freecol.server.networking.Server sendToAll
INFO: Reap dead connection: [DummyConnection Server connection - model.nation.aztec]
Apr 20, 2018 4:12:34 PM net.sf.freecol.server.networking.Server sendToAll
INFO: Reap dead connection: [DummyConnection Server connection - model.nation.cherokee]
Apr 20, 2018 4:12:34 PM net.sf.freecol.server.networking.Server sendToAll
INFO: Reap dead connection: [DummyConnection Server connection - model.nation.iroquois]
Apr 20, 2018 4:12:34 PM net.sf.freecol.server.networking.Server sendToAll
INFO: Reap dead connection: [DummyConnection Server connection - model.nation.inca]
Apr 20, 2018 4:12:34 PM net.sf.freecol.server.networking.Server sendToAll
INFO: Reap dead connection: [DummyConnection Server connection - model.nation.spanish]
Apr 20, 2018 4:12:34 PM net.sf.freecol.server.networking.Server sendToAll
INFO: Reap dead connection: [DummyConnection Server connection - model.nation.tupi]
Apr 20, 2018 4:12:34 PM net.sf.freecol.common.model.Specification applyDifficultyLevel
INFO: Applying difficulty level model.difficulty.medium
Apr 20, 2018 4:12:34 PM net.sf.freecol.common.FreeColSeed getFreeColSeed
INFO: Using seed: 5988680012920548129
Apr 20, 2018 4:12:34 PM net.sf.freecol.server.networking.Server sendToAll
INFO: Reap dead connection: [DummyConnection Server connection - model.nation.aztec]
Apr 20, 2018 4:12:34 PM net.sf.freecol.server.networking.Server sendToAll
INFO: Reap dead connection: [DummyConnection Server connection - model.nation.iroquois]
Apr 20, 2018 4:12:34 PM net.sf.freecol.server.networking.Server sendToAll
INFO: Reap dead connection: [DummyConnection Server connection - model.nation.dutch]
Apr 20, 2018 4:12:34 PM net.sf.freecol.server.networking.Server sendToAll
INFO: Reap dead connection: [DummyConnection Server connection - model.nation.french]
Apr 20, 2018 4:12:34 PM net.sf.freecol.server.networking.Server sendToAll
INFO: Reap dead connection: [DummyConnection Server connection - model.nation.inca]
Apr 20, 2018 4:12:34 PM net.sf.freecol.server.networking.Server sendToAll
INFO: Reap dead connection: [DummyConnection Server connection - model.nation.spanish]
Apr 20, 2018 4:12:34 PM net.sf.freecol.server.networking.Server sendToAll
INFO: Reap dead connection: [DummyConnection Server connection - model.nation.apache]
Apr 20, 2018 4:12:34 PM net.sf.freecol.server.networking.Server sendToAll
INFO: Reap dead connection: [DummyConnection Server connection - model.nation.tupi]
Apr 20, 2018 4:12:34 PM net.sf.freecol.server.networking.Server sendToAll
INFO: Reap dead connection: [DummyConnection Server connection - model.nation.cherokee]
Apr 20, 2018 4:12:34 PM net.sf.freecol.server.networking.Server sendToAll
INFO: Reap dead connection: [DummyConnection Server connection - model.nation.english]
Apr 20, 2018 4:12:34 PM net.sf.freecol.server.networking.Server sendToAll
INFO: Reap dead connection: [DummyConnection Server connection - model.nation.sioux]
Apr 20, 2018 4:12:34 PM net.sf.freecol.server.networking.Server sendToAll
INFO: Reap dead connection: [DummyConnection Server connection - model.nation.arawak]
Apr 20, 2018 4:12:34 PM net.sf.freecol.server.model.ServerPlayer checkForDeath
INFO: William I alive, has embarked unit.
Apr 20, 2018 4:12:34 PM net.sf.freecol.server.model.ServerPlayer checkForDeath
INFO: William I dead, no presence >= 1600
Apr 20, 2018 4:12:34 PM net.sf.freecol.common.model.Specification applyDifficultyLevel
INFO: Applying difficulty level model.difficulty.medium
Apr 20, 2018 4:12:34 PM net.sf.freecol.common.model.Specification applyDifficultyLevel
INFO: Applying difficulty level model.difficulty.medium
Apr 20, 2018 4:12:34 PM net.sf.freecol.common.model.Specification applyDifficultyLevel
INFO: Applying difficulty level model.difficulty.medium
Apr 20, 2018 4:12:34 PM net.sf.freecol.common.FreeColSeed getFreeColSeed
INFO: Using seed: -6406697765008388323
Apr 20, 2018 4:12:35 PM net.sf.freecol.server.networking.Server sendToAll
INFO: Reap dead connection: [DummyConnection Server connection - model.nation.spanish]
Apr 20, 2018 4:12:35 PM net.sf.freecol.server.networking.Server sendToAll
INFO: Reap dead connection: [DummyConnection Server connection - model.nation.inca]
Apr 20, 2018 4:12:35 PM net.sf.freecol.server.networking.Server sendToAll
INFO: Reap dead connection: [DummyConnection Server connection - model.nation.iroquois]
Apr 20, 2018 4:12:35 PM net.sf.freecol.server.networking.Server sendToAll
INFO: Reap dead connection: [DummyConnection Server connection - model.nation.tupi]
Apr 20, 2018 4:12:35 PM net.sf.freecol.server.networking.Server sendToAll
INFO: Reap dead connection: [DummyConnection Server connection - model.nation.cherokee]
Apr 20, 2018 4:12:35 PM net.sf.freecol.server.networking.Server sendToAll
INFO: Reap dead connection: [DummyConnection Server connection - model.nation.french]
Apr 20, 2018 4:12:35 PM net.sf.freecol.server.networking.Server sendToAll
INFO: Reap dead connection: [DummyConnection Server connection - model.nation.sioux]
Apr 20, 2018 4:12:35 PM net.sf.freecol.server.networking.Server sendToAll
INFO: Reap dead connection: [DummyConnection Server connection - model.nation.apache]
Apr 20, 2018 4:12:35 PM net.sf.freecol.server.networking.Server sendToAll
INFO: Reap dead connection: [DummyConnection Server connection - model.nation.aztec]
Apr 20, 2018 4:12:35 PM net.sf.freecol.server.networking.Server sendToAll
INFO: Reap dead connection: [DummyConnection Server connection - model.nation.dutch]
Apr 20, 2018 4:12:35 PM net.sf.freecol.server.networking.Server sendToAll
INFO: Reap dead connection: [DummyConnection Server connection - model.nation.english]
Apr 20, 2018 4:12:35 PM net.sf.freecol.server.networking.Server sendToAll
INFO: Reap dead connection: [DummyConnection Server connection - model.nation.arawak]
Apr 20, 2018 4:12:35 PM net.sf.freecol.common.model.Specification applyDifficultyLevel
INFO: Applying difficulty level model.difficulty.medium
Apr 20, 2018 4:12:35 PM net.sf.freecol.common.FreeColSeed getFreeColSeed
INFO: Using seed: 2173561368749314774
Apr 20, 2018 4:12:35 PM net.sf.freecol.server.networking.Server sendToAll
INFO: Reap dead connection: [DummyConnection Server connection - model.nation.arawak]
Apr 20, 2018 4:12:35 PM net.sf.freecol.server.networking.Server sendToAll
INFO: Reap dead connection: [DummyConnection Server connection - model.nation.apache]
Apr 20, 2018 4:12:35 PM net.sf.freecol.server.networking.Server sendToAll
INFO: Reap dead connection: [DummyConnection Server connection - model.nation.sioux]
Apr 20, 2018 4:12:35 PM net.sf.freecol.server.networking.Server sendToAll
INFO: Reap dead connection: [DummyConnection Server connection - model.nation.dutch]
Apr 20, 2018 4:12:35 PM net.sf.freecol.server.networking.Server sendToAll
INFO: Reap dead connection: [DummyConnection Server connection - model.nation.aztec]
Apr 20, 2018 4:12:35 PM net.sf.freecol.server.networking.Server sendToAll
INFO: Reap dead connection: [DummyConnection Server connection - model.nation.cherokee]
Apr 20, 2018 4:12:35 PM net.sf.freecol.server.networking.Server sendToAll
INFO: Reap dead connection: [DummyConnection Server connection - model.nation.english]
Apr 20, 2018 4:12:35 PM net.sf.freecol.server.networking.Server sendToAll
INFO: Reap dead connection: [DummyConnection Server connection - model.nation.inca]
Apr 20, 2018 4:12:35 PM net.sf.freecol.server.networking.Server sendToAll
INFO: Reap dead connection: [DummyConnection Server connection - model.nation.french]
Apr 20, 2018 4:12:35 PM net.sf.freecol.server.networking.Server sendToAll
INFO: Reap dead connection: [DummyConnection Server connection - model.nation.spanish]
Apr 20, 2018 4:12:35 PM net.sf.freecol.server.networking.Server sendToAll
INFO: Reap dead connection: [DummyConnection Server connection - model.nation.tupi]
Apr 20, 2018 4:12:35 PM net.sf.freecol.server.networking.Server sendToAll
INFO: Reap dead connection: [DummyConnection Server connection - model.nation.iroquois]
Apr 20, 2018 4:12:35 PM net.sf.freecol.common.model.Specification applyDifficultyLevel
INFO: Applying difficulty level model.difficulty.medium
Apr 20, 2018 4:12:35 PM net.sf.freecol.common.FreeColSeed getFreeColSeed
INFO: Using seed: -3015319394364540220
Apr 20, 2018 4:12:35 PM net.sf.freecol.server.networking.Server sendToAll
INFO: Reap dead connection: [DummyConnection Server connection - model.nation.french]
Apr 20, 2018 4:12:35 PM net.sf.freecol.server.networking.Server sendToAll
INFO: Reap dead connection: [DummyConnection Server connection - model.nation.tupi]
Apr 20, 2018 4:12:35 PM net.sf.freecol.server.networking.Server sendToAll
INFO: Reap dead connection: [DummyConnection Server connection - model.nation.inca]
Apr 20, 2018 4:12:35 PM net.sf.freecol.server.networking.Server sendToAll
INFO: Reap dead connection: [DummyConnection Server connection - model.nation.spanish]
Apr 20, 2018 4:12:35 PM net.sf.freecol.server.networking.Server sendToAll
INFO: Reap dead connection: [DummyConnection Server connection - model.nation.apache]
Apr 20, 2018 4:12:35 PM net.sf.freecol.server.networking.Server sendToAll
INFO: Reap dead connection: [DummyConnection Server connection - model.nation.aztec]
Apr 20, 2018 4:12:35 PM net.sf.freecol.server.networking.Server sendToAll
INFO: Reap dead connection: [DummyConnection Server connection - model.nation.sioux]
Apr 20, 2018 4:12:35 PM net.sf.freecol.server.networking.Server sendToAll
INFO: Reap dead connection: [DummyConnection Server connection - model.nation.english]
Apr 20, 2018 4:12:35 PM net.sf.freecol.server.networking.Server sendToAll
INFO: Reap dead connection: [DummyConnection Server connection - model.nation.iroquois]
Apr 20, 2018 4:12:35 PM net.sf.freecol.server.networking.Server sendToAll
INFO: Reap dead connection: [DummyConnection Server connection - model.nation.cherokee]
Apr 20, 2018 4:12:35 PM net.sf.freecol.server.networking.Server sendToAll
INFO: Reap dead connection: [DummyConnection Server connection - model.nation.dutch]
Apr 20, 2018 4:12:35 PM net.sf.freecol.server.networking.Server sendToAll
INFO: Reap dead connection: [DummyConnection Server connection - model.nation.arawak]
Apr 20, 2018 4:12:35 PM net.sf.freecol.server.model.ServerPlayer checkForDeath
INFO: William I dead, can not buy carrier.
Apr 20, 2018 4:12:35 PM net.sf.freecol.common.model.Specification applyDifficultyLevel
INFO: Applying difficulty level model.difficulty.medium
Apr 20, 2018 4:12:35 PM net.sf.freecol.common.FreeColSeed getFreeColSeed
INFO: Using seed: 3145680647467379304
Apr 20, 2018 4:12:35 PM net.sf.freecol.server.networking.Server sendToAll
INFO: Reap dead connection: [DummyConnection Server connection - model.nation.apache]
Apr 20, 2018 4:12:35 PM net.sf.freecol.server.networking.Server sendToAll
INFO: Reap dead connection: [DummyConnection Server connection - model.nation.french]
Apr 20, 2018 4:12:35 PM net.sf.freecol.server.networking.Server sendToAll
INFO: Reap dead connection: [DummyConnection Server connection - model.nation.iroquois]
Apr 20, 2018 4:12:35 PM net.sf.freecol.server.networking.Server sendToAll
INFO: Reap dead connection: [DummyConnection Server connection - model.nation.cherokee]
Apr 20, 2018 4:12:35 PM net.sf.freecol.server.networking.Server sendToAll
INFO: Reap dead connection: [DummyConnection Server connection - model.nation.tupi]
Apr 20, 2018 4:12:35 PM net.sf.freecol.server.networking.Server sendToAll
INFO: Reap dead connection: [DummyConnection Server connection - model.nation.arawak]
Apr 20, 2018 4:12:35 PM net.sf.freecol.server.networking.Server sendToAll
INFO: Reap dead connection: [DummyConnection Server connection - model.nation.dutch]
Apr 20, 2018 4:12:35 PM net.sf.freecol.server.networking.Server sendToAll
INFO: Reap dead connection: [DummyConnection Server connection - model.nation.aztec]
Apr 20, 2018 4:12:35 PM net.sf.freecol.server.networking.Server sendToAll
INFO: Reap dead connection: [DummyConnection Server connection - model.nation.sioux]
Apr 20, 2018 4:12:35 PM net.sf.freecol.server.networking.Server sendToAll
INFO: Reap dead connection: [DummyConnection Server connection - model.nation.english]
Apr 20, 2018 4:12:35 PM net.sf.freecol.server.networking.Server sendToAll
INFO: Reap dead connection: [DummyConnection Server connection - model.nation.spanish]
Apr 20, 2018 4:12:35 PM net.sf.freecol.server.networking.Server sendToAll
INFO: Reap dead connection: [DummyConnection Server connection - model.nation.inca]
Apr 20, 2018 4:12:35 PM net.sf.freecol.server.model.ServerPlayer checkForDeath
INFO: William I alive, has embarked unit.
Apr 20, 2018 4:12:35 PM net.sf.freecol.server.model.ServerPlayer checkForDeath
INFO: William I dead, no presence >= 1600
Apr 20, 2018 4:12:35 PM net.sf.freecol.common.model.Specification applyDifficultyLevel
INFO: Applying difficulty level model.difficulty.medium
Apr 20, 2018 4:12:35 PM net.sf.freecol.common.FreeColSeed getFreeColSeed
INFO: Using seed: -8992800552183649446
Apr 20, 2018 4:12:35 PM net.sf.freecol.server.networking.Server sendToAll
INFO: Reap dead connection: [DummyConnection Server connection - model.nation.inca]
Apr 20, 2018 4:12:35 PM net.sf.freecol.server.networking.Server sendToAll
INFO: Reap dead connection: [DummyConnection Server connection - model.nation.iroquois]
Apr 20, 2018 4:12:35 PM net.sf.freecol.server.networking.Server sendToAll
INFO: Reap dead connection: [DummyConnection Server connection - model.nation.sioux]
Apr 20, 2018 4:12:35 PM net.sf.freecol.server.networking.Server sendToAll
INFO: Reap dead connection: [DummyConnection Server connection - model.nation.french]
Apr 20, 2018 4:12:35 PM net.sf.freecol.server.networking.Server sendToAll
INFO: Reap dead connection: [DummyConnection Server connection - model.nation.tupi]
Apr 20, 2018 4:12:35 PM net.sf.freecol.server.networking.Server sendToAll
INFO: Reap dead connection: [DummyConnection Server connection - model.nation.cherokee]
Apr 20, 2018 4:12:35 PM net.sf.freecol.server.networking.Server sendToAll
INFO: Reap dead connection: [DummyConnection Server connection - model.nation.spanish]
Apr 20, 2018 4:12:35 PM net.sf.freecol.server.networking.Server sendToAll
INFO: Reap dead connection: [DummyConnection Server connection - model.nation.dutch]
Apr 20, 2018 4:12:35 PM net.sf.freecol.server.networking.Server sendToAll
INFO: Reap dead connection: [DummyConnection Server connection - model.nation.apache]
Apr 20, 2018 4:12:35 PM net.sf.freecol.server.networking.Server sendToAll
INFO: Reap dead connection: [DummyConnection Server connection - model.nation.arawak]
Apr 20, 2018 4:12:35 PM net.sf.freecol.server.networking.Server sendToAll
INFO: Reap dead connection: [DummyConnection Server connection - model.nation.english]
Apr 20, 2018 4:12:35 PM net.sf.freecol.server.networking.Server sendToAll
INFO: Reap dead connection: [DummyConnection Server connection - model.nation.aztec]
Apr 20, 2018 4:12:35 PM net.sf.freecol.common.model.MarketData price
INFO: Clamped price fall for marketData:67 from 10 to 16
Apr 20, 2018 4:12:35 PM net.sf.freecol.common.model.Specification applyDifficultyLevel
INFO: Applying difficulty level model.difficulty.medium
Apr 20, 2018 4:12:35 PM net.sf.freecol.common.FreeColSeed getFreeColSeed
INFO: Using seed: 602311473540262400
Apr 20, 2018 4:12:35 PM net.sf.freecol.server.networking.Server sendToAll
INFO: Reap dead connection: [DummyConnection Server connection - model.nation.french]
Apr 20, 2018 4:12:35 PM net.sf.freecol.server.networking.Server sendToAll
INFO: Reap dead connection: [DummyConnection Server connection - model.nation.inca]
Apr 20, 2018 4:12:35 PM net.sf.freecol.server.networking.Server sendToAll
INFO: Reap dead connection: [DummyConnection Server connection - model.nation.tupi]
Apr 20, 2018 4:12:35 PM net.sf.freecol.server.networking.Server sendToAll
INFO: Reap dead connection: [DummyConnection Server connection - model.nation.sioux]
Apr 20, 2018 4:12:35 PM net.sf.freecol.server.networking.Server sendToAll
INFO: Reap dead connection: [DummyConnection Server connection - model.nation.aztec]
Apr 20, 2018 4:12:35 PM net.sf.freecol.server.networking.Server sendToAll
INFO: Reap dead connection: [DummyConnection Server connection - model.nation.dutch]
Apr 20, 2018 4:12:35 PM net.sf.freecol.server.networking.Server sendToAll
INFO: Reap dead connection: [DummyConnection Server connection - model.nation.english]
Apr 20, 2018 4:12:35 PM net.sf.freecol.server.networking.Server sendToAll
INFO: Reap dead connection: [DummyConnection Server connection - model.nation.iroquois]
Apr 20, 2018 4:12:35 PM net.sf.freecol.server.networking.Server sendToAll
INFO: Reap dead connection: [DummyConnection Server connection - model.nation.spanish]
Apr 20, 2018 4:12:35 PM net.sf.freecol.server.networking.Server sendToAll
INFO: Reap dead connection: [DummyConnection Server connection - model.nation.cherokee]
Apr 20, 2018 4:12:35 PM net.sf.freecol.server.networking.Server sendToAll
INFO: Reap dead connection: [DummyConnection Server connection - model.nation.arawak]
Apr 20, 2018 4:12:35 PM net.sf.freecol.server.networking.Server sendToAll
INFO: Reap dead connection: [DummyConnection Server connection - model.nation.apache]
Apr 20, 2018 4:12:35 PM net.sf.freecol.common.model.MarketData price
INFO: Clamped price fall for marketData:88 from 13 to 16
Apr 20, 2018 4:12:35 PM net.sf.freecol.common.model.Specification applyDifficultyLevel
INFO: Applying difficulty level model.difficulty.medium
Apr 20, 2018 4:12:35 PM net.sf.freecol.common.FreeColSeed getFreeColSeed
INFO: Using seed: -6219914150669574719
Apr 20, 2018 4:12:35 PM net.sf.freecol.server.networking.Server sendToAll
INFO: Reap dead connection: [DummyConnection Server connection - model.nation.spanish]
Apr 20, 2018 4:12:35 PM net.sf.freecol.server.networking.Server sendToAll
INFO: Reap dead connection: [DummyConnection Server connection - model.nation.sioux]
Apr 20, 2018 4:12:35 PM net.sf.freecol.server.networking.Server sendToAll
INFO: Reap dead connection: [DummyConnection Server connection - model.nation.french]
Apr 20, 2018 4:12:35 PM net.sf.freecol.server.networking.Server sendToAll
INFO: Reap dead connection: [DummyConnection Server connection - model.nation.dutch]
Apr 20, 2018 4:12:35 PM net.sf.freecol.server.networking.Server sendToAll
INFO: Reap dead connection: [DummyConnection Server connection - model.nation.apache]
Apr 20, 2018 4:12:35 PM net.sf.freecol.server.networking.Server sendToAll
INFO: Reap dead connection: [DummyConnection Server connection - model.nation.iroquois]
Apr 20, 2018 4:12:35 PM net.sf.freecol.server.networking.Server sendToAll
INFO: Reap dead connection: [DummyConnection Server connection - model.nation.english]
Apr 20, 2018 4:12:35 PM net.sf.freecol.server.networking.Server sendToAll
INFO: Reap dead connection: [DummyConnection Server connection - model.nation.cherokee]
Apr 20, 2018 4:12:35 PM net.sf.freecol.server.networking.Server sendToAll
INFO: Reap dead connection: [DummyConnection Server connection - model.nation.arawak]
Apr 20, 2018 4:12:35 PM net.sf.freecol.server.networking.Server sendToAll
INFO: Reap dead connection: [DummyConnection Server connection - model.nation.inca]
Apr 20, 2018 4:12:35 PM net.sf.freecol.server.networking.Server sendToAll
INFO: Reap dead connection: [DummyConnection Server connection - model.nation.tupi]
Apr 20, 2018 4:12:35 PM net.sf.freecol.server.networking.Server sendToAll
INFO: Reap dead connection: [DummyConnection Server connection - model.nation.aztec]
Apr 20, 2018 4:12:35 PM net.sf.freecol.common.networking.DOMMessage clientError
WARNING: Carrier not at location: New Amsterdam
Apr 20, 2018 4:12:35 PM net.sf.freecol.common.networking.DOMMessage clientError
WARNING: Too much goods
Apr 20, 2018 4:12:35 PM net.sf.freecol.common.networking.DOMMessage clientError
WARNING: Too much goods
Apr 20, 2018 4:12:35 PM net.sf.freecol.common.model.Specification applyDifficultyLevel
INFO: Applying difficulty level model.difficulty.medium
Apr 20, 2018 4:12:35 PM net.sf.freecol.common.FreeColSeed getFreeColSeed
INFO: Using seed: -2910548362493640544
Apr 20, 2018 4:12:35 PM net.sf.freecol.server.networking.Server sendToAll
INFO: Reap dead connection: [DummyConnection Server connection - model.nation.english]
Apr 20, 2018 4:12:35 PM net.sf.freecol.server.networking.Server sendToAll
INFO: Reap dead connection: [DummyConnection Server connection - model.nation.french]
Apr 20, 2018 4:12:35 PM net.sf.freecol.server.networking.Server sendToAll
INFO: Reap dead connection: [DummyConnection Server connection - model.nation.cherokee]
Apr 20, 2018 4:12:35 PM net.sf.freecol.server.networking.Server sendToAll
INFO: Reap dead connection: [DummyConnection Server connection - model.nation.iroquois]
Apr 20, 2018 4:12:35 PM net.sf.freecol.server.networking.Server sendToAll
INFO: Reap dead connection: [DummyConnection Server connection - model.nation.inca]
Apr 20, 2018 4:12:35 PM net.sf.freecol.server.networking.Server sendToAll
INFO: Reap dead connection: [DummyConnection Server connection - model.nation.tupi]
Apr 20, 2018 4:12:35 PM net.sf.freecol.server.networking.Server sendToAll
INFO: Reap dead connection: [DummyConnection Server connection - model.nation.apache]
Apr 20, 2018 4:12:35 PM net.sf.freecol.server.networking.Server sendToAll
INFO: Reap dead connection: [DummyConnection Server connection - model.nation.sioux]
Apr 20, 2018 4:12:35 PM net.sf.freecol.server.networking.Server sendToAll
INFO: Reap dead connection: [DummyConnection Server connection - model.nation.arawak]
Apr 20, 2018 4:12:35 PM net.sf.freecol.server.networking.Server sendToAll
INFO: Reap dead connection: [DummyConnection Server connection - model.nation.spanish]
Apr 20, 2018 4:12:35 PM net.sf.freecol.server.networking.Server sendToAll
INFO: Reap dead connection: [DummyConnection Server connection - model.nation.dutch]
Apr 20, 2018 4:12:35 PM net.sf.freecol.server.networking.Server sendToAll
INFO: Reap dead connection: [DummyConnection Server connection - model.nation.aztec]
Apr 20, 2018 4:12:35 PM net.sf.freecol.common.model.Unit setLocation
WARNING: Can not add [unit:249 dutch privateer 8/8] to tile:491
Apr 20, 2018 4:12:35 PM net.sf.freecol.common.networking.DOMMessage clientError
WARNING: Player William I tried to buy 10 cotton
Apr 20, 2018 4:12:35 PM net.sf.freecol.common.networking.DOMMessage clientError
WARNING: Carrier not in Europe: Europe
Apr 20, 2018 4:12:35 PM net.sf.freecol.common.networking.DOMMessage clientError
WARNING: Can not trade boycotted goods
Apr 20, 2018 4:12:35 PM net.sf.freecol.common.model.Specification applyDifficultyLevel
INFO: Applying difficulty level model.difficulty.medium
Apr 20, 2018 4:12:35 PM net.sf.freecol.common.FreeColSeed getFreeColSeed
INFO: Using seed: 6129736320501170075
Apr 20, 2018 4:12:35 PM net.sf.freecol.server.networking.Server sendToAll
INFO: Reap dead connection: [DummyConnection Server connection - model.nation.french]
Apr 20, 2018 4:12:35 PM net.sf.freecol.server.networking.Server sendToAll
INFO: Reap dead connection: [DummyConnection Server connection - model.nation.sioux]
Apr 20, 2018 4:12:35 PM net.sf.freecol.server.networking.Server sendToAll
INFO: Reap dead connection: [DummyConnection Server connection - model.nation.english]
Apr 20, 2018 4:12:35 PM net.sf.freecol.server.networking.Server sendToAll
INFO: Reap dead connection: [DummyConnection Server connection - model.nation.iroquois]
Apr 20, 2018 4:12:35 PM net.sf.freecol.server.networking.Server sendToAll
INFO: Reap dead connection: [DummyConnection Server connection - model.nation.aztec]
Apr 20, 2018 4:12:35 PM net.sf.freecol.server.networking.Server sendToAll
INFO: Reap dead connection: [DummyConnection Server connection - model.nation.dutch]
Apr 20, 2018 4:12:35 PM net.sf.freecol.server.networking.Server sendToAll
INFO: Reap dead connection: [DummyConnection Server connection - model.nation.arawak]
Apr 20, 2018 4:12:35 PM net.sf.freecol.server.networking.Server sendToAll
INFO: Reap dead connection: [DummyConnection Server connection - model.nation.apache]
Apr 20, 2018 4:12:35 PM net.sf.freecol.server.networking.Server sendToAll
INFO: Reap dead connection: [DummyConnection Server connection - model.nation.cherokee]
Apr 20, 2018 4:12:35 PM net.sf.freecol.server.networking.Server sendToAll
INFO: Reap dead connection: [DummyConnection Server connection - model.nation.inca]
Apr 20, 2018 4:12:35 PM net.sf.freecol.server.networking.Server sendToAll
INFO: Reap dead connection: [DummyConnection Server connection - model.nation.tupi]
Apr 20, 2018 4:12:35 PM net.sf.freecol.server.networking.Server sendToAll
INFO: Reap dead connection: [DummyConnection Server connection - model.nation.spanish]
Apr 20, 2018 4:12:35 PM net.sf.freecol.common.model.Specification applyDifficultyLevel
INFO: Applying difficulty level model.difficulty.medium
Apr 20, 2018 4:12:35 PM net.sf.freecol.common.FreeColSeed getFreeColSeed
INFO: Using seed: -1495707525123890430
Apr 20, 2018 4:12:35 PM net.sf.freecol.server.networking.Server sendToAll
INFO: Reap dead connection: [DummyConnection Server connection - model.nation.iroquois]
Apr 20, 2018 4:12:35 PM net.sf.freecol.server.networking.Server sendToAll
INFO: Reap dead connection: [DummyConnection Server connection - model.nation.arawak]
Apr 20, 2018 4:12:35 PM net.sf.freecol.server.networking.Server sendToAll
INFO: Reap dead connection: [DummyConnection Server connection - model.nation.french]
Apr 20, 2018 4:12:35 PM net.sf.freecol.server.networking.Server sendToAll
INFO: Reap dead connection: [DummyConnection Server connection - model.nation.sioux]
Apr 20, 2018 4:12:35 PM net.sf.freecol.server.networking.Server sendToAll
INFO: Reap dead connection: [DummyConnection Server connection - model.nation.english]
Apr 20, 2018 4:12:35 PM net.sf.freecol.server.networking.Server sendToAll
INFO: Reap dead connection: [DummyConnection Server connection - model.nation.apache]
Apr 20, 2018 4:12:35 PM net.sf.freecol.server.networking.Server sendToAll
INFO: Reap dead connection: [DummyConnection Server connection - model.nation.aztec]
Apr 20, 2018 4:12:35 PM net.sf.freecol.server.networking.Server sendToAll
INFO: Reap dead connection: [DummyConnection Server connection - model.nation.spanish]
Apr 20, 2018 4:12:35 PM net.sf.freecol.server.networking.Server sendToAll
INFO: Reap dead connection: [DummyConnection Server connection - model.nation.inca]
Apr 20, 2018 4:12:35 PM net.sf.freecol.server.networking.Server sendToAll
INFO: Reap dead connection: [DummyConnection Server connection - model.nation.cherokee]
Apr 20, 2018 4:12:35 PM net.sf.freecol.server.networking.Server sendToAll
INFO: Reap dead connection: [DummyConnection Server connection - model.nation.tupi]
Apr 20, 2018 4:12:35 PM net.sf.freecol.server.networking.Server sendToAll
INFO: Reap dead connection: [DummyConnection Server connection - model.nation.dutch]
Apr 20, 2018 4:12:35 PM net.sf.freecol.common.model.Specification applyDifficultyLevel
INFO: Applying difficulty level model.difficulty.medium
Apr 20, 2018 4:12:35 PM net.sf.freecol.common.FreeColSeed getFreeColSeed
INFO: Using seed: -7583081737439801443
Apr 20, 2018 4:12:35 PM net.sf.freecol.server.networking.Server sendToAll
INFO: Reap dead connection: [DummyConnection Server connection - model.nation.sioux]
Apr 20, 2018 4:12:35 PM net.sf.freecol.server.networking.Server sendToAll
INFO: Reap dead connection: [DummyConnection Server connection - model.nation.cherokee]
Apr 20, 2018 4:12:35 PM net.sf.freecol.server.networking.Server sendToAll
INFO: Reap dead connection: [DummyConnection Server connection - model.nation.iroquois]
Apr 20, 2018 4:12:35 PM net.sf.freecol.server.networking.Server sendToAll
INFO: Reap dead connection: [DummyConnection Server connection - model.nation.dutch]
Apr 20, 2018 4:12:35 PM net.sf.freecol.server.networking.Server sendToAll
INFO: Reap dead connection: [DummyConnection Server connection - model.nation.french]
Apr 20, 2018 4:12:35 PM net.sf.freecol.server.networking.Server sendToAll
INFO: Reap dead connection: [DummyConnection Server connection - model.nation.english]
Apr 20, 2018 4:12:35 PM net.sf.freecol.server.networking.Server sendToAll
INFO: Reap dead connection: [DummyConnection Server connection - model.nation.inca]
Apr 20, 2018 4:12:35 PM net.sf.freecol.server.networking.Server sendToAll
INFO: Reap dead connection: [DummyConnection Server connection - model.nation.aztec]
Apr 20, 2018 4:12:35 PM net.sf.freecol.server.networking.Server sendToAll
INFO: Reap dead connection: [DummyConnection Server connection - model.nation.spanish]
Apr 20, 2018 4:12:35 PM net.sf.freecol.server.networking.Server sendToAll
INFO: Reap dead connection: [DummyConnection Server connection - model.nation.apache]
Apr 20, 2018 4:12:35 PM net.sf.freecol.server.networking.Server sendToAll
INFO: Reap dead connection: [DummyConnection Server connection - model.nation.tupi]
Apr 20, 2018 4:12:35 PM net.sf.freecol.server.networking.Server sendToAll
INFO: Reap dead connection: [DummyConnection Server connection - model.nation.arawak]
Apr 20, 2018 4:12:35 PM net.sf.freecol.common.util.LogBuilder log
INFO: Destroying: tileImprovement:248
Apr 20, 2018 4:12:35 PM net.sf.freecol.common.model.Specification applyDifficultyLevel
INFO: Applying difficulty level model.difficulty.medium
Apr 20, 2018 4:12:35 PM net.sf.freecol.common.FreeColSeed getFreeColSeed
INFO: Using seed: -2608982004229339226
Apr 20, 2018 4:12:35 PM net.sf.freecol.server.networking.Server sendToAll
INFO: Reap dead connection: [DummyConnection Server connection - model.nation.english]
Apr 20, 2018 4:12:35 PM net.sf.freecol.server.networking.Server sendToAll
INFO: Reap dead connection: [DummyConnection Server connection - model.nation.apache]
Apr 20, 2018 4:12:35 PM net.sf.freecol.server.networking.Server sendToAll
INFO: Reap dead connection: [DummyConnection Server connection - model.nation.cherokee]
Apr 20, 2018 4:12:35 PM net.sf.freecol.server.networking.Server sendToAll
INFO: Reap dead connection: [DummyConnection Server connection - model.nation.inca]
Apr 20, 2018 4:12:35 PM net.sf.freecol.server.networking.Server sendToAll
INFO: Reap dead connection: [DummyConnection Server connection - model.nation.tupi]
Apr 20, 2018 4:12:35 PM net.sf.freecol.server.networking.Server sendToAll
INFO: Reap dead connection: [DummyConnection Server connection - model.nation.aztec]
Apr 20, 2018 4:12:35 PM net.sf.freecol.server.networking.Server sendToAll
INFO: Reap dead connection: [DummyConnection Server connection - model.nation.iroquois]
Apr 20, 2018 4:12:35 PM net.sf.freecol.server.networking.Server sendToAll
INFO: Reap dead connection: [DummyConnection Server connection - model.nation.dutch]
Apr 20, 2018 4:12:35 PM net.sf.freecol.server.networking.Server sendToAll
INFO: Reap dead connection: [DummyConnection Server connection - model.nation.spanish]
Apr 20, 2018 4:12:35 PM net.sf.freecol.server.networking.Server sendToAll
INFO: Reap dead connection: [DummyConnection Server connection - model.nation.french]
Apr 20, 2018 4:12:35 PM net.sf.freecol.server.networking.Server sendToAll
INFO: Reap dead connection: [DummyConnection Server connection - model.nation.arawak]
Apr 20, 2018 4:12:35 PM net.sf.freecol.server.networking.Server sendToAll
INFO: Reap dead connection: [DummyConnection Server connection - model.nation.sioux]
Apr 20, 2018 4:12:35 PM net.sf.freecol.common.util.LogBuilder log
INFO: Destroying: tileImprovement:252
Apr 20, 2018 4:12:35 PM net.sf.freecol.common.model.Specification applyDifficultyLevel
INFO: Applying difficulty level model.difficulty.medium
Apr 20, 2018 4:12:35 PM net.sf.freecol.common.FreeColSeed getFreeColSeed
INFO: Using seed: -5213129491140092725
Apr 20, 2018 4:12:35 PM net.sf.freecol.server.networking.Server sendToAll
INFO: Reap dead connection: [DummyConnection Server connection - model.nation.english]
Apr 20, 2018 4:12:35 PM net.sf.freecol.server.networking.Server sendToAll
INFO: Reap dead connection: [DummyConnection Server connection - model.nation.cherokee]
Apr 20, 2018 4:12:35 PM net.sf.freecol.server.networking.Server sendToAll
INFO: Reap dead connection: [DummyConnection Server connection - model.nation.tupi]
Apr 20, 2018 4:12:35 PM net.sf.freecol.server.networking.Server sendToAll
INFO: Reap dead connection: [DummyConnection Server connection - model.nation.arawak]
Apr 20, 2018 4:12:35 PM net.sf.freecol.server.networking.Server sendToAll
INFO: Reap dead connection: [DummyConnection Server connection - model.nation.dutch]
Apr 20, 2018 4:12:35 PM net.sf.freecol.server.networking.Server sendToAll
INFO: Reap dead connection: [DummyConnection Server connection - model.nation.aztec]
Apr 20, 2018 4:12:35 PM net.sf.freecol.server.networking.Server sendToAll
INFO: Reap dead connection: [DummyConnection Server connection - model.nation.spanish]
Apr 20, 2018 4:12:35 PM net.sf.freecol.server.networking.Server sendToAll
INFO: Reap dead connection: [DummyConnection Server connection - model.nation.inca]
Apr 20, 2018 4:12:35 PM net.sf.freecol.server.networking.Server sendToAll
INFO: Reap dead connection: [DummyConnection Server connection - model.nation.apache]
Apr 20, 2018 4:12:35 PM net.sf.freecol.server.networking.Server sendToAll
INFO: Reap dead connection: [DummyConnection Server connection - model.nation.sioux]
Apr 20, 2018 4:12:35 PM net.sf.freecol.server.networking.Server sendToAll
INFO: Reap dead connection: [DummyConnection Server connection - model.nation.iroquois]
Apr 20, 2018 4:12:35 PM net.sf.freecol.server.networking.Server sendToAll
INFO: Reap dead connection: [DummyConnection Server connection - model.nation.french]
Apr 20, 2018 4:12:35 PM net.sf.freecol.common.model.Specification applyDifficultyLevel
INFO: Applying difficulty level model.difficulty.medium
Apr 20, 2018 4:12:35 PM net.sf.freecol.common.FreeColSeed getFreeColSeed
INFO: Using seed: 6682723649748317139
Apr 20, 2018 4:12:35 PM net.sf.freecol.server.networking.Server sendToAll
INFO: Reap dead connection: [DummyConnection Server connection - model.nation.sioux]
Apr 20, 2018 4:12:35 PM net.sf.freecol.server.networking.Server sendToAll
INFO: Reap dead connection: [DummyConnection Server connection - model.nation.apache]
Apr 20, 2018 4:12:35 PM net.sf.freecol.server.networking.Server sendToAll
INFO: Reap dead connection: [DummyConnection Server connection - model.nation.dutch]
Apr 20, 2018 4:12:35 PM net.sf.freecol.server.networking.Server sendToAll
INFO: Reap dead connection: [DummyConnection Server connection - model.nation.arawak]
Apr 20, 2018 4:12:35 PM net.sf.freecol.server.networking.Server sendToAll
INFO: Reap dead connection: [DummyConnection Server connection - model.nation.french]
Apr 20, 2018 4:12:35 PM net.sf.freecol.server.networking.Server sendToAll
INFO: Reap dead connection: [DummyConnection Server connection - model.nation.english]
Apr 20, 2018 4:12:35 PM net.sf.freecol.server.networking.Server sendToAll
INFO: Reap dead connection: [DummyConnection Server connection - model.nation.cherokee]
Apr 20, 2018 4:12:35 PM net.sf.freecol.server.networking.Server sendToAll
INFO: Reap dead connection: [DummyConnection Server connection - model.nation.iroquois]
Apr 20, 2018 4:12:35 PM net.sf.freecol.server.networking.Server sendToAll
INFO: Reap dead connection: [DummyConnection Server connection - model.nation.tupi]
Apr 20, 2018 4:12:35 PM net.sf.freecol.server.networking.Server sendToAll
INFO: Reap dead connection: [DummyConnection Server connection - model.nation.inca]
Apr 20, 2018 4:12:35 PM net.sf.freecol.server.networking.Server sendToAll
INFO: Reap dead connection: [DummyConnection Server connection - model.nation.aztec]
Apr 20, 2018 4:12:35 PM net.sf.freecol.server.networking.Server sendToAll
INFO: Reap dead connection: [DummyConnection Server connection - model.nation.spanish]
Apr 20, 2018 4:12:35 PM net.sf.freecol.common.model.Specification applyDifficultyLevel
INFO: Applying difficulty level model.difficulty.medium
Apr 20, 2018 4:12:35 PM net.sf.freecol.common.FreeColSeed getFreeColSeed
INFO: Using seed: 8480569871739527560
Apr 20, 2018 4:12:35 PM net.sf.freecol.server.networking.Server sendToAll
INFO: Reap dead connection: [DummyConnection Server connection - model.nation.aztec]
Apr 20, 2018 4:12:35 PM net.sf.freecol.server.networking.Server sendToAll
INFO: Reap dead connection: [DummyConnection Server connection - model.nation.tupi]
Apr 20, 2018 4:12:35 PM net.sf.freecol.server.networking.Server sendToAll
INFO: Reap dead connection: [DummyConnection Server connection - model.nation.english]
Apr 20, 2018 4:12:35 PM net.sf.freecol.server.networking.Server sendToAll
INFO: Reap dead connection: [DummyConnection Server connection - model.nation.dutch]
Apr 20, 2018 4:12:35 PM net.sf.freecol.server.networking.Server sendToAll
INFO: Reap dead connection: [DummyConnection Server connection - model.nation.sioux]
Apr 20, 2018 4:12:35 PM net.sf.freecol.server.networking.Server sendToAll
INFO: Reap dead connection: [DummyConnection Server connection - model.nation.spanish]
Apr 20, 2018 4:12:35 PM net.sf.freecol.server.networking.Server sendToAll
INFO: Reap dead connection: [DummyConnection Server connection - model.nation.apache]
Apr 20, 2018 4:12:35 PM net.sf.freecol.server.networking.Server sendToAll
INFO: Reap dead connection: [DummyConnection Server connection - model.nation.iroquois]
Apr 20, 2018 4:12:35 PM net.sf.freecol.server.networking.Server sendToAll
INFO: Reap dead connection: [DummyConnection Server connection - model.nation.cherokee]
Apr 20, 2018 4:12:35 PM net.sf.freecol.server.networking.Server sendToAll
INFO: Reap dead connection: [DummyConnection Server connection - model.nation.french]
Apr 20, 2018 4:12:35 PM net.sf.freecol.server.networking.Server sendToAll
INFO: Reap dead connection: [DummyConnection Server connection - model.nation.arawak]
Apr 20, 2018 4:12:35 PM net.sf.freecol.server.networking.Server sendToAll
INFO: Reap dead connection: [DummyConnection Server connection - model.nation.inca]
Apr 20, 2018 4:12:35 PM net.sf.freecol.common.util.LogBuilder log
INFO: Destroying: tileImprovement:274
Apr 20, 2018 4:12:35 PM net.sf.freecol.common.util.LogBuilder log
INFO: Destroying: tileImprovement:276
Apr 20, 2018 4:12:35 PM net.sf.freecol.common.model.Specification applyDifficultyLevel
INFO: Applying difficulty level model.difficulty.medium
Apr 20, 2018 4:12:35 PM net.sf.freecol.common.FreeColSeed getFreeColSeed
INFO: Using seed: 2409550728203240667
Apr 20, 2018 4:12:35 PM net.sf.freecol.server.networking.Server sendToAll
INFO: Reap dead connection: [DummyConnection Server connection - model.nation.iroquois]
Apr 20, 2018 4:12:35 PM net.sf.freecol.server.networking.Server sendToAll
INFO: Reap dead connection: [DummyConnection Server connection - model.nation.tupi]
Apr 20, 2018 4:12:35 PM net.sf.freecol.server.networking.Server sendToAll
INFO: Reap dead connection: [DummyConnection Server connection - model.nation.spanish]
Apr 20, 2018 4:12:35 PM net.sf.freecol.server.networking.Server sendToAll
INFO: Reap dead connection: [DummyConnection Server connection - model.nation.cherokee]
Apr 20, 2018 4:12:35 PM net.sf.freecol.server.networking.Server sendToAll
INFO: Reap dead connection: [DummyConnection Server connection - model.nation.sioux]
Apr 20, 2018 4:12:35 PM net.sf.freecol.server.networking.Server sendToAll
INFO: Reap dead connection: [DummyConnection Server connection - model.nation.dutch]
Apr 20, 2018 4:12:35 PM net.sf.freecol.server.networking.Server sendToAll
INFO: Reap dead connection: [DummyConnection Server connection - model.nation.arawak]
Apr 20, 2018 4:12:35 PM net.sf.freecol.server.networking.Server sendToAll
INFO: Reap dead connection: [DummyConnection Server connection - model.nation.apache]
Apr 20, 2018 4:12:35 PM net.sf.freecol.server.networking.Server sendToAll
INFO: Reap dead connection: [DummyConnection Server connection - model.nation.inca]
Apr 20, 2018 4:12:35 PM net.sf.freecol.server.networking.Server sendToAll
INFO: Reap dead connection: [DummyConnection Server connection - model.nation.french]
Apr 20, 2018 4:12:35 PM net.sf.freecol.server.networking.Server sendToAll
INFO: Reap dead connection: [DummyConnection Server connection - model.nation.english]
Apr 20, 2018 4:12:35 PM net.sf.freecol.server.networking.Server sendToAll
INFO: Reap dead connection: [DummyConnection Server connection - model.nation.aztec]
Apr 20, 2018 4:12:35 PM net.sf.freecol.common.model.LandMap <init>
INFO: Using land generator model.option.landGeneratorType.classic
Apr 20, 2018 4:12:35 PM net.sf.freecol.common.util.LogBuilder log
INFO: Destroying: tileImprovement:4066
Apr 20, 2018 4:12:35 PM net.sf.freecol.common.util.LogBuilder log
INFO: Destroying: tileImprovement:4068
Apr 20, 2018 4:12:35 PM net.sf.freecol.common.util.LogBuilder log
INFO: Destroying: tileImprovement:4070
Apr 20, 2018 4:12:35 PM net.sf.freecol.common.util.LogBuilder log
INFO: Destroying: tileImprovement:4047
Apr 20, 2018 4:12:35 PM net.sf.freecol.common.util.LogBuilder log
INFO: Destroying: tileImprovement:4049
Apr 20, 2018 4:12:35 PM net.sf.freecol.common.util.LogBuilder log
INFO: Destroying: tileImprovement:4051
Apr 20, 2018 4:12:35 PM net.sf.freecol.common.util.LogBuilder log
INFO: Destroying: tileImprovement:4053
Apr 20, 2018 4:12:35 PM net.sf.freecol.common.util.LogBuilder log
INFO: Destroying: tileImprovement:4055
Apr 20, 2018 4:12:35 PM net.sf.freecol.common.util.LogBuilder log
INFO: Destroying: tileImprovement:4057
Apr 20, 2018 4:12:35 PM net.sf.freecol.common.util.LogBuilder log
INFO: Destroying: tileImprovement:4059
Apr 20, 2018 4:12:35 PM net.sf.freecol.common.util.LogBuilder log
INFO: Destroying: tileImprovement:4202
Apr 20, 2018 4:12:35 PM net.sf.freecol.common.util.LogBuilder log
INFO: Destroying: tileImprovement:4204
Apr 20, 2018 4:12:35 PM net.sf.freecol.common.util.LogBuilder log
INFO: Destroying: tileImprovement:4206
Apr 20, 2018 4:12:35 PM net.sf.freecol.common.util.LogBuilder log
INFO: Destroying: tileImprovement:4208
Apr 20, 2018 4:12:35 PM net.sf.freecol.common.util.LogBuilder log
INFO: Destroying: tileImprovement:4210
Apr 20, 2018 4:12:35 PM net.sf.freecol.common.util.LogBuilder log
INFO: Destroying: tileImprovement:4212
Apr 20, 2018 4:12:35 PM net.sf.freecol.common.util.LogBuilder log
INFO: Destroying: tileImprovement:4236
Apr 20, 2018 4:12:35 PM net.sf.freecol.common.util.LogBuilder log
INFO: Destroying: tileImprovement:4237
Apr 20, 2018 4:12:35 PM net.sf.freecol.common.util.LogBuilder log
INFO: Destroying: tileImprovement:4238
Apr 20, 2018 4:12:35 PM net.sf.freecol.common.util.LogBuilder log
INFO: Destroying: tileImprovement:4239
Apr 20, 2018 4:12:35 PM net.sf.freecol.common.util.LogBuilder log
INFO: Destroying: tileImprovement:4240
Apr 20, 2018 4:12:35 PM net.sf.freecol.common.util.LogBuilder log
INFO: Destroying: tileImprovement:4241
Apr 20, 2018 4:12:35 PM net.sf.freecol.common.util.LogBuilder log
INFO: Destroying: tileImprovement:4242
Apr 20, 2018 4:12:35 PM net.sf.freecol.common.util.LogBuilder log
INFO: Destroying: tileImprovement:4260
Apr 20, 2018 4:12:35 PM net.sf.freecol.common.util.LogBuilder log
INFO: Destroying: tileImprovement:4262
Apr 20, 2018 4:12:35 PM net.sf.freecol.common.util.LogBuilder log
INFO: Destroying: tileImprovement:4264
Apr 20, 2018 4:12:35 PM net.sf.freecol.common.util.LogBuilder log
INFO: Destroying: tileImprovement:4254
Apr 20, 2018 4:12:35 PM net.sf.freecol.common.util.LogBuilder log
INFO: Destroying: tileImprovement:4255
Apr 20, 2018 4:12:35 PM net.sf.freecol.common.util.LogBuilder log
INFO: Destroying: tileImprovement:4256
Apr 20, 2018 4:12:35 PM net.sf.freecol.common.util.LogBuilder log
INFO: Destroying: tileImprovement:4257
Apr 20, 2018 4:12:35 PM net.sf.freecol.common.util.LogBuilder log
INFO: Destroying: tileImprovement:4258
Apr 20, 2018 4:12:35 PM net.sf.freecol.common.util.LogBuilder log
INFO: Destroying: tileImprovement:4259
Apr 20, 2018 4:12:35 PM net.sf.freecol.common.util.LogBuilder log
INFO: Destroying: tileImprovement:4183
Apr 20, 2018 4:12:35 PM net.sf.freecol.common.util.LogBuilder log
INFO: Destroying: tileImprovement:4185
Apr 20, 2018 4:12:35 PM net.sf.freecol.common.util.LogBuilder log
INFO: Destroying: tileImprovement:4187
Apr 20, 2018 4:12:35 PM net.sf.freecol.common.util.LogBuilder log
INFO: Destroying: tileImprovement:4189
Apr 20, 2018 4:12:35 PM net.sf.freecol.common.util.LogBuilder log
INFO: Destroying: tileImprovement:4062
Apr 20, 2018 4:12:35 PM net.sf.freecol.common.util.LogBuilder log
INFO: Destroying: tileImprovement:4064
Apr 20, 2018 4:12:35 PM net.sf.freecol.common.util.LogBuilder log
INFO: Destroying: tileImprovement:4217
Apr 20, 2018 4:12:35 PM net.sf.freecol.common.util.LogBuilder log
INFO: Destroying: tileImprovement:4218
Apr 20, 2018 4:12:35 PM net.sf.freecol.common.util.LogBuilder log
INFO: Destroying: tileImprovement:4219
Apr 20, 2018 4:12:35 PM net.sf.freecol.common.util.LogBuilder log
INFO: Destroying: tileImprovement:4192
Apr 20, 2018 4:12:35 PM net.sf.freecol.common.util.LogBuilder log
INFO: Destroying: tileImprovement:4194
Apr 20, 2018 4:12:35 PM net.sf.freecol.common.util.LogBuilder log
INFO: Destroying: tileImprovement:4196
Apr 20, 2018 4:12:35 PM net.sf.freecol.common.util.LogBuilder log
INFO: Destroying: tileImprovement:4157
Apr 20, 2018 4:12:35 PM net.sf.freecol.common.util.LogBuilder log
INFO: Destroying: tileImprovement:4159
Apr 20, 2018 4:12:35 PM net.sf.freecol.common.util.LogBuilder log
INFO: Destroying: tileImprovement:4161
Apr 20, 2018 4:12:35 PM net.sf.freecol.common.util.LogBuilder log
INFO: Destroying: tileImprovement:4163
Apr 20, 2018 4:12:35 PM net.sf.freecol.common.util.LogBuilder log
INFO: Destroying: tileImprovement:4165
Apr 20, 2018 4:12:35 PM net.sf.freecol.common.util.LogBuilder log
INFO: Destroying: tileImprovement:4167
Apr 20, 2018 4:12:35 PM net.sf.freecol.common.util.LogBuilder log
INFO: Destroying: tileImprovement:4169
Apr 20, 2018 4:12:35 PM net.sf.freecol.common.util.LogBuilder log
INFO: Destroying: tileImprovement:4171
Apr 20, 2018 4:12:35 PM net.sf.freecol.common.util.LogBuilder log
INFO: Destroying: tileImprovement:4173
Apr 20, 2018 4:12:35 PM net.sf.freecol.common.util.LogBuilder log
INFO: Destroying: tileImprovement:4175
Apr 20, 2018 4:12:35 PM net.sf.freecol.common.util.LogBuilder log
INFO: Destroying: tileImprovement:4177
Apr 20, 2018 4:12:35 PM net.sf.freecol.common.util.LogBuilder log
INFO: Destroying: tileImprovement:4179
Apr 20, 2018 4:12:35 PM net.sf.freecol.common.util.LogBuilder log
INFO: Destroying: tileImprovement:4181
Apr 20, 2018 4:12:35 PM net.sf.freecol.common.util.LogBuilder log
INFO: Destroying: tileImprovement:4363
Apr 20, 2018 4:12:35 PM net.sf.freecol.common.util.LogBuilder log
INFO: Destroying: tileImprovement:4364
Apr 20, 2018 4:12:35 PM net.sf.freecol.common.util.LogBuilder log
INFO: Destroying: tileImprovement:4365
Apr 20, 2018 4:12:35 PM net.sf.freecol.common.util.LogBuilder log
INFO: Destroying: tileImprovement:4366
Apr 20, 2018 4:12:35 PM net.sf.freecol.common.util.LogBuilder log
INFO: Destroying: tileImprovement:4514
Apr 20, 2018 4:12:35 PM net.sf.freecol.common.util.LogBuilder log
INFO: Destroying: tileImprovement:4516
Apr 20, 2018 4:12:35 PM net.sf.freecol.common.util.LogBuilder log
INFO: Destroying: tileImprovement:4518
Apr 20, 2018 4:12:35 PM net.sf.freecol.common.util.LogBuilder log
INFO: Destroying: tileImprovement:4520
Apr 20, 2018 4:12:35 PM net.sf.freecol.common.util.LogBuilder log
INFO: Destroying: tileImprovement:4522
Apr 20, 2018 4:12:35 PM net.sf.freecol.common.util.LogBuilder log
INFO: Destroying: tileImprovement:4524
Apr 20, 2018 4:12:35 PM net.sf.freecol.common.util.LogBuilder log
INFO: Destroying: tileImprovement:4526
Apr 20, 2018 4:12:35 PM net.sf.freecol.common.util.LogBuilder log
INFO: Destroying: tileImprovement:4528
Apr 20, 2018 4:12:35 PM net.sf.freecol.common.util.LogBuilder log
INFO: Destroying: tileImprovement:4506
Apr 20, 2018 4:12:35 PM net.sf.freecol.common.util.LogBuilder log
INFO: Destroying: tileImprovement:4508
Apr 20, 2018 4:12:35 PM net.sf.freecol.common.util.LogBuilder log
INFO: Destroying: tileImprovement:4510
Apr 20, 2018 4:12:35 PM net.sf.freecol.common.util.LogBuilder log
INFO: Destroying: tileImprovement:4512
Apr 20, 2018 4:12:35 PM net.sf.freecol.common.util.LogBuilder log
INFO: Destroying: tileImprovement:4550
Apr 20, 2018 4:12:35 PM net.sf.freecol.common.util.LogBuilder log
INFO: Destroying: tileImprovement:4551
Apr 20, 2018 4:12:35 PM net.sf.freecol.common.util.LogBuilder log
INFO: Destroying: tileImprovement:4552
Apr 20, 2018 4:12:35 PM net.sf.freecol.common.util.LogBuilder log
INFO: Destroying: tileImprovement:4553
Apr 20, 2018 4:12:35 PM net.sf.freecol.common.util.LogBuilder log
INFO: Destroying: tileImprovement:4554
Apr 20, 2018 4:12:35 PM net.sf.freecol.common.util.LogBuilder log
INFO: Destroying: tileImprovement:4555
Apr 20, 2018 4:12:35 PM net.sf.freecol.common.util.LogBuilder log
INFO: Destroying: tileImprovement:4556
Apr 20, 2018 4:12:35 PM net.sf.freecol.common.util.LogBuilder log
INFO: Destroying: tileImprovement:4557
Apr 20, 2018 4:12:35 PM net.sf.freecol.common.util.LogBuilder log
INFO: Destroying: tileImprovement:4376
Apr 20, 2018 4:12:35 PM net.sf.freecol.common.util.LogBuilder log
INFO: Destroying: tileImprovement:4377
Apr 20, 2018 4:12:35 PM net.sf.freecol.common.util.LogBuilder log
INFO: Destroying: tileImprovement:4486
Apr 20, 2018 4:12:35 PM net.sf.freecol.common.util.LogBuilder log
INFO: Destroying: tileImprovement:4488
Apr 20, 2018 4:12:35 PM net.sf.freecol.common.util.LogBuilder log
INFO: Destroying: tileImprovement:4490
Apr 20, 2018 4:12:35 PM net.sf.freecol.common.util.LogBuilder log
INFO: Destroying: tileImprovement:4492
Apr 20, 2018 4:12:35 PM net.sf.freecol.common.util.LogBuilder log
INFO: Destroying: tileImprovement:4494
Apr 20, 2018 4:12:35 PM net.sf.freecol.common.util.LogBuilder log
INFO: Destroying: tileImprovement:4496
Apr 20, 2018 4:12:35 PM net.sf.freecol.common.util.LogBuilder log
INFO: Destroying: tileImprovement:4473
Apr 20, 2018 4:12:35 PM net.sf.freecol.common.util.LogBuilder log
INFO: Destroying: tileImprovement:4474
Apr 20, 2018 4:12:35 PM net.sf.freecol.common.util.LogBuilder log
INFO: Destroying: tileImprovement:4475
Apr 20, 2018 4:12:35 PM net.sf.freecol.common.util.LogBuilder log
INFO: Destroying: tileImprovement:4476
Apr 20, 2018 4:12:35 PM net.sf.freecol.common.util.LogBuilder log
INFO: Destroying: tileImprovement:4477
Apr 20, 2018 4:12:35 PM net.sf.freecol.common.util.LogBuilder log
INFO: Destroying: tileImprovement:4478
Apr 20, 2018 4:12:35 PM net.sf.freecol.common.util.LogBuilder log
INFO: Destroying: tileImprovement:4479
Apr 20, 2018 4:12:35 PM net.sf.freecol.common.util.LogBuilder log
INFO: Destroying: tileImprovement:4480
Apr 20, 2018 4:12:35 PM net.sf.freecol.common.util.LogBuilder log
INFO: Destroying: tileImprovement:4481
Apr 20, 2018 4:12:35 PM net.sf.freecol.common.util.LogBuilder log
INFO: Destroying: tileImprovement:4482
Apr 20, 2018 4:12:35 PM net.sf.freecol.common.util.LogBuilder log
INFO: Destroying: tileImprovement:4483
Apr 20, 2018 4:12:35 PM net.sf.freecol.common.util.LogBuilder log
INFO: Destroying: tileImprovement:4484
Apr 20, 2018 4:12:35 PM net.sf.freecol.common.util.LogBuilder log
INFO: Destroying: tileImprovement:4485
Apr 20, 2018 4:12:35 PM net.sf.freecol.common.util.LogBuilder log
INFO: Destroying: tileImprovement:4301
Apr 20, 2018 4:12:35 PM net.sf.freecol.common.util.LogBuilder log
INFO: Destroying: tileImprovement:4303
Apr 20, 2018 4:12:35 PM net.sf.freecol.common.util.LogBuilder log
INFO: Destroying: tileImprovement:4305
Apr 20, 2018 4:12:35 PM net.sf.freecol.common.util.LogBuilder log
INFO: Destroying: tileImprovement:4594
Apr 20, 2018 4:12:35 PM net.sf.freecol.common.util.LogBuilder log
INFO: Destroying: tileImprovement:4596
Apr 20, 2018 4:12:35 PM net.sf.freecol.common.util.LogBuilder log
INFO: Destroying: tileImprovement:4598
Apr 20, 2018 4:12:35 PM net.sf.freecol.common.util.LogBuilder log
INFO: Destroying: tileImprovement:4289
Apr 20, 2018 4:12:35 PM net.sf.freecol.common.util.LogBuilder log
INFO: Destroying: tileImprovement:4291
Apr 20, 2018 4:12:35 PM net.sf.freecol.common.util.LogBuilder log
INFO: Destroying: tileImprovement:4293
Apr 20, 2018 4:12:35 PM net.sf.freecol.common.util.LogBuilder log
INFO: Destroying: tileImprovement:4736
Apr 20, 2018 4:12:35 PM net.sf.freecol.common.util.LogBuilder log
INFO: Destroying: tileImprovement:4737
Apr 20, 2018 4:12:35 PM net.sf.freecol.common.util.LogBuilder log
INFO: Destroying: tileImprovement:4738
Apr 20, 2018 4:12:35 PM net.sf.freecol.common.util.LogBuilder log
INFO: Destroying: tileImprovement:4720
Apr 20, 2018 4:12:35 PM net.sf.freecol.common.util.LogBuilder log
INFO: Destroying: tileImprovement:4722
Apr 20, 2018 4:12:35 PM net.sf.freecol.common.util.LogBuilder log
INFO: Destroying: tileImprovement:4717
Apr 20, 2018 4:12:35 PM net.sf.freecol.common.util.LogBuilder log
INFO: Destroying: tileImprovement:4718
Apr 20, 2018 4:12:35 PM net.sf.freecol.common.util.LogBuilder log
INFO: Destroying: tileImprovement:4719
Apr 20, 2018 4:12:35 PM net.sf.freecol.common.util.LogBuilder log
INFO: Destroying: tileImprovement:4243
Apr 20, 2018 4:12:35 PM net.sf.freecol.common.util.LogBuilder log
INFO: Destroying: tileImprovement:4245
Apr 20, 2018 4:12:35 PM net.sf.freecol.common.util.LogBuilder log
INFO: Destroying: tileImprovement:4247
Apr 20, 2018 4:12:35 PM net.sf.freecol.common.util.LogBuilder log
INFO: Destroying: tileImprovement:4249
Apr 20, 2018 4:12:35 PM net.sf.freecol.common.util.LogBuilder log
INFO: Destroying: tileImprovement:4251
Apr 20, 2018 4:12:35 PM net.sf.freecol.common.util.LogBuilder log
INFO: Destroying: tileImprovement:4590
Apr 20, 2018 4:12:35 PM net.sf.freecol.common.util.LogBuilder log
INFO: Destroying: tileImprovement:4592
Apr 20, 2018 4:12:35 PM net.sf.freecol.server.FreeColServer readGame
INFO: Found savegame version 11
Apr 20, 2018 4:12:35 PM net.sf.freecol.server.FreeColServer readGame
INFO: Imported file data\maps\Africa.fsg
Apr 20, 2018 4:12:35 PM net.sf.freecol.server.FreeColServer readGame
INFO: Found savegame version 13
Apr 20, 2018 4:12:35 PM net.sf.freecol.server.FreeColServer readGame
INFO: Imported file data\maps\America_large.fsg
Apr 20, 2018 4:12:35 PM net.sf.freecol.server.FreeColServer readGame
INFO: Found savegame version 11
Apr 20, 2018 4:12:35 PM net.sf.freecol.server.FreeColServer readGame
INFO: Imported file data\maps\Australia.fsg
Apr 20, 2018 4:12:35 PM net.sf.freecol.server.FreeColServer readGame
INFO: Found savegame version 11
Apr 20, 2018 4:12:35 PM net.sf.freecol.server.FreeColServer readGame
INFO: Imported file data\maps\Caribbean_basin.fsg
Apr 20, 2018 4:12:35 PM net.sf.freecol.common.model.LandMap <init>
INFO: Using land generator model.option.landGeneratorType.classic
Apr 20, 2018 4:12:35 PM net.sf.freecol.common.util.LogBuilder log
INFO: Destroying: tileImprovement:4045
Apr 20, 2018 4:12:35 PM net.sf.freecol.common.util.LogBuilder log
INFO: Destroying: tileImprovement:4047
Apr 20, 2018 4:12:35 PM net.sf.freecol.common.util.LogBuilder log
INFO: Destroying: tileImprovement:4049
Apr 20, 2018 4:12:35 PM net.sf.freecol.common.util.LogBuilder log
INFO: Destroying: tileImprovement:4026
Apr 20, 2018 4:12:35 PM net.sf.freecol.common.util.LogBuilder log
INFO: Destroying: tileImprovement:4028
Apr 20, 2018 4:12:35 PM net.sf.freecol.common.util.LogBuilder log
INFO: Destroying: tileImprovement:4030
Apr 20, 2018 4:12:35 PM net.sf.freecol.common.util.LogBuilder log
INFO: Destroying: tileImprovement:4032
Apr 20, 2018 4:12:35 PM net.sf.freecol.common.util.LogBuilder log
INFO: Destroying: tileImprovement:4034
Apr 20, 2018 4:12:35 PM net.sf.freecol.common.util.LogBuilder log
INFO: Destroying: tileImprovement:4036
Apr 20, 2018 4:12:35 PM net.sf.freecol.common.util.LogBuilder log
INFO: Destroying: tileImprovement:4038
Apr 20, 2018 4:12:35 PM net.sf.freecol.common.util.LogBuilder log
INFO: Destroying: tileImprovement:4181
Apr 20, 2018 4:12:35 PM net.sf.freecol.common.util.LogBuilder log
INFO: Destroying: tileImprovement:4183
Apr 20, 2018 4:12:35 PM net.sf.freecol.common.util.LogBuilder log
INFO: Destroying: tileImprovement:4185
Apr 20, 2018 4:12:35 PM net.sf.freecol.common.util.LogBuilder log
INFO: Destroying: tileImprovement:4187
Apr 20, 2018 4:12:35 PM net.sf.freecol.common.util.LogBuilder log
INFO: Destroying: tileImprovement:4189
Apr 20, 2018 4:12:35 PM net.sf.freecol.common.util.LogBuilder log
INFO: Destroying: tileImprovement:4191
Apr 20, 2018 4:12:35 PM net.sf.freecol.common.util.LogBuilder log
INFO: Destroying: tileImprovement:4215
Apr 20, 2018 4:12:35 PM net.sf.freecol.common.util.LogBuilder log
INFO: Destroying: tileImprovement:4216
Apr 20, 2018 4:12:35 PM net.sf.freecol.common.util.LogBuilder log
INFO: Destroying: tileImprovement:4217
Apr 20, 2018 4:12:35 PM net.sf.freecol.common.util.LogBuilder log
INFO: Destroying: tileImprovement:4218
Apr 20, 2018 4:12:35 PM net.sf.freecol.common.util.LogBuilder log
INFO: Destroying: tileImprovement:4219
Apr 20, 2018 4:12:35 PM net.sf.freecol.common.util.LogBuilder log
INFO: Destroying: tileImprovement:4220
Apr 20, 2018 4:12:35 PM net.sf.freecol.common.util.LogBuilder log
INFO: Destroying: tileImprovement:4221
Apr 20, 2018 4:12:35 PM net.sf.freecol.common.util.LogBuilder log
INFO: Destroying: tileImprovement:4239
Apr 20, 2018 4:12:35 PM net.sf.freecol.common.util.LogBuilder log
INFO: Destroying: tileImprovement:4241
Apr 20, 2018 4:12:35 PM net.sf.freecol.common.util.LogBuilder log
INFO: Destroying: tileImprovement:4243
Apr 20, 2018 4:12:35 PM net.sf.freecol.common.util.LogBuilder log
INFO: Destroying: tileImprovement:4233
Apr 20, 2018 4:12:35 PM net.sf.freecol.common.util.LogBuilder log
INFO: Destroying: tileImprovement:4234
Apr 20, 2018 4:12:35 PM net.sf.freecol.common.util.LogBuilder log
INFO: Destroying: tileImprovement:4235
Apr 20, 2018 4:12:35 PM net.sf.freecol.common.util.LogBuilder log
INFO: Destroying: tileImprovement:4236
Apr 20, 2018 4:12:35 PM net.sf.freecol.common.util.LogBuilder log
INFO: Destroying: tileImprovement:4237
Apr 20, 2018 4:12:35 PM net.sf.freecol.common.util.LogBuilder log
INFO: Destroying: tileImprovement:4238
Apr 20, 2018 4:12:35 PM net.sf.freecol.common.util.LogBuilder log
INFO: Destroying: tileImprovement:4162
Apr 20, 2018 4:12:35 PM net.sf.freecol.common.util.LogBuilder log
INFO: Destroying: tileImprovement:4164
Apr 20, 2018 4:12:35 PM net.sf.freecol.common.util.LogBuilder log
INFO: Destroying: tileImprovement:4166
Apr 20, 2018 4:12:35 PM net.sf.freecol.common.util.LogBuilder log
INFO: Destroying: tileImprovement:4168
Apr 20, 2018 4:12:35 PM net.sf.freecol.common.util.LogBuilder log
INFO: Destroying: tileImprovement:4041
Apr 20, 2018 4:12:35 PM net.sf.freecol.common.util.LogBuilder log
INFO: Destroying: tileImprovement:4043
Apr 20, 2018 4:12:35 PM net.sf.freecol.common.util.LogBuilder log
INFO: Destroying: tileImprovement:4196
Apr 20, 2018 4:12:35 PM net.sf.freecol.common.util.LogBuilder log
INFO: Destroying: tileImprovement:4197
Apr 20, 2018 4:12:35 PM net.sf.freecol.common.util.LogBuilder log
INFO: Destroying: tileImprovement:4198
Apr 20, 2018 4:12:35 PM net.sf.freecol.common.util.LogBuilder log
INFO: Destroying: tileImprovement:4171
Apr 20, 2018 4:12:35 PM net.sf.freecol.common.util.LogBuilder log
INFO: Destroying: tileImprovement:4173
Apr 20, 2018 4:12:35 PM net.sf.freecol.common.util.LogBuilder log
INFO: Destroying: tileImprovement:4175
Apr 20, 2018 4:12:36 PM net.sf.freecol.common.util.LogBuilder log
INFO: Destroying: tileImprovement:4136
Apr 20, 2018 4:12:36 PM net.sf.freecol.common.util.LogBuilder log
INFO: Destroying: tileImprovement:4138
Apr 20, 2018 4:12:36 PM net.sf.freecol.common.util.LogBuilder log
INFO: Destroying: tileImprovement:4140
Apr 20, 2018 4:12:36 PM net.sf.freecol.common.util.LogBuilder log
INFO: Destroying: tileImprovement:4142
Apr 20, 2018 4:12:36 PM net.sf.freecol.common.util.LogBuilder log
INFO: Destroying: tileImprovement:4144
Apr 20, 2018 4:12:36 PM net.sf.freecol.common.util.LogBuilder log
INFO: Destroying: tileImprovement:4146
Apr 20, 2018 4:12:36 PM net.sf.freecol.common.util.LogBuilder log
INFO: Destroying: tileImprovement:4148
Apr 20, 2018 4:12:36 PM net.sf.freecol.common.util.LogBuilder log
INFO: Destroying: tileImprovement:4150
Apr 20, 2018 4:12:36 PM net.sf.freecol.common.util.LogBuilder log
INFO: Destroying: tileImprovement:4152
Apr 20, 2018 4:12:36 PM net.sf.freecol.common.util.LogBuilder log
INFO: Destroying: tileImprovement:4154
Apr 20, 2018 4:12:36 PM net.sf.freecol.common.util.LogBuilder log
INFO: Destroying: tileImprovement:4156
Apr 20, 2018 4:12:36 PM net.sf.freecol.common.util.LogBuilder log
INFO: Destroying: tileImprovement:4158
Apr 20, 2018 4:12:36 PM net.sf.freecol.common.util.LogBuilder log
INFO: Destroying: tileImprovement:4160
Apr 20, 2018 4:12:36 PM net.sf.freecol.common.util.LogBuilder log
INFO: Destroying: tileImprovement:4342
Apr 20, 2018 4:12:36 PM net.sf.freecol.common.util.LogBuilder log
INFO: Destroying: tileImprovement:4343
Apr 20, 2018 4:12:36 PM net.sf.freecol.common.util.LogBuilder log
INFO: Destroying: tileImprovement:4344
Apr 20, 2018 4:12:36 PM net.sf.freecol.common.util.LogBuilder log
INFO: Destroying: tileImprovement:4345
Apr 20, 2018 4:12:36 PM net.sf.freecol.common.util.LogBuilder log
INFO: Destroying: tileImprovement:4493
Apr 20, 2018 4:12:36 PM net.sf.freecol.common.util.LogBuilder log
INFO: Destroying: tileImprovement:4495
Apr 20, 2018 4:12:36 PM net.sf.freecol.common.util.LogBuilder log
INFO: Destroying: tileImprovement:4497
Apr 20, 2018 4:12:36 PM net.sf.freecol.common.util.LogBuilder log
INFO: Destroying: tileImprovement:4499
Apr 20, 2018 4:12:36 PM net.sf.freecol.common.util.LogBuilder log
INFO: Destroying: tileImprovement:4501
Apr 20, 2018 4:12:36 PM net.sf.freecol.common.util.LogBuilder log
INFO: Destroying: tileImprovement:4503
Apr 20, 2018 4:12:36 PM net.sf.freecol.common.util.LogBuilder log
INFO: Destroying: tileImprovement:4505
Apr 20, 2018 4:12:36 PM net.sf.freecol.common.util.LogBuilder log
INFO: Destroying: tileImprovement:4507
Apr 20, 2018 4:12:36 PM net.sf.freecol.common.util.LogBuilder log
INFO: Destroying: tileImprovement:4485
Apr 20, 2018 4:12:36 PM net.sf.freecol.common.util.LogBuilder log
INFO: Destroying: tileImprovement:4487
Apr 20, 2018 4:12:36 PM net.sf.freecol.common.util.LogBuilder log
INFO: Destroying: tileImprovement:4489
Apr 20, 2018 4:12:36 PM net.sf.freecol.common.util.LogBuilder log
INFO: Destroying: tileImprovement:4491
Apr 20, 2018 4:12:36 PM net.sf.freecol.common.util.LogBuilder log
INFO: Destroying: tileImprovement:4529
Apr 20, 2018 4:12:36 PM net.sf.freecol.common.util.LogBuilder log
INFO: Destroying: tileImprovement:4530
Apr 20, 2018 4:12:36 PM net.sf.freecol.common.util.LogBuilder log
INFO: Destroying: tileImprovement:4531
Apr 20, 2018 4:12:36 PM net.sf.freecol.common.util.LogBuilder log
INFO: Destroying: tileImprovement:4532
Apr 20, 2018 4:12:36 PM net.sf.freecol.common.util.LogBuilder log
INFO: Destroying: tileImprovement:4533
Apr 20, 2018 4:12:36 PM net.sf.freecol.common.util.LogBuilder log
INFO: Destroying: tileImprovement:4534
Apr 20, 2018 4:12:36 PM net.sf.freecol.common.util.LogBuilder log
INFO: Destroying: tileImprovement:4535
Apr 20, 2018 4:12:36 PM net.sf.freecol.common.util.LogBuilder log
INFO: Destroying: tileImprovement:4536
Apr 20, 2018 4:12:36 PM net.sf.freecol.common.util.LogBuilder log
INFO: Destroying: tileImprovement:4355
Apr 20, 2018 4:12:36 PM net.sf.freecol.common.util.LogBuilder log
INFO: Destroying: tileImprovement:4356
Apr 20, 2018 4:12:36 PM net.sf.freecol.common.util.LogBuilder log
INFO: Destroying: tileImprovement:4465
Apr 20, 2018 4:12:36 PM net.sf.freecol.common.util.LogBuilder log
INFO: Destroying: tileImprovement:4467
Apr 20, 2018 4:12:36 PM net.sf.freecol.common.util.LogBuilder log
INFO: Destroying: tileImprovement:4469
Apr 20, 2018 4:12:36 PM net.sf.freecol.common.util.LogBuilder log
INFO: Destroying: tileImprovement:4471
Apr 20, 2018 4:12:36 PM net.sf.freecol.common.util.LogBuilder log
INFO: Destroying: tileImprovement:4473
Apr 20, 2018 4:12:36 PM net.sf.freecol.common.util.LogBuilder log
INFO: Destroying: tileImprovement:4475
Apr 20, 2018 4:12:36 PM net.sf.freecol.common.util.LogBuilder log
INFO: Destroying: tileImprovement:4452
Apr 20, 2018 4:12:36 PM net.sf.freecol.common.util.LogBuilder log
INFO: Destroying: tileImprovement:4453
Apr 20, 2018 4:12:36 PM net.sf.freecol.common.util.LogBuilder log
INFO: Destroying: tileImprovement:4454
Apr 20, 2018 4:12:36 PM net.sf.freecol.common.util.LogBuilder log
INFO: Destroying: tileImprovement:4455
Apr 20, 2018 4:12:36 PM net.sf.freecol.common.util.LogBuilder log
INFO: Destroying: tileImprovement:4456
Apr 20, 2018 4:12:36 PM net.sf.freecol.common.util.LogBuilder log
INFO: Destroying: tileImprovement:4457
Apr 20, 2018 4:12:36 PM net.sf.freecol.common.util.LogBuilder log
INFO: Destroying: tileImprovement:4458
Apr 20, 2018 4:12:36 PM net.sf.freecol.common.util.LogBuilder log
INFO: Destroying: tileImprovement:4459
Apr 20, 2018 4:12:36 PM net.sf.freecol.common.util.LogBuilder log
INFO: Destroying: tileImprovement:4460
Apr 20, 2018 4:12:36 PM net.sf.freecol.common.util.LogBuilder log
INFO: Destroying: tileImprovement:4461
Apr 20, 2018 4:12:36 PM net.sf.freecol.common.util.LogBuilder log
INFO: Destroying: tileImprovement:4462
Apr 20, 2018 4:12:36 PM net.sf.freecol.common.util.LogBuilder log
INFO: Destroying: tileImprovement:4463
Apr 20, 2018 4:12:36 PM net.sf.freecol.common.util.LogBuilder log
INFO: Destroying: tileImprovement:4464
Apr 20, 2018 4:12:36 PM net.sf.freecol.common.util.LogBuilder log
INFO: Destroying: tileImprovement:4280
Apr 20, 2018 4:12:36 PM net.sf.freecol.common.util.LogBuilder log
INFO: Destroying: tileImprovement:4282
Apr 20, 2018 4:12:36 PM net.sf.freecol.common.util.LogBuilder log
INFO: Destroying: tileImprovement:4284
Apr 20, 2018 4:12:36 PM net.sf.freecol.common.util.LogBuilder log
INFO: Destroying: tileImprovement:4573
Apr 20, 2018 4:12:36 PM net.sf.freecol.common.util.LogBuilder log
INFO: Destroying: tileImprovement:4575
Apr 20, 2018 4:12:36 PM net.sf.freecol.common.util.LogBuilder log
INFO: Destroying: tileImprovement:4577
Apr 20, 2018 4:12:36 PM net.sf.freecol.common.util.LogBuilder log
INFO: Destroying: tileImprovement:4268
Apr 20, 2018 4:12:36 PM net.sf.freecol.common.util.LogBuilder log
INFO: Destroying: tileImprovement:4270
Apr 20, 2018 4:12:36 PM net.sf.freecol.common.util.LogBuilder log
INFO: Destroying: tileImprovement:4272
Apr 20, 2018 4:12:36 PM net.sf.freecol.common.util.LogBuilder log
INFO: Destroying: tileImprovement:4715
Apr 20, 2018 4:12:36 PM net.sf.freecol.common.util.LogBuilder log
INFO: Destroying: tileImprovement:4716
Apr 20, 2018 4:12:36 PM net.sf.freecol.common.util.LogBuilder log
INFO: Destroying: tileImprovement:4717
Apr 20, 2018 4:12:36 PM net.sf.freecol.common.util.LogBuilder log
INFO: Destroying: tileImprovement:4699
Apr 20, 2018 4:12:36 PM net.sf.freecol.common.util.LogBuilder log
INFO: Destroying: tileImprovement:4701
Apr 20, 2018 4:12:36 PM net.sf.freecol.common.util.LogBuilder log
INFO: Destroying: tileImprovement:4696
Apr 20, 2018 4:12:36 PM net.sf.freecol.common.util.LogBuilder log
INFO: Destroying: tileImprovement:4697
Apr 20, 2018 4:12:36 PM net.sf.freecol.common.util.LogBuilder log
INFO: Destroying: tileImprovement:4698
Apr 20, 2018 4:12:36 PM net.sf.freecol.common.util.LogBuilder log
INFO: Destroying: tileImprovement:4222
Apr 20, 2018 4:12:36 PM net.sf.freecol.common.util.LogBuilder log
INFO: Destroying: tileImprovement:4224
Apr 20, 2018 4:12:36 PM net.sf.freecol.common.util.LogBuilder log
INFO: Destroying: tileImprovement:4226
Apr 20, 2018 4:12:36 PM net.sf.freecol.common.util.LogBuilder log
INFO: Destroying: tileImprovement:4228
Apr 20, 2018 4:12:36 PM net.sf.freecol.common.util.LogBuilder log
INFO: Destroying: tileImprovement:4230
Apr 20, 2018 4:12:36 PM net.sf.freecol.common.util.LogBuilder log
INFO: Destroying: tileImprovement:4569
Apr 20, 2018 4:12:36 PM net.sf.freecol.common.util.LogBuilder log
INFO: Destroying: tileImprovement:4571
Apr 20, 2018 4:12:36 PM net.sf.freecol.common.model.Game addPlayer
WARNING: Game already full, but tried to add: Dom Manuel I
Apr 20, 2018 4:12:36 PM net.sf.freecol.common.model.Game addPlayer
WARNING: Game already full, but tried to add: Charles XI
Apr 20, 2018 4:12:36 PM net.sf.freecol.common.model.Game addPlayer
WARNING: Game already full, but tried to add: Frederick II
Apr 20, 2018 4:12:36 PM net.sf.freecol.common.model.Game addPlayer
WARNING: Game already full, but tried to add: Peter I
Apr 20, 2018 4:12:36 PM net.sf.freecol.common.model.LandMap <init>
INFO: Using land generator model.option.landGeneratorType.classic
Apr 20, 2018 4:12:36 PM net.sf.freecol.common.util.LogBuilder log
INFO: Destroying: tileImprovement:4213
Apr 20, 2018 4:12:36 PM net.sf.freecol.common.util.LogBuilder log
INFO: Destroying: tileImprovement:4215
Apr 20, 2018 4:12:36 PM net.sf.freecol.common.util.LogBuilder log
INFO: Destroying: tileImprovement:4217
Apr 20, 2018 4:12:36 PM net.sf.freecol.common.util.LogBuilder log
INFO: Destroying: tileImprovement:4194
Apr 20, 2018 4:12:36 PM net.sf.freecol.common.util.LogBuilder log
INFO: Destroying: tileImprovement:4196
Apr 20, 2018 4:12:36 PM net.sf.freecol.common.util.LogBuilder log
INFO: Destroying: tileImprovement:4198
Apr 20, 2018 4:12:36 PM net.sf.freecol.common.util.LogBuilder log
INFO: Destroying: tileImprovement:4200
Apr 20, 2018 4:12:36 PM net.sf.freecol.common.util.LogBuilder log
INFO: Destroying: tileImprovement:4202
Apr 20, 2018 4:12:36 PM net.sf.freecol.common.util.LogBuilder log
INFO: Destroying: tileImprovement:4204
Apr 20, 2018 4:12:36 PM net.sf.freecol.common.util.LogBuilder log
INFO: Destroying: tileImprovement:4206
Apr 20, 2018 4:12:36 PM net.sf.freecol.common.util.LogBuilder log
INFO: Destroying: tileImprovement:4349
Apr 20, 2018 4:12:36 PM net.sf.freecol.common.util.LogBuilder log
INFO: Destroying: tileImprovement:4351
Apr 20, 2018 4:12:36 PM net.sf.freecol.common.util.LogBuilder log
INFO: Destroying: tileImprovement:4353
Apr 20, 2018 4:12:36 PM net.sf.freecol.common.util.LogBuilder log
INFO: Destroying: tileImprovement:4355
Apr 20, 2018 4:12:36 PM net.sf.freecol.common.util.LogBuilder log
INFO: Destroying: tileImprovement:4357
Apr 20, 2018 4:12:36 PM net.sf.freecol.common.util.LogBuilder log
INFO: Destroying: tileImprovement:4359
Apr 20, 2018 4:12:36 PM net.sf.freecol.common.util.LogBuilder log
INFO: Destroying: tileImprovement:4383
Apr 20, 2018 4:12:36 PM net.sf.freecol.common.util.LogBuilder log
INFO: Destroying: tileImprovement:4384
Apr 20, 2018 4:12:36 PM net.sf.freecol.common.util.LogBuilder log
INFO: Destroying: tileImprovement:4385
Apr 20, 2018 4:12:36 PM net.sf.freecol.common.util.LogBuilder log
INFO: Destroying: tileImprovement:4386
Apr 20, 2018 4:12:36 PM net.sf.freecol.common.util.LogBuilder log
INFO: Destroying: tileImprovement:4387
Apr 20, 2018 4:12:36 PM net.sf.freecol.common.util.LogBuilder log
INFO: Destroying: tileImprovement:4388
Apr 20, 2018 4:12:36 PM net.sf.freecol.common.util.LogBuilder log
INFO: Destroying: tileImprovement:4389
Apr 20, 2018 4:12:36 PM net.sf.freecol.common.util.LogBuilder log
INFO: Destroying: tileImprovement:4407
Apr 20, 2018 4:12:36 PM net.sf.freecol.common.util.LogBuilder log
INFO: Destroying: tileImprovement:4409
Apr 20, 2018 4:12:36 PM net.sf.freecol.common.util.LogBuilder log
INFO: Destroying: tileImprovement:4411
Apr 20, 2018 4:12:36 PM net.sf.freecol.common.util.LogBuilder log
INFO: Destroying: tileImprovement:4401
Apr 20, 2018 4:12:36 PM net.sf.freecol.common.util.LogBuilder log
INFO: Destroying: tileImprovement:4402
Apr 20, 2018 4:12:36 PM net.sf.freecol.common.util.LogBuilder log
INFO: Destroying: tileImprovement:4403
Apr 20, 2018 4:12:36 PM net.sf.freecol.common.util.LogBuilder log
INFO: Destroying: tileImprovement:4404
Apr 20, 2018 4:12:36 PM net.sf.freecol.common.util.LogBuilder log
INFO: Destroying: tileImprovement:4405
Apr 20, 2018 4:12:36 PM net.sf.freecol.common.util.LogBuilder log
INFO: Destroying: tileImprovement:4406
Apr 20, 2018 4:12:36 PM net.sf.freecol.common.util.LogBuilder log
INFO: Destroying: tileImprovement:4330
Apr 20, 2018 4:12:36 PM net.sf.freecol.common.util.LogBuilder log
INFO: Destroying: tileImprovement:4332
Apr 20, 2018 4:12:36 PM net.sf.freecol.common.util.LogBuilder log
INFO: Destroying: tileImprovement:4334
Apr 20, 2018 4:12:36 PM net.sf.freecol.common.util.LogBuilder log
INFO: Destroying: tileImprovement:4336
Apr 20, 2018 4:12:36 PM net.sf.freecol.common.util.LogBuilder log
INFO: Destroying: tileImprovement:4209
Apr 20, 2018 4:12:36 PM net.sf.freecol.common.util.LogBuilder log
INFO: Destroying: tileImprovement:4211
Apr 20, 2018 4:12:36 PM net.sf.freecol.common.util.LogBuilder log
INFO: Destroying: tileImprovement:4364
Apr 20, 2018 4:12:36 PM net.sf.freecol.common.util.LogBuilder log
INFO: Destroying: tileImprovement:4365
Apr 20, 2018 4:12:36 PM net.sf.freecol.common.util.LogBuilder log
INFO: Destroying: tileImprovement:4366
Apr 20, 2018 4:12:36 PM net.sf.freecol.common.util.LogBuilder log
INFO: Destroying: tileImprovement:4339
Apr 20, 2018 4:12:36 PM net.sf.freecol.common.util.LogBuilder log
INFO: Destroying: tileImprovement:4341
Apr 20, 2018 4:12:36 PM net.sf.freecol.common.util.LogBuilder log
INFO: Destroying: tileImprovement:4343
Apr 20, 2018 4:12:36 PM net.sf.freecol.common.util.LogBuilder log
INFO: Destroying: tileImprovement:4304
Apr 20, 2018 4:12:36 PM net.sf.freecol.common.util.LogBuilder log
INFO: Destroying: tileImprovement:4306
Apr 20, 2018 4:12:36 PM net.sf.freecol.common.util.LogBuilder log
INFO: Destroying: tileImprovement:4308
Apr 20, 2018 4:12:36 PM net.sf.freecol.common.util.LogBuilder log
INFO: Destroying: tileImprovement:4310
Apr 20, 2018 4:12:36 PM net.sf.freecol.common.util.LogBuilder log
INFO: Destroying: tileImprovement:4312
Apr 20, 2018 4:12:36 PM net.sf.freecol.common.util.LogBuilder log
INFO: Destroying: tileImprovement:4314
Apr 20, 2018 4:12:36 PM net.sf.freecol.common.util.LogBuilder log
INFO: Destroying: tileImprovement:4316
Apr 20, 2018 4:12:36 PM net.sf.freecol.common.util.LogBuilder log
INFO: Destroying: tileImprovement:4318
Apr 20, 2018 4:12:36 PM net.sf.freecol.common.util.LogBuilder log
INFO: Destroying: tileImprovement:4320
Apr 20, 2018 4:12:36 PM net.sf.freecol.common.util.LogBuilder log
INFO: Destroying: tileImprovement:4322
Apr 20, 2018 4:12:36 PM net.sf.freecol.common.util.LogBuilder log
INFO: Destroying: tileImprovement:4324
Apr 20, 2018 4:12:36 PM net.sf.freecol.common.util.LogBuilder log
INFO: Destroying: tileImprovement:4326
Apr 20, 2018 4:12:36 PM net.sf.freecol.common.util.LogBuilder log
INFO: Destroying: tileImprovement:4328
Apr 20, 2018 4:12:36 PM net.sf.freecol.common.util.LogBuilder log
INFO: Destroying: tileImprovement:4510
Apr 20, 2018 4:12:36 PM net.sf.freecol.common.util.LogBuilder log
INFO: Destroying: tileImprovement:4511
Apr 20, 2018 4:12:36 PM net.sf.freecol.common.util.LogBuilder log
INFO: Destroying: tileImprovement:4512
Apr 20, 2018 4:12:36 PM net.sf.freecol.common.util.LogBuilder log
INFO: Destroying: tileImprovement:4513
Apr 20, 2018 4:12:36 PM net.sf.freecol.common.util.LogBuilder log
INFO: Destroying: tileImprovement:4661
Apr 20, 2018 4:12:36 PM net.sf.freecol.common.util.LogBuilder log
INFO: Destroying: tileImprovement:4663
Apr 20, 2018 4:12:36 PM net.sf.freecol.common.util.LogBuilder log
INFO: Destroying: tileImprovement:4665
Apr 20, 2018 4:12:36 PM net.sf.freecol.common.util.LogBuilder log
INFO: Destroying: tileImprovement:4667
Apr 20, 2018 4:12:36 PM net.sf.freecol.common.util.LogBuilder log
INFO: Destroying: tileImprovement:4669
Apr 20, 2018 4:12:36 PM net.sf.freecol.common.util.LogBuilder log
INFO: Destroying: tileImprovement:4671
Apr 20, 2018 4:12:36 PM net.sf.freecol.common.util.LogBuilder log
INFO: Destroying: tileImprovement:4673
Apr 20, 2018 4:12:36 PM net.sf.freecol.common.util.LogBuilder log
INFO: Destroying: tileImprovement:4675
Apr 20, 2018 4:12:36 PM net.sf.freecol.common.util.LogBuilder log
INFO: Destroying: tileImprovement:4653
Apr 20, 2018 4:12:36 PM net.sf.freecol.common.util.LogBuilder log
INFO: Destroying: tileImprovement:4655
Apr 20, 2018 4:12:36 PM net.sf.freecol.common.util.LogBuilder log
INFO: Destroying: tileImprovement:4657
Apr 20, 2018 4:12:36 PM net.sf.freecol.common.util.LogBuilder log
INFO: Destroying: tileImprovement:4659
Apr 20, 2018 4:12:36 PM net.sf.freecol.common.util.LogBuilder log
INFO: Destroying: tileImprovement:4697
Apr 20, 2018 4:12:36 PM net.sf.freecol.common.util.LogBuilder log
INFO: Destroying: tileImprovement:4698
Apr 20, 2018 4:12:36 PM net.sf.freecol.common.util.LogBuilder log
INFO: Destroying: tileImprovement:4699
Apr 20, 2018 4:12:36 PM net.sf.freecol.common.util.LogBuilder log
INFO: Destroying: tileImprovement:4700
Apr 20, 2018 4:12:36 PM net.sf.freecol.common.util.LogBuilder log
INFO: Destroying: tileImprovement:4701
Apr 20, 2018 4:12:36 PM net.sf.freecol.common.util.LogBuilder log
INFO: Destroying: tileImprovement:4702
Apr 20, 2018 4:12:36 PM net.sf.freecol.common.util.LogBuilder log
INFO: Destroying: tileImprovement:4703
Apr 20, 2018 4:12:36 PM net.sf.freecol.common.util.LogBuilder log
INFO: Destroying: tileImprovement:4704
Apr 20, 2018 4:12:36 PM net.sf.freecol.common.util.LogBuilder log
INFO: Destroying: tileImprovement:4523
Apr 20, 2018 4:12:36 PM net.sf.freecol.common.util.LogBuilder log
INFO: Destroying: tileImprovement:4524
Apr 20, 2018 4:12:36 PM net.sf.freecol.common.util.LogBuilder log
INFO: Destroying: tileImprovement:4633
Apr 20, 2018 4:12:36 PM net.sf.freecol.common.util.LogBuilder log
INFO: Destroying: tileImprovement:4635
Apr 20, 2018 4:12:36 PM net.sf.freecol.common.util.LogBuilder log
INFO: Destroying: tileImprovement:4637
Apr 20, 2018 4:12:36 PM net.sf.freecol.common.util.LogBuilder log
INFO: Destroying: tileImprovement:4639
Apr 20, 2018 4:12:36 PM net.sf.freecol.common.util.LogBuilder log
INFO: Destroying: tileImprovement:4641
Apr 20, 2018 4:12:36 PM net.sf.freecol.common.util.LogBuilder log
INFO: Destroying: tileImprovement:4643
Apr 20, 2018 4:12:36 PM net.sf.freecol.common.util.LogBuilder log
INFO: Destroying: tileImprovement:4620
Apr 20, 2018 4:12:36 PM net.sf.freecol.common.util.LogBuilder log
INFO: Destroying: tileImprovement:4621
Apr 20, 2018 4:12:36 PM net.sf.freecol.common.util.LogBuilder log
INFO: Destroying: tileImprovement:4622
Apr 20, 2018 4:12:36 PM net.sf.freecol.common.util.LogBuilder log
INFO: Destroying: tileImprovement:4623
Apr 20, 2018 4:12:36 PM net.sf.freecol.common.util.LogBuilder log
INFO: Destroying: tileImprovement:4624
Apr 20, 2018 4:12:36 PM net.sf.freecol.common.util.LogBuilder log
INFO: Destroying: tileImprovement:4625
Apr 20, 2018 4:12:36 PM net.sf.freecol.common.util.LogBuilder log
INFO: Destroying: tileImprovement:4626
Apr 20, 2018 4:12:36 PM net.sf.freecol.common.util.LogBuilder log
INFO: Destroying: tileImprovement:4627
Apr 20, 2018 4:12:36 PM net.sf.freecol.common.util.LogBuilder log
INFO: Destroying: tileImprovement:4628
Apr 20, 2018 4:12:36 PM net.sf.freecol.common.util.LogBuilder log
INFO: Destroying: tileImprovement:4629
Apr 20, 2018 4:12:36 PM net.sf.freecol.common.util.LogBuilder log
INFO: Destroying: tileImprovement:4630
Apr 20, 2018 4:12:36 PM net.sf.freecol.common.util.LogBuilder log
INFO: Destroying: tileImprovement:4631
Apr 20, 2018 4:12:36 PM net.sf.freecol.common.util.LogBuilder log
INFO: Destroying: tileImprovement:4632
Apr 20, 2018 4:12:36 PM net.sf.freecol.common.util.LogBuilder log
INFO: Destroying: tileImprovement:4448
Apr 20, 2018 4:12:36 PM net.sf.freecol.common.util.LogBuilder log
INFO: Destroying: tileImprovement:4450
Apr 20, 2018 4:12:36 PM net.sf.freecol.common.util.LogBuilder log
INFO: Destroying: tileImprovement:4452
Apr 20, 2018 4:12:36 PM net.sf.freecol.common.util.LogBuilder log
INFO: Destroying: tileImprovement:4741
Apr 20, 2018 4:12:36 PM net.sf.freecol.common.util.LogBuilder log
INFO: Destroying: tileImprovement:4743
Apr 20, 2018 4:12:36 PM net.sf.freecol.common.util.LogBuilder log
INFO: Destroying: tileImprovement:4745
Apr 20, 2018 4:12:36 PM net.sf.freecol.common.util.LogBuilder log
INFO: Destroying: tileImprovement:4436
Apr 20, 2018 4:12:36 PM net.sf.freecol.common.util.LogBuilder log
INFO: Destroying: tileImprovement:4438
Apr 20, 2018 4:12:36 PM net.sf.freecol.common.util.LogBuilder log
INFO: Destroying: tileImprovement:4440
Apr 20, 2018 4:12:36 PM net.sf.freecol.common.util.LogBuilder log
INFO: Destroying: tileImprovement:4883
Apr 20, 2018 4:12:36 PM net.sf.freecol.common.util.LogBuilder log
INFO: Destroying: tileImprovement:4884
Apr 20, 2018 4:12:36 PM net.sf.freecol.common.util.LogBuilder log
INFO: Destroying: tileImprovement:4885
Apr 20, 2018 4:12:36 PM net.sf.freecol.common.util.LogBuilder log
INFO: Destroying: tileImprovement:4867
Apr 20, 2018 4:12:36 PM net.sf.freecol.common.util.LogBuilder log
INFO: Destroying: tileImprovement:4869
Apr 20, 2018 4:12:36 PM net.sf.freecol.common.util.LogBuilder log
INFO: Destroying: tileImprovement:4864
Apr 20, 2018 4:12:36 PM net.sf.freecol.common.util.LogBuilder log
INFO: Destroying: tileImprovement:4865
Apr 20, 2018 4:12:36 PM net.sf.freecol.common.util.LogBuilder log
INFO: Destroying: tileImprovement:4866
Apr 20, 2018 4:12:36 PM net.sf.freecol.common.util.LogBuilder log
INFO: Destroying: tileImprovement:4390
Apr 20, 2018 4:12:36 PM net.sf.freecol.common.util.LogBuilder log
INFO: Destroying: tileImprovement:4392
Apr 20, 2018 4:12:36 PM net.sf.freecol.common.util.LogBuilder log
INFO: Destroying: tileImprovement:4394
Apr 20, 2018 4:12:36 PM net.sf.freecol.common.util.LogBuilder log
INFO: Destroying: tileImprovement:4396
Apr 20, 2018 4:12:36 PM net.sf.freecol.common.util.LogBuilder log
INFO: Destroying: tileImprovement:4398
Apr 20, 2018 4:12:36 PM net.sf.freecol.common.util.LogBuilder log
INFO: Destroying: tileImprovement:4737
Apr 20, 2018 4:12:36 PM net.sf.freecol.common.util.LogBuilder log
INFO: Destroying: tileImprovement:4739
Apr 20, 2018 4:12:36 PM net.sf.freecol.common.model.Game addPlayer
WARNING: Game already full, but tried to add: Dom Manuel I
Apr 20, 2018 4:12:36 PM net.sf.freecol.common.model.Game addPlayer
WARNING: Game already full, but tried to add: Charles XI
Apr 20, 2018 4:12:36 PM net.sf.freecol.common.model.Game addPlayer
WARNING: Game already full, but tried to add: Frederick II
Apr 20, 2018 4:12:36 PM net.sf.freecol.common.model.Game addPlayer
WARNING: Game already full, but tried to add: Peter I
Apr 20, 2018 4:12:36 PM net.sf.freecol.common.model.LandMap <init>
INFO: Using land generator model.option.landGeneratorType.classic
Apr 20, 2018 4:12:36 PM net.sf.freecol.common.util.LogBuilder log
INFO: Destroying: tileImprovement:4517
Apr 20, 2018 4:12:36 PM net.sf.freecol.common.util.LogBuilder log
INFO: Destroying: tileImprovement:4519
Apr 20, 2018 4:12:36 PM net.sf.freecol.common.util.LogBuilder log
INFO: Destroying: tileImprovement:4521
Apr 20, 2018 4:12:36 PM net.sf.freecol.common.util.LogBuilder log
INFO: Destroying: tileImprovement:4498
Apr 20, 2018 4:12:36 PM net.sf.freecol.common.util.LogBuilder log
INFO: Destroying: tileImprovement:4500
Apr 20, 2018 4:12:36 PM net.sf.freecol.common.util.LogBuilder log
INFO: Destroying: tileImprovement:4502
Apr 20, 2018 4:12:36 PM net.sf.freecol.common.util.LogBuilder log
INFO: Destroying: tileImprovement:4504
Apr 20, 2018 4:12:36 PM net.sf.freecol.common.util.LogBuilder log
INFO: Destroying: tileImprovement:4506
Apr 20, 2018 4:12:36 PM net.sf.freecol.common.util.LogBuilder log
INFO: Destroying: tileImprovement:4508
Apr 20, 2018 4:12:36 PM net.sf.freecol.common.util.LogBuilder log
INFO: Destroying: tileImprovement:4510
Apr 20, 2018 4:12:36 PM net.sf.freecol.common.util.LogBuilder log
INFO: Destroying: tileImprovement:4653
Apr 20, 2018 4:12:36 PM net.sf.freecol.common.util.LogBuilder log
INFO: Destroying: tileImprovement:4655
Apr 20, 2018 4:12:36 PM net.sf.freecol.common.util.LogBuilder log
INFO: Destroying: tileImprovement:4657
Apr 20, 2018 4:12:36 PM net.sf.freecol.common.util.LogBuilder log
INFO: Destroying: tileImprovement:4659
Apr 20, 2018 4:12:36 PM net.sf.freecol.common.util.LogBuilder log
INFO: Destroying: tileImprovement:4661
Apr 20, 2018 4:12:36 PM net.sf.freecol.common.util.LogBuilder log
INFO: Destroying: tileImprovement:4663
Apr 20, 2018 4:12:36 PM net.sf.freecol.common.util.LogBuilder log
INFO: Destroying: tileImprovement:4687
Apr 20, 2018 4:12:36 PM net.sf.freecol.common.util.LogBuilder log
INFO: Destroying: tileImprovement:4688
Apr 20, 2018 4:12:36 PM net.sf.freecol.common.util.LogBuilder log
INFO: Destroying: tileImprovement:4689
Apr 20, 2018 4:12:36 PM net.sf.freecol.common.util.LogBuilder log
INFO: Destroying: tileImprovement:4690
Apr 20, 2018 4:12:36 PM net.sf.freecol.common.util.LogBuilder log
INFO: Destroying: tileImprovement:4691
Apr 20, 2018 4:12:36 PM net.sf.freecol.common.util.LogBuilder log
INFO: Destroying: tileImprovement:4692
Apr 20, 2018 4:12:36 PM net.sf.freecol.common.util.LogBuilder log
INFO: Destroying: tileImprovement:4693
Apr 20, 2018 4:12:36 PM net.sf.freecol.common.util.LogBuilder log
INFO: Destroying: tileImprovement:4711
Apr 20, 2018 4:12:36 PM net.sf.freecol.common.util.LogBuilder log
INFO: Destroying: tileImprovement:4713
Apr 20, 2018 4:12:36 PM net.sf.freecol.common.util.LogBuilder log
INFO: Destroying: tileImprovement:4715
Apr 20, 2018 4:12:36 PM net.sf.freecol.common.util.LogBuilder log
INFO: Destroying: tileImprovement:4705
Apr 20, 2018 4:12:36 PM net.sf.freecol.common.util.LogBuilder log
INFO: Destroying: tileImprovement:4706
Apr 20, 2018 4:12:36 PM net.sf.freecol.common.util.LogBuilder log
INFO: Destroying: tileImprovement:4707
Apr 20, 2018 4:12:36 PM net.sf.freecol.common.util.LogBuilder log
INFO: Destroying: tileImprovement:4708
Apr 20, 2018 4:12:36 PM net.sf.freecol.common.util.LogBuilder log
INFO: Destroying: tileImprovement:4709
Apr 20, 2018 4:12:36 PM net.sf.freecol.common.util.LogBuilder log
INFO: Destroying: tileImprovement:4710
Apr 20, 2018 4:12:36 PM net.sf.freecol.common.util.LogBuilder log
INFO: Destroying: tileImprovement:4634
Apr 20, 2018 4:12:36 PM net.sf.freecol.common.util.LogBuilder log
INFO: Destroying: tileImprovement:4636
Apr 20, 2018 4:12:36 PM net.sf.freecol.common.util.LogBuilder log
INFO: Destroying: tileImprovement:4638
Apr 20, 2018 4:12:36 PM net.sf.freecol.common.util.LogBuilder log
INFO: Destroying: tileImprovement:4640
Apr 20, 2018 4:12:36 PM net.sf.freecol.common.util.LogBuilder log
INFO: Destroying: tileImprovement:4513
Apr 20, 2018 4:12:36 PM net.sf.freecol.common.util.LogBuilder log
INFO: Destroying: tileImprovement:4515
Apr 20, 2018 4:12:36 PM net.sf.freecol.common.util.LogBuilder log
INFO: Destroying: tileImprovement:4668
Apr 20, 2018 4:12:36 PM net.sf.freecol.common.util.LogBuilder log
INFO: Destroying: tileImprovement:4669
Apr 20, 2018 4:12:36 PM net.sf.freecol.common.util.LogBuilder log
INFO: Destroying: tileImprovement:4670
Apr 20, 2018 4:12:36 PM net.sf.freecol.common.util.LogBuilder log
INFO: Destroying: tileImprovement:4643
Apr 20, 2018 4:12:36 PM net.sf.freecol.common.util.LogBuilder log
INFO: Destroying: tileImprovement:4645
Apr 20, 2018 4:12:36 PM net.sf.freecol.common.util.LogBuilder log
INFO: Destroying: tileImprovement:4647
Apr 20, 2018 4:12:36 PM net.sf.freecol.common.util.LogBuilder log
INFO: Destroying: tileImprovement:4608
Apr 20, 2018 4:12:36 PM net.sf.freecol.common.util.LogBuilder log
INFO: Destroying: tileImprovement:4610
Apr 20, 2018 4:12:36 PM net.sf.freecol.common.util.LogBuilder log
INFO: Destroying: tileImprovement:4612
Apr 20, 2018 4:12:36 PM net.sf.freecol.common.util.LogBuilder log
INFO: Destroying: tileImprovement:4614
Apr 20, 2018 4:12:36 PM net.sf.freecol.common.util.LogBuilder log
INFO: Destroying: tileImprovement:4616
Apr 20, 2018 4:12:36 PM net.sf.freecol.common.util.LogBuilder log
INFO: Destroying: tileImprovement:4618
Apr 20, 2018 4:12:36 PM net.sf.freecol.common.util.LogBuilder log
INFO: Destroying: tileImprovement:4620
Apr 20, 2018 4:12:36 PM net.sf.freecol.common.util.LogBuilder log
INFO: Destroying: tileImprovement:4622
Apr 20, 2018 4:12:36 PM net.sf.freecol.common.util.LogBuilder log
INFO: Destroying: tileImprovement:4624
Apr 20, 2018 4:12:36 PM net.sf.freecol.common.util.LogBuilder log
INFO: Destroying: tileImprovement:4626
Apr 20, 2018 4:12:36 PM net.sf.freecol.common.util.LogBuilder log
INFO: Destroying: tileImprovement:4628
Apr 20, 2018 4:12:36 PM net.sf.freecol.common.util.LogBuilder log
INFO: Destroying: tileImprovement:4630
Apr 20, 2018 4:12:36 PM net.sf.freecol.common.util.LogBuilder log
INFO: Destroying: tileImprovement:4632
Apr 20, 2018 4:12:36 PM net.sf.freecol.common.util.LogBuilder log
INFO: Destroying: tileImprovement:4814
Apr 20, 2018 4:12:36 PM net.sf.freecol.common.util.LogBuilder log
INFO: Destroying: tileImprovement:4815
Apr 20, 2018 4:12:36 PM net.sf.freecol.common.util.LogBuilder log
INFO: Destroying: tileImprovement:4816
Apr 20, 2018 4:12:36 PM net.sf.freecol.common.util.LogBuilder log
INFO: Destroying: tileImprovement:4817
Apr 20, 2018 4:12:36 PM net.sf.freecol.common.util.LogBuilder log
INFO: Destroying: tileImprovement:4965
Apr 20, 2018 4:12:36 PM net.sf.freecol.common.util.LogBuilder log
INFO: Destroying: tileImprovement:4967
Apr 20, 2018 4:12:36 PM net.sf.freecol.common.util.LogBuilder log
INFO: Destroying: tileImprovement:4969
Apr 20, 2018 4:12:36 PM net.sf.freecol.common.util.LogBuilder log
INFO: Destroying: tileImprovement:4971
Apr 20, 2018 4:12:36 PM net.sf.freecol.common.util.LogBuilder log
INFO: Destroying: tileImprovement:4973
Apr 20, 2018 4:12:36 PM net.sf.freecol.common.util.LogBuilder log
INFO: Destroying: tileImprovement:4975
Apr 20, 2018 4:12:36 PM net.sf.freecol.common.util.LogBuilder log
INFO: Destroying: tileImprovement:4977
Apr 20, 2018 4:12:36 PM net.sf.freecol.common.util.LogBuilder log
INFO: Destroying: tileImprovement:4979
Apr 20, 2018 4:12:36 PM net.sf.freecol.common.util.LogBuilder log
INFO: Destroying: tileImprovement:4957
Apr 20, 2018 4:12:36 PM net.sf.freecol.common.util.LogBuilder log
INFO: Destroying: tileImprovement:4959
Apr 20, 2018 4:12:36 PM net.sf.freecol.common.util.LogBuilder log
INFO: Destroying: tileImprovement:4961
Apr 20, 2018 4:12:36 PM net.sf.freecol.common.util.LogBuilder log
INFO: Destroying: tileImprovement:4963
Apr 20, 2018 4:12:36 PM net.sf.freecol.common.util.LogBuilder log
INFO: Destroying: tileImprovement:5001
Apr 20, 2018 4:12:36 PM net.sf.freecol.common.util.LogBuilder log
INFO: Destroying: tileImprovement:5002
Apr 20, 2018 4:12:36 PM net.sf.freecol.common.util.LogBuilder log
INFO: Destroying: tileImprovement:5003
Apr 20, 2018 4:12:36 PM net.sf.freecol.common.util.LogBuilder log
INFO: Destroying: tileImprovement:5004
Apr 20, 2018 4:12:36 PM net.sf.freecol.common.util.LogBuilder log
INFO: Destroying: tileImprovement:5005
Apr 20, 2018 4:12:36 PM net.sf.freecol.common.util.LogBuilder log
INFO: Destroying: tileImprovement:5006
Apr 20, 2018 4:12:36 PM net.sf.freecol.common.util.LogBuilder log
INFO: Destroying: tileImprovement:5007
Apr 20, 2018 4:12:36 PM net.sf.freecol.common.util.LogBuilder log
INFO: Destroying: tileImprovement:5008
Apr 20, 2018 4:12:36 PM net.sf.freecol.common.util.LogBuilder log
INFO: Destroying: tileImprovement:4827
Apr 20, 2018 4:12:36 PM net.sf.freecol.common.util.LogBuilder log
INFO: Destroying: tileImprovement:4828
Apr 20, 2018 4:12:36 PM net.sf.freecol.common.util.LogBuilder log
INFO: Destroying: tileImprovement:4937
Apr 20, 2018 4:12:36 PM net.sf.freecol.common.util.LogBuilder log
INFO: Destroying: tileImprovement:4939
Apr 20, 2018 4:12:36 PM net.sf.freecol.common.util.LogBuilder log
INFO: Destroying: tileImprovement:4941
Apr 20, 2018 4:12:36 PM net.sf.freecol.common.util.LogBuilder log
INFO: Destroying: tileImprovement:4943
Apr 20, 2018 4:12:36 PM net.sf.freecol.common.util.LogBuilder log
INFO: Destroying: tileImprovement:4945
Apr 20, 2018 4:12:36 PM net.sf.freecol.common.util.LogBuilder log
INFO: Destroying: tileImprovement:4947
Apr 20, 2018 4:12:36 PM net.sf.freecol.common.util.LogBuilder log
INFO: Destroying: tileImprovement:4924
Apr 20, 2018 4:12:36 PM net.sf.freecol.common.util.LogBuilder log
INFO: Destroying: tileImprovement:4925
Apr 20, 2018 4:12:36 PM net.sf.freecol.common.util.LogBuilder log
INFO: Destroying: tileImprovement:4926
Apr 20, 2018 4:12:36 PM net.sf.freecol.common.util.LogBuilder log
INFO: Destroying: tileImprovement:4927
Apr 20, 2018 4:12:36 PM net.sf.freecol.common.util.LogBuilder log
INFO: Destroying: tileImprovement:4928
Apr 20, 2018 4:12:36 PM net.sf.freecol.common.util.LogBuilder log
INFO: Destroying: tileImprovement:4929
Apr 20, 2018 4:12:36 PM net.sf.freecol.common.util.LogBuilder log
INFO: Destroying: tileImprovement:4930
Apr 20, 2018 4:12:36 PM net.sf.freecol.common.util.LogBuilder log
INFO: Destroying: tileImprovement:4931
Apr 20, 2018 4:12:36 PM net.sf.freecol.common.util.LogBuilder log
INFO: Destroying: tileImprovement:4932
Apr 20, 2018 4:12:36 PM net.sf.freecol.common.util.LogBuilder log
INFO: Destroying: tileImprovement:4933
Apr 20, 2018 4:12:36 PM net.sf.freecol.common.util.LogBuilder log
INFO: Destroying: tileImprovement:4934
Apr 20, 2018 4:12:36 PM net.sf.freecol.common.util.LogBuilder log
INFO: Destroying: tileImprovement:4935
Apr 20, 2018 4:12:36 PM net.sf.freecol.common.util.LogBuilder log
INFO: Destroying: tileImprovement:4936
Apr 20, 2018 4:12:36 PM net.sf.freecol.common.util.LogBuilder log
INFO: Destroying: tileImprovement:4752
Apr 20, 2018 4:12:36 PM net.sf.freecol.common.util.LogBuilder log
INFO: Destroying: tileImprovement:4754
Apr 20, 2018 4:12:36 PM net.sf.freecol.common.util.LogBuilder log
INFO: Destroying: tileImprovement:4756
Apr 20, 2018 4:12:36 PM net.sf.freecol.common.util.LogBuilder log
INFO: Destroying: tileImprovement:5045
Apr 20, 2018 4:12:36 PM net.sf.freecol.common.util.LogBuilder log
INFO: Destroying: tileImprovement:5047
Apr 20, 2018 4:12:36 PM net.sf.freecol.common.util.LogBuilder log
INFO: Destroying: tileImprovement:5049
Apr 20, 2018 4:12:36 PM net.sf.freecol.common.util.LogBuilder log
INFO: Destroying: tileImprovement:4740
Apr 20, 2018 4:12:36 PM net.sf.freecol.common.util.LogBuilder log
INFO: Destroying: tileImprovement:4742
Apr 20, 2018 4:12:36 PM net.sf.freecol.common.util.LogBuilder log
INFO: Destroying: tileImprovement:4744
Apr 20, 2018 4:12:36 PM net.sf.freecol.common.util.LogBuilder log
INFO: Destroying: tileImprovement:5187
Apr 20, 2018 4:12:36 PM net.sf.freecol.common.util.LogBuilder log
INFO: Destroying: tileImprovement:5188
Apr 20, 2018 4:12:36 PM net.sf.freecol.common.util.LogBuilder log
INFO: Destroying: tileImprovement:5189
Apr 20, 2018 4:12:36 PM net.sf.freecol.common.util.LogBuilder log
INFO: Destroying: tileImprovement:5171
Apr 20, 2018 4:12:36 PM net.sf.freecol.common.util.LogBuilder log
INFO: Destroying: tileImprovement:5173
Apr 20, 2018 4:12:36 PM net.sf.freecol.common.util.LogBuilder log
INFO: Destroying: tileImprovement:5168
Apr 20, 2018 4:12:36 PM net.sf.freecol.common.util.LogBuilder log
INFO: Destroying: tileImprovement:5169
Apr 20, 2018 4:12:36 PM net.sf.freecol.common.util.LogBuilder log
INFO: Destroying: tileImprovement:5170
Apr 20, 2018 4:12:36 PM net.sf.freecol.common.util.LogBuilder log
INFO: Destroying: tileImprovement:4694
Apr 20, 2018 4:12:36 PM net.sf.freecol.common.util.LogBuilder log
INFO: Destroying: tileImprovement:4696
Apr 20, 2018 4:12:36 PM net.sf.freecol.common.util.LogBuilder log
INFO: Destroying: tileImprovement:4698
Apr 20, 2018 4:12:36 PM net.sf.freecol.common.util.LogBuilder log
INFO: Destroying: tileImprovement:4700
Apr 20, 2018 4:12:36 PM net.sf.freecol.common.util.LogBuilder log
INFO: Destroying: tileImprovement:4702
Apr 20, 2018 4:12:36 PM net.sf.freecol.common.util.LogBuilder log
INFO: Destroying: tileImprovement:5041
Apr 20, 2018 4:12:36 PM net.sf.freecol.common.util.LogBuilder log
INFO: Destroying: tileImprovement:5043
Apr 20, 2018 4:12:36 PM net.sf.freecol.common.model.Game addPlayer
WARNING: Game already full, but tried to add: Dom Manuel I
Apr 20, 2018 4:12:36 PM net.sf.freecol.common.model.Game addPlayer
WARNING: Game already full, but tried to add: Charles XI
Apr 20, 2018 4:12:36 PM net.sf.freecol.common.model.Game addPlayer
WARNING: Game already full, but tried to add: Frederick II
Apr 20, 2018 4:12:36 PM net.sf.freecol.common.model.Game addPlayer
WARNING: Game already full, but tried to add: Peter I
Apr 20, 2018 4:12:36 PM net.sf.freecol.common.model.LandMap <init>
INFO: Using land generator model.option.landGeneratorType.classic
Apr 20, 2018 4:12:36 PM net.sf.freecol.common.util.LogBuilder log
INFO: Destroying: tileImprovement:4517
Apr 20, 2018 4:12:36 PM net.sf.freecol.common.util.LogBuilder log
INFO: Destroying: tileImprovement:4519
Apr 20, 2018 4:12:36 PM net.sf.freecol.common.util.LogBuilder log
INFO: Destroying: tileImprovement:4521
Apr 20, 2018 4:12:36 PM net.sf.freecol.common.util.LogBuilder log
INFO: Destroying: tileImprovement:4498
Apr 20, 2018 4:12:36 PM net.sf.freecol.common.util.LogBuilder log
INFO: Destroying: tileImprovement:4500
Apr 20, 2018 4:12:36 PM net.sf.freecol.common.util.LogBuilder log
INFO: Destroying: tileImprovement:4502
Apr 20, 2018 4:12:36 PM net.sf.freecol.common.util.LogBuilder log
INFO: Destroying: tileImprovement:4504
Apr 20, 2018 4:12:36 PM net.sf.freecol.common.util.LogBuilder log
INFO: Destroying: tileImprovement:4506
Apr 20, 2018 4:12:36 PM net.sf.freecol.common.util.LogBuilder log
INFO: Destroying: tileImprovement:4508
Apr 20, 2018 4:12:36 PM net.sf.freecol.common.util.LogBuilder log
INFO: Destroying: tileImprovement:4510
Apr 20, 2018 4:12:36 PM net.sf.freecol.common.util.LogBuilder log
INFO: Destroying: tileImprovement:4653
Apr 20, 2018 4:12:36 PM net.sf.freecol.common.util.LogBuilder log
INFO: Destroying: tileImprovement:4655
Apr 20, 2018 4:12:36 PM net.sf.freecol.common.util.LogBuilder log
INFO: Destroying: tileImprovement:4657
Apr 20, 2018 4:12:36 PM net.sf.freecol.common.util.LogBuilder log
INFO: Destroying: tileImprovement:4659
Apr 20, 2018 4:12:36 PM net.sf.freecol.common.util.LogBuilder log
INFO: Destroying: tileImprovement:4661
Apr 20, 2018 4:12:36 PM net.sf.freecol.common.util.LogBuilder log
INFO: Destroying: tileImprovement:4663
Apr 20, 2018 4:12:36 PM net.sf.freecol.common.util.LogBuilder log
INFO: Destroying: tileImprovement:4687
Apr 20, 2018 4:12:36 PM net.sf.freecol.common.util.LogBuilder log
INFO: Destroying: tileImprovement:4688
Apr 20, 2018 4:12:36 PM net.sf.freecol.common.util.LogBuilder log
INFO: Destroying: tileImprovement:4689
Apr 20, 2018 4:12:36 PM net.sf.freecol.common.util.LogBuilder log
INFO: Destroying: tileImprovement:4690
Apr 20, 2018 4:12:36 PM net.sf.freecol.common.util.LogBuilder log
INFO: Destroying: tileImprovement:4691
Apr 20, 2018 4:12:36 PM net.sf.freecol.common.util.LogBuilder log
INFO: Destroying: tileImprovement:4692
Apr 20, 2018 4:12:36 PM net.sf.freecol.common.util.LogBuilder log
INFO: Destroying: tileImprovement:4693
Apr 20, 2018 4:12:36 PM net.sf.freecol.common.util.LogBuilder log
INFO: Destroying: tileImprovement:4711
Apr 20, 2018 4:12:36 PM net.sf.freecol.common.util.LogBuilder log
INFO: Destroying: tileImprovement:4713
Apr 20, 2018 4:12:36 PM net.sf.freecol.common.util.LogBuilder log
INFO: Destroying: tileImprovement:4715
Apr 20, 2018 4:12:36 PM net.sf.freecol.common.util.LogBuilder log
INFO: Destroying: tileImprovement:4705
Apr 20, 2018 4:12:36 PM net.sf.freecol.common.util.LogBuilder log
INFO: Destroying: tileImprovement:4706
Apr 20, 2018 4:12:36 PM net.sf.freecol.common.util.LogBuilder log
INFO: Destroying: tileImprovement:4707
Apr 20, 2018 4:12:36 PM net.sf.freecol.common.util.LogBuilder log
INFO: Destroying: tileImprovement:4708
Apr 20, 2018 4:12:36 PM net.sf.freecol.common.util.LogBuilder log
INFO: Destroying: tileImprovement:4709
Apr 20, 2018 4:12:36 PM net.sf.freecol.common.util.LogBuilder log
INFO: Destroying: tileImprovement:4710
Apr 20, 2018 4:12:36 PM net.sf.freecol.common.util.LogBuilder log
INFO: Destroying: tileImprovement:4634
Apr 20, 2018 4:12:36 PM net.sf.freecol.common.util.LogBuilder log
INFO: Destroying: tileImprovement:4636
Apr 20, 2018 4:12:36 PM net.sf.freecol.common.util.LogBuilder log
INFO: Destroying: tileImprovement:4638
Apr 20, 2018 4:12:36 PM net.sf.freecol.common.util.LogBuilder log
INFO: Destroying: tileImprovement:4640
Apr 20, 2018 4:12:36 PM net.sf.freecol.common.util.LogBuilder log
INFO: Destroying: tileImprovement:4513
Apr 20, 2018 4:12:36 PM net.sf.freecol.common.util.LogBuilder log
INFO: Destroying: tileImprovement:4515
Apr 20, 2018 4:12:36 PM net.sf.freecol.common.util.LogBuilder log
INFO: Destroying: tileImprovement:4668
Apr 20, 2018 4:12:36 PM net.sf.freecol.common.util.LogBuilder log
INFO: Destroying: tileImprovement:4669
Apr 20, 2018 4:12:36 PM net.sf.freecol.common.util.LogBuilder log
INFO: Destroying: tileImprovement:4670
Apr 20, 2018 4:12:36 PM net.sf.freecol.common.util.LogBuilder log
INFO: Destroying: tileImprovement:4643
Apr 20, 2018 4:12:36 PM net.sf.freecol.common.util.LogBuilder log
INFO: Destroying: tileImprovement:4645
Apr 20, 2018 4:12:36 PM net.sf.freecol.common.util.LogBuilder log
INFO: Destroying: tileImprovement:4647
Apr 20, 2018 4:12:36 PM net.sf.freecol.common.util.LogBuilder log
INFO: Destroying: tileImprovement:4608
Apr 20, 2018 4:12:36 PM net.sf.freecol.common.util.LogBuilder log
INFO: Destroying: tileImprovement:4610
Apr 20, 2018 4:12:36 PM net.sf.freecol.common.util.LogBuilder log
INFO: Destroying: tileImprovement:4612
Apr 20, 2018 4:12:36 PM net.sf.freecol.common.util.LogBuilder log
INFO: Destroying: tileImprovement:4614
Apr 20, 2018 4:12:36 PM net.sf.freecol.common.util.LogBuilder log
INFO: Destroying: tileImprovement:4616
Apr 20, 2018 4:12:36 PM net.sf.freecol.common.util.LogBuilder log
INFO: Destroying: tileImprovement:4618
Apr 20, 2018 4:12:36 PM net.sf.freecol.common.util.LogBuilder log
INFO: Destroying: tileImprovement:4620
Apr 20, 2018 4:12:36 PM net.sf.freecol.common.util.LogBuilder log
INFO: Destroying: tileImprovement:4622
Apr 20, 2018 4:12:36 PM net.sf.freecol.common.util.LogBuilder log
INFO: Destroying: tileImprovement:4624
Apr 20, 2018 4:12:36 PM net.sf.freecol.common.util.LogBuilder log
INFO: Destroying: tileImprovement:4626
Apr 20, 2018 4:12:36 PM net.sf.freecol.common.util.LogBuilder log
INFO: Destroying: tileImprovement:4628
Apr 20, 2018 4:12:36 PM net.sf.freecol.common.util.LogBuilder log
INFO: Destroying: tileImprovement:4630
Apr 20, 2018 4:12:36 PM net.sf.freecol.common.util.LogBuilder log
INFO: Destroying: tileImprovement:4632
Apr 20, 2018 4:12:36 PM net.sf.freecol.common.util.LogBuilder log
INFO: Destroying: tileImprovement:4814
Apr 20, 2018 4:12:36 PM net.sf.freecol.common.util.LogBuilder log
INFO: Destroying: tileImprovement:4815
Apr 20, 2018 4:12:36 PM net.sf.freecol.common.util.LogBuilder log
INFO: Destroying: tileImprovement:4816
Apr 20, 2018 4:12:36 PM net.sf.freecol.common.util.LogBuilder log
INFO: Destroying: tileImprovement:4817
Apr 20, 2018 4:12:36 PM net.sf.freecol.common.util.LogBuilder log
INFO: Destroying: tileImprovement:4965
Apr 20, 2018 4:12:36 PM net.sf.freecol.common.util.LogBuilder log
INFO: Destroying: tileImprovement:4967
Apr 20, 2018 4:12:36 PM net.sf.freecol.common.util.LogBuilder log
INFO: Destroying: tileImprovement:4969
Apr 20, 2018 4:12:36 PM net.sf.freecol.common.util.LogBuilder log
INFO: Destroying: tileImprovement:4971
Apr 20, 2018 4:12:36 PM net.sf.freecol.common.util.LogBuilder log
INFO: Destroying: tileImprovement:4973
Apr 20, 2018 4:12:36 PM net.sf.freecol.common.util.LogBuilder log
INFO: Destroying: tileImprovement:4975
Apr 20, 2018 4:12:36 PM net.sf.freecol.common.util.LogBuilder log
INFO: Destroying: tileImprovement:4977
Apr 20, 2018 4:12:36 PM net.sf.freecol.common.util.LogBuilder log
INFO: Destroying: tileImprovement:4979
Apr 20, 2018 4:12:36 PM net.sf.freecol.common.util.LogBuilder log
INFO: Destroying: tileImprovement:4957
Apr 20, 2018 4:12:36 PM net.sf.freecol.common.util.LogBuilder log
INFO: Destroying: tileImprovement:4959
Apr 20, 2018 4:12:36 PM net.sf.freecol.common.util.LogBuilder log
INFO: Destroying: tileImprovement:4961
Apr 20, 2018 4:12:36 PM net.sf.freecol.common.util.LogBuilder log
INFO: Destroying: tileImprovement:4963
Apr 20, 2018 4:12:36 PM net.sf.freecol.common.util.LogBuilder log
INFO: Destroying: tileImprovement:5001
Apr 20, 2018 4:12:36 PM net.sf.freecol.common.util.LogBuilder log
INFO: Destroying: tileImprovement:5002
Apr 20, 2018 4:12:36 PM net.sf.freecol.common.util.LogBuilder log
INFO: Destroying: tileImprovement:5003
Apr 20, 2018 4:12:36 PM net.sf.freecol.common.util.LogBuilder log
INFO: Destroying: tileImprovement:5004
Apr 20, 2018 4:12:36 PM net.sf.freecol.common.util.LogBuilder log
INFO: Destroying: tileImprovement:5005
Apr 20, 2018 4:12:36 PM net.sf.freecol.common.util.LogBuilder log
INFO: Destroying: tileImprovement:5006
Apr 20, 2018 4:12:36 PM net.sf.freecol.common.util.LogBuilder log
INFO: Destroying: tileImprovement:5007
Apr 20, 2018 4:12:36 PM net.sf.freecol.common.util.LogBuilder log
INFO: Destroying: tileImprovement:5008
Apr 20, 2018 4:12:36 PM net.sf.freecol.common.util.LogBuilder log
INFO: Destroying: tileImprovement:4827
Apr 20, 2018 4:12:36 PM net.sf.freecol.common.util.LogBuilder log
INFO: Destroying: tileImprovement:4828
Apr 20, 2018 4:12:36 PM net.sf.freecol.common.util.LogBuilder log
INFO: Destroying: tileImprovement:4937
Apr 20, 2018 4:12:36 PM net.sf.freecol.common.util.LogBuilder log
INFO: Destroying: tileImprovement:4939
Apr 20, 2018 4:12:36 PM net.sf.freecol.common.util.LogBuilder log
INFO: Destroying: tileImprovement:4941
Apr 20, 2018 4:12:36 PM net.sf.freecol.common.util.LogBuilder log
INFO: Destroying: tileImprovement:4943
Apr 20, 2018 4:12:36 PM net.sf.freecol.common.util.LogBuilder log
INFO: Destroying: tileImprovement:4945
Apr 20, 2018 4:12:36 PM net.sf.freecol.common.util.LogBuilder log
INFO: Destroying: tileImprovement:4947
Apr 20, 2018 4:12:36 PM net.sf.freecol.common.util.LogBuilder log
INFO: Destroying: tileImprovement:4924
Apr 20, 2018 4:12:36 PM net.sf.freecol.common.util.LogBuilder log
INFO: Destroying: tileImprovement:4925
Apr 20, 2018 4:12:36 PM net.sf.freecol.common.util.LogBuilder log
INFO: Destroying: tileImprovement:4926
Apr 20, 2018 4:12:36 PM net.sf.freecol.common.util.LogBuilder log
INFO: Destroying: tileImprovement:4927
Apr 20, 2018 4:12:36 PM net.sf.freecol.common.util.LogBuilder log
INFO: Destroying: tileImprovement:4928
Apr 20, 2018 4:12:36 PM net.sf.freecol.common.util.LogBuilder log
INFO: Destroying: tileImprovement:4929
Apr 20, 2018 4:12:36 PM net.sf.freecol.common.util.LogBuilder log
INFO: Destroying: tileImprovement:4930
Apr 20, 2018 4:12:36 PM net.sf.freecol.common.util.LogBuilder log
INFO: Destroying: tileImprovement:4931
Apr 20, 2018 4:12:36 PM net.sf.freecol.common.util.LogBuilder log
INFO: Destroying: tileImprovement:4932
Apr 20, 2018 4:12:36 PM net.sf.freecol.common.util.LogBuilder log
INFO: Destroying: tileImprovement:4933
Apr 20, 2018 4:12:36 PM net.sf.freecol.common.util.LogBuilder log
INFO: Destroying: tileImprovement:4934
Apr 20, 2018 4:12:36 PM net.sf.freecol.common.util.LogBuilder log
INFO: Destroying: tileImprovement:4935
Apr 20, 2018 4:12:36 PM net.sf.freecol.common.util.LogBuilder log
INFO: Destroying: tileImprovement:4936
Apr 20, 2018 4:12:36 PM net.sf.freecol.common.util.LogBuilder log
INFO: Destroying: tileImprovement:4752
Apr 20, 2018 4:12:36 PM net.sf.freecol.common.util.LogBuilder log
INFO: Destroying: tileImprovement:4754
Apr 20, 2018 4:12:36 PM net.sf.freecol.common.util.LogBuilder log
INFO: Destroying: tileImprovement:4756
Apr 20, 2018 4:12:36 PM net.sf.freecol.common.util.LogBuilder log
INFO: Destroying: tileImprovement:5045
Apr 20, 2018 4:12:36 PM net.sf.freecol.common.util.LogBuilder log
INFO: Destroying: tileImprovement:5047
Apr 20, 2018 4:12:36 PM net.sf.freecol.common.util.LogBuilder log
INFO: Destroying: tileImprovement:5049
Apr 20, 2018 4:12:36 PM net.sf.freecol.common.util.LogBuilder log
INFO: Destroying: tileImprovement:4740
Apr 20, 2018 4:12:36 PM net.sf.freecol.common.util.LogBuilder log
INFO: Destroying: tileImprovement:4742
Apr 20, 2018 4:12:36 PM net.sf.freecol.common.util.LogBuilder log
INFO: Destroying: tileImprovement:4744
Apr 20, 2018 4:12:36 PM net.sf.freecol.common.util.LogBuilder log
INFO: Destroying: tileImprovement:5187
Apr 20, 2018 4:12:36 PM net.sf.freecol.common.util.LogBuilder log
INFO: Destroying: tileImprovement:5188
Apr 20, 2018 4:12:36 PM net.sf.freecol.common.util.LogBuilder log
INFO: Destroying: tileImprovement:5189
Apr 20, 2018 4:12:36 PM net.sf.freecol.common.util.LogBuilder log
INFO: Destroying: tileImprovement:5171
Apr 20, 2018 4:12:36 PM net.sf.freecol.common.util.LogBuilder log
INFO: Destroying: tileImprovement:5173
Apr 20, 2018 4:12:36 PM net.sf.freecol.common.util.LogBuilder log
INFO: Destroying: tileImprovement:5168
Apr 20, 2018 4:12:36 PM net.sf.freecol.common.util.LogBuilder log
INFO: Destroying: tileImprovement:5169
Apr 20, 2018 4:12:36 PM net.sf.freecol.common.util.LogBuilder log
INFO: Destroying: tileImprovement:5170
Apr 20, 2018 4:12:36 PM net.sf.freecol.common.util.LogBuilder log
INFO: Destroying: tileImprovement:4694
Apr 20, 2018 4:12:36 PM net.sf.freecol.common.util.LogBuilder log
INFO: Destroying: tileImprovement:4696
Apr 20, 2018 4:12:36 PM net.sf.freecol.common.util.LogBuilder log
INFO: Destroying: tileImprovement:4698
Apr 20, 2018 4:12:36 PM net.sf.freecol.common.util.LogBuilder log
INFO: Destroying: tileImprovement:4700
Apr 20, 2018 4:12:36 PM net.sf.freecol.common.util.LogBuilder log
INFO: Destroying: tileImprovement:4702
Apr 20, 2018 4:12:36 PM net.sf.freecol.common.util.LogBuilder log
INFO: Destroying: tileImprovement:5041
Apr 20, 2018 4:12:36 PM net.sf.freecol.common.util.LogBuilder log
INFO: Destroying: tileImprovement:5043
]]></system-err>
</testsuite>
